-- The C compiler identification is GNU 9.4.0
-- The CXX compiler identification is GNU 9.4.0
-- Detecting C compiler ABI info
-- Detecting C compiler ABI info - done
-- Check for working C compiler: /usr/bin/cc - skipped
-- Detecting C compile features
-- Detecting C compile features - done
-- Detecting CXX compiler ABI info
-- Detecting CXX compiler ABI info - done
-- Check for working CXX compiler: /usr/bin/c++ - skipped
-- Detecting CXX compile features
-- Detecting CXX compile features - done
-- Found ament_cmake_ros: 0.9.2 (/opt/ros/foxy/share/ament_cmake_ros/cmake)
-- Found PythonInterp: /home/song/anaconda3/bin/python3 (found suitable version "3.9.13", minimum required is "3") 
-- Using PYTHON_EXECUTABLE: /home/song/anaconda3/bin/python3
-- Override CMake install command with custom implementation using symlinks instead of copying resources
-- Found ament_index_cpp: 1.1.0 (/opt/ros/foxy/share/ament_index_cpp/cmake)
-- Found camera_calibration_parsers: 3.0.0 (/home/song/steadylab/install/camera_calibration_parsers/share/camera_calibration_parsers/cmake)
-- Using all available rosidl_typesupport_c: rosidl_typesupport_fastrtps_c;rosidl_typesupport_introspection_c
-- Found rosidl_adapter: 1.3.1 (/opt/ros/foxy/share/rosidl_adapter/cmake)
-- Found OpenSSL: /usr/lib/x86_64-linux-gnu/libcrypto.so (found version "1.1.1f")  
-- Found FastRTPS: /opt/ros/foxy/include  
-- Using all available rosidl_typesupport_cpp: rosidl_typesupport_fastrtps_cpp;rosidl_typesupport_introspection_cpp
-- Found rmw_implementation_cmake: 1.0.4 (/opt/ros/foxy/share/rmw_implementation_cmake/cmake)
-- Using RMW implementation 'rmw_fastrtps_cpp' as default
-- Performing Test CMAKE_HAVE_LIBC_PTHREAD
-- Performing Test CMAKE_HAVE_LIBC_PTHREAD - Failed
-- Looking for pthread_create in pthreads
-- Looking for pthread_create in pthreads - not found
-- Looking for pthread_create in pthread
-- Looking for pthread_create in pthread - found
-- Found Threads: TRUE  
-- Setting yaml-cpp_DIR to: '/opt/ros/foxy/share/yaml_cpp_vendor/cmake/../../../opt/yaml_cpp_vendor/lib/cmake/yaml-cpp'
-- Found ament_cmake_cpplint: 0.9.8 (/opt/ros/foxy/share/ament_cmake_cpplint/cmake)
-- Found ament_cmake_lint_cmake: 0.9.8 (/opt/ros/foxy/share/ament_cmake_lint_cmake/cmake)
-- Found ament_cmake_uncrustify: 0.9.8 (/opt/ros/foxy/share/ament_cmake_uncrustify/cmake)
-- Configuring done (1.1s)
-- Generating done (0.0s)
-- Build files have been written to: /home/song/steadylab/build/camera_info_manager
[ 50%] [32mBuilding CXX object CMakeFiles/camera_info_manager.dir/src/camera_info_manager.cpp.o[0m
[100%] [32m[1mLinking CXX shared library libcamera_info_manager.so[0m
[100%] Built target camera_info_manager
-- Install configuration: ""
-- Execute custom install script
-- Symlinking: /home/song/steadylab/install/camera_info_manager/lib/libcamera_info_manager.so
-- Symlinking: /home/song/steadylab/install/camera_info_manager/include/camera_info_manager/camera_info_manager.h
-- Symlinking: /home/song/steadylab/install/camera_info_manager/include/camera_info_manager/camera_info_manager.hpp
-- Symlinking: /home/song/steadylab/install/camera_info_manager/include/camera_info_manager/visibility_control.h
-- Symlinking: /home/song/steadylab/install/camera_info_manager/share/camera_info_manager/environment/library_path.sh
-- Symlinking: /home/song/steadylab/install/camera_info_manager/share/camera_info_manager/environment/library_path.dsv
-- Symlinking: /home/song/steadylab/install/camera_info_manager/share/ament_index/resource_index/package_run_dependencies/camera_info_manager
-- Symlinking: /home/song/steadylab/install/camera_info_manager/share/ament_index/resource_index/parent_prefix_path/camera_info_manager
-- Symlinking: /home/song/steadylab/install/camera_info_manager/share/camera_info_manager/environment/ament_prefix_path.sh
-- Symlinking: /home/song/steadylab/install/camera_info_manager/share/camera_info_manager/environment/ament_prefix_path.dsv
-- Symlinking: /home/song/steadylab/install/camera_info_manager/share/camera_info_manager/environment/path.sh
-- Symlinking: /home/song/steadylab/install/camera_info_manager/share/camera_info_manager/environment/path.dsv
-- Symlinking: /home/song/steadylab/install/camera_info_manager/share/camera_info_manager/local_setup.bash
-- Symlinking: /home/song/steadylab/install/camera_info_manager/share/camera_info_manager/local_setup.sh
-- Symlinking: /home/song/steadylab/install/camera_info_manager/share/camera_info_manager/local_setup.zsh
-- Symlinking: /home/song/steadylab/install/camera_info_manager/share/camera_info_manager/local_setup.dsv
-- Symlinking: /home/song/steadylab/install/camera_info_manager/share/camera_info_manager/package.dsv
-- Symlinking: /home/song/steadylab/install/camera_info_manager/share/ament_index/resource_index/packages/camera_info_manager
-- Symlinking: /home/song/steadylab/install/camera_info_manager/share/camera_info_manager/cmake/ament_cmake_export_include_directories-extras.cmake
-- Symlinking: /home/song/steadylab/install/camera_info_manager/share/camera_info_manager/cmake/ament_cmake_export_dependencies-extras.cmake
-- Symlinking: /home/song/steadylab/install/camera_info_manager/share/camera_info_manager/cmake/ament_cmake_export_libraries-extras.cmake
-- Symlinking: /home/song/steadylab/install/camera_info_manager/share/camera_info_manager/cmake/camera_info_managerConfig.cmake
-- Symlinking: /home/song/steadylab/install/camera_info_manager/share/camera_info_manager/cmake/camera_info_managerConfig-version.cmake
-- Symlinking: /home/song/steadylab/install/camera_info_manager/share/camera_info_manager/package.xml
