[0.097s] Invoking command in '/home/song/steadylab/build/camera_info_manager': AMENT_PREFIX_PATH=/home/song/steadylab/install/camera_calibration_parsers:${AMENT_PREFIX_PATH} CMAKE_PREFIX_PATH=/home/song/steadylab/install/camera_calibration_parsers:/home/song/zed/install/zed_ros2:/home/song/zed/install/zed_multi_camera:/home/song/zed/install/zed_display_rviz2:/home/song/zed/install/zed_wrapper:/home/song/zed/install/zed_tutorial_video:/home/song/zed/install/zed_tutorial_pos_tracking:/home/song/zed/install/zed_tutorial_depth:/home/song/zed/install/zed_topic_benchmark_interfaces:/home/song/zed/install/zed_rgb_convert:/home/song/zed/install/zed_components:/home/song/zed/install/rviz_plugin_zed_od:/home/song/zed/install/zed_interfaces:/home/song/zed/install/image_common:/home/song/zed/install/image_transport:/home/song/zed/install/camera_info_manager:/home/song/zed/install/camera_calibration_parsers:/home/song/zed/install/steadylab:/opt/ros/foxy CONDA_PROMPT_MODIFIER=(base) LD_LIBRARY_PATH=/home/song/steadylab/install/camera_calibration_parsers/lib:/home/song/zed/install/zed_topic_benchmark_interfaces/lib:/home/song/zed/install/zed_rgb_convert/lib:/home/song/zed/install/zed_components/lib:/home/song/zed/install/rviz_plugin_zed_od/lib:/home/song/zed/install/zed_interfaces/lib:/home/song/zed/install/image_transport/lib:/home/song/zed/install/camera_info_manager/lib:/home/song/zed/install/camera_calibration_parsers/lib:/opt/ros/foxy/opt/yaml_cpp_vendor/lib:/opt/ros/foxy/opt/rviz_ogre_vendor/lib:/opt/ros/foxy/lib/x86_64-linux-gnu:/opt/ros/foxy/lib:/usr/local/cuda-11.8/lib64 /home/song/.local/bin/cmake /home/song/steadylab/src/image_common/camera_info_manager -DAMENT_CMAKE_SYMLINK_INSTALL=1 -DCMAKE_INSTALL_PREFIX=/home/song/steadylab/install/camera_info_manager
[0.243s] -- The C compiler identification is GNU 9.4.0
[0.322s] -- The CXX compiler identification is GNU 9.4.0
[0.332s] -- Detecting C compiler ABI info
[0.388s] -- Detecting C compiler ABI info - done
[0.396s] -- Check for working C compiler: /usr/bin/cc - skipped
[0.396s] -- Detecting C compile features
[0.396s] -- Detecting C compile features - done
[0.399s] -- Detecting CXX compiler ABI info
[0.441s] -- Detecting CXX compiler ABI info - done
[0.453s] -- Check for working CXX compiler: /usr/bin/c++ - skipped
[0.453s] -- Detecting CXX compile features
[0.453s] -- Detecting CXX compile features - done
[0.454s] -- Found ament_cmake_ros: 0.9.2 (/opt/ros/foxy/share/ament_cmake_ros/cmake)
[0.478s] -- Found PythonInterp: /home/song/anaconda3/bin/python3 (found suitable version "3.9.13", minimum required is "3") 
[0.478s] -- Using PYTHON_EXECUTABLE: /home/song/anaconda3/bin/python3
[0.626s] -- Override CMake install command with custom implementation using symlinks instead of copying resources
[0.641s] -- Found ament_index_cpp: 1.1.0 (/opt/ros/foxy/share/ament_index_cpp/cmake)
[0.642s] -- Found camera_calibration_parsers: 3.0.0 (/home/song/steadylab/install/camera_calibration_parsers/share/camera_calibration_parsers/cmake)
[0.675s] -- Using all available rosidl_typesupport_c: rosidl_typesupport_fastrtps_c;rosidl_typesupport_introspection_c
[0.680s] -- Found rosidl_adapter: 1.3.1 (/opt/ros/foxy/share/rosidl_adapter/cmake)
[0.730s] -- Found OpenSSL: /usr/lib/x86_64-linux-gnu/libcrypto.so (found version "1.1.1f")  
[0.757s] -- Found FastRTPS: /opt/ros/foxy/include  
[0.811s] -- Using all available rosidl_typesupport_cpp: rosidl_typesupport_fastrtps_cpp;rosidl_typesupport_introspection_cpp
[0.845s] -- Found rmw_implementation_cmake: 1.0.4 (/opt/ros/foxy/share/rmw_implementation_cmake/cmake)
[0.847s] -- Using RMW implementation 'rmw_fastrtps_cpp' as default
[0.847s] -- Performing Test CMAKE_HAVE_LIBC_PTHREAD
[0.884s] -- Performing Test CMAKE_HAVE_LIBC_PTHREAD - Failed
[0.885s] -- Looking for pthread_create in pthreads
[0.915s] -- Looking for pthread_create in pthreads - not found
[0.915s] -- Looking for pthread_create in pthread
[0.954s] -- Looking for pthread_create in pthread - found
[0.955s] -- Found Threads: TRUE  
[1.174s] -- Setting yaml-cpp_DIR to: '/opt/ros/foxy/share/yaml_cpp_vendor/cmake/../../../opt/yaml_cpp_vendor/lib/cmake/yaml-cpp'
[1.194s] -- Found ament_cmake_cpplint: 0.9.8 (/opt/ros/foxy/share/ament_cmake_cpplint/cmake)
[1.195s] -- Found ament_cmake_lint_cmake: 0.9.8 (/opt/ros/foxy/share/ament_cmake_lint_cmake/cmake)
[1.196s] -- Found ament_cmake_uncrustify: 0.9.8 (/opt/ros/foxy/share/ament_cmake_uncrustify/cmake)
[1.247s] -- Configuring done (1.1s)
[1.257s] -- Generating done (0.0s)
[1.258s] -- Build files have been written to: /home/song/steadylab/build/camera_info_manager
[1.268s] Invoked command in '/home/song/steadylab/build/camera_info_manager' returned '0': AMENT_PREFIX_PATH=/home/song/steadylab/install/camera_calibration_parsers:${AMENT_PREFIX_PATH} CMAKE_PREFIX_PATH=/home/song/steadylab/install/camera_calibration_parsers:/home/song/zed/install/zed_ros2:/home/song/zed/install/zed_multi_camera:/home/song/zed/install/zed_display_rviz2:/home/song/zed/install/zed_wrapper:/home/song/zed/install/zed_tutorial_video:/home/song/zed/install/zed_tutorial_pos_tracking:/home/song/zed/install/zed_tutorial_depth:/home/song/zed/install/zed_topic_benchmark_interfaces:/home/song/zed/install/zed_rgb_convert:/home/song/zed/install/zed_components:/home/song/zed/install/rviz_plugin_zed_od:/home/song/zed/install/zed_interfaces:/home/song/zed/install/image_common:/home/song/zed/install/image_transport:/home/song/zed/install/camera_info_manager:/home/song/zed/install/camera_calibration_parsers:/home/song/zed/install/steadylab:/opt/ros/foxy CONDA_PROMPT_MODIFIER=(base) LD_LIBRARY_PATH=/home/song/steadylab/install/camera_calibration_parsers/lib:/home/song/zed/install/zed_topic_benchmark_interfaces/lib:/home/song/zed/install/zed_rgb_convert/lib:/home/song/zed/install/zed_components/lib:/home/song/zed/install/rviz_plugin_zed_od/lib:/home/song/zed/install/zed_interfaces/lib:/home/song/zed/install/image_transport/lib:/home/song/zed/install/camera_info_manager/lib:/home/song/zed/install/camera_calibration_parsers/lib:/opt/ros/foxy/opt/yaml_cpp_vendor/lib:/opt/ros/foxy/opt/rviz_ogre_vendor/lib:/opt/ros/foxy/lib/x86_64-linux-gnu:/opt/ros/foxy/lib:/usr/local/cuda-11.8/lib64 /home/song/.local/bin/cmake /home/song/steadylab/src/image_common/camera_info_manager -DAMENT_CMAKE_SYMLINK_INSTALL=1 -DCMAKE_INSTALL_PREFIX=/home/song/steadylab/install/camera_info_manager
[1.271s] Invoking command in '/home/song/steadylab/build/camera_info_manager': AMENT_PREFIX_PATH=/home/song/steadylab/install/camera_calibration_parsers:${AMENT_PREFIX_PATH} CMAKE_PREFIX_PATH=/home/song/steadylab/install/camera_calibration_parsers:/home/song/zed/install/zed_ros2:/home/song/zed/install/zed_multi_camera:/home/song/zed/install/zed_display_rviz2:/home/song/zed/install/zed_wrapper:/home/song/zed/install/zed_tutorial_video:/home/song/zed/install/zed_tutorial_pos_tracking:/home/song/zed/install/zed_tutorial_depth:/home/song/zed/install/zed_topic_benchmark_interfaces:/home/song/zed/install/zed_rgb_convert:/home/song/zed/install/zed_components:/home/song/zed/install/rviz_plugin_zed_od:/home/song/zed/install/zed_interfaces:/home/song/zed/install/image_common:/home/song/zed/install/image_transport:/home/song/zed/install/camera_info_manager:/home/song/zed/install/camera_calibration_parsers:/home/song/zed/install/steadylab:/opt/ros/foxy CONDA_PROMPT_MODIFIER=(base) LD_LIBRARY_PATH=/home/song/steadylab/install/camera_calibration_parsers/lib:/home/song/zed/install/zed_topic_benchmark_interfaces/lib:/home/song/zed/install/zed_rgb_convert/lib:/home/song/zed/install/zed_components/lib:/home/song/zed/install/rviz_plugin_zed_od/lib:/home/song/zed/install/zed_interfaces/lib:/home/song/zed/install/image_transport/lib:/home/song/zed/install/camera_info_manager/lib:/home/song/zed/install/camera_calibration_parsers/lib:/opt/ros/foxy/opt/yaml_cpp_vendor/lib:/opt/ros/foxy/opt/rviz_ogre_vendor/lib:/opt/ros/foxy/lib/x86_64-linux-gnu:/opt/ros/foxy/lib:/usr/local/cuda-11.8/lib64 /home/song/.local/bin/cmake --build /home/song/steadylab/build/camera_info_manager -- -j20 -l20
[1.299s] [ 50%] [32mBuilding CXX object CMakeFiles/camera_info_manager.dir/src/camera_info_manager.cpp.o[0m
[2.860s] [100%] [32m[1mLinking CXX shared library libcamera_info_manager.so[0m
[2.960s] [100%] Built target camera_info_manager
[2.967s] Invoked command in '/home/song/steadylab/build/camera_info_manager' returned '0': AMENT_PREFIX_PATH=/home/song/steadylab/install/camera_calibration_parsers:${AMENT_PREFIX_PATH} CMAKE_PREFIX_PATH=/home/song/steadylab/install/camera_calibration_parsers:/home/song/zed/install/zed_ros2:/home/song/zed/install/zed_multi_camera:/home/song/zed/install/zed_display_rviz2:/home/song/zed/install/zed_wrapper:/home/song/zed/install/zed_tutorial_video:/home/song/zed/install/zed_tutorial_pos_tracking:/home/song/zed/install/zed_tutorial_depth:/home/song/zed/install/zed_topic_benchmark_interfaces:/home/song/zed/install/zed_rgb_convert:/home/song/zed/install/zed_components:/home/song/zed/install/rviz_plugin_zed_od:/home/song/zed/install/zed_interfaces:/home/song/zed/install/image_common:/home/song/zed/install/image_transport:/home/song/zed/install/camera_info_manager:/home/song/zed/install/camera_calibration_parsers:/home/song/zed/install/steadylab:/opt/ros/foxy CONDA_PROMPT_MODIFIER=(base) LD_LIBRARY_PATH=/home/song/steadylab/install/camera_calibration_parsers/lib:/home/song/zed/install/zed_topic_benchmark_interfaces/lib:/home/song/zed/install/zed_rgb_convert/lib:/home/song/zed/install/zed_components/lib:/home/song/zed/install/rviz_plugin_zed_od/lib:/home/song/zed/install/zed_interfaces/lib:/home/song/zed/install/image_transport/lib:/home/song/zed/install/camera_info_manager/lib:/home/song/zed/install/camera_calibration_parsers/lib:/opt/ros/foxy/opt/yaml_cpp_vendor/lib:/opt/ros/foxy/opt/rviz_ogre_vendor/lib:/opt/ros/foxy/lib/x86_64-linux-gnu:/opt/ros/foxy/lib:/usr/local/cuda-11.8/lib64 /home/song/.local/bin/cmake --build /home/song/steadylab/build/camera_info_manager -- -j20 -l20
[2.999s] Invoking command in '/home/song/steadylab/build/camera_info_manager': AMENT_PREFIX_PATH=/home/song/steadylab/install/camera_calibration_parsers:${AMENT_PREFIX_PATH} CMAKE_PREFIX_PATH=/home/song/steadylab/install/camera_calibration_parsers:/home/song/zed/install/zed_ros2:/home/song/zed/install/zed_multi_camera:/home/song/zed/install/zed_display_rviz2:/home/song/zed/install/zed_wrapper:/home/song/zed/install/zed_tutorial_video:/home/song/zed/install/zed_tutorial_pos_tracking:/home/song/zed/install/zed_tutorial_depth:/home/song/zed/install/zed_topic_benchmark_interfaces:/home/song/zed/install/zed_rgb_convert:/home/song/zed/install/zed_components:/home/song/zed/install/rviz_plugin_zed_od:/home/song/zed/install/zed_interfaces:/home/song/zed/install/image_common:/home/song/zed/install/image_transport:/home/song/zed/install/camera_info_manager:/home/song/zed/install/camera_calibration_parsers:/home/song/zed/install/steadylab:/opt/ros/foxy CONDA_PROMPT_MODIFIER=(base) LD_LIBRARY_PATH=/home/song/steadylab/install/camera_calibration_parsers/lib:/home/song/zed/install/zed_topic_benchmark_interfaces/lib:/home/song/zed/install/zed_rgb_convert/lib:/home/song/zed/install/zed_components/lib:/home/song/zed/install/rviz_plugin_zed_od/lib:/home/song/zed/install/zed_interfaces/lib:/home/song/zed/install/image_transport/lib:/home/song/zed/install/camera_info_manager/lib:/home/song/zed/install/camera_calibration_parsers/lib:/opt/ros/foxy/opt/yaml_cpp_vendor/lib:/opt/ros/foxy/opt/rviz_ogre_vendor/lib:/opt/ros/foxy/lib/x86_64-linux-gnu:/opt/ros/foxy/lib:/usr/local/cuda-11.8/lib64 /home/song/.local/bin/cmake --install /home/song/steadylab/build/camera_info_manager
[3.017s] -- Install configuration: ""
[3.018s] -- Execute custom install script
[3.018s] -- Symlinking: /home/song/steadylab/install/camera_info_manager/lib/libcamera_info_manager.so
[3.021s] -- Symlinking: /home/song/steadylab/install/camera_info_manager/include/camera_info_manager/camera_info_manager.h
[3.023s] -- Symlinking: /home/song/steadylab/install/camera_info_manager/include/camera_info_manager/camera_info_manager.hpp
[3.025s] -- Symlinking: /home/song/steadylab/install/camera_info_manager/include/camera_info_manager/visibility_control.h
[3.027s] -- Symlinking: /home/song/steadylab/install/camera_info_manager/share/camera_info_manager/environment/library_path.sh
[3.029s] -- Symlinking: /home/song/steadylab/install/camera_info_manager/share/camera_info_manager/environment/library_path.dsv
[3.031s] -- Symlinking: /home/song/steadylab/install/camera_info_manager/share/ament_index/resource_index/package_run_dependencies/camera_info_manager
[3.033s] -- Symlinking: /home/song/steadylab/install/camera_info_manager/share/ament_index/resource_index/parent_prefix_path/camera_info_manager
[3.035s] -- Symlinking: /home/song/steadylab/install/camera_info_manager/share/camera_info_manager/environment/ament_prefix_path.sh
[3.037s] -- Symlinking: /home/song/steadylab/install/camera_info_manager/share/camera_info_manager/environment/ament_prefix_path.dsv
[3.039s] -- Symlinking: /home/song/steadylab/install/camera_info_manager/share/camera_info_manager/environment/path.sh
[3.041s] -- Symlinking: /home/song/steadylab/install/camera_info_manager/share/camera_info_manager/environment/path.dsv
[3.043s] -- Symlinking: /home/song/steadylab/install/camera_info_manager/share/camera_info_manager/local_setup.bash
[3.045s] -- Symlinking: /home/song/steadylab/install/camera_info_manager/share/camera_info_manager/local_setup.sh
[3.047s] -- Symlinking: /home/song/steadylab/install/camera_info_manager/share/camera_info_manager/local_setup.zsh
[3.049s] -- Symlinking: /home/song/steadylab/install/camera_info_manager/share/camera_info_manager/local_setup.dsv
[3.051s] -- Symlinking: /home/song/steadylab/install/camera_info_manager/share/camera_info_manager/package.dsv
[3.054s] -- Symlinking: /home/song/steadylab/install/camera_info_manager/share/ament_index/resource_index/packages/camera_info_manager
[3.056s] -- Symlinking: /home/song/steadylab/install/camera_info_manager/share/camera_info_manager/cmake/ament_cmake_export_include_directories-extras.cmake
[3.058s] -- Symlinking: /home/song/steadylab/install/camera_info_manager/share/camera_info_manager/cmake/ament_cmake_export_dependencies-extras.cmake
[3.059s] -- Symlinking: /home/song/steadylab/install/camera_info_manager/share/camera_info_manager/cmake/ament_cmake_export_libraries-extras.cmake
[3.061s] -- Symlinking: /home/song/steadylab/install/camera_info_manager/share/camera_info_manager/cmake/camera_info_managerConfig.cmake
[3.063s] -- Symlinking: /home/song/steadylab/install/camera_info_manager/share/camera_info_manager/cmake/camera_info_managerConfig-version.cmake
[3.065s] -- Symlinking: /home/song/steadylab/install/camera_info_manager/share/camera_info_manager/package.xml
[3.073s] Invoked command in '/home/song/steadylab/build/camera_info_manager' returned '0': AMENT_PREFIX_PATH=/home/song/steadylab/install/camera_calibration_parsers:${AMENT_PREFIX_PATH} CMAKE_PREFIX_PATH=/home/song/steadylab/install/camera_calibration_parsers:/home/song/zed/install/zed_ros2:/home/song/zed/install/zed_multi_camera:/home/song/zed/install/zed_display_rviz2:/home/song/zed/install/zed_wrapper:/home/song/zed/install/zed_tutorial_video:/home/song/zed/install/zed_tutorial_pos_tracking:/home/song/zed/install/zed_tutorial_depth:/home/song/zed/install/zed_topic_benchmark_interfaces:/home/song/zed/install/zed_rgb_convert:/home/song/zed/install/zed_components:/home/song/zed/install/rviz_plugin_zed_od:/home/song/zed/install/zed_interfaces:/home/song/zed/install/image_common:/home/song/zed/install/image_transport:/home/song/zed/install/camera_info_manager:/home/song/zed/install/camera_calibration_parsers:/home/song/zed/install/steadylab:/opt/ros/foxy CONDA_PROMPT_MODIFIER=(base) LD_LIBRARY_PATH=/home/song/steadylab/install/camera_calibration_parsers/lib:/home/song/zed/install/zed_topic_benchmark_interfaces/lib:/home/song/zed/install/zed_rgb_convert/lib:/home/song/zed/install/zed_components/lib:/home/song/zed/install/rviz_plugin_zed_od/lib:/home/song/zed/install/zed_interfaces/lib:/home/song/zed/install/image_transport/lib:/home/song/zed/install/camera_info_manager/lib:/home/song/zed/install/camera_calibration_parsers/lib:/opt/ros/foxy/opt/yaml_cpp_vendor/lib:/opt/ros/foxy/opt/rviz_ogre_vendor/lib:/opt/ros/foxy/lib/x86_64-linux-gnu:/opt/ros/foxy/lib:/usr/local/cuda-11.8/lib64 /home/song/.local/bin/cmake --install /home/song/steadylab/build/camera_info_manager
