[0.011s] Invoking command in '/home/song/zed/build/zed_interfaces': CMAKE_PREFIX_PATH=${CMAKE_PREFIX_PATH}:/opt/ros/foxy CONDA_PROMPT_MODIFIER=(base) /home/song/.local/bin/cmake /home/song/zed/src/zed-ros2-wrapper/zed-ros2-interfaces -DCMAKE_BUILD_TYPE=Release -DAMENT_CMAKE_SYMLINK_INSTALL=1 -DCMAKE_INSTALL_PREFIX=/home/song/zed/install/zed_interfaces
[0.030s] -- Found ament_cmake_auto: 0.9.12 (/opt/ros/foxy/share/ament_cmake_auto/cmake)
[0.047s] -- Found PythonInterp: /home/song/anaconda3/bin/python3 (found suitable version "3.9.13", minimum required is "3") 
[0.047s] -- Using PYTHON_EXECUTABLE: /home/song/anaconda3/bin/python3
[0.176s] -- Override CMake install command with custom implementation using symlinks instead of copying resources
[0.236s] -- Using all available rosidl_typesupport_c: rosidl_typesupport_fastrtps_c;rosidl_typesupport_introspection_c
[0.238s] -- Found rosidl_adapter: 1.3.1 (/opt/ros/foxy/share/rosidl_adapter/cmake)
[0.311s] -- Using all available rosidl_typesupport_cpp: rosidl_typesupport_fastrtps_cpp;rosidl_typesupport_introspection_cpp
[0.391s] -- Found ament_lint_auto: 0.9.8 (/opt/ros/foxy/share/ament_lint_auto/cmake)
[0.410s] -- Found PythonInterp: /home/song/anaconda3/bin/python3 (found version "3.9.13") 
[0.532s] -- Found ament_cmake_ros: 0.9.2 (/opt/ros/foxy/share/ament_cmake_ros/cmake)
[0.680s] -- Using all available rosidl_typesupport_c: rosidl_typesupport_fastrtps_c;rosidl_typesupport_introspection_c
[0.745s] -- Using all available rosidl_typesupport_cpp: rosidl_typesupport_fastrtps_cpp;rosidl_typesupport_introspection_cpp
[0.763s] -- Found PythonInterp: /home/song/anaconda3/bin/python3 (found suitable version "3.9.13", minimum required is "3.5") 
[0.764s] -- Found python_cmake_module: 0.8.1 (/opt/ros/foxy/share/python_cmake_module/cmake)
[0.783s] -- Found PythonLibs: /home/song/anaconda3/lib/libpython3.9.so (found suitable version "3.9.13", minimum required is "3.5") 
[0.784s] -- Using PYTHON_EXECUTABLE: /home/song/anaconda3/bin/python3
[0.784s] -- Using PYTHON_INCLUDE_DIRS: /home/song/anaconda3/include/python3.9
[0.784s] -- Using PYTHON_LIBRARIES: /home/song/anaconda3/lib/libpython3.9.so
[0.799s] -- Found PythonExtra: .so  
[0.974s] -- Added test 'copyright' to check source files copyright and LICENSE
[0.975s] -- Added test 'lint_cmake' to check CMake code style
[0.976s] -- Added test 'xmllint' to check XML markup files
[0.979s] -- Configuring done (1.0s)
[1.020s] [33mCMake Warning at /opt/ros/foxy/share/rosidl_generator_py/cmake/rosidl_generator_py_generate_interfaces.cmake:235 (add_library):
[1.020s]   Cannot generate a safe runtime search path for target
[1.020s]   zed_interfaces__rosidl_typesupport_fastrtps_c__pyext because files in some
[1.020s]   directories may conflict with libraries in implicit directories:
[1.020s] 
[1.020s]     runtime library [libssl.so.1.1] in /usr/lib/x86_64-linux-gnu may be hidden by files in:
[1.020s]       /home/song/anaconda3/lib
[1.020s]     runtime library [libcrypto.so.1.1] in /usr/lib/x86_64-linux-gnu may be hidden by files in:
[1.020s]       /home/song/anaconda3/lib
[1.020s] 
[1.020s]   Some of these libraries may not be found correctly.
[1.020s] Call Stack (most recent call first):
[1.020s]   /opt/ros/foxy/share/ament_cmake_core/cmake/core/ament_execute_extensions.cmake:48 (include)
[1.020s]   /opt/ros/foxy/share/rosidl_cmake/cmake/rosidl_generate_interfaces.cmake:286 (ament_execute_extensions)
[1.020s]   CMakeLists.txt:98 (rosidl_generate_interfaces)
[1.020s] 
[1.021s] [0m
[1.027s] -- Generating done (0.0s)
[1.029s] -- Build files have been written to: /home/song/zed/build/zed_interfaces
[1.035s] Invoked command in '/home/song/zed/build/zed_interfaces' returned '0': CMAKE_PREFIX_PATH=${CMAKE_PREFIX_PATH}:/opt/ros/foxy CONDA_PROMPT_MODIFIER=(base) /home/song/.local/bin/cmake /home/song/zed/src/zed-ros2-wrapper/zed-ros2-interfaces -DCMAKE_BUILD_TYPE=Release -DAMENT_CMAKE_SYMLINK_INSTALL=1 -DCMAKE_INSTALL_PREFIX=/home/song/zed/install/zed_interfaces
[1.037s] Invoking command in '/home/song/zed/build/zed_interfaces': CMAKE_PREFIX_PATH=${CMAKE_PREFIX_PATH}:/opt/ros/foxy CONDA_PROMPT_MODIFIER=(base) /home/song/.local/bin/cmake --build /home/song/zed/build/zed_interfaces -- -j20 -l20
[1.065s] [  1%] [34m[1mGenerating C code for ROS interfaces[0m
[1.068s] [  1%] [34m[1mGenerating C++ code for ROS interfaces[0m
[2.052s] [  1%] Built target zed_interfaces__cpp
[2.055s] [  2%] [34m[1mGenerating C++ type support dispatch for ROS interfaces[0m
[2.055s] [  3%] [34m[1mGenerating C++ type support for eProsima Fast-RTPS[0m
[2.056s] [  3%] [34m[1mGenerating C++ introspection for ROS interfaces[0m
[2.105s] [  3%] [32mBuilding C object CMakeFiles/zed_interfaces__rosidl_generator_c.dir/rosidl_generator_c/zed_interfaces/msg/detail/object__functions.c.o[0m
[2.105s] [  4%] [32mBuilding C object CMakeFiles/zed_interfaces__rosidl_generator_c.dir/rosidl_generator_c/zed_interfaces/msg/detail/objects_stamped__functions.c.o[0m
[2.106s] [  5%] [32mBuilding C object CMakeFiles/zed_interfaces__rosidl_generator_c.dir/rosidl_generator_c/zed_interfaces/msg/detail/keypoint2_di__functions.c.o[0m
[2.106s] [  5%] [32mBuilding C object CMakeFiles/zed_interfaces__rosidl_generator_c.dir/rosidl_generator_c/zed_interfaces/msg/detail/keypoint2_df__functions.c.o[0m
[2.106s] [  6%] [32mBuilding C object CMakeFiles/zed_interfaces__rosidl_generator_c.dir/rosidl_generator_c/zed_interfaces/msg/detail/keypoint3_d__functions.c.o[0m
[2.106s] [  6%] [32mBuilding C object CMakeFiles/zed_interfaces__rosidl_generator_c.dir/rosidl_generator_c/zed_interfaces/msg/detail/bounding_box2_di__functions.c.o[0m
[2.107s] [  6%] [32mBuilding C object CMakeFiles/zed_interfaces__rosidl_generator_c.dir/rosidl_generator_c/zed_interfaces/msg/detail/skeleton2_d__functions.c.o[0m
[2.107s] [  7%] [32mBuilding C object CMakeFiles/zed_interfaces__rosidl_generator_c.dir/rosidl_generator_c/zed_interfaces/msg/detail/bounding_box2_df__functions.c.o[0m
[2.107s] [  8%] [32mBuilding C object CMakeFiles/zed_interfaces__rosidl_generator_c.dir/rosidl_generator_c/zed_interfaces/msg/detail/bounding_box3_d__functions.c.o[0m
[2.107s] [  9%] [32mBuilding C object CMakeFiles/zed_interfaces__rosidl_generator_c.dir/rosidl_generator_c/zed_interfaces/msg/detail/skeleton3_d__functions.c.o[0m
[2.108s] [ 10%] [32mBuilding C object CMakeFiles/zed_interfaces__rosidl_generator_c.dir/rosidl_generator_c/zed_interfaces/msg/detail/depth_info_stamped__functions.c.o[0m
[2.108s] [ 11%] [32mBuilding C object CMakeFiles/zed_interfaces__rosidl_generator_c.dir/rosidl_generator_c/zed_interfaces/msg/detail/plane_stamped__functions.c.o[0m
[2.108s] [ 11%] [32mBuilding C object CMakeFiles/zed_interfaces__rosidl_generator_c.dir/rosidl_generator_c/zed_interfaces/msg/detail/pos_track_status__functions.c.o[0m
[2.109s] [ 12%] [32mBuilding C object CMakeFiles/zed_interfaces__rosidl_generator_c.dir/rosidl_generator_c/zed_interfaces/msg/detail/heartbeat__functions.c.o[0m
[2.110s] [ 12%] [32mBuilding C object CMakeFiles/zed_interfaces__rosidl_generator_c.dir/rosidl_generator_c/zed_interfaces/srv/detail/set_pose__functions.c.o[0m
[2.139s] [ 13%] [32mBuilding C object CMakeFiles/zed_interfaces__rosidl_generator_c.dir/rosidl_generator_c/zed_interfaces/srv/detail/start_svo_rec__functions.c.o[0m
[2.155s] [ 13%] [32mBuilding C object CMakeFiles/zed_interfaces__rosidl_generator_c.dir/rosidl_generator_c/zed_interfaces/srv/detail/set_roi__functions.c.o[0m
[2.290s] [ 14%] [32m[1mLinking C shared library libzed_interfaces__rosidl_generator_c.so[0m
[2.309s] [ 14%] Built target zed_interfaces__rosidl_generator_c
[2.312s] [ 15%] [34m[1mGenerating C introspection for ROS interfaces[0m
[2.313s] [ 16%] [34m[1mGenerating C type support dispatch for ROS interfaces[0m
[2.887s] [ 16%] [32mBuilding CXX object CMakeFiles/zed_interfaces__rosidl_typesupport_cpp.dir/rosidl_typesupport_cpp/zed_interfaces/msg/object__type_support.cpp.o[0m
[2.887s] [ 17%] [32mBuilding CXX object CMakeFiles/zed_interfaces__rosidl_typesupport_cpp.dir/rosidl_typesupport_cpp/zed_interfaces/msg/objects_stamped__type_support.cpp.o[0m
[2.887s] [ 18%] [32mBuilding CXX object CMakeFiles/zed_interfaces__rosidl_typesupport_cpp.dir/rosidl_typesupport_cpp/zed_interfaces/msg/keypoint2_di__type_support.cpp.o[0m
[2.887s] [ 18%] [32mBuilding CXX object CMakeFiles/zed_interfaces__rosidl_typesupport_cpp.dir/rosidl_typesupport_cpp/zed_interfaces/msg/keypoint2_df__type_support.cpp.o[0m
[2.888s] [ 19%] [32mBuilding CXX object CMakeFiles/zed_interfaces__rosidl_typesupport_cpp.dir/rosidl_typesupport_cpp/zed_interfaces/msg/keypoint3_d__type_support.cpp.o[0m
[2.888s] [ 20%] [32mBuilding CXX object CMakeFiles/zed_interfaces__rosidl_typesupport_cpp.dir/rosidl_typesupport_cpp/zed_interfaces/msg/bounding_box2_di__type_support.cpp.o[0m
[2.888s] [ 20%] [32mBuilding CXX object CMakeFiles/zed_interfaces__rosidl_typesupport_cpp.dir/rosidl_typesupport_cpp/zed_interfaces/msg/bounding_box2_df__type_support.cpp.o[0m
[2.888s] [ 21%] [32mBuilding CXX object CMakeFiles/zed_interfaces__rosidl_typesupport_cpp.dir/rosidl_typesupport_cpp/zed_interfaces/msg/bounding_box3_d__type_support.cpp.o[0m
[2.889s] [ 22%] [32mBuilding CXX object CMakeFiles/zed_interfaces__rosidl_typesupport_cpp.dir/rosidl_typesupport_cpp/zed_interfaces/msg/skeleton2_d__type_support.cpp.o[0m
[2.889s] [ 22%] [32mBuilding CXX object CMakeFiles/zed_interfaces__rosidl_typesupport_cpp.dir/rosidl_typesupport_cpp/zed_interfaces/msg/skeleton3_d__type_support.cpp.o[0m
[2.889s] [ 24%] [32mBuilding CXX object CMakeFiles/zed_interfaces__rosidl_typesupport_cpp.dir/rosidl_typesupport_cpp/zed_interfaces/msg/heartbeat__type_support.cpp.o[0m
[2.889s] [ 24%] [32mBuilding CXX object CMakeFiles/zed_interfaces__rosidl_typesupport_cpp.dir/rosidl_typesupport_cpp/zed_interfaces/msg/depth_info_stamped__type_support.cpp.o[0m
[2.889s] [ 24%] [32mBuilding CXX object CMakeFiles/zed_interfaces__rosidl_typesupport_cpp.dir/rosidl_typesupport_cpp/zed_interfaces/msg/plane_stamped__type_support.cpp.o[0m
[2.889s] [ 25%] [32mBuilding CXX object CMakeFiles/zed_interfaces__rosidl_typesupport_cpp.dir/rosidl_typesupport_cpp/zed_interfaces/srv/set_pose__type_support.cpp.o[0m
[2.889s] [ 25%] [32mBuilding CXX object CMakeFiles/zed_interfaces__rosidl_typesupport_cpp.dir/rosidl_typesupport_cpp/zed_interfaces/msg/pos_track_status__type_support.cpp.o[0m
[2.890s] [ 26%] [32mBuilding CXX object CMakeFiles/zed_interfaces__rosidl_typesupport_cpp.dir/rosidl_typesupport_cpp/zed_interfaces/srv/start_svo_rec__type_support.cpp.o[0m
[3.115s] [ 27%] [32mBuilding CXX object CMakeFiles/zed_interfaces__rosidl_typesupport_introspection_cpp.dir/rosidl_typesupport_introspection_cpp/zed_interfaces/msg/detail/object__type_support.cpp.o[0m
[3.160s] [ 28%] [32mBuilding CXX object CMakeFiles/zed_interfaces__rosidl_typesupport_introspection_cpp.dir/rosidl_typesupport_introspection_cpp/zed_interfaces/msg/detail/objects_stamped__type_support.cpp.o[0m
[3.160s] [ 28%] [32mBuilding CXX object CMakeFiles/zed_interfaces__rosidl_typesupport_cpp.dir/rosidl_typesupport_cpp/zed_interfaces/srv/set_roi__type_support.cpp.o[0m
[3.162s] [ 29%] [32mBuilding CXX object CMakeFiles/zed_interfaces__rosidl_typesupport_introspection_cpp.dir/rosidl_typesupport_introspection_cpp/zed_interfaces/msg/detail/keypoint2_di__type_support.cpp.o[0m
[3.168s] [ 30%] [32mBuilding CXX object CMakeFiles/zed_interfaces__rosidl_typesupport_introspection_cpp.dir/rosidl_typesupport_introspection_cpp/zed_interfaces/msg/detail/keypoint2_df__type_support.cpp.o[0m
[3.169s] [ 30%] [32mBuilding CXX object CMakeFiles/zed_interfaces__rosidl_typesupport_introspection_cpp.dir/rosidl_typesupport_introspection_cpp/zed_interfaces/msg/detail/keypoint3_d__type_support.cpp.o[0m
[3.175s] [ 32%] [32mBuilding CXX object CMakeFiles/zed_interfaces__rosidl_typesupport_introspection_cpp.dir/rosidl_typesupport_introspection_cpp/zed_interfaces/msg/detail/bounding_box2_df__type_support.cpp.o[0m
[3.176s] [ 32%] [32mBuilding CXX object CMakeFiles/zed_interfaces__rosidl_typesupport_introspection_cpp.dir/rosidl_typesupport_introspection_cpp/zed_interfaces/msg/detail/bounding_box2_di__type_support.cpp.o[0m
[3.183s] [ 32%] [32mBuilding CXX object CMakeFiles/zed_interfaces__rosidl_typesupport_introspection_cpp.dir/rosidl_typesupport_introspection_cpp/zed_interfaces/msg/detail/bounding_box3_d__type_support.cpp.o[0m
[3.229s] [ 33%] [32mBuilding CXX object CMakeFiles/zed_interfaces__rosidl_typesupport_introspection_cpp.dir/rosidl_typesupport_introspection_cpp/zed_interfaces/msg/detail/skeleton2_d__type_support.cpp.o[0m
[3.236s] [ 33%] [32mBuilding CXX object CMakeFiles/zed_interfaces__rosidl_typesupport_introspection_cpp.dir/rosidl_typesupport_introspection_cpp/zed_interfaces/msg/detail/skeleton3_d__type_support.cpp.o[0m
[3.237s] [ 34%] [32mBuilding CXX object CMakeFiles/zed_interfaces__rosidl_typesupport_introspection_cpp.dir/rosidl_typesupport_introspection_cpp/zed_interfaces/msg/detail/depth_info_stamped__type_support.cpp.o[0m
[3.251s] [ 35%] [32mBuilding CXX object CMakeFiles/zed_interfaces__rosidl_typesupport_introspection_cpp.dir/rosidl_typesupport_introspection_cpp/zed_interfaces/msg/detail/plane_stamped__type_support.cpp.o[0m
[3.251s] [ 35%] [32mBuilding CXX object CMakeFiles/zed_interfaces__rosidl_typesupport_introspection_cpp.dir/rosidl_typesupport_introspection_cpp/zed_interfaces/msg/detail/pos_track_status__type_support.cpp.o[0m
[3.252s] [ 36%] [32mBuilding CXX object CMakeFiles/zed_interfaces__rosidl_typesupport_introspection_cpp.dir/rosidl_typesupport_introspection_cpp/zed_interfaces/msg/detail/heartbeat__type_support.cpp.o[0m
[3.253s] [ 37%] [32mBuilding CXX object CMakeFiles/zed_interfaces__rosidl_typesupport_fastrtps_cpp.dir/rosidl_typesupport_fastrtps_cpp/zed_interfaces/msg/detail/dds_fastrtps/object__type_support.cpp.o[0m
[3.256s] [ 37%] [32mBuilding CXX object CMakeFiles/zed_interfaces__rosidl_typesupport_fastrtps_cpp.dir/rosidl_typesupport_fastrtps_cpp/zed_interfaces/msg/detail/dds_fastrtps/objects_stamped__type_support.cpp.o[0m
[3.271s] [ 38%] [32mBuilding CXX object CMakeFiles/zed_interfaces__rosidl_typesupport_fastrtps_cpp.dir/rosidl_typesupport_fastrtps_cpp/zed_interfaces/msg/detail/dds_fastrtps/keypoint2_di__type_support.cpp.o[0m
[3.407s] [ 38%] [32mBuilding CXX object CMakeFiles/zed_interfaces__rosidl_typesupport_c.dir/rosidl_typesupport_c/zed_interfaces/msg/object__type_support.cpp.o[0m
[3.446s] [ 39%] [32m[1mLinking CXX shared library libzed_interfaces__rosidl_typesupport_cpp.so[0m
[3.446s] [ 39%] [32mBuilding CXX object CMakeFiles/zed_interfaces__rosidl_typesupport_introspection_cpp.dir/rosidl_typesupport_introspection_cpp/zed_interfaces/srv/detail/start_svo_rec__type_support.cpp.o[0m
[3.446s] [ 39%] [32mBuilding CXX object CMakeFiles/zed_interfaces__rosidl_typesupport_introspection_cpp.dir/rosidl_typesupport_introspection_cpp/zed_interfaces/srv/detail/set_pose__type_support.cpp.o[0m
[3.451s] [ 40%] [32mBuilding CXX object CMakeFiles/zed_interfaces__rosidl_typesupport_introspection_cpp.dir/rosidl_typesupport_introspection_cpp/zed_interfaces/srv/detail/set_roi__type_support.cpp.o[0m
[3.452s] [ 41%] [32mBuilding CXX object CMakeFiles/zed_interfaces__rosidl_typesupport_c.dir/rosidl_typesupport_c/zed_interfaces/msg/objects_stamped__type_support.cpp.o[0m
[3.483s] [ 41%] Built target zed_interfaces__rosidl_typesupport_cpp
[3.487s] [ 42%] [32mBuilding CXX object CMakeFiles/zed_interfaces__rosidl_typesupport_c.dir/rosidl_typesupport_c/zed_interfaces/msg/keypoint2_di__type_support.cpp.o[0m
[3.503s] [ 43%] [32mBuilding CXX object CMakeFiles/zed_interfaces__rosidl_typesupport_fastrtps_cpp.dir/rosidl_typesupport_fastrtps_cpp/zed_interfaces/msg/detail/dds_fastrtps/keypoint2_df__type_support.cpp.o[0m
[3.503s] [ 43%] [32mBuilding CXX object CMakeFiles/zed_interfaces__rosidl_typesupport_c.dir/rosidl_typesupport_c/zed_interfaces/msg/keypoint2_df__type_support.cpp.o[0m
[3.521s] [ 44%] [32mBuilding CXX object CMakeFiles/zed_interfaces__rosidl_typesupport_c.dir/rosidl_typesupport_c/zed_interfaces/msg/keypoint3_d__type_support.cpp.o[0m
[3.521s] [ 44%] [32mBuilding CXX object CMakeFiles/zed_interfaces__rosidl_typesupport_c.dir/rosidl_typesupport_c/zed_interfaces/msg/bounding_box2_di__type_support.cpp.o[0m
[3.523s] [ 45%] [32mBuilding CXX object CMakeFiles/zed_interfaces__rosidl_typesupport_c.dir/rosidl_typesupport_c/zed_interfaces/msg/bounding_box2_df__type_support.cpp.o[0m
[3.528s] [ 46%] [32mBuilding CXX object CMakeFiles/zed_interfaces__rosidl_typesupport_c.dir/rosidl_typesupport_c/zed_interfaces/msg/bounding_box3_d__type_support.cpp.o[0m
[3.538s] [ 46%] [32mBuilding CXX object CMakeFiles/zed_interfaces__rosidl_typesupport_fastrtps_cpp.dir/rosidl_typesupport_fastrtps_cpp/zed_interfaces/msg/detail/dds_fastrtps/keypoint3_d__type_support.cpp.o[0m
[3.547s] [ 46%] [32mBuilding CXX object CMakeFiles/zed_interfaces__rosidl_typesupport_c.dir/rosidl_typesupport_c/zed_interfaces/msg/skeleton2_d__type_support.cpp.o[0m
[3.551s] [ 47%] [32mBuilding CXX object CMakeFiles/zed_interfaces__rosidl_typesupport_c.dir/rosidl_typesupport_c/zed_interfaces/msg/skeleton3_d__type_support.cpp.o[0m
[3.551s] [ 48%] [32mBuilding CXX object CMakeFiles/zed_interfaces__rosidl_typesupport_c.dir/rosidl_typesupport_c/zed_interfaces/msg/depth_info_stamped__type_support.cpp.o[0m
[3.553s] [ 48%] [32mBuilding CXX object CMakeFiles/zed_interfaces__rosidl_typesupport_c.dir/rosidl_typesupport_c/zed_interfaces/msg/plane_stamped__type_support.cpp.o[0m
[3.557s] [ 49%] [32mBuilding CXX object CMakeFiles/zed_interfaces__rosidl_typesupport_c.dir/rosidl_typesupport_c/zed_interfaces/msg/pos_track_status__type_support.cpp.o[0m
[3.558s] [ 50%] [32mBuilding CXX object CMakeFiles/zed_interfaces__rosidl_typesupport_fastrtps_cpp.dir/rosidl_typesupport_fastrtps_cpp/zed_interfaces/msg/detail/dds_fastrtps/bounding_box2_di__type_support.cpp.o[0m
[3.560s] [ 50%] [32mBuilding CXX object CMakeFiles/zed_interfaces__rosidl_typesupport_c.dir/rosidl_typesupport_c/zed_interfaces/msg/heartbeat__type_support.cpp.o[0m
[3.575s] [ 51%] [32mBuilding CXX object CMakeFiles/zed_interfaces__rosidl_typesupport_c.dir/rosidl_typesupport_c/zed_interfaces/srv/set_pose__type_support.cpp.o[0m
[3.580s] [ 52%] [32mBuilding CXX object CMakeFiles/zed_interfaces__rosidl_typesupport_c.dir/rosidl_typesupport_c/zed_interfaces/srv/start_svo_rec__type_support.cpp.o[0m
[3.583s] [ 52%] [32mBuilding CXX object CMakeFiles/zed_interfaces__rosidl_typesupport_fastrtps_cpp.dir/rosidl_typesupport_fastrtps_cpp/zed_interfaces/msg/detail/dds_fastrtps/bounding_box2_df__type_support.cpp.o[0m
[3.595s] [ 52%] [32mBuilding CXX object CMakeFiles/zed_interfaces__rosidl_typesupport_c.dir/rosidl_typesupport_c/zed_interfaces/srv/set_roi__type_support.cpp.o[0m
[3.600s] [ 53%] [32mBuilding CXX object CMakeFiles/zed_interfaces__rosidl_typesupport_fastrtps_cpp.dir/rosidl_typesupport_fastrtps_cpp/zed_interfaces/msg/detail/dds_fastrtps/bounding_box3_d__type_support.cpp.o[0m
[3.603s] [ 54%] [32mBuilding CXX object CMakeFiles/zed_interfaces__rosidl_typesupport_fastrtps_cpp.dir/rosidl_typesupport_fastrtps_cpp/zed_interfaces/msg/detail/dds_fastrtps/skeleton3_d__type_support.cpp.o[0m
[3.603s] [ 54%] [32mBuilding CXX object CMakeFiles/zed_interfaces__rosidl_typesupport_fastrtps_cpp.dir/rosidl_typesupport_fastrtps_cpp/zed_interfaces/msg/detail/dds_fastrtps/skeleton2_d__type_support.cpp.o[0m
[3.620s] [ 56%] [32mBuilding CXX object CMakeFiles/zed_interfaces__rosidl_typesupport_fastrtps_cpp.dir/rosidl_typesupport_fastrtps_cpp/zed_interfaces/msg/detail/dds_fastrtps/depth_info_stamped__type_support.cpp.o[0m
[3.620s] [ 56%] [32mBuilding CXX object CMakeFiles/zed_interfaces__rosidl_typesupport_fastrtps_cpp.dir/rosidl_typesupport_fastrtps_cpp/zed_interfaces/msg/detail/dds_fastrtps/plane_stamped__type_support.cpp.o[0m
[3.622s] [ 56%] [32mBuilding CXX object CMakeFiles/zed_interfaces__rosidl_typesupport_fastrtps_cpp.dir/rosidl_typesupport_fastrtps_cpp/zed_interfaces/msg/detail/dds_fastrtps/pos_track_status__type_support.cpp.o[0m
[3.638s] [ 57%] [32m[1mLinking CXX shared library libzed_interfaces__rosidl_typesupport_c.so[0m
[3.696s] [ 57%] Built target zed_interfaces__rosidl_typesupport_c
[3.701s] [ 58%] [32mBuilding CXX object CMakeFiles/zed_interfaces__rosidl_typesupport_fastrtps_cpp.dir/rosidl_typesupport_fastrtps_cpp/zed_interfaces/msg/detail/dds_fastrtps/heartbeat__type_support.cpp.o[0m
[3.703s] [ 58%] [32mBuilding CXX object CMakeFiles/zed_interfaces__rosidl_typesupport_fastrtps_cpp.dir/rosidl_typesupport_fastrtps_cpp/zed_interfaces/srv/detail/dds_fastrtps/set_pose__type_support.cpp.o[0m
[3.703s] [ 59%] [32mBuilding CXX object CMakeFiles/zed_interfaces__rosidl_typesupport_fastrtps_cpp.dir/rosidl_typesupport_fastrtps_cpp/zed_interfaces/srv/detail/dds_fastrtps/start_svo_rec__type_support.cpp.o[0m
[3.705s] [ 60%] [32mBuilding CXX object CMakeFiles/zed_interfaces__rosidl_typesupport_fastrtps_cpp.dir/rosidl_typesupport_fastrtps_cpp/zed_interfaces/srv/detail/dds_fastrtps/set_roi__type_support.cpp.o[0m
[3.723s] [ 61%] [32mBuilding C object CMakeFiles/zed_interfaces__rosidl_typesupport_introspection_c.dir/rosidl_typesupport_introspection_c/zed_interfaces/msg/detail/object__type_support.c.o[0m
[3.749s] [ 61%] [32mBuilding C object CMakeFiles/zed_interfaces__rosidl_typesupport_introspection_c.dir/rosidl_typesupport_introspection_c/zed_interfaces/msg/detail/objects_stamped__type_support.c.o[0m
[3.754s] [ 62%] [32mBuilding C object CMakeFiles/zed_interfaces__rosidl_typesupport_introspection_c.dir/rosidl_typesupport_introspection_c/zed_interfaces/msg/detail/keypoint2_di__type_support.c.o[0m
[3.767s] [ 63%] [32m[1mLinking CXX shared library libzed_interfaces__rosidl_typesupport_introspection_cpp.so[0m
[3.786s] [ 63%] [32mBuilding C object CMakeFiles/zed_interfaces__rosidl_typesupport_introspection_c.dir/rosidl_typesupport_introspection_c/zed_interfaces/msg/detail/keypoint2_df__type_support.c.o[0m
[3.791s] [ 64%] [32mBuilding C object CMakeFiles/zed_interfaces__rosidl_typesupport_introspection_c.dir/rosidl_typesupport_introspection_c/zed_interfaces/msg/detail/keypoint3_d__type_support.c.o[0m
[3.815s] [ 65%] [32mBuilding C object CMakeFiles/zed_interfaces__rosidl_typesupport_introspection_c.dir/rosidl_typesupport_introspection_c/zed_interfaces/msg/detail/bounding_box2_di__type_support.c.o[0m
[3.819s] [ 65%] [32mBuilding C object CMakeFiles/zed_interfaces__rosidl_typesupport_introspection_c.dir/rosidl_typesupport_introspection_c/zed_interfaces/msg/detail/bounding_box2_df__type_support.c.o[0m
[3.835s] [ 65%] Built target zed_interfaces__rosidl_typesupport_introspection_cpp
[3.839s] [ 66%] [32mBuilding C object CMakeFiles/zed_interfaces__rosidl_typesupport_introspection_c.dir/rosidl_typesupport_introspection_c/zed_interfaces/msg/detail/bounding_box3_d__type_support.c.o[0m
[3.839s] [ 67%] [32mBuilding C object CMakeFiles/zed_interfaces__rosidl_typesupport_introspection_c.dir/rosidl_typesupport_introspection_c/zed_interfaces/msg/detail/skeleton2_d__type_support.c.o[0m
[3.871s] [ 68%] [32mBuilding C object CMakeFiles/zed_interfaces__rosidl_typesupport_introspection_c.dir/rosidl_typesupport_introspection_c/zed_interfaces/msg/detail/skeleton3_d__type_support.c.o[0m
[3.871s] [ 68%] [32mBuilding C object CMakeFiles/zed_interfaces__rosidl_typesupport_introspection_c.dir/rosidl_typesupport_introspection_c/zed_interfaces/msg/detail/depth_info_stamped__type_support.c.o[0m
[3.878s] [ 69%] [32mBuilding C object CMakeFiles/zed_interfaces__rosidl_typesupport_introspection_c.dir/rosidl_typesupport_introspection_c/zed_interfaces/msg/detail/pos_track_status__type_support.c.o[0m
[3.878s] [ 69%] [32mBuilding C object CMakeFiles/zed_interfaces__rosidl_typesupport_introspection_c.dir/rosidl_typesupport_introspection_c/zed_interfaces/msg/detail/plane_stamped__type_support.c.o[0m
[3.903s] [ 70%] [32mBuilding C object CMakeFiles/zed_interfaces__rosidl_typesupport_introspection_c.dir/rosidl_typesupport_introspection_c/zed_interfaces/msg/detail/heartbeat__type_support.c.o[0m
[3.907s] [ 70%] [32mBuilding C object CMakeFiles/zed_interfaces__rosidl_typesupport_introspection_c.dir/rosidl_typesupport_introspection_c/zed_interfaces/srv/detail/set_pose__type_support.c.o[0m
[3.909s] [ 71%] [32mBuilding C object CMakeFiles/zed_interfaces__rosidl_typesupport_introspection_c.dir/rosidl_typesupport_introspection_c/zed_interfaces/srv/detail/start_svo_rec__type_support.c.o[0m
[3.920s] [ 72%] [32mBuilding C object CMakeFiles/zed_interfaces__rosidl_typesupport_introspection_c.dir/rosidl_typesupport_introspection_c/zed_interfaces/srv/detail/set_roi__type_support.c.o[0m
[3.965s] [ 72%] [32m[1mLinking C shared library libzed_interfaces__rosidl_typesupport_introspection_c.so[0m
[3.984s] [ 72%] Built target zed_interfaces__rosidl_typesupport_introspection_c
[4.154s] [ 72%] [32m[1mLinking CXX shared library libzed_interfaces__rosidl_typesupport_fastrtps_cpp.so[0m
[4.197s] [ 72%] Built target zed_interfaces__rosidl_typesupport_fastrtps_cpp
[4.200s] [ 73%] [34m[1mGenerating C type support for eProsima Fast-RTPS[0m
[5.059s] [ 73%] [32mBuilding CXX object CMakeFiles/zed_interfaces__rosidl_typesupport_fastrtps_c.dir/rosidl_typesupport_fastrtps_c/zed_interfaces/msg/detail/object__type_support_c.cpp.o[0m
[5.060s] [ 74%] [32mBuilding CXX object CMakeFiles/zed_interfaces__rosidl_typesupport_fastrtps_c.dir/rosidl_typesupport_fastrtps_c/zed_interfaces/msg/detail/objects_stamped__type_support_c.cpp.o[0m
[5.060s] [ 75%] [32mBuilding CXX object CMakeFiles/zed_interfaces__rosidl_typesupport_fastrtps_c.dir/rosidl_typesupport_fastrtps_c/zed_interfaces/msg/detail/keypoint2_di__type_support_c.cpp.o[0m
[5.060s] [ 75%] [32mBuilding CXX object CMakeFiles/zed_interfaces__rosidl_typesupport_fastrtps_c.dir/rosidl_typesupport_fastrtps_c/zed_interfaces/msg/detail/keypoint2_df__type_support_c.cpp.o[0m
[5.060s] [ 76%] [32mBuilding CXX object CMakeFiles/zed_interfaces__rosidl_typesupport_fastrtps_c.dir/rosidl_typesupport_fastrtps_c/zed_interfaces/msg/detail/keypoint3_d__type_support_c.cpp.o[0m
[5.061s] [ 76%] [32mBuilding CXX object CMakeFiles/zed_interfaces__rosidl_typesupport_fastrtps_c.dir/rosidl_typesupport_fastrtps_c/zed_interfaces/msg/detail/skeleton2_d__type_support_c.cpp.o[0m
[5.061s] [ 77%] [32mBuilding CXX object CMakeFiles/zed_interfaces__rosidl_typesupport_fastrtps_c.dir/rosidl_typesupport_fastrtps_c/zed_interfaces/msg/detail/bounding_box2_di__type_support_c.cpp.o[0m
[5.061s] [ 77%] [32mBuilding CXX object CMakeFiles/zed_interfaces__rosidl_typesupport_fastrtps_c.dir/rosidl_typesupport_fastrtps_c/zed_interfaces/msg/detail/bounding_box2_df__type_support_c.cpp.o[0m
[5.062s] [ 78%] [32mBuilding CXX object CMakeFiles/zed_interfaces__rosidl_typesupport_fastrtps_c.dir/rosidl_typesupport_fastrtps_c/zed_interfaces/msg/detail/bounding_box3_d__type_support_c.cpp.o[0m
[5.062s] [ 80%] [32mBuilding CXX object CMakeFiles/zed_interfaces__rosidl_typesupport_fastrtps_c.dir/rosidl_typesupport_fastrtps_c/zed_interfaces/msg/detail/depth_info_stamped__type_support_c.cpp.o[0m
[5.063s] [ 80%] [32mBuilding CXX object CMakeFiles/zed_interfaces__rosidl_typesupport_fastrtps_c.dir/rosidl_typesupport_fastrtps_c/zed_interfaces/msg/detail/skeleton3_d__type_support_c.cpp.o[0m
[5.063s] [ 80%] [32mBuilding CXX object CMakeFiles/zed_interfaces__rosidl_typesupport_fastrtps_c.dir/rosidl_typesupport_fastrtps_c/zed_interfaces/msg/detail/plane_stamped__type_support_c.cpp.o[0m
[5.063s] [ 81%] [32mBuilding CXX object CMakeFiles/zed_interfaces__rosidl_typesupport_fastrtps_c.dir/rosidl_typesupport_fastrtps_c/zed_interfaces/msg/detail/heartbeat__type_support_c.cpp.o[0m
[5.063s] [ 82%] [32mBuilding CXX object CMakeFiles/zed_interfaces__rosidl_typesupport_fastrtps_c.dir/rosidl_typesupport_fastrtps_c/zed_interfaces/msg/detail/pos_track_status__type_support_c.cpp.o[0m
[5.063s] [ 83%] [32mBuilding CXX object CMakeFiles/zed_interfaces__rosidl_typesupport_fastrtps_c.dir/rosidl_typesupport_fastrtps_c/zed_interfaces/srv/detail/start_svo_rec__type_support_c.cpp.o[0m
[5.063s] [ 83%] [32mBuilding CXX object CMakeFiles/zed_interfaces__rosidl_typesupport_fastrtps_c.dir/rosidl_typesupport_fastrtps_c/zed_interfaces/srv/detail/set_pose__type_support_c.cpp.o[0m
[5.064s] [ 84%] [32mBuilding CXX object CMakeFiles/zed_interfaces__rosidl_typesupport_fastrtps_c.dir/rosidl_typesupport_fastrtps_c/zed_interfaces/srv/detail/set_roi__type_support_c.cpp.o[0m
[5.480s] [ 84%] [32m[1mLinking CXX shared library libzed_interfaces__rosidl_typesupport_fastrtps_c.so[0m
[5.523s] [ 84%] Built target zed_interfaces__rosidl_typesupport_fastrtps_c
[5.529s] [ 84%] Built target zed_interfaces
[5.534s] [ 85%] [34m[1mGenerating Python code for ROS interfaces[0m
[7.415s] [ 85%] Built target zed_interfaces__py
[7.421s] [ 85%] [32mBuilding C object CMakeFiles/zed_interfaces__python.dir/rosidl_generator_py/zed_interfaces/msg/_object_s.c.o[0m
[7.421s] [ 86%] [32mBuilding C object CMakeFiles/zed_interfaces__python.dir/rosidl_generator_py/zed_interfaces/msg/_objects_stamped_s.c.o[0m
[7.421s] [ 87%] [32mBuilding C object CMakeFiles/zed_interfaces__python.dir/rosidl_generator_py/zed_interfaces/msg/_keypoint2_di_s.c.o[0m
[7.421s] [ 87%] [32mBuilding C object CMakeFiles/zed_interfaces__python.dir/rosidl_generator_py/zed_interfaces/msg/_keypoint2_df_s.c.o[0m
[7.421s] [ 88%] [32mBuilding C object CMakeFiles/zed_interfaces__python.dir/rosidl_generator_py/zed_interfaces/msg/_keypoint3_d_s.c.o[0m
[7.422s] [ 89%] [32mBuilding C object CMakeFiles/zed_interfaces__python.dir/rosidl_generator_py/zed_interfaces/msg/_bounding_box2_di_s.c.o[0m
[7.422s] [ 89%] [32mBuilding C object CMakeFiles/zed_interfaces__python.dir/rosidl_generator_py/zed_interfaces/msg/_skeleton2_d_s.c.o[0m
[7.422s] [ 89%] [32mBuilding C object CMakeFiles/zed_interfaces__python.dir/rosidl_generator_py/zed_interfaces/msg/_bounding_box2_df_s.c.o[0m
[7.423s] [ 90%] [32mBuilding C object CMakeFiles/zed_interfaces__python.dir/rosidl_generator_py/zed_interfaces/msg/_bounding_box3_d_s.c.o[0m
[7.423s] [ 91%] [32mBuilding C object CMakeFiles/zed_interfaces__python.dir/rosidl_generator_py/zed_interfaces/msg/_skeleton3_d_s.c.o[0m
[7.424s] [ 92%] [32mBuilding C object CMakeFiles/zed_interfaces__python.dir/rosidl_generator_py/zed_interfaces/msg/_depth_info_stamped_s.c.o[0m
[7.424s] [ 92%] [32mBuilding C object CMakeFiles/zed_interfaces__python.dir/rosidl_generator_py/zed_interfaces/msg/_plane_stamped_s.c.o[0m
[7.424s] [ 93%] [32mBuilding C object CMakeFiles/zed_interfaces__python.dir/rosidl_generator_py/zed_interfaces/msg/_heartbeat_s.c.o[0m
[7.424s] [ 94%] [32mBuilding C object CMakeFiles/zed_interfaces__python.dir/rosidl_generator_py/zed_interfaces/msg/_pos_track_status_s.c.o[0m
[7.425s] [ 94%] [32mBuilding C object CMakeFiles/zed_interfaces__python.dir/rosidl_generator_py/zed_interfaces/srv/_set_pose_s.c.o[0m
[7.425s] [ 94%] [32mBuilding C object CMakeFiles/zed_interfaces__python.dir/rosidl_generator_py/zed_interfaces/srv/_set_roi_s.c.o[0m
[7.425s] [ 95%] [32mBuilding C object CMakeFiles/zed_interfaces__python.dir/rosidl_generator_py/zed_interfaces/srv/_start_svo_rec_s.c.o[0m
[7.562s] [ 96%] [32m[1mLinking C shared library rosidl_generator_py/zed_interfaces/libzed_interfaces__python.so[0m
[7.586s] [ 96%] Built target zed_interfaces__python
[7.592s] [ 97%] [32mBuilding C object CMakeFiles/zed_interfaces__rosidl_typesupport_fastrtps_c__pyext.dir/rosidl_generator_py/zed_interfaces/_zed_interfaces_s.ep.rosidl_typesupport_fastrtps_c.c.o[0m
[7.592s] [ 98%] [32mBuilding C object CMakeFiles/zed_interfaces__rosidl_typesupport_introspection_c__pyext.dir/rosidl_generator_py/zed_interfaces/_zed_interfaces_s.ep.rosidl_typesupport_introspection_c.c.o[0m
[7.592s] [ 99%] [32mBuilding C object CMakeFiles/zed_interfaces__rosidl_typesupport_c__pyext.dir/rosidl_generator_py/zed_interfaces/_zed_interfaces_s.ep.rosidl_typesupport_c.c.o[0m
[7.777s] [100%] [32m[1mLinking C shared library rosidl_generator_py/zed_interfaces/zed_interfaces_s__rosidl_typesupport_introspection_c.cpython-39-x86_64-linux-gnu.so[0m
[7.777s] [100%] [32m[1mLinking CXX shared library rosidl_generator_py/zed_interfaces/zed_interfaces_s__rosidl_typesupport_fastrtps_c.cpython-39-x86_64-linux-gnu.so[0m
[7.777s] [100%] [32m[1mLinking C shared library rosidl_generator_py/zed_interfaces/zed_interfaces_s__rosidl_typesupport_c.cpython-39-x86_64-linux-gnu.so[0m
[7.793s] [100%] Built target zed_interfaces__rosidl_typesupport_introspection_c__pyext
[7.793s] [100%] Built target zed_interfaces__rosidl_typesupport_c__pyext
[7.809s] [100%] Built target zed_interfaces__rosidl_typesupport_fastrtps_c__pyext
[7.816s] Invoked command in '/home/song/zed/build/zed_interfaces' returned '0': CMAKE_PREFIX_PATH=${CMAKE_PREFIX_PATH}:/opt/ros/foxy CONDA_PROMPT_MODIFIER=(base) /home/song/.local/bin/cmake --build /home/song/zed/build/zed_interfaces -- -j20 -l20
[7.964s] Invoking command in '/home/song/zed/build/zed_interfaces': CMAKE_PREFIX_PATH=${CMAKE_PREFIX_PATH}:/opt/ros/foxy CONDA_PROMPT_MODIFIER=(base) /home/song/.local/bin/cmake --install /home/song/zed/build/zed_interfaces
[7.979s] -- Install configuration: "Release"
[7.979s] -- Execute custom install script
[7.979s] -- Symlinking: /home/song/zed/install/zed_interfaces/share/ament_index/resource_index/rosidl_interfaces/zed_interfaces
[7.982s] -- Symlinking: /home/song/zed/install/zed_interfaces/include/zed_interfaces/msg/bounding_box2_df.h
[7.983s] -- Symlinking: /home/song/zed/install/zed_interfaces/include/zed_interfaces/msg/bounding_box2_di.h
[7.985s] -- Symlinking: /home/song/zed/install/zed_interfaces/include/zed_interfaces/msg/bounding_box3_d.h
[7.986s] -- Symlinking: /home/song/zed/install/zed_interfaces/include/zed_interfaces/msg/depth_info_stamped.h
[7.988s] -- Symlinking: /home/song/zed/install/zed_interfaces/include/zed_interfaces/msg/detail/bounding_box2_df__functions.h
[7.989s] -- Symlinking: /home/song/zed/install/zed_interfaces/include/zed_interfaces/msg/detail/bounding_box2_df__struct.h
[7.990s] -- Symlinking: /home/song/zed/install/zed_interfaces/include/zed_interfaces/msg/detail/bounding_box2_df__type_support.h
[7.992s] -- Symlinking: /home/song/zed/install/zed_interfaces/include/zed_interfaces/msg/detail/bounding_box2_di__functions.h
[7.993s] -- Symlinking: /home/song/zed/install/zed_interfaces/include/zed_interfaces/msg/detail/bounding_box2_di__struct.h
[7.995s] -- Symlinking: /home/song/zed/install/zed_interfaces/include/zed_interfaces/msg/detail/bounding_box2_di__type_support.h
[7.996s] -- Symlinking: /home/song/zed/install/zed_interfaces/include/zed_interfaces/msg/detail/bounding_box3_d__functions.h
[7.997s] -- Symlinking: /home/song/zed/install/zed_interfaces/include/zed_interfaces/msg/detail/bounding_box3_d__struct.h
[7.999s] -- Symlinking: /home/song/zed/install/zed_interfaces/include/zed_interfaces/msg/detail/bounding_box3_d__type_support.h
[8.000s] -- Symlinking: /home/song/zed/install/zed_interfaces/include/zed_interfaces/msg/detail/depth_info_stamped__functions.h
[8.002s] -- Symlinking: /home/song/zed/install/zed_interfaces/include/zed_interfaces/msg/detail/depth_info_stamped__struct.h
[8.003s] -- Symlinking: /home/song/zed/install/zed_interfaces/include/zed_interfaces/msg/detail/depth_info_stamped__type_support.h
[8.004s] -- Symlinking: /home/song/zed/install/zed_interfaces/include/zed_interfaces/msg/detail/heartbeat__functions.h
[8.006s] -- Symlinking: /home/song/zed/install/zed_interfaces/include/zed_interfaces/msg/detail/heartbeat__struct.h
[8.007s] -- Symlinking: /home/song/zed/install/zed_interfaces/include/zed_interfaces/msg/detail/heartbeat__type_support.h
[8.008s] -- Symlinking: /home/song/zed/install/zed_interfaces/include/zed_interfaces/msg/detail/keypoint2_df__functions.h
[8.009s] -- Symlinking: /home/song/zed/install/zed_interfaces/include/zed_interfaces/msg/detail/keypoint2_df__struct.h
[8.011s] -- Symlinking: /home/song/zed/install/zed_interfaces/include/zed_interfaces/msg/detail/keypoint2_df__type_support.h
[8.012s] -- Symlinking: /home/song/zed/install/zed_interfaces/include/zed_interfaces/msg/detail/keypoint2_di__functions.h
[8.013s] -- Symlinking: /home/song/zed/install/zed_interfaces/include/zed_interfaces/msg/detail/keypoint2_di__struct.h
[8.015s] -- Symlinking: /home/song/zed/install/zed_interfaces/include/zed_interfaces/msg/detail/keypoint2_di__type_support.h
[8.016s] -- Symlinking: /home/song/zed/install/zed_interfaces/include/zed_interfaces/msg/detail/keypoint3_d__functions.h
[8.017s] -- Symlinking: /home/song/zed/install/zed_interfaces/include/zed_interfaces/msg/detail/keypoint3_d__struct.h
[8.019s] -- Symlinking: /home/song/zed/install/zed_interfaces/include/zed_interfaces/msg/detail/keypoint3_d__type_support.h
[8.020s] -- Symlinking: /home/song/zed/install/zed_interfaces/include/zed_interfaces/msg/detail/object__functions.h
[8.022s] -- Symlinking: /home/song/zed/install/zed_interfaces/include/zed_interfaces/msg/detail/object__struct.h
[8.023s] -- Symlinking: /home/song/zed/install/zed_interfaces/include/zed_interfaces/msg/detail/object__type_support.h
[8.024s] -- Symlinking: /home/song/zed/install/zed_interfaces/include/zed_interfaces/msg/detail/objects_stamped__functions.h
[8.026s] -- Symlinking: /home/song/zed/install/zed_interfaces/include/zed_interfaces/msg/detail/objects_stamped__struct.h
[8.027s] -- Symlinking: /home/song/zed/install/zed_interfaces/include/zed_interfaces/msg/detail/objects_stamped__type_support.h
[8.028s] -- Symlinking: /home/song/zed/install/zed_interfaces/include/zed_interfaces/msg/detail/plane_stamped__functions.h
[8.030s] -- Symlinking: /home/song/zed/install/zed_interfaces/include/zed_interfaces/msg/detail/plane_stamped__struct.h
[8.031s] -- Symlinking: /home/song/zed/install/zed_interfaces/include/zed_interfaces/msg/detail/plane_stamped__type_support.h
[8.032s] -- Symlinking: /home/song/zed/install/zed_interfaces/include/zed_interfaces/msg/detail/pos_track_status__functions.h
[8.034s] -- Symlinking: /home/song/zed/install/zed_interfaces/include/zed_interfaces/msg/detail/pos_track_status__struct.h
[8.035s] -- Symlinking: /home/song/zed/install/zed_interfaces/include/zed_interfaces/msg/detail/pos_track_status__type_support.h
[8.036s] -- Symlinking: /home/song/zed/install/zed_interfaces/include/zed_interfaces/msg/detail/skeleton2_d__functions.h
[8.038s] -- Symlinking: /home/song/zed/install/zed_interfaces/include/zed_interfaces/msg/detail/skeleton2_d__struct.h
[8.039s] -- Symlinking: /home/song/zed/install/zed_interfaces/include/zed_interfaces/msg/detail/skeleton2_d__type_support.h
[8.040s] -- Symlinking: /home/song/zed/install/zed_interfaces/include/zed_interfaces/msg/detail/skeleton3_d__functions.h
[8.042s] -- Symlinking: /home/song/zed/install/zed_interfaces/include/zed_interfaces/msg/detail/skeleton3_d__struct.h
[8.043s] -- Symlinking: /home/song/zed/install/zed_interfaces/include/zed_interfaces/msg/detail/skeleton3_d__type_support.h
[8.044s] -- Symlinking: /home/song/zed/install/zed_interfaces/include/zed_interfaces/msg/heartbeat.h
[8.046s] -- Symlinking: /home/song/zed/install/zed_interfaces/include/zed_interfaces/msg/keypoint2_df.h
[8.047s] -- Symlinking: /home/song/zed/install/zed_interfaces/include/zed_interfaces/msg/keypoint2_di.h
[8.048s] -- Symlinking: /home/song/zed/install/zed_interfaces/include/zed_interfaces/msg/keypoint3_d.h
[8.049s] -- Symlinking: /home/song/zed/install/zed_interfaces/include/zed_interfaces/msg/object.h
[8.051s] -- Symlinking: /home/song/zed/install/zed_interfaces/include/zed_interfaces/msg/objects_stamped.h
[8.052s] -- Symlinking: /home/song/zed/install/zed_interfaces/include/zed_interfaces/msg/plane_stamped.h
[8.053s] -- Symlinking: /home/song/zed/install/zed_interfaces/include/zed_interfaces/msg/pos_track_status.h
[8.055s] -- Symlinking: /home/song/zed/install/zed_interfaces/include/zed_interfaces/msg/rosidl_generator_c__visibility_control.h
[8.056s] -- Symlinking: /home/song/zed/install/zed_interfaces/include/zed_interfaces/msg/skeleton2_d.h
[8.057s] -- Symlinking: /home/song/zed/install/zed_interfaces/include/zed_interfaces/msg/skeleton3_d.h
[8.059s] -- Symlinking: /home/song/zed/install/zed_interfaces/include/zed_interfaces/srv/detail/set_pose__functions.h
[8.060s] -- Symlinking: /home/song/zed/install/zed_interfaces/include/zed_interfaces/srv/detail/set_pose__struct.h
[8.061s] -- Symlinking: /home/song/zed/install/zed_interfaces/include/zed_interfaces/srv/detail/set_pose__type_support.h
[8.063s] -- Symlinking: /home/song/zed/install/zed_interfaces/include/zed_interfaces/srv/detail/set_roi__functions.h
[8.064s] -- Symlinking: /home/song/zed/install/zed_interfaces/include/zed_interfaces/srv/detail/set_roi__struct.h
[8.065s] -- Symlinking: /home/song/zed/install/zed_interfaces/include/zed_interfaces/srv/detail/set_roi__type_support.h
[8.067s] -- Symlinking: /home/song/zed/install/zed_interfaces/include/zed_interfaces/srv/detail/start_svo_rec__functions.h
[8.068s] -- Symlinking: /home/song/zed/install/zed_interfaces/include/zed_interfaces/srv/detail/start_svo_rec__struct.h
[8.069s] -- Symlinking: /home/song/zed/install/zed_interfaces/include/zed_interfaces/srv/detail/start_svo_rec__type_support.h
[8.070s] -- Symlinking: /home/song/zed/install/zed_interfaces/include/zed_interfaces/srv/set_pose.h
[8.072s] -- Symlinking: /home/song/zed/install/zed_interfaces/include/zed_interfaces/srv/set_roi.h
[8.073s] -- Symlinking: /home/song/zed/install/zed_interfaces/include/zed_interfaces/srv/start_svo_rec.h
[8.074s] -- Symlinking: /home/song/zed/install/zed_interfaces/share/zed_interfaces/environment/library_path.sh
[8.076s] -- Symlinking: /home/song/zed/install/zed_interfaces/share/zed_interfaces/environment/library_path.dsv
[8.077s] -- Symlinking: /home/song/zed/install/zed_interfaces/include/zed_interfaces/msg/detail/bounding_box2_df__rosidl_typesupport_fastrtps_c.h
[8.078s] -- Symlinking: /home/song/zed/install/zed_interfaces/include/zed_interfaces/msg/detail/bounding_box2_di__rosidl_typesupport_fastrtps_c.h
[8.080s] -- Symlinking: /home/song/zed/install/zed_interfaces/include/zed_interfaces/msg/detail/bounding_box3_d__rosidl_typesupport_fastrtps_c.h
[8.081s] -- Symlinking: /home/song/zed/install/zed_interfaces/include/zed_interfaces/msg/detail/depth_info_stamped__rosidl_typesupport_fastrtps_c.h
[8.082s] -- Symlinking: /home/song/zed/install/zed_interfaces/include/zed_interfaces/msg/detail/heartbeat__rosidl_typesupport_fastrtps_c.h
[8.083s] -- Symlinking: /home/song/zed/install/zed_interfaces/include/zed_interfaces/msg/detail/keypoint2_df__rosidl_typesupport_fastrtps_c.h
[8.085s] -- Symlinking: /home/song/zed/install/zed_interfaces/include/zed_interfaces/msg/detail/keypoint2_di__rosidl_typesupport_fastrtps_c.h
[8.086s] -- Symlinking: /home/song/zed/install/zed_interfaces/include/zed_interfaces/msg/detail/keypoint3_d__rosidl_typesupport_fastrtps_c.h
[8.087s] -- Symlinking: /home/song/zed/install/zed_interfaces/include/zed_interfaces/msg/detail/object__rosidl_typesupport_fastrtps_c.h
[8.088s] -- Symlinking: /home/song/zed/install/zed_interfaces/include/zed_interfaces/msg/detail/objects_stamped__rosidl_typesupport_fastrtps_c.h
[8.090s] -- Symlinking: /home/song/zed/install/zed_interfaces/include/zed_interfaces/msg/detail/plane_stamped__rosidl_typesupport_fastrtps_c.h
[8.091s] -- Symlinking: /home/song/zed/install/zed_interfaces/include/zed_interfaces/msg/detail/pos_track_status__rosidl_typesupport_fastrtps_c.h
[8.092s] -- Symlinking: /home/song/zed/install/zed_interfaces/include/zed_interfaces/msg/detail/skeleton2_d__rosidl_typesupport_fastrtps_c.h
[8.094s] -- Symlinking: /home/song/zed/install/zed_interfaces/include/zed_interfaces/msg/detail/skeleton3_d__rosidl_typesupport_fastrtps_c.h
[8.095s] -- Symlinking: /home/song/zed/install/zed_interfaces/include/zed_interfaces/msg/rosidl_typesupport_fastrtps_c__visibility_control.h
[8.096s] -- Symlinking: /home/song/zed/install/zed_interfaces/include/zed_interfaces/srv/detail/set_pose__rosidl_typesupport_fastrtps_c.h
[8.098s] -- Symlinking: /home/song/zed/install/zed_interfaces/include/zed_interfaces/srv/detail/set_roi__rosidl_typesupport_fastrtps_c.h
[8.099s] -- Symlinking: /home/song/zed/install/zed_interfaces/include/zed_interfaces/srv/detail/start_svo_rec__rosidl_typesupport_fastrtps_c.h
[8.100s] -- Symlinking: /home/song/zed/install/zed_interfaces/lib/libzed_interfaces__rosidl_typesupport_fastrtps_c.so
[8.102s] -- Symlinking: /home/song/zed/install/zed_interfaces/include/zed_interfaces/msg/detail/bounding_box2_df__rosidl_typesupport_fastrtps_cpp.hpp
[8.104s] -- Symlinking: /home/song/zed/install/zed_interfaces/include/zed_interfaces/msg/detail/bounding_box2_di__rosidl_typesupport_fastrtps_cpp.hpp
[8.105s] -- Symlinking: /home/song/zed/install/zed_interfaces/include/zed_interfaces/msg/detail/bounding_box3_d__rosidl_typesupport_fastrtps_cpp.hpp
[8.106s] -- Symlinking: /home/song/zed/install/zed_interfaces/include/zed_interfaces/msg/detail/depth_info_stamped__rosidl_typesupport_fastrtps_cpp.hpp
[8.108s] -- Symlinking: /home/song/zed/install/zed_interfaces/include/zed_interfaces/msg/detail/heartbeat__rosidl_typesupport_fastrtps_cpp.hpp
[8.109s] -- Symlinking: /home/song/zed/install/zed_interfaces/include/zed_interfaces/msg/detail/keypoint2_df__rosidl_typesupport_fastrtps_cpp.hpp
[8.110s] -- Symlinking: /home/song/zed/install/zed_interfaces/include/zed_interfaces/msg/detail/keypoint2_di__rosidl_typesupport_fastrtps_cpp.hpp
[8.111s] -- Symlinking: /home/song/zed/install/zed_interfaces/include/zed_interfaces/msg/detail/keypoint3_d__rosidl_typesupport_fastrtps_cpp.hpp
[8.113s] -- Symlinking: /home/song/zed/install/zed_interfaces/include/zed_interfaces/msg/detail/object__rosidl_typesupport_fastrtps_cpp.hpp
[8.114s] -- Symlinking: /home/song/zed/install/zed_interfaces/include/zed_interfaces/msg/detail/objects_stamped__rosidl_typesupport_fastrtps_cpp.hpp
[8.115s] -- Symlinking: /home/song/zed/install/zed_interfaces/include/zed_interfaces/msg/detail/plane_stamped__rosidl_typesupport_fastrtps_cpp.hpp
[8.117s] -- Symlinking: /home/song/zed/install/zed_interfaces/include/zed_interfaces/msg/detail/pos_track_status__rosidl_typesupport_fastrtps_cpp.hpp
[8.118s] -- Symlinking: /home/song/zed/install/zed_interfaces/include/zed_interfaces/msg/detail/skeleton2_d__rosidl_typesupport_fastrtps_cpp.hpp
[8.119s] -- Symlinking: /home/song/zed/install/zed_interfaces/include/zed_interfaces/msg/detail/skeleton3_d__rosidl_typesupport_fastrtps_cpp.hpp
[8.121s] -- Symlinking: /home/song/zed/install/zed_interfaces/include/zed_interfaces/msg/rosidl_typesupport_fastrtps_cpp__visibility_control.h
[8.122s] -- Symlinking: /home/song/zed/install/zed_interfaces/include/zed_interfaces/srv/detail/set_pose__rosidl_typesupport_fastrtps_cpp.hpp
[8.124s] -- Symlinking: /home/song/zed/install/zed_interfaces/include/zed_interfaces/srv/detail/set_roi__rosidl_typesupport_fastrtps_cpp.hpp
[8.125s] -- Symlinking: /home/song/zed/install/zed_interfaces/include/zed_interfaces/srv/detail/start_svo_rec__rosidl_typesupport_fastrtps_cpp.hpp
[8.126s] -- Symlinking: /home/song/zed/install/zed_interfaces/lib/libzed_interfaces__rosidl_typesupport_fastrtps_cpp.so
[8.128s] -- Symlinking: /home/song/zed/install/zed_interfaces/include/zed_interfaces/msg/detail/bounding_box2_df__rosidl_typesupport_introspection_c.h
[8.129s] -- Symlinking: /home/song/zed/install/zed_interfaces/include/zed_interfaces/msg/detail/bounding_box2_di__rosidl_typesupport_introspection_c.h
[8.131s] -- Symlinking: /home/song/zed/install/zed_interfaces/include/zed_interfaces/msg/detail/bounding_box3_d__rosidl_typesupport_introspection_c.h
[8.132s] -- Symlinking: /home/song/zed/install/zed_interfaces/include/zed_interfaces/msg/detail/depth_info_stamped__rosidl_typesupport_introspection_c.h
[8.133s] -- Symlinking: /home/song/zed/install/zed_interfaces/include/zed_interfaces/msg/detail/heartbeat__rosidl_typesupport_introspection_c.h
[8.135s] -- Symlinking: /home/song/zed/install/zed_interfaces/include/zed_interfaces/msg/detail/keypoint2_df__rosidl_typesupport_introspection_c.h
[8.136s] -- Symlinking: /home/song/zed/install/zed_interfaces/include/zed_interfaces/msg/detail/keypoint2_di__rosidl_typesupport_introspection_c.h
[8.137s] -- Symlinking: /home/song/zed/install/zed_interfaces/include/zed_interfaces/msg/detail/keypoint3_d__rosidl_typesupport_introspection_c.h
[8.139s] -- Symlinking: /home/song/zed/install/zed_interfaces/include/zed_interfaces/msg/detail/object__rosidl_typesupport_introspection_c.h
[8.140s] -- Symlinking: /home/song/zed/install/zed_interfaces/include/zed_interfaces/msg/detail/objects_stamped__rosidl_typesupport_introspection_c.h
[8.141s] -- Symlinking: /home/song/zed/install/zed_interfaces/include/zed_interfaces/msg/detail/plane_stamped__rosidl_typesupport_introspection_c.h
[8.143s] -- Symlinking: /home/song/zed/install/zed_interfaces/include/zed_interfaces/msg/detail/pos_track_status__rosidl_typesupport_introspection_c.h
[8.144s] -- Symlinking: /home/song/zed/install/zed_interfaces/include/zed_interfaces/msg/detail/skeleton2_d__rosidl_typesupport_introspection_c.h
[8.145s] -- Symlinking: /home/song/zed/install/zed_interfaces/include/zed_interfaces/msg/detail/skeleton3_d__rosidl_typesupport_introspection_c.h
[8.147s] -- Symlinking: /home/song/zed/install/zed_interfaces/include/zed_interfaces/msg/rosidl_typesupport_introspection_c__visibility_control.h
[8.148s] -- Symlinking: /home/song/zed/install/zed_interfaces/include/zed_interfaces/srv/detail/set_pose__rosidl_typesupport_introspection_c.h
[8.149s] -- Symlinking: /home/song/zed/install/zed_interfaces/include/zed_interfaces/srv/detail/set_roi__rosidl_typesupport_introspection_c.h
[8.151s] -- Symlinking: /home/song/zed/install/zed_interfaces/include/zed_interfaces/srv/detail/start_svo_rec__rosidl_typesupport_introspection_c.h
[8.152s] -- Symlinking: /home/song/zed/install/zed_interfaces/include/zed_interfaces/msg/bounding_box2_df.hpp
[8.154s] -- Symlinking: /home/song/zed/install/zed_interfaces/include/zed_interfaces/msg/bounding_box2_di.hpp
[8.155s] -- Symlinking: /home/song/zed/install/zed_interfaces/include/zed_interfaces/msg/bounding_box3_d.hpp
[8.156s] -- Symlinking: /home/song/zed/install/zed_interfaces/include/zed_interfaces/msg/depth_info_stamped.hpp
[8.158s] -- Symlinking: /home/song/zed/install/zed_interfaces/include/zed_interfaces/msg/detail/bounding_box2_df__builder.hpp
[8.159s] -- Symlinking: /home/song/zed/install/zed_interfaces/include/zed_interfaces/msg/detail/bounding_box2_df__struct.hpp
[8.160s] -- Symlinking: /home/song/zed/install/zed_interfaces/include/zed_interfaces/msg/detail/bounding_box2_df__traits.hpp
[8.162s] -- Symlinking: /home/song/zed/install/zed_interfaces/include/zed_interfaces/msg/detail/bounding_box2_df__type_support.hpp
[8.163s] -- Symlinking: /home/song/zed/install/zed_interfaces/include/zed_interfaces/msg/detail/bounding_box2_di__builder.hpp
[8.164s] -- Symlinking: /home/song/zed/install/zed_interfaces/include/zed_interfaces/msg/detail/bounding_box2_di__struct.hpp
[8.166s] -- Symlinking: /home/song/zed/install/zed_interfaces/include/zed_interfaces/msg/detail/bounding_box2_di__traits.hpp
[8.167s] -- Symlinking: /home/song/zed/install/zed_interfaces/include/zed_interfaces/msg/detail/bounding_box2_di__type_support.hpp
[8.168s] -- Symlinking: /home/song/zed/install/zed_interfaces/include/zed_interfaces/msg/detail/bounding_box3_d__builder.hpp
[8.170s] -- Symlinking: /home/song/zed/install/zed_interfaces/include/zed_interfaces/msg/detail/bounding_box3_d__struct.hpp
[8.171s] -- Symlinking: /home/song/zed/install/zed_interfaces/include/zed_interfaces/msg/detail/bounding_box3_d__traits.hpp
[8.172s] -- Symlinking: /home/song/zed/install/zed_interfaces/include/zed_interfaces/msg/detail/bounding_box3_d__type_support.hpp
[8.174s] -- Symlinking: /home/song/zed/install/zed_interfaces/include/zed_interfaces/msg/detail/depth_info_stamped__builder.hpp
[8.175s] -- Symlinking: /home/song/zed/install/zed_interfaces/include/zed_interfaces/msg/detail/depth_info_stamped__struct.hpp
[8.177s] -- Symlinking: /home/song/zed/install/zed_interfaces/include/zed_interfaces/msg/detail/depth_info_stamped__traits.hpp
[8.178s] -- Symlinking: /home/song/zed/install/zed_interfaces/include/zed_interfaces/msg/detail/depth_info_stamped__type_support.hpp
[8.179s] -- Symlinking: /home/song/zed/install/zed_interfaces/include/zed_interfaces/msg/detail/heartbeat__builder.hpp
[8.181s] -- Symlinking: /home/song/zed/install/zed_interfaces/include/zed_interfaces/msg/detail/heartbeat__struct.hpp
[8.182s] -- Symlinking: /home/song/zed/install/zed_interfaces/include/zed_interfaces/msg/detail/heartbeat__traits.hpp
[8.183s] -- Symlinking: /home/song/zed/install/zed_interfaces/include/zed_interfaces/msg/detail/heartbeat__type_support.hpp
[8.185s] -- Symlinking: /home/song/zed/install/zed_interfaces/include/zed_interfaces/msg/detail/keypoint2_df__builder.hpp
[8.186s] -- Symlinking: /home/song/zed/install/zed_interfaces/include/zed_interfaces/msg/detail/keypoint2_df__struct.hpp
[8.187s] -- Symlinking: /home/song/zed/install/zed_interfaces/include/zed_interfaces/msg/detail/keypoint2_df__traits.hpp
[8.188s] -- Symlinking: /home/song/zed/install/zed_interfaces/include/zed_interfaces/msg/detail/keypoint2_df__type_support.hpp
[8.190s] -- Symlinking: /home/song/zed/install/zed_interfaces/include/zed_interfaces/msg/detail/keypoint2_di__builder.hpp
[8.191s] -- Symlinking: /home/song/zed/install/zed_interfaces/include/zed_interfaces/msg/detail/keypoint2_di__struct.hpp
[8.192s] -- Symlinking: /home/song/zed/install/zed_interfaces/include/zed_interfaces/msg/detail/keypoint2_di__traits.hpp
[8.194s] -- Symlinking: /home/song/zed/install/zed_interfaces/include/zed_interfaces/msg/detail/keypoint2_di__type_support.hpp
[8.195s] -- Symlinking: /home/song/zed/install/zed_interfaces/include/zed_interfaces/msg/detail/keypoint3_d__builder.hpp
[8.197s] -- Symlinking: /home/song/zed/install/zed_interfaces/include/zed_interfaces/msg/detail/keypoint3_d__struct.hpp
[8.198s] -- Symlinking: /home/song/zed/install/zed_interfaces/include/zed_interfaces/msg/detail/keypoint3_d__traits.hpp
[8.199s] -- Symlinking: /home/song/zed/install/zed_interfaces/include/zed_interfaces/msg/detail/keypoint3_d__type_support.hpp
[8.201s] -- Symlinking: /home/song/zed/install/zed_interfaces/include/zed_interfaces/msg/detail/object__builder.hpp
[8.202s] -- Symlinking: /home/song/zed/install/zed_interfaces/include/zed_interfaces/msg/detail/object__struct.hpp
[8.204s] -- Symlinking: /home/song/zed/install/zed_interfaces/include/zed_interfaces/msg/detail/object__traits.hpp
[8.205s] -- Symlinking: /home/song/zed/install/zed_interfaces/include/zed_interfaces/msg/detail/object__type_support.hpp
[8.206s] -- Symlinking: /home/song/zed/install/zed_interfaces/include/zed_interfaces/msg/detail/objects_stamped__builder.hpp
[8.208s] -- Symlinking: /home/song/zed/install/zed_interfaces/include/zed_interfaces/msg/detail/objects_stamped__struct.hpp
[8.209s] -- Symlinking: /home/song/zed/install/zed_interfaces/include/zed_interfaces/msg/detail/objects_stamped__traits.hpp
[8.210s] -- Symlinking: /home/song/zed/install/zed_interfaces/include/zed_interfaces/msg/detail/objects_stamped__type_support.hpp
[8.212s] -- Symlinking: /home/song/zed/install/zed_interfaces/include/zed_interfaces/msg/detail/plane_stamped__builder.hpp
[8.213s] -- Symlinking: /home/song/zed/install/zed_interfaces/include/zed_interfaces/msg/detail/plane_stamped__struct.hpp
[8.215s] -- Symlinking: /home/song/zed/install/zed_interfaces/include/zed_interfaces/msg/detail/plane_stamped__traits.hpp
[8.216s] -- Symlinking: /home/song/zed/install/zed_interfaces/include/zed_interfaces/msg/detail/plane_stamped__type_support.hpp
[8.217s] -- Symlinking: /home/song/zed/install/zed_interfaces/include/zed_interfaces/msg/detail/pos_track_status__builder.hpp
[8.218s] -- Symlinking: /home/song/zed/install/zed_interfaces/include/zed_interfaces/msg/detail/pos_track_status__struct.hpp
[8.220s] -- Symlinking: /home/song/zed/install/zed_interfaces/include/zed_interfaces/msg/detail/pos_track_status__traits.hpp
[8.221s] -- Symlinking: /home/song/zed/install/zed_interfaces/include/zed_interfaces/msg/detail/pos_track_status__type_support.hpp
[8.222s] -- Symlinking: /home/song/zed/install/zed_interfaces/include/zed_interfaces/msg/detail/skeleton2_d__builder.hpp
[8.224s] -- Symlinking: /home/song/zed/install/zed_interfaces/include/zed_interfaces/msg/detail/skeleton2_d__struct.hpp
[8.225s] -- Symlinking: /home/song/zed/install/zed_interfaces/include/zed_interfaces/msg/detail/skeleton2_d__traits.hpp
[8.226s] -- Symlinking: /home/song/zed/install/zed_interfaces/include/zed_interfaces/msg/detail/skeleton2_d__type_support.hpp
[8.228s] -- Symlinking: /home/song/zed/install/zed_interfaces/include/zed_interfaces/msg/detail/skeleton3_d__builder.hpp
[8.229s] -- Symlinking: /home/song/zed/install/zed_interfaces/include/zed_interfaces/msg/detail/skeleton3_d__struct.hpp
[8.230s] -- Symlinking: /home/song/zed/install/zed_interfaces/include/zed_interfaces/msg/detail/skeleton3_d__traits.hpp
[8.231s] -- Symlinking: /home/song/zed/install/zed_interfaces/include/zed_interfaces/msg/detail/skeleton3_d__type_support.hpp
[8.233s] -- Symlinking: /home/song/zed/install/zed_interfaces/include/zed_interfaces/msg/heartbeat.hpp
[8.234s] -- Symlinking: /home/song/zed/install/zed_interfaces/include/zed_interfaces/msg/keypoint2_df.hpp
[8.236s] -- Symlinking: /home/song/zed/install/zed_interfaces/include/zed_interfaces/msg/keypoint2_di.hpp
[8.237s] -- Symlinking: /home/song/zed/install/zed_interfaces/include/zed_interfaces/msg/keypoint3_d.hpp
[8.238s] -- Symlinking: /home/song/zed/install/zed_interfaces/include/zed_interfaces/msg/object.hpp
[8.240s] -- Symlinking: /home/song/zed/install/zed_interfaces/include/zed_interfaces/msg/objects_stamped.hpp
[8.241s] -- Symlinking: /home/song/zed/install/zed_interfaces/include/zed_interfaces/msg/plane_stamped.hpp
[8.243s] -- Symlinking: /home/song/zed/install/zed_interfaces/include/zed_interfaces/msg/pos_track_status.hpp
[8.244s] -- Symlinking: /home/song/zed/install/zed_interfaces/include/zed_interfaces/msg/rosidl_generator_cpp__visibility_control.hpp
[8.246s] -- Symlinking: /home/song/zed/install/zed_interfaces/include/zed_interfaces/msg/skeleton2_d.hpp
[8.247s] -- Symlinking: /home/song/zed/install/zed_interfaces/include/zed_interfaces/msg/skeleton3_d.hpp
[8.248s] -- Symlinking: /home/song/zed/install/zed_interfaces/include/zed_interfaces/srv/detail/set_pose__builder.hpp
[8.250s] -- Symlinking: /home/song/zed/install/zed_interfaces/include/zed_interfaces/srv/detail/set_pose__struct.hpp
[8.251s] -- Symlinking: /home/song/zed/install/zed_interfaces/include/zed_interfaces/srv/detail/set_pose__traits.hpp
[8.252s] -- Symlinking: /home/song/zed/install/zed_interfaces/include/zed_interfaces/srv/detail/set_pose__type_support.hpp
[8.254s] -- Symlinking: /home/song/zed/install/zed_interfaces/include/zed_interfaces/srv/detail/set_roi__builder.hpp
[8.255s] -- Symlinking: /home/song/zed/install/zed_interfaces/include/zed_interfaces/srv/detail/set_roi__struct.hpp
[8.256s] -- Symlinking: /home/song/zed/install/zed_interfaces/include/zed_interfaces/srv/detail/set_roi__traits.hpp
[8.258s] -- Symlinking: /home/song/zed/install/zed_interfaces/include/zed_interfaces/srv/detail/set_roi__type_support.hpp
[8.259s] -- Symlinking: /home/song/zed/install/zed_interfaces/include/zed_interfaces/srv/detail/start_svo_rec__builder.hpp
[8.260s] -- Symlinking: /home/song/zed/install/zed_interfaces/include/zed_interfaces/srv/detail/start_svo_rec__struct.hpp
[8.262s] -- Symlinking: /home/song/zed/install/zed_interfaces/include/zed_interfaces/srv/detail/start_svo_rec__traits.hpp
[8.263s] -- Symlinking: /home/song/zed/install/zed_interfaces/include/zed_interfaces/srv/detail/start_svo_rec__type_support.hpp
[8.264s] -- Symlinking: /home/song/zed/install/zed_interfaces/include/zed_interfaces/srv/set_pose.hpp
[8.266s] -- Symlinking: /home/song/zed/install/zed_interfaces/include/zed_interfaces/srv/set_roi.hpp
[8.267s] -- Symlinking: /home/song/zed/install/zed_interfaces/include/zed_interfaces/srv/start_svo_rec.hpp
[8.268s] -- Symlinking: /home/song/zed/install/zed_interfaces/include/zed_interfaces/msg/detail/bounding_box2_df__rosidl_typesupport_introspection_cpp.hpp
[8.270s] -- Symlinking: /home/song/zed/install/zed_interfaces/include/zed_interfaces/msg/detail/bounding_box2_di__rosidl_typesupport_introspection_cpp.hpp
[8.271s] -- Symlinking: /home/song/zed/install/zed_interfaces/include/zed_interfaces/msg/detail/bounding_box3_d__rosidl_typesupport_introspection_cpp.hpp
[8.272s] -- Symlinking: /home/song/zed/install/zed_interfaces/include/zed_interfaces/msg/detail/depth_info_stamped__rosidl_typesupport_introspection_cpp.hpp
[8.274s] -- Symlinking: /home/song/zed/install/zed_interfaces/include/zed_interfaces/msg/detail/heartbeat__rosidl_typesupport_introspection_cpp.hpp
[8.275s] -- Symlinking: /home/song/zed/install/zed_interfaces/include/zed_interfaces/msg/detail/keypoint2_df__rosidl_typesupport_introspection_cpp.hpp
[8.276s] -- Symlinking: /home/song/zed/install/zed_interfaces/include/zed_interfaces/msg/detail/keypoint2_di__rosidl_typesupport_introspection_cpp.hpp
[8.278s] -- Symlinking: /home/song/zed/install/zed_interfaces/include/zed_interfaces/msg/detail/keypoint3_d__rosidl_typesupport_introspection_cpp.hpp
[8.279s] -- Symlinking: /home/song/zed/install/zed_interfaces/include/zed_interfaces/msg/detail/object__rosidl_typesupport_introspection_cpp.hpp
[8.281s] -- Symlinking: /home/song/zed/install/zed_interfaces/include/zed_interfaces/msg/detail/objects_stamped__rosidl_typesupport_introspection_cpp.hpp
[8.282s] -- Symlinking: /home/song/zed/install/zed_interfaces/include/zed_interfaces/msg/detail/plane_stamped__rosidl_typesupport_introspection_cpp.hpp
[8.284s] -- Symlinking: /home/song/zed/install/zed_interfaces/include/zed_interfaces/msg/detail/pos_track_status__rosidl_typesupport_introspection_cpp.hpp
[8.285s] -- Symlinking: /home/song/zed/install/zed_interfaces/include/zed_interfaces/msg/detail/skeleton2_d__rosidl_typesupport_introspection_cpp.hpp
[8.286s] -- Symlinking: /home/song/zed/install/zed_interfaces/include/zed_interfaces/msg/detail/skeleton3_d__rosidl_typesupport_introspection_cpp.hpp
[8.288s] -- Symlinking: /home/song/zed/install/zed_interfaces/include/zed_interfaces/srv/detail/set_pose__rosidl_typesupport_introspection_cpp.hpp
[8.289s] -- Symlinking: /home/song/zed/install/zed_interfaces/include/zed_interfaces/srv/detail/set_roi__rosidl_typesupport_introspection_cpp.hpp
[8.290s] -- Symlinking: /home/song/zed/install/zed_interfaces/include/zed_interfaces/srv/detail/start_svo_rec__rosidl_typesupport_introspection_cpp.hpp
[8.292s] -- Symlinking: /home/song/zed/install/zed_interfaces/share/zed_interfaces/environment/pythonpath.sh
[8.293s] -- Symlinking: /home/song/zed/install/zed_interfaces/share/zed_interfaces/environment/pythonpath.dsv
[8.295s] -- Symlinking: /home/song/zed/install/zed_interfaces/lib/python3.9/site-packages/zed_interfaces/__init__.py
[8.296s] -- Symlinking: /home/song/zed/install/zed_interfaces/lib/python3.9/site-packages/zed_interfaces/msg/__init__.py
[8.298s] -- Symlinking: /home/song/zed/install/zed_interfaces/lib/python3.9/site-packages/zed_interfaces/msg/_bounding_box2_df.py
[8.299s] -- Symlinking: /home/song/zed/install/zed_interfaces/lib/python3.9/site-packages/zed_interfaces/msg/_bounding_box2_di.py
[8.301s] -- Symlinking: /home/song/zed/install/zed_interfaces/lib/python3.9/site-packages/zed_interfaces/msg/_bounding_box3_d.py
[8.302s] -- Symlinking: /home/song/zed/install/zed_interfaces/lib/python3.9/site-packages/zed_interfaces/msg/_depth_info_stamped.py
[8.303s] -- Symlinking: /home/song/zed/install/zed_interfaces/lib/python3.9/site-packages/zed_interfaces/msg/_heartbeat.py
[8.305s] -- Symlinking: /home/song/zed/install/zed_interfaces/lib/python3.9/site-packages/zed_interfaces/msg/_keypoint2_df.py
[8.306s] -- Symlinking: /home/song/zed/install/zed_interfaces/lib/python3.9/site-packages/zed_interfaces/msg/_keypoint2_di.py
[8.308s] -- Symlinking: /home/song/zed/install/zed_interfaces/lib/python3.9/site-packages/zed_interfaces/msg/_keypoint3_d.py
[8.309s] -- Symlinking: /home/song/zed/install/zed_interfaces/lib/python3.9/site-packages/zed_interfaces/msg/_object.py
[8.311s] -- Symlinking: /home/song/zed/install/zed_interfaces/lib/python3.9/site-packages/zed_interfaces/msg/_objects_stamped.py
[8.312s] -- Symlinking: /home/song/zed/install/zed_interfaces/lib/python3.9/site-packages/zed_interfaces/msg/_plane_stamped.py
[8.313s] -- Symlinking: /home/song/zed/install/zed_interfaces/lib/python3.9/site-packages/zed_interfaces/msg/_pos_track_status.py
[8.315s] -- Symlinking: /home/song/zed/install/zed_interfaces/lib/python3.9/site-packages/zed_interfaces/msg/_skeleton2_d.py
[8.316s] -- Symlinking: /home/song/zed/install/zed_interfaces/lib/python3.9/site-packages/zed_interfaces/msg/_skeleton3_d.py
[8.318s] -- Symlinking: /home/song/zed/install/zed_interfaces/lib/python3.9/site-packages/zed_interfaces/srv/__init__.py
[8.319s] -- Symlinking: /home/song/zed/install/zed_interfaces/lib/python3.9/site-packages/zed_interfaces/srv/_set_pose.py
[8.320s] -- Symlinking: /home/song/zed/install/zed_interfaces/lib/python3.9/site-packages/zed_interfaces/srv/_set_roi.py
[8.322s] -- Symlinking: /home/song/zed/install/zed_interfaces/lib/python3.9/site-packages/zed_interfaces/srv/_start_svo_rec.py
[8.323s] -- Symlinking: /home/song/zed/install/zed_interfaces/lib/python3.9/site-packages/zed_interfaces/zed_interfaces_s__rosidl_typesupport_fastrtps_c.cpython-39-x86_64-linux-gnu.so
[8.324s] -- Symlinking: /home/song/zed/install/zed_interfaces/lib/python3.9/site-packages/zed_interfaces/zed_interfaces_s__rosidl_typesupport_introspection_c.cpython-39-x86_64-linux-gnu.so
[8.326s] -- Symlinking: /home/song/zed/install/zed_interfaces/lib/python3.9/site-packages/zed_interfaces/zed_interfaces_s__rosidl_typesupport_c.cpython-39-x86_64-linux-gnu.so
[8.327s] -- Symlinking: /home/song/zed/install/zed_interfaces/lib/libzed_interfaces__python.so
[8.329s] -- Symlinking: /home/song/zed/install/zed_interfaces/share/zed_interfaces/msg/Object.idl
[8.330s] -- Symlinking: /home/song/zed/install/zed_interfaces/share/zed_interfaces/msg/ObjectsStamped.idl
[8.332s] -- Symlinking: /home/song/zed/install/zed_interfaces/share/zed_interfaces/msg/Keypoint2Di.idl
[8.333s] -- Symlinking: /home/song/zed/install/zed_interfaces/share/zed_interfaces/msg/Keypoint2Df.idl
[8.335s] -- Symlinking: /home/song/zed/install/zed_interfaces/share/zed_interfaces/msg/Keypoint3D.idl
[8.336s] -- Symlinking: /home/song/zed/install/zed_interfaces/share/zed_interfaces/msg/BoundingBox2Di.idl
[8.337s] -- Symlinking: /home/song/zed/install/zed_interfaces/share/zed_interfaces/msg/BoundingBox2Df.idl
[8.339s] -- Symlinking: /home/song/zed/install/zed_interfaces/share/zed_interfaces/msg/BoundingBox3D.idl
[8.340s] -- Symlinking: /home/song/zed/install/zed_interfaces/share/zed_interfaces/msg/Skeleton2D.idl
[8.342s] -- Symlinking: /home/song/zed/install/zed_interfaces/share/zed_interfaces/msg/Skeleton3D.idl
[8.343s] -- Symlinking: /home/song/zed/install/zed_interfaces/share/zed_interfaces/msg/DepthInfoStamped.idl
[8.344s] -- Symlinking: /home/song/zed/install/zed_interfaces/share/zed_interfaces/msg/PlaneStamped.idl
[8.346s] -- Symlinking: /home/song/zed/install/zed_interfaces/share/zed_interfaces/msg/PosTrackStatus.idl
[8.347s] -- Symlinking: /home/song/zed/install/zed_interfaces/share/zed_interfaces/msg/Heartbeat.idl
[8.348s] -- Symlinking: /home/song/zed/install/zed_interfaces/share/zed_interfaces/srv/SetPose.idl
[8.350s] -- Symlinking: /home/song/zed/install/zed_interfaces/share/zed_interfaces/srv/StartSvoRec.idl
[8.352s] -- Symlinking: /home/song/zed/install/zed_interfaces/share/zed_interfaces/srv/SetROI.idl
[8.353s] -- Symlinking: /home/song/zed/install/zed_interfaces/share/zed_interfaces/msg/Object.msg
[8.354s] -- Symlinking: /home/song/zed/install/zed_interfaces/share/zed_interfaces/msg/ObjectsStamped.msg
[8.356s] -- Symlinking: /home/song/zed/install/zed_interfaces/share/zed_interfaces/msg/Keypoint2Di.msg
[8.357s] -- Symlinking: /home/song/zed/install/zed_interfaces/share/zed_interfaces/msg/Keypoint2Df.msg
[8.359s] -- Symlinking: /home/song/zed/install/zed_interfaces/share/zed_interfaces/msg/Keypoint3D.msg
[8.360s] -- Symlinking: /home/song/zed/install/zed_interfaces/share/zed_interfaces/msg/BoundingBox2Di.msg
[8.362s] -- Symlinking: /home/song/zed/install/zed_interfaces/share/zed_interfaces/msg/BoundingBox2Df.msg
[8.363s] -- Symlinking: /home/song/zed/install/zed_interfaces/share/zed_interfaces/msg/BoundingBox3D.msg
[8.364s] -- Symlinking: /home/song/zed/install/zed_interfaces/share/zed_interfaces/msg/Skeleton2D.msg
[8.366s] -- Symlinking: /home/song/zed/install/zed_interfaces/share/zed_interfaces/msg/Skeleton3D.msg
[8.367s] -- Symlinking: /home/song/zed/install/zed_interfaces/share/zed_interfaces/msg/DepthInfoStamped.msg
[8.368s] -- Symlinking: /home/song/zed/install/zed_interfaces/share/zed_interfaces/msg/PlaneStamped.msg
[8.370s] -- Symlinking: /home/song/zed/install/zed_interfaces/share/zed_interfaces/msg/PosTrackStatus.msg
[8.371s] -- Symlinking: /home/song/zed/install/zed_interfaces/share/zed_interfaces/msg/Heartbeat.msg
[8.372s] -- Symlinking: /home/song/zed/install/zed_interfaces/share/zed_interfaces/srv/SetPose.srv
[8.374s] -- Symlinking: /home/song/zed/install/zed_interfaces/share/zed_interfaces/srv/SetPose_Request.msg
[8.375s] -- Symlinking: /home/song/zed/install/zed_interfaces/share/zed_interfaces/srv/SetPose_Response.msg
[8.376s] -- Symlinking: /home/song/zed/install/zed_interfaces/share/zed_interfaces/srv/StartSvoRec.srv
[8.378s] -- Symlinking: /home/song/zed/install/zed_interfaces/share/zed_interfaces/srv/StartSvoRec_Request.msg
[8.379s] -- Symlinking: /home/song/zed/install/zed_interfaces/share/zed_interfaces/srv/StartSvoRec_Response.msg
[8.380s] -- Symlinking: /home/song/zed/install/zed_interfaces/share/zed_interfaces/srv/SetROI.srv
[8.382s] -- Symlinking: /home/song/zed/install/zed_interfaces/share/zed_interfaces/srv/SetROI_Request.msg
[8.383s] -- Symlinking: /home/song/zed/install/zed_interfaces/share/zed_interfaces/srv/SetROI_Response.msg
[8.385s] -- Symlinking: /home/song/zed/install/zed_interfaces/share/zed_interfaces/meshes/zed.stl
[8.386s] -- Symlinking: /home/song/zed/install/zed_interfaces/share/zed_interfaces/meshes/zed2.stl
[8.388s] -- Symlinking: /home/song/zed/install/zed_interfaces/share/zed_interfaces/meshes/zed2i.stl
[8.389s] -- Symlinking: /home/song/zed/install/zed_interfaces/share/zed_interfaces/meshes/zedm.stl
[8.390s] -- Symlinking: /home/song/zed/install/zed_interfaces/share/zed_interfaces/meshes/zedx.stl
[8.392s] -- Symlinking: /home/song/zed/install/zed_interfaces/share/zed_interfaces/meshes/zedxm.stl
[8.393s] -- Symlinking: /home/song/zed/install/zed_interfaces/share/ament_index/resource_index/package_run_dependencies/zed_interfaces
[8.394s] -- Symlinking: /home/song/zed/install/zed_interfaces/share/ament_index/resource_index/parent_prefix_path/zed_interfaces
[8.396s] -- Symlinking: /home/song/zed/install/zed_interfaces/share/zed_interfaces/environment/ament_prefix_path.sh
[8.397s] -- Symlinking: /home/song/zed/install/zed_interfaces/share/zed_interfaces/environment/ament_prefix_path.dsv
[8.399s] -- Symlinking: /home/song/zed/install/zed_interfaces/share/zed_interfaces/environment/path.sh
[8.400s] -- Symlinking: /home/song/zed/install/zed_interfaces/share/zed_interfaces/environment/path.dsv
[8.401s] -- Symlinking: /home/song/zed/install/zed_interfaces/share/zed_interfaces/local_setup.bash
[8.403s] -- Symlinking: /home/song/zed/install/zed_interfaces/share/zed_interfaces/local_setup.sh
[8.404s] -- Symlinking: /home/song/zed/install/zed_interfaces/share/zed_interfaces/local_setup.zsh
[8.406s] -- Symlinking: /home/song/zed/install/zed_interfaces/share/zed_interfaces/local_setup.dsv
[8.407s] -- Symlinking: /home/song/zed/install/zed_interfaces/share/zed_interfaces/package.dsv
[8.408s] -- Symlinking: /home/song/zed/install/zed_interfaces/share/ament_index/resource_index/packages/zed_interfaces
[8.410s] -- Symlinking: /home/song/zed/install/zed_interfaces/share/zed_interfaces/cmake/rosidl_cmake-extras.cmake
[8.411s] -- Symlinking: /home/song/zed/install/zed_interfaces/share/zed_interfaces/cmake/ament_cmake_export_dependencies-extras.cmake
[8.412s] -- Symlinking: /home/song/zed/install/zed_interfaces/share/zed_interfaces/cmake/ament_cmake_export_libraries-extras.cmake
[8.414s] -- Symlinking: /home/song/zed/install/zed_interfaces/share/zed_interfaces/cmake/ament_cmake_export_targets-extras.cmake
[8.415s] -- Symlinking: /home/song/zed/install/zed_interfaces/share/zed_interfaces/cmake/ament_cmake_export_include_directories-extras.cmake
[8.416s] -- Symlinking: /home/song/zed/install/zed_interfaces/share/zed_interfaces/cmake/rosidl_cmake_export_typesupport_libraries-extras.cmake
[8.418s] -- Symlinking: /home/song/zed/install/zed_interfaces/share/zed_interfaces/cmake/rosidl_cmake_export_typesupport_targets-extras.cmake
[8.419s] -- Symlinking: /home/song/zed/install/zed_interfaces/share/zed_interfaces/cmake/zed_interfacesConfig.cmake
[8.420s] -- Symlinking: /home/song/zed/install/zed_interfaces/share/zed_interfaces/cmake/zed_interfacesConfig-version.cmake
[8.422s] -- Symlinking: /home/song/zed/install/zed_interfaces/share/zed_interfaces/package.xml
[8.423s] -- Installing: /home/song/zed/install/zed_interfaces/lib/libzed_interfaces__rosidl_generator_c.so
[8.423s] -- Set runtime path of "/home/song/zed/install/zed_interfaces/lib/libzed_interfaces__rosidl_generator_c.so" to ""
[8.423s] -- Installing: /home/song/zed/install/zed_interfaces/lib/libzed_interfaces__rosidl_typesupport_introspection_c.so
[8.423s] -- Set runtime path of "/home/song/zed/install/zed_interfaces/lib/libzed_interfaces__rosidl_typesupport_introspection_c.so" to ""
[8.424s] -- Installing: /home/song/zed/install/zed_interfaces/lib/libzed_interfaces__rosidl_typesupport_c.so
[8.424s] -- Set runtime path of "/home/song/zed/install/zed_interfaces/lib/libzed_interfaces__rosidl_typesupport_c.so" to ""
[8.424s] -- Installing: /home/song/zed/install/zed_interfaces/lib/libzed_interfaces__rosidl_typesupport_introspection_cpp.so
[8.424s] -- Set runtime path of "/home/song/zed/install/zed_interfaces/lib/libzed_interfaces__rosidl_typesupport_introspection_cpp.so" to ""
[8.424s] -- Installing: /home/song/zed/install/zed_interfaces/lib/libzed_interfaces__rosidl_typesupport_cpp.so
[8.424s] -- Set runtime path of "/home/song/zed/install/zed_interfaces/lib/libzed_interfaces__rosidl_typesupport_cpp.so" to ""
[8.444s] Compiling '/home/song/zed/install/zed_interfaces/lib/python3.9/site-packages/zed_interfaces/__init__.py'...
[8.447s] -- Installing: /home/song/zed/install/zed_interfaces/share/zed_interfaces/cmake/zed_interfaces__rosidl_generator_cExport.cmake
[8.447s] -- Installing: /home/song/zed/install/zed_interfaces/share/zed_interfaces/cmake/zed_interfaces__rosidl_generator_cExport-release.cmake
[8.447s] -- Installing: /home/song/zed/install/zed_interfaces/share/zed_interfaces/cmake/zed_interfaces__rosidl_typesupport_introspection_cExport.cmake
[8.447s] -- Installing: /home/song/zed/install/zed_interfaces/share/zed_interfaces/cmake/zed_interfaces__rosidl_typesupport_introspection_cExport-release.cmake
[8.447s] -- Installing: /home/song/zed/install/zed_interfaces/share/zed_interfaces/cmake/zed_interfaces__rosidl_typesupport_cExport.cmake
[8.447s] -- Installing: /home/song/zed/install/zed_interfaces/share/zed_interfaces/cmake/zed_interfaces__rosidl_typesupport_cExport-release.cmake
[8.447s] -- Installing: /home/song/zed/install/zed_interfaces/share/zed_interfaces/cmake/zed_interfaces__rosidl_generator_cppExport.cmake
[8.447s] -- Installing: /home/song/zed/install/zed_interfaces/share/zed_interfaces/cmake/zed_interfaces__rosidl_typesupport_introspection_cppExport.cmake
[8.448s] -- Installing: /home/song/zed/install/zed_interfaces/share/zed_interfaces/cmake/zed_interfaces__rosidl_typesupport_introspection_cppExport-release.cmake
[8.448s] -- Installing: /home/song/zed/install/zed_interfaces/share/zed_interfaces/cmake/zed_interfaces__rosidl_typesupport_cppExport.cmake
[8.448s] -- Installing: /home/song/zed/install/zed_interfaces/share/zed_interfaces/cmake/zed_interfaces__rosidl_typesupport_cppExport-release.cmake
[8.452s] Invoked command in '/home/song/zed/build/zed_interfaces' returned '0': CMAKE_PREFIX_PATH=${CMAKE_PREFIX_PATH}:/opt/ros/foxy CONDA_PROMPT_MODIFIER=(base) /home/song/.local/bin/cmake --install /home/song/zed/build/zed_interfaces
