[0.033s] Invoking command in '/home/song/zed/build/zed_interfaces': CMAKE_PREFIX_PATH=${CMAKE_PREFIX_PATH}:/home/song/zed/install/steadylab:/opt/ros/foxy CONDA_PROMPT_MODIFIER=(base) /home/song/.local/bin/cmake /home/song/zed/src/zed-ros2-wrapper/zed-ros2-interfaces -DAMENT_CMAKE_SYMLINK_INSTALL=1 -DCMAKE_INSTALL_PREFIX=/home/song/zed/install/zed_interfaces
[0.055s] -- Found ament_cmake_auto: 0.9.12 (/opt/ros/foxy/share/ament_cmake_auto/cmake)
[0.071s] -- Found PythonInterp: /home/song/anaconda3/bin/python3 (found suitable version "3.9.13", minimum required is "3") 
[0.071s] -- Using PYTHON_EXECUTABLE: /home/song/anaconda3/bin/python3
[0.212s] -- Override CMake install command with custom implementation using symlinks instead of copying resources
[0.281s] -- Using all available rosidl_typesupport_c: rosidl_typesupport_fastrtps_c;rosidl_typesupport_introspection_c
[0.283s] -- Found rosidl_adapter: 1.3.1 (/opt/ros/foxy/share/rosidl_adapter/cmake)
[0.364s] -- Using all available rosidl_typesupport_cpp: rosidl_typesupport_fastrtps_cpp;rosidl_typesupport_introspection_cpp
[0.450s] -- Found ament_lint_auto: 0.9.8 (/opt/ros/foxy/share/ament_lint_auto/cmake)
[0.471s] -- Found PythonInterp: /home/song/anaconda3/bin/python3 (found version "3.9.13") 
[0.603s] -- Found ament_cmake_ros: 0.9.2 (/opt/ros/foxy/share/ament_cmake_ros/cmake)
[0.776s] -- Using all available rosidl_typesupport_c: rosidl_typesupport_fastrtps_c;rosidl_typesupport_introspection_c
[0.844s] -- Using all available rosidl_typesupport_cpp: rosidl_typesupport_fastrtps_cpp;rosidl_typesupport_introspection_cpp
[0.867s] -- Found PythonInterp: /home/song/anaconda3/bin/python3 (found suitable version "3.9.13", minimum required is "3.5") 
[0.867s] -- Found python_cmake_module: 0.8.1 (/opt/ros/foxy/share/python_cmake_module/cmake)
[0.890s] -- Using PYTHON_EXECUTABLE: /home/song/anaconda3/bin/python3
[0.891s] -- Using PYTHON_INCLUDE_DIRS: /home/song/anaconda3/include/python3.9
[0.891s] -- Using PYTHON_LIBRARIES: /home/song/anaconda3/lib/libpython3.9.so
[0.941s] -- Added test 'copyright' to check source files copyright and LICENSE
[0.943s] -- Added test 'lint_cmake' to check CMake code style
[0.944s] -- Added test 'xmllint' to check XML markup files
[0.946s] -- Configuring done (0.9s)
[0.991s] [33mCMake Warning at /opt/ros/foxy/share/rosidl_generator_py/cmake/rosidl_generator_py_generate_interfaces.cmake:235 (add_library):
[0.991s]   Cannot generate a safe runtime search path for target
[0.991s]   zed_interfaces__rosidl_typesupport_fastrtps_c__pyext because files in some
[0.991s]   directories may conflict with libraries in implicit directories:
[0.992s] 
[0.992s]     runtime library [libssl.so.1.1] in /usr/lib/x86_64-linux-gnu may be hidden by files in:
[0.992s]       /home/song/anaconda3/lib
[0.992s]     runtime library [libcrypto.so.1.1] in /usr/lib/x86_64-linux-gnu may be hidden by files in:
[0.992s]       /home/song/anaconda3/lib
[0.992s] 
[0.993s]   Some of these libraries may not be found correctly.
[0.993s] Call Stack (most recent call first):
[0.993s]   /opt/ros/foxy/share/ament_cmake_core/cmake/core/ament_execute_extensions.cmake:48 (include)
[0.993s]   /opt/ros/foxy/share/rosidl_cmake/cmake/rosidl_generate_interfaces.cmake:286 (ament_execute_extensions)
[0.993s]   CMakeLists.txt:98 (rosidl_generate_interfaces)
[0.993s] 
[0.993s] [0m
[0.997s] -- Generating done (0.0s)
[0.999s] -- Build files have been written to: /home/song/zed/build/zed_interfaces
[1.006s] Invoked command in '/home/song/zed/build/zed_interfaces' returned '0': CMAKE_PREFIX_PATH=${CMAKE_PREFIX_PATH}:/home/song/zed/install/steadylab:/opt/ros/foxy CONDA_PROMPT_MODIFIER=(base) /home/song/.local/bin/cmake /home/song/zed/src/zed-ros2-wrapper/zed-ros2-interfaces -DAMENT_CMAKE_SYMLINK_INSTALL=1 -DCMAKE_INSTALL_PREFIX=/home/song/zed/install/zed_interfaces
[1.007s] Invoking command in '/home/song/zed/build/zed_interfaces': CMAKE_PREFIX_PATH=${CMAKE_PREFIX_PATH}:/home/song/zed/install/steadylab:/opt/ros/foxy CONDA_PROMPT_MODIFIER=(base) /home/song/.local/bin/cmake --build /home/song/zed/build/zed_interfaces -- -j20 -l20
[1.042s] [  0%] Built target zed_interfaces__cpp
[1.048s] [ 12%] Built target zed_interfaces__rosidl_generator_c
[1.057s] [ 24%] Built target zed_interfaces__rosidl_typesupport_c
[1.058s] [ 36%] Built target zed_interfaces__rosidl_typesupport_cpp
[1.059s] [ 48%] Built target zed_interfaces__rosidl_typesupport_introspection_c
[1.064s] [ 60%] Built target zed_interfaces__rosidl_typesupport_introspection_cpp
[1.068s] [ 72%] Built target zed_interfaces__rosidl_typesupport_fastrtps_cpp
[1.087s] [ 84%] Built target zed_interfaces__rosidl_typesupport_fastrtps_c
[1.093s] [ 84%] Built target zed_interfaces
[1.099s] [ 85%] Built target zed_interfaces__py
[1.118s] [ 96%] Built target zed_interfaces__python
[1.126s] [ 98%] Built target zed_interfaces__rosidl_typesupport_introspection_c__pyext
[1.126s] [ 99%] Built target zed_interfaces__rosidl_typesupport_fastrtps_c__pyext
[1.126s] [100%] Built target zed_interfaces__rosidl_typesupport_c__pyext
[1.133s] Invoked command in '/home/song/zed/build/zed_interfaces' returned '0': CMAKE_PREFIX_PATH=${CMAKE_PREFIX_PATH}:/home/song/zed/install/steadylab:/opt/ros/foxy CONDA_PROMPT_MODIFIER=(base) /home/song/.local/bin/cmake --build /home/song/zed/build/zed_interfaces -- -j20 -l20
[1.322s] Invoking command in '/home/song/zed/build/zed_interfaces': CMAKE_PREFIX_PATH=${CMAKE_PREFIX_PATH}:/home/song/zed/install/steadylab:/opt/ros/foxy CONDA_PROMPT_MODIFIER=(base) /home/song/.local/bin/cmake --install /home/song/zed/build/zed_interfaces
[1.340s] -- Install configuration: "Release"
[1.340s] -- Execute custom install script
[1.340s] -- Up-to-date symlink: /home/song/zed/install/zed_interfaces/share/ament_index/resource_index/rosidl_interfaces/zed_interfaces
[1.341s] -- Up-to-date symlink: /home/song/zed/install/zed_interfaces/include/zed_interfaces/msg/bounding_box2_df.h
[1.341s] -- Up-to-date symlink: /home/song/zed/install/zed_interfaces/include/zed_interfaces/msg/bounding_box2_di.h
[1.341s] -- Up-to-date symlink: /home/song/zed/install/zed_interfaces/include/zed_interfaces/msg/bounding_box3_d.h
[1.341s] -- Up-to-date symlink: /home/song/zed/install/zed_interfaces/include/zed_interfaces/msg/depth_info_stamped.h
[1.341s] -- Up-to-date symlink: /home/song/zed/install/zed_interfaces/include/zed_interfaces/msg/detail/bounding_box2_df__functions.h
[1.341s] -- Up-to-date symlink: /home/song/zed/install/zed_interfaces/include/zed_interfaces/msg/detail/bounding_box2_df__struct.h
[1.341s] -- Up-to-date symlink: /home/song/zed/install/zed_interfaces/include/zed_interfaces/msg/detail/bounding_box2_df__type_support.h
[1.341s] -- Up-to-date symlink: /home/song/zed/install/zed_interfaces/include/zed_interfaces/msg/detail/bounding_box2_di__functions.h
[1.341s] -- Up-to-date symlink: /home/song/zed/install/zed_interfaces/include/zed_interfaces/msg/detail/bounding_box2_di__struct.h
[1.341s] -- Up-to-date symlink: /home/song/zed/install/zed_interfaces/include/zed_interfaces/msg/detail/bounding_box2_di__type_support.h
[1.341s] -- Up-to-date symlink: /home/song/zed/install/zed_interfaces/include/zed_interfaces/msg/detail/bounding_box3_d__functions.h
[1.341s] -- Up-to-date symlink: /home/song/zed/install/zed_interfaces/include/zed_interfaces/msg/detail/bounding_box3_d__struct.h
[1.341s] -- Up-to-date symlink: /home/song/zed/install/zed_interfaces/include/zed_interfaces/msg/detail/bounding_box3_d__type_support.h
[1.341s] -- Up-to-date symlink: /home/song/zed/install/zed_interfaces/include/zed_interfaces/msg/detail/depth_info_stamped__functions.h
[1.342s] -- Up-to-date symlink: /home/song/zed/install/zed_interfaces/include/zed_interfaces/msg/detail/depth_info_stamped__struct.h
[1.342s] -- Up-to-date symlink: /home/song/zed/install/zed_interfaces/include/zed_interfaces/msg/detail/depth_info_stamped__type_support.h
[1.342s] -- Up-to-date symlink: /home/song/zed/install/zed_interfaces/include/zed_interfaces/msg/detail/heartbeat__functions.h
[1.342s] -- Up-to-date symlink: /home/song/zed/install/zed_interfaces/include/zed_interfaces/msg/detail/heartbeat__struct.h
[1.342s] -- Up-to-date symlink: /home/song/zed/install/zed_interfaces/include/zed_interfaces/msg/detail/heartbeat__type_support.h
[1.342s] -- Up-to-date symlink: /home/song/zed/install/zed_interfaces/include/zed_interfaces/msg/detail/keypoint2_df__functions.h
[1.342s] -- Up-to-date symlink: /home/song/zed/install/zed_interfaces/include/zed_interfaces/msg/detail/keypoint2_df__struct.h
[1.342s] -- Up-to-date symlink: /home/song/zed/install/zed_interfaces/include/zed_interfaces/msg/detail/keypoint2_df__type_support.h
[1.342s] -- Up-to-date symlink: /home/song/zed/install/zed_interfaces/include/zed_interfaces/msg/detail/keypoint2_di__functions.h
[1.342s] -- Up-to-date symlink: /home/song/zed/install/zed_interfaces/include/zed_interfaces/msg/detail/keypoint2_di__struct.h
[1.342s] -- Up-to-date symlink: /home/song/zed/install/zed_interfaces/include/zed_interfaces/msg/detail/keypoint2_di__type_support.h
[1.342s] -- Up-to-date symlink: /home/song/zed/install/zed_interfaces/include/zed_interfaces/msg/detail/keypoint3_d__functions.h
[1.342s] -- Up-to-date symlink: /home/song/zed/install/zed_interfaces/include/zed_interfaces/msg/detail/keypoint3_d__struct.h
[1.342s] -- Up-to-date symlink: /home/song/zed/install/zed_interfaces/include/zed_interfaces/msg/detail/keypoint3_d__type_support.h
[1.342s] -- Up-to-date symlink: /home/song/zed/install/zed_interfaces/include/zed_interfaces/msg/detail/object__functions.h
[1.342s] -- Up-to-date symlink: /home/song/zed/install/zed_interfaces/include/zed_interfaces/msg/detail/object__struct.h
[1.342s] -- Up-to-date symlink: /home/song/zed/install/zed_interfaces/include/zed_interfaces/msg/detail/object__type_support.h
[1.342s] -- Up-to-date symlink: /home/song/zed/install/zed_interfaces/include/zed_interfaces/msg/detail/objects_stamped__functions.h
[1.342s] -- Up-to-date symlink: /home/song/zed/install/zed_interfaces/include/zed_interfaces/msg/detail/objects_stamped__struct.h
[1.342s] -- Up-to-date symlink: /home/song/zed/install/zed_interfaces/include/zed_interfaces/msg/detail/objects_stamped__type_support.h
[1.342s] -- Up-to-date symlink: /home/song/zed/install/zed_interfaces/include/zed_interfaces/msg/detail/plane_stamped__functions.h
[1.342s] -- Up-to-date symlink: /home/song/zed/install/zed_interfaces/include/zed_interfaces/msg/detail/plane_stamped__struct.h
[1.343s] -- Up-to-date symlink: /home/song/zed/install/zed_interfaces/include/zed_interfaces/msg/detail/plane_stamped__type_support.h
[1.343s] -- Up-to-date symlink: /home/song/zed/install/zed_interfaces/include/zed_interfaces/msg/detail/pos_track_status__functions.h
[1.343s] -- Up-to-date symlink: /home/song/zed/install/zed_interfaces/include/zed_interfaces/msg/detail/pos_track_status__struct.h
[1.343s] -- Up-to-date symlink: /home/song/zed/install/zed_interfaces/include/zed_interfaces/msg/detail/pos_track_status__type_support.h
[1.343s] -- Up-to-date symlink: /home/song/zed/install/zed_interfaces/include/zed_interfaces/msg/detail/skeleton2_d__functions.h
[1.343s] -- Up-to-date symlink: /home/song/zed/install/zed_interfaces/include/zed_interfaces/msg/detail/skeleton2_d__struct.h
[1.343s] -- Up-to-date symlink: /home/song/zed/install/zed_interfaces/include/zed_interfaces/msg/detail/skeleton2_d__type_support.h
[1.343s] -- Up-to-date symlink: /home/song/zed/install/zed_interfaces/include/zed_interfaces/msg/detail/skeleton3_d__functions.h
[1.343s] -- Up-to-date symlink: /home/song/zed/install/zed_interfaces/include/zed_interfaces/msg/detail/skeleton3_d__struct.h
[1.343s] -- Up-to-date symlink: /home/song/zed/install/zed_interfaces/include/zed_interfaces/msg/detail/skeleton3_d__type_support.h
[1.343s] -- Up-to-date symlink: /home/song/zed/install/zed_interfaces/include/zed_interfaces/msg/heartbeat.h
[1.343s] -- Up-to-date symlink: /home/song/zed/install/zed_interfaces/include/zed_interfaces/msg/keypoint2_df.h
[1.343s] -- Up-to-date symlink: /home/song/zed/install/zed_interfaces/include/zed_interfaces/msg/keypoint2_di.h
[1.343s] -- Up-to-date symlink: /home/song/zed/install/zed_interfaces/include/zed_interfaces/msg/keypoint3_d.h
[1.343s] -- Up-to-date symlink: /home/song/zed/install/zed_interfaces/include/zed_interfaces/msg/object.h
[1.343s] -- Up-to-date symlink: /home/song/zed/install/zed_interfaces/include/zed_interfaces/msg/objects_stamped.h
[1.343s] -- Up-to-date symlink: /home/song/zed/install/zed_interfaces/include/zed_interfaces/msg/plane_stamped.h
[1.343s] -- Up-to-date symlink: /home/song/zed/install/zed_interfaces/include/zed_interfaces/msg/pos_track_status.h
[1.343s] -- Up-to-date symlink: /home/song/zed/install/zed_interfaces/include/zed_interfaces/msg/rosidl_generator_c__visibility_control.h
[1.343s] -- Up-to-date symlink: /home/song/zed/install/zed_interfaces/include/zed_interfaces/msg/skeleton2_d.h
[1.343s] -- Up-to-date symlink: /home/song/zed/install/zed_interfaces/include/zed_interfaces/msg/skeleton3_d.h
[1.343s] -- Up-to-date symlink: /home/song/zed/install/zed_interfaces/include/zed_interfaces/srv/detail/set_pose__functions.h
[1.343s] -- Up-to-date symlink: /home/song/zed/install/zed_interfaces/include/zed_interfaces/srv/detail/set_pose__struct.h
[1.343s] -- Up-to-date symlink: /home/song/zed/install/zed_interfaces/include/zed_interfaces/srv/detail/set_pose__type_support.h
[1.343s] -- Up-to-date symlink: /home/song/zed/install/zed_interfaces/include/zed_interfaces/srv/detail/set_roi__functions.h
[1.343s] -- Up-to-date symlink: /home/song/zed/install/zed_interfaces/include/zed_interfaces/srv/detail/set_roi__struct.h
[1.343s] -- Up-to-date symlink: /home/song/zed/install/zed_interfaces/include/zed_interfaces/srv/detail/set_roi__type_support.h
[1.343s] -- Up-to-date symlink: /home/song/zed/install/zed_interfaces/include/zed_interfaces/srv/detail/start_svo_rec__functions.h
[1.343s] -- Up-to-date symlink: /home/song/zed/install/zed_interfaces/include/zed_interfaces/srv/detail/start_svo_rec__struct.h
[1.344s] -- Up-to-date symlink: /home/song/zed/install/zed_interfaces/include/zed_interfaces/srv/detail/start_svo_rec__type_support.h
[1.344s] -- Up-to-date symlink: /home/song/zed/install/zed_interfaces/include/zed_interfaces/srv/set_pose.h
[1.344s] -- Up-to-date symlink: /home/song/zed/install/zed_interfaces/include/zed_interfaces/srv/set_roi.h
[1.344s] -- Up-to-date symlink: /home/song/zed/install/zed_interfaces/include/zed_interfaces/srv/start_svo_rec.h
[1.344s] -- Up-to-date symlink: /home/song/zed/install/zed_interfaces/share/zed_interfaces/environment/library_path.sh
[1.344s] -- Up-to-date symlink: /home/song/zed/install/zed_interfaces/share/zed_interfaces/environment/library_path.dsv
[1.344s] -- Up-to-date symlink: /home/song/zed/install/zed_interfaces/include/zed_interfaces/msg/detail/bounding_box2_df__rosidl_typesupport_fastrtps_c.h
[1.344s] -- Up-to-date symlink: /home/song/zed/install/zed_interfaces/include/zed_interfaces/msg/detail/bounding_box2_di__rosidl_typesupport_fastrtps_c.h
[1.344s] -- Up-to-date symlink: /home/song/zed/install/zed_interfaces/include/zed_interfaces/msg/detail/bounding_box3_d__rosidl_typesupport_fastrtps_c.h
[1.344s] -- Up-to-date symlink: /home/song/zed/install/zed_interfaces/include/zed_interfaces/msg/detail/depth_info_stamped__rosidl_typesupport_fastrtps_c.h
[1.344s] -- Up-to-date symlink: /home/song/zed/install/zed_interfaces/include/zed_interfaces/msg/detail/heartbeat__rosidl_typesupport_fastrtps_c.h
[1.344s] -- Up-to-date symlink: /home/song/zed/install/zed_interfaces/include/zed_interfaces/msg/detail/keypoint2_df__rosidl_typesupport_fastrtps_c.h
[1.345s] -- Up-to-date symlink: /home/song/zed/install/zed_interfaces/include/zed_interfaces/msg/detail/keypoint2_di__rosidl_typesupport_fastrtps_c.h
[1.345s] -- Up-to-date symlink: /home/song/zed/install/zed_interfaces/include/zed_interfaces/msg/detail/keypoint3_d__rosidl_typesupport_fastrtps_c.h
[1.345s] -- Up-to-date symlink: /home/song/zed/install/zed_interfaces/include/zed_interfaces/msg/detail/object__rosidl_typesupport_fastrtps_c.h
[1.345s] -- Up-to-date symlink: /home/song/zed/install/zed_interfaces/include/zed_interfaces/msg/detail/objects_stamped__rosidl_typesupport_fastrtps_c.h
[1.345s] -- Up-to-date symlink: /home/song/zed/install/zed_interfaces/include/zed_interfaces/msg/detail/plane_stamped__rosidl_typesupport_fastrtps_c.h
[1.345s] -- Up-to-date symlink: /home/song/zed/install/zed_interfaces/include/zed_interfaces/msg/detail/pos_track_status__rosidl_typesupport_fastrtps_c.h
[1.345s] -- Up-to-date symlink: /home/song/zed/install/zed_interfaces/include/zed_interfaces/msg/detail/skeleton2_d__rosidl_typesupport_fastrtps_c.h
[1.345s] -- Up-to-date symlink: /home/song/zed/install/zed_interfaces/include/zed_interfaces/msg/detail/skeleton3_d__rosidl_typesupport_fastrtps_c.h
[1.345s] -- Up-to-date symlink: /home/song/zed/install/zed_interfaces/include/zed_interfaces/msg/rosidl_typesupport_fastrtps_c__visibility_control.h
[1.345s] -- Up-to-date symlink: /home/song/zed/install/zed_interfaces/include/zed_interfaces/srv/detail/set_pose__rosidl_typesupport_fastrtps_c.h
[1.345s] -- Up-to-date symlink: /home/song/zed/install/zed_interfaces/include/zed_interfaces/srv/detail/set_roi__rosidl_typesupport_fastrtps_c.h
[1.345s] -- Up-to-date symlink: /home/song/zed/install/zed_interfaces/include/zed_interfaces/srv/detail/start_svo_rec__rosidl_typesupport_fastrtps_c.h
[1.345s] -- Up-to-date symlink: /home/song/zed/install/zed_interfaces/lib/libzed_interfaces__rosidl_typesupport_fastrtps_c.so
[1.346s] -- Up-to-date symlink: /home/song/zed/install/zed_interfaces/include/zed_interfaces/msg/detail/bounding_box2_df__rosidl_typesupport_fastrtps_cpp.hpp
[1.346s] -- Up-to-date symlink: /home/song/zed/install/zed_interfaces/include/zed_interfaces/msg/detail/bounding_box2_di__rosidl_typesupport_fastrtps_cpp.hpp
[1.346s] -- Up-to-date symlink: /home/song/zed/install/zed_interfaces/include/zed_interfaces/msg/detail/bounding_box3_d__rosidl_typesupport_fastrtps_cpp.hpp
[1.346s] -- Up-to-date symlink: /home/song/zed/install/zed_interfaces/include/zed_interfaces/msg/detail/depth_info_stamped__rosidl_typesupport_fastrtps_cpp.hpp
[1.346s] -- Up-to-date symlink: /home/song/zed/install/zed_interfaces/include/zed_interfaces/msg/detail/heartbeat__rosidl_typesupport_fastrtps_cpp.hpp
[1.346s] -- Up-to-date symlink: /home/song/zed/install/zed_interfaces/include/zed_interfaces/msg/detail/keypoint2_df__rosidl_typesupport_fastrtps_cpp.hpp
[1.346s] -- Up-to-date symlink: /home/song/zed/install/zed_interfaces/include/zed_interfaces/msg/detail/keypoint2_di__rosidl_typesupport_fastrtps_cpp.hpp
[1.346s] -- Up-to-date symlink: /home/song/zed/install/zed_interfaces/include/zed_interfaces/msg/detail/keypoint3_d__rosidl_typesupport_fastrtps_cpp.hpp
[1.346s] -- Up-to-date symlink: /home/song/zed/install/zed_interfaces/include/zed_interfaces/msg/detail/object__rosidl_typesupport_fastrtps_cpp.hpp
[1.346s] -- Up-to-date symlink: /home/song/zed/install/zed_interfaces/include/zed_interfaces/msg/detail/objects_stamped__rosidl_typesupport_fastrtps_cpp.hpp
[1.346s] -- Up-to-date symlink: /home/song/zed/install/zed_interfaces/include/zed_interfaces/msg/detail/plane_stamped__rosidl_typesupport_fastrtps_cpp.hpp
[1.346s] -- Up-to-date symlink: /home/song/zed/install/zed_interfaces/include/zed_interfaces/msg/detail/pos_track_status__rosidl_typesupport_fastrtps_cpp.hpp
[1.346s] -- Up-to-date symlink: /home/song/zed/install/zed_interfaces/include/zed_interfaces/msg/detail/skeleton2_d__rosidl_typesupport_fastrtps_cpp.hpp
[1.346s] -- Up-to-date symlink: /home/song/zed/install/zed_interfaces/include/zed_interfaces/msg/detail/skeleton3_d__rosidl_typesupport_fastrtps_cpp.hpp
[1.346s] -- Up-to-date symlink: /home/song/zed/install/zed_interfaces/include/zed_interfaces/msg/rosidl_typesupport_fastrtps_cpp__visibility_control.h
[1.346s] -- Up-to-date symlink: /home/song/zed/install/zed_interfaces/include/zed_interfaces/srv/detail/set_pose__rosidl_typesupport_fastrtps_cpp.hpp
[1.346s] -- Up-to-date symlink: /home/song/zed/install/zed_interfaces/include/zed_interfaces/srv/detail/set_roi__rosidl_typesupport_fastrtps_cpp.hpp
[1.346s] -- Up-to-date symlink: /home/song/zed/install/zed_interfaces/include/zed_interfaces/srv/detail/start_svo_rec__rosidl_typesupport_fastrtps_cpp.hpp
[1.347s] -- Up-to-date symlink: /home/song/zed/install/zed_interfaces/lib/libzed_interfaces__rosidl_typesupport_fastrtps_cpp.so
[1.347s] -- Up-to-date symlink: /home/song/zed/install/zed_interfaces/include/zed_interfaces/msg/detail/bounding_box2_df__rosidl_typesupport_introspection_c.h
[1.347s] -- Up-to-date symlink: /home/song/zed/install/zed_interfaces/include/zed_interfaces/msg/detail/bounding_box2_di__rosidl_typesupport_introspection_c.h
[1.347s] -- Up-to-date symlink: /home/song/zed/install/zed_interfaces/include/zed_interfaces/msg/detail/bounding_box3_d__rosidl_typesupport_introspection_c.h
[1.347s] -- Up-to-date symlink: /home/song/zed/install/zed_interfaces/include/zed_interfaces/msg/detail/depth_info_stamped__rosidl_typesupport_introspection_c.h
[1.347s] -- Up-to-date symlink: /home/song/zed/install/zed_interfaces/include/zed_interfaces/msg/detail/heartbeat__rosidl_typesupport_introspection_c.h
[1.347s] -- Up-to-date symlink: /home/song/zed/install/zed_interfaces/include/zed_interfaces/msg/detail/keypoint2_df__rosidl_typesupport_introspection_c.h
[1.347s] -- Up-to-date symlink: /home/song/zed/install/zed_interfaces/include/zed_interfaces/msg/detail/keypoint2_di__rosidl_typesupport_introspection_c.h
[1.347s] -- Up-to-date symlink: /home/song/zed/install/zed_interfaces/include/zed_interfaces/msg/detail/keypoint3_d__rosidl_typesupport_introspection_c.h
[1.347s] -- Up-to-date symlink: /home/song/zed/install/zed_interfaces/include/zed_interfaces/msg/detail/object__rosidl_typesupport_introspection_c.h
[1.347s] -- Up-to-date symlink: /home/song/zed/install/zed_interfaces/include/zed_interfaces/msg/detail/objects_stamped__rosidl_typesupport_introspection_c.h
[1.347s] -- Up-to-date symlink: /home/song/zed/install/zed_interfaces/include/zed_interfaces/msg/detail/plane_stamped__rosidl_typesupport_introspection_c.h
[1.347s] -- Up-to-date symlink: /home/song/zed/install/zed_interfaces/include/zed_interfaces/msg/detail/pos_track_status__rosidl_typesupport_introspection_c.h
[1.347s] -- Up-to-date symlink: /home/song/zed/install/zed_interfaces/include/zed_interfaces/msg/detail/skeleton2_d__rosidl_typesupport_introspection_c.h
[1.347s] -- Up-to-date symlink: /home/song/zed/install/zed_interfaces/include/zed_interfaces/msg/detail/skeleton3_d__rosidl_typesupport_introspection_c.h
[1.348s] -- Up-to-date symlink: /home/song/zed/install/zed_interfaces/include/zed_interfaces/msg/rosidl_typesupport_introspection_c__visibility_control.h
[1.348s] -- Up-to-date symlink: /home/song/zed/install/zed_interfaces/include/zed_interfaces/srv/detail/set_pose__rosidl_typesupport_introspection_c.h
[1.348s] -- Up-to-date symlink: /home/song/zed/install/zed_interfaces/include/zed_interfaces/srv/detail/set_roi__rosidl_typesupport_introspection_c.h
[1.348s] -- Up-to-date symlink: /home/song/zed/install/zed_interfaces/include/zed_interfaces/srv/detail/start_svo_rec__rosidl_typesupport_introspection_c.h
[1.348s] -- Up-to-date symlink: /home/song/zed/install/zed_interfaces/include/zed_interfaces/msg/bounding_box2_df.hpp
[1.348s] -- Up-to-date symlink: /home/song/zed/install/zed_interfaces/include/zed_interfaces/msg/bounding_box2_di.hpp
[1.348s] -- Up-to-date symlink: /home/song/zed/install/zed_interfaces/include/zed_interfaces/msg/bounding_box3_d.hpp
[1.348s] -- Up-to-date symlink: /home/song/zed/install/zed_interfaces/include/zed_interfaces/msg/depth_info_stamped.hpp
[1.349s] -- Up-to-date symlink: /home/song/zed/install/zed_interfaces/include/zed_interfaces/msg/detail/bounding_box2_df__builder.hpp
[1.349s] -- Up-to-date symlink: /home/song/zed/install/zed_interfaces/include/zed_interfaces/msg/detail/bounding_box2_df__struct.hpp
[1.349s] -- Up-to-date symlink: /home/song/zed/install/zed_interfaces/include/zed_interfaces/msg/detail/bounding_box2_df__traits.hpp
[1.349s] -- Up-to-date symlink: /home/song/zed/install/zed_interfaces/include/zed_interfaces/msg/detail/bounding_box2_df__type_support.hpp
[1.349s] -- Up-to-date symlink: /home/song/zed/install/zed_interfaces/include/zed_interfaces/msg/detail/bounding_box2_di__builder.hpp
[1.349s] -- Up-to-date symlink: /home/song/zed/install/zed_interfaces/include/zed_interfaces/msg/detail/bounding_box2_di__struct.hpp
[1.349s] -- Up-to-date symlink: /home/song/zed/install/zed_interfaces/include/zed_interfaces/msg/detail/bounding_box2_di__traits.hpp
[1.349s] -- Up-to-date symlink: /home/song/zed/install/zed_interfaces/include/zed_interfaces/msg/detail/bounding_box2_di__type_support.hpp
[1.349s] -- Up-to-date symlink: /home/song/zed/install/zed_interfaces/include/zed_interfaces/msg/detail/bounding_box3_d__builder.hpp
[1.349s] -- Up-to-date symlink: /home/song/zed/install/zed_interfaces/include/zed_interfaces/msg/detail/bounding_box3_d__struct.hpp
[1.349s] -- Up-to-date symlink: /home/song/zed/install/zed_interfaces/include/zed_interfaces/msg/detail/bounding_box3_d__traits.hpp
[1.349s] -- Up-to-date symlink: /home/song/zed/install/zed_interfaces/include/zed_interfaces/msg/detail/bounding_box3_d__type_support.hpp
[1.349s] -- Up-to-date symlink: /home/song/zed/install/zed_interfaces/include/zed_interfaces/msg/detail/depth_info_stamped__builder.hpp
[1.349s] -- Up-to-date symlink: /home/song/zed/install/zed_interfaces/include/zed_interfaces/msg/detail/depth_info_stamped__struct.hpp
[1.349s] -- Up-to-date symlink: /home/song/zed/install/zed_interfaces/include/zed_interfaces/msg/detail/depth_info_stamped__traits.hpp
[1.349s] -- Up-to-date symlink: /home/song/zed/install/zed_interfaces/include/zed_interfaces/msg/detail/depth_info_stamped__type_support.hpp
[1.349s] -- Up-to-date symlink: /home/song/zed/install/zed_interfaces/include/zed_interfaces/msg/detail/heartbeat__builder.hpp
[1.349s] -- Up-to-date symlink: /home/song/zed/install/zed_interfaces/include/zed_interfaces/msg/detail/heartbeat__struct.hpp
[1.349s] -- Up-to-date symlink: /home/song/zed/install/zed_interfaces/include/zed_interfaces/msg/detail/heartbeat__traits.hpp
[1.349s] -- Up-to-date symlink: /home/song/zed/install/zed_interfaces/include/zed_interfaces/msg/detail/heartbeat__type_support.hpp
[1.349s] -- Up-to-date symlink: /home/song/zed/install/zed_interfaces/include/zed_interfaces/msg/detail/keypoint2_df__builder.hpp
[1.349s] -- Up-to-date symlink: /home/song/zed/install/zed_interfaces/include/zed_interfaces/msg/detail/keypoint2_df__struct.hpp
[1.349s] -- Up-to-date symlink: /home/song/zed/install/zed_interfaces/include/zed_interfaces/msg/detail/keypoint2_df__traits.hpp
[1.350s] -- Up-to-date symlink: /home/song/zed/install/zed_interfaces/include/zed_interfaces/msg/detail/keypoint2_df__type_support.hpp
[1.350s] -- Up-to-date symlink: /home/song/zed/install/zed_interfaces/include/zed_interfaces/msg/detail/keypoint2_di__builder.hpp
[1.350s] -- Up-to-date symlink: /home/song/zed/install/zed_interfaces/include/zed_interfaces/msg/detail/keypoint2_di__struct.hpp
[1.350s] -- Up-to-date symlink: /home/song/zed/install/zed_interfaces/include/zed_interfaces/msg/detail/keypoint2_di__traits.hpp
[1.350s] -- Up-to-date symlink: /home/song/zed/install/zed_interfaces/include/zed_interfaces/msg/detail/keypoint2_di__type_support.hpp
[1.350s] -- Up-to-date symlink: /home/song/zed/install/zed_interfaces/include/zed_interfaces/msg/detail/keypoint3_d__builder.hpp
[1.350s] -- Up-to-date symlink: /home/song/zed/install/zed_interfaces/include/zed_interfaces/msg/detail/keypoint3_d__struct.hpp
[1.350s] -- Up-to-date symlink: /home/song/zed/install/zed_interfaces/include/zed_interfaces/msg/detail/keypoint3_d__traits.hpp
[1.350s] -- Up-to-date symlink: /home/song/zed/install/zed_interfaces/include/zed_interfaces/msg/detail/keypoint3_d__type_support.hpp
[1.350s] -- Up-to-date symlink: /home/song/zed/install/zed_interfaces/include/zed_interfaces/msg/detail/object__builder.hpp
[1.350s] -- Up-to-date symlink: /home/song/zed/install/zed_interfaces/include/zed_interfaces/msg/detail/object__struct.hpp
[1.350s] -- Up-to-date symlink: /home/song/zed/install/zed_interfaces/include/zed_interfaces/msg/detail/object__traits.hpp
[1.350s] -- Up-to-date symlink: /home/song/zed/install/zed_interfaces/include/zed_interfaces/msg/detail/object__type_support.hpp
[1.350s] -- Up-to-date symlink: /home/song/zed/install/zed_interfaces/include/zed_interfaces/msg/detail/objects_stamped__builder.hpp
[1.350s] -- Up-to-date symlink: /home/song/zed/install/zed_interfaces/include/zed_interfaces/msg/detail/objects_stamped__struct.hpp
[1.350s] -- Up-to-date symlink: /home/song/zed/install/zed_interfaces/include/zed_interfaces/msg/detail/objects_stamped__traits.hpp
[1.350s] -- Up-to-date symlink: /home/song/zed/install/zed_interfaces/include/zed_interfaces/msg/detail/objects_stamped__type_support.hpp
[1.350s] -- Up-to-date symlink: /home/song/zed/install/zed_interfaces/include/zed_interfaces/msg/detail/plane_stamped__builder.hpp
[1.350s] -- Up-to-date symlink: /home/song/zed/install/zed_interfaces/include/zed_interfaces/msg/detail/plane_stamped__struct.hpp
[1.350s] -- Up-to-date symlink: /home/song/zed/install/zed_interfaces/include/zed_interfaces/msg/detail/plane_stamped__traits.hpp
[1.350s] -- Up-to-date symlink: /home/song/zed/install/zed_interfaces/include/zed_interfaces/msg/detail/plane_stamped__type_support.hpp
[1.350s] -- Up-to-date symlink: /home/song/zed/install/zed_interfaces/include/zed_interfaces/msg/detail/pos_track_status__builder.hpp
[1.351s] -- Up-to-date symlink: /home/song/zed/install/zed_interfaces/include/zed_interfaces/msg/detail/pos_track_status__struct.hpp
[1.351s] -- Up-to-date symlink: /home/song/zed/install/zed_interfaces/include/zed_interfaces/msg/detail/pos_track_status__traits.hpp
[1.351s] -- Up-to-date symlink: /home/song/zed/install/zed_interfaces/include/zed_interfaces/msg/detail/pos_track_status__type_support.hpp
[1.351s] -- Up-to-date symlink: /home/song/zed/install/zed_interfaces/include/zed_interfaces/msg/detail/skeleton2_d__builder.hpp
[1.351s] -- Up-to-date symlink: /home/song/zed/install/zed_interfaces/include/zed_interfaces/msg/detail/skeleton2_d__struct.hpp
[1.351s] -- Up-to-date symlink: /home/song/zed/install/zed_interfaces/include/zed_interfaces/msg/detail/skeleton2_d__traits.hpp
[1.351s] -- Up-to-date symlink: /home/song/zed/install/zed_interfaces/include/zed_interfaces/msg/detail/skeleton2_d__type_support.hpp
[1.351s] -- Up-to-date symlink: /home/song/zed/install/zed_interfaces/include/zed_interfaces/msg/detail/skeleton3_d__builder.hpp
[1.351s] -- Up-to-date symlink: /home/song/zed/install/zed_interfaces/include/zed_interfaces/msg/detail/skeleton3_d__struct.hpp
[1.351s] -- Up-to-date symlink: /home/song/zed/install/zed_interfaces/include/zed_interfaces/msg/detail/skeleton3_d__traits.hpp
[1.351s] -- Up-to-date symlink: /home/song/zed/install/zed_interfaces/include/zed_interfaces/msg/detail/skeleton3_d__type_support.hpp
[1.351s] -- Up-to-date symlink: /home/song/zed/install/zed_interfaces/include/zed_interfaces/msg/heartbeat.hpp
[1.351s] -- Up-to-date symlink: /home/song/zed/install/zed_interfaces/include/zed_interfaces/msg/keypoint2_df.hpp
[1.351s] -- Up-to-date symlink: /home/song/zed/install/zed_interfaces/include/zed_interfaces/msg/keypoint2_di.hpp
[1.351s] -- Up-to-date symlink: /home/song/zed/install/zed_interfaces/include/zed_interfaces/msg/keypoint3_d.hpp
[1.351s] -- Up-to-date symlink: /home/song/zed/install/zed_interfaces/include/zed_interfaces/msg/object.hpp
[1.351s] -- Up-to-date symlink: /home/song/zed/install/zed_interfaces/include/zed_interfaces/msg/objects_stamped.hpp
[1.351s] -- Up-to-date symlink: /home/song/zed/install/zed_interfaces/include/zed_interfaces/msg/plane_stamped.hpp
[1.351s] -- Up-to-date symlink: /home/song/zed/install/zed_interfaces/include/zed_interfaces/msg/pos_track_status.hpp
[1.351s] -- Up-to-date symlink: /home/song/zed/install/zed_interfaces/include/zed_interfaces/msg/rosidl_generator_cpp__visibility_control.hpp
[1.351s] -- Up-to-date symlink: /home/song/zed/install/zed_interfaces/include/zed_interfaces/msg/skeleton2_d.hpp
[1.352s] -- Up-to-date symlink: /home/song/zed/install/zed_interfaces/include/zed_interfaces/msg/skeleton3_d.hpp
[1.352s] -- Up-to-date symlink: /home/song/zed/install/zed_interfaces/include/zed_interfaces/srv/detail/set_pose__builder.hpp
[1.352s] -- Up-to-date symlink: /home/song/zed/install/zed_interfaces/include/zed_interfaces/srv/detail/set_pose__struct.hpp
[1.352s] -- Up-to-date symlink: /home/song/zed/install/zed_interfaces/include/zed_interfaces/srv/detail/set_pose__traits.hpp
[1.352s] -- Up-to-date symlink: /home/song/zed/install/zed_interfaces/include/zed_interfaces/srv/detail/set_pose__type_support.hpp
[1.352s] -- Up-to-date symlink: /home/song/zed/install/zed_interfaces/include/zed_interfaces/srv/detail/set_roi__builder.hpp
[1.352s] -- Up-to-date symlink: /home/song/zed/install/zed_interfaces/include/zed_interfaces/srv/detail/set_roi__struct.hpp
[1.352s] -- Up-to-date symlink: /home/song/zed/install/zed_interfaces/include/zed_interfaces/srv/detail/set_roi__traits.hpp
[1.352s] -- Up-to-date symlink: /home/song/zed/install/zed_interfaces/include/zed_interfaces/srv/detail/set_roi__type_support.hpp
[1.352s] -- Up-to-date symlink: /home/song/zed/install/zed_interfaces/include/zed_interfaces/srv/detail/start_svo_rec__builder.hpp
[1.352s] -- Up-to-date symlink: /home/song/zed/install/zed_interfaces/include/zed_interfaces/srv/detail/start_svo_rec__struct.hpp
[1.352s] -- Up-to-date symlink: /home/song/zed/install/zed_interfaces/include/zed_interfaces/srv/detail/start_svo_rec__traits.hpp
[1.352s] -- Up-to-date symlink: /home/song/zed/install/zed_interfaces/include/zed_interfaces/srv/detail/start_svo_rec__type_support.hpp
[1.352s] -- Up-to-date symlink: /home/song/zed/install/zed_interfaces/include/zed_interfaces/srv/set_pose.hpp
[1.352s] -- Up-to-date symlink: /home/song/zed/install/zed_interfaces/include/zed_interfaces/srv/set_roi.hpp
[1.352s] -- Up-to-date symlink: /home/song/zed/install/zed_interfaces/include/zed_interfaces/srv/start_svo_rec.hpp
[1.353s] -- Up-to-date symlink: /home/song/zed/install/zed_interfaces/include/zed_interfaces/msg/detail/bounding_box2_df__rosidl_typesupport_introspection_cpp.hpp
[1.353s] -- Up-to-date symlink: /home/song/zed/install/zed_interfaces/include/zed_interfaces/msg/detail/bounding_box2_di__rosidl_typesupport_introspection_cpp.hpp
[1.353s] -- Up-to-date symlink: /home/song/zed/install/zed_interfaces/include/zed_interfaces/msg/detail/bounding_box3_d__rosidl_typesupport_introspection_cpp.hpp
[1.353s] -- Up-to-date symlink: /home/song/zed/install/zed_interfaces/include/zed_interfaces/msg/detail/depth_info_stamped__rosidl_typesupport_introspection_cpp.hpp
[1.353s] -- Up-to-date symlink: /home/song/zed/install/zed_interfaces/include/zed_interfaces/msg/detail/heartbeat__rosidl_typesupport_introspection_cpp.hpp
[1.353s] -- Up-to-date symlink: /home/song/zed/install/zed_interfaces/include/zed_interfaces/msg/detail/keypoint2_df__rosidl_typesupport_introspection_cpp.hpp
[1.353s] -- Up-to-date symlink: /home/song/zed/install/zed_interfaces/include/zed_interfaces/msg/detail/keypoint2_di__rosidl_typesupport_introspection_cpp.hpp
[1.353s] -- Up-to-date symlink: /home/song/zed/install/zed_interfaces/include/zed_interfaces/msg/detail/keypoint3_d__rosidl_typesupport_introspection_cpp.hpp
[1.353s] -- Up-to-date symlink: /home/song/zed/install/zed_interfaces/include/zed_interfaces/msg/detail/object__rosidl_typesupport_introspection_cpp.hpp
[1.353s] -- Up-to-date symlink: /home/song/zed/install/zed_interfaces/include/zed_interfaces/msg/detail/objects_stamped__rosidl_typesupport_introspection_cpp.hpp
[1.353s] -- Up-to-date symlink: /home/song/zed/install/zed_interfaces/include/zed_interfaces/msg/detail/plane_stamped__rosidl_typesupport_introspection_cpp.hpp
[1.353s] -- Up-to-date symlink: /home/song/zed/install/zed_interfaces/include/zed_interfaces/msg/detail/pos_track_status__rosidl_typesupport_introspection_cpp.hpp
[1.353s] -- Up-to-date symlink: /home/song/zed/install/zed_interfaces/include/zed_interfaces/msg/detail/skeleton2_d__rosidl_typesupport_introspection_cpp.hpp
[1.353s] -- Up-to-date symlink: /home/song/zed/install/zed_interfaces/include/zed_interfaces/msg/detail/skeleton3_d__rosidl_typesupport_introspection_cpp.hpp
[1.353s] -- Up-to-date symlink: /home/song/zed/install/zed_interfaces/include/zed_interfaces/srv/detail/set_pose__rosidl_typesupport_introspection_cpp.hpp
[1.353s] -- Up-to-date symlink: /home/song/zed/install/zed_interfaces/include/zed_interfaces/srv/detail/set_roi__rosidl_typesupport_introspection_cpp.hpp
[1.353s] -- Up-to-date symlink: /home/song/zed/install/zed_interfaces/include/zed_interfaces/srv/detail/start_svo_rec__rosidl_typesupport_introspection_cpp.hpp
[1.353s] -- Up-to-date symlink: /home/song/zed/install/zed_interfaces/share/zed_interfaces/environment/pythonpath.sh
[1.353s] -- Up-to-date symlink: /home/song/zed/install/zed_interfaces/share/zed_interfaces/environment/pythonpath.dsv
[1.353s] -- Up-to-date symlink: /home/song/zed/install/zed_interfaces/lib/python3.9/site-packages/zed_interfaces/__init__.py
[1.354s] -- Up-to-date symlink: /home/song/zed/install/zed_interfaces/lib/python3.9/site-packages/zed_interfaces/msg/__init__.py
[1.354s] -- Up-to-date symlink: /home/song/zed/install/zed_interfaces/lib/python3.9/site-packages/zed_interfaces/msg/_bounding_box2_df.py
[1.354s] -- Up-to-date symlink: /home/song/zed/install/zed_interfaces/lib/python3.9/site-packages/zed_interfaces/msg/_bounding_box2_di.py
[1.354s] -- Up-to-date symlink: /home/song/zed/install/zed_interfaces/lib/python3.9/site-packages/zed_interfaces/msg/_bounding_box3_d.py
[1.354s] -- Up-to-date symlink: /home/song/zed/install/zed_interfaces/lib/python3.9/site-packages/zed_interfaces/msg/_depth_info_stamped.py
[1.354s] -- Up-to-date symlink: /home/song/zed/install/zed_interfaces/lib/python3.9/site-packages/zed_interfaces/msg/_heartbeat.py
[1.354s] -- Up-to-date symlink: /home/song/zed/install/zed_interfaces/lib/python3.9/site-packages/zed_interfaces/msg/_keypoint2_df.py
[1.354s] -- Up-to-date symlink: /home/song/zed/install/zed_interfaces/lib/python3.9/site-packages/zed_interfaces/msg/_keypoint2_di.py
[1.354s] -- Up-to-date symlink: /home/song/zed/install/zed_interfaces/lib/python3.9/site-packages/zed_interfaces/msg/_keypoint3_d.py
[1.354s] -- Up-to-date symlink: /home/song/zed/install/zed_interfaces/lib/python3.9/site-packages/zed_interfaces/msg/_object.py
[1.354s] -- Up-to-date symlink: /home/song/zed/install/zed_interfaces/lib/python3.9/site-packages/zed_interfaces/msg/_objects_stamped.py
[1.354s] -- Up-to-date symlink: /home/song/zed/install/zed_interfaces/lib/python3.9/site-packages/zed_interfaces/msg/_plane_stamped.py
[1.354s] -- Up-to-date symlink: /home/song/zed/install/zed_interfaces/lib/python3.9/site-packages/zed_interfaces/msg/_pos_track_status.py
[1.354s] -- Up-to-date symlink: /home/song/zed/install/zed_interfaces/lib/python3.9/site-packages/zed_interfaces/msg/_skeleton2_d.py
[1.354s] -- Up-to-date symlink: /home/song/zed/install/zed_interfaces/lib/python3.9/site-packages/zed_interfaces/msg/_skeleton3_d.py
[1.355s] -- Up-to-date symlink: /home/song/zed/install/zed_interfaces/lib/python3.9/site-packages/zed_interfaces/srv/__init__.py
[1.355s] -- Up-to-date symlink: /home/song/zed/install/zed_interfaces/lib/python3.9/site-packages/zed_interfaces/srv/_set_pose.py
[1.355s] -- Up-to-date symlink: /home/song/zed/install/zed_interfaces/lib/python3.9/site-packages/zed_interfaces/srv/_set_roi.py
[1.355s] -- Up-to-date symlink: /home/song/zed/install/zed_interfaces/lib/python3.9/site-packages/zed_interfaces/srv/_start_svo_rec.py
[1.355s] -- Up-to-date symlink: /home/song/zed/install/zed_interfaces/lib/python3.9/site-packages/zed_interfaces/zed_interfaces_s__rosidl_typesupport_fastrtps_c.cpython-39-x86_64-linux-gnu.so
[1.355s] -- Up-to-date symlink: /home/song/zed/install/zed_interfaces/lib/python3.9/site-packages/zed_interfaces/zed_interfaces_s__rosidl_typesupport_introspection_c.cpython-39-x86_64-linux-gnu.so
[1.355s] -- Up-to-date symlink: /home/song/zed/install/zed_interfaces/lib/python3.9/site-packages/zed_interfaces/zed_interfaces_s__rosidl_typesupport_c.cpython-39-x86_64-linux-gnu.so
[1.355s] -- Up-to-date symlink: /home/song/zed/install/zed_interfaces/lib/libzed_interfaces__python.so
[1.355s] -- Up-to-date symlink: /home/song/zed/install/zed_interfaces/share/zed_interfaces/msg/Object.idl
[1.355s] -- Up-to-date symlink: /home/song/zed/install/zed_interfaces/share/zed_interfaces/msg/ObjectsStamped.idl
[1.355s] -- Up-to-date symlink: /home/song/zed/install/zed_interfaces/share/zed_interfaces/msg/Keypoint2Di.idl
[1.356s] -- Up-to-date symlink: /home/song/zed/install/zed_interfaces/share/zed_interfaces/msg/Keypoint2Df.idl
[1.356s] -- Up-to-date symlink: /home/song/zed/install/zed_interfaces/share/zed_interfaces/msg/Keypoint3D.idl
[1.356s] -- Up-to-date symlink: /home/song/zed/install/zed_interfaces/share/zed_interfaces/msg/BoundingBox2Di.idl
[1.356s] -- Up-to-date symlink: /home/song/zed/install/zed_interfaces/share/zed_interfaces/msg/BoundingBox2Df.idl
[1.356s] -- Up-to-date symlink: /home/song/zed/install/zed_interfaces/share/zed_interfaces/msg/BoundingBox3D.idl
[1.356s] -- Up-to-date symlink: /home/song/zed/install/zed_interfaces/share/zed_interfaces/msg/Skeleton2D.idl
[1.356s] -- Up-to-date symlink: /home/song/zed/install/zed_interfaces/share/zed_interfaces/msg/Skeleton3D.idl
[1.356s] -- Up-to-date symlink: /home/song/zed/install/zed_interfaces/share/zed_interfaces/msg/DepthInfoStamped.idl
[1.356s] -- Up-to-date symlink: /home/song/zed/install/zed_interfaces/share/zed_interfaces/msg/PlaneStamped.idl
[1.356s] -- Up-to-date symlink: /home/song/zed/install/zed_interfaces/share/zed_interfaces/msg/PosTrackStatus.idl
[1.356s] -- Up-to-date symlink: /home/song/zed/install/zed_interfaces/share/zed_interfaces/msg/Heartbeat.idl
[1.356s] -- Up-to-date symlink: /home/song/zed/install/zed_interfaces/share/zed_interfaces/srv/SetPose.idl
[1.356s] -- Up-to-date symlink: /home/song/zed/install/zed_interfaces/share/zed_interfaces/srv/StartSvoRec.idl
[1.357s] -- Up-to-date symlink: /home/song/zed/install/zed_interfaces/share/zed_interfaces/srv/SetROI.idl
[1.357s] -- Up-to-date symlink: /home/song/zed/install/zed_interfaces/share/zed_interfaces/msg/Object.msg
[1.357s] -- Up-to-date symlink: /home/song/zed/install/zed_interfaces/share/zed_interfaces/msg/ObjectsStamped.msg
[1.357s] -- Up-to-date symlink: /home/song/zed/install/zed_interfaces/share/zed_interfaces/msg/Keypoint2Di.msg
[1.357s] -- Up-to-date symlink: /home/song/zed/install/zed_interfaces/share/zed_interfaces/msg/Keypoint2Df.msg
[1.357s] -- Up-to-date symlink: /home/song/zed/install/zed_interfaces/share/zed_interfaces/msg/Keypoint3D.msg
[1.357s] -- Up-to-date symlink: /home/song/zed/install/zed_interfaces/share/zed_interfaces/msg/BoundingBox2Di.msg
[1.357s] -- Up-to-date symlink: /home/song/zed/install/zed_interfaces/share/zed_interfaces/msg/BoundingBox2Df.msg
[1.357s] -- Up-to-date symlink: /home/song/zed/install/zed_interfaces/share/zed_interfaces/msg/BoundingBox3D.msg
[1.357s] -- Up-to-date symlink: /home/song/zed/install/zed_interfaces/share/zed_interfaces/msg/Skeleton2D.msg
[1.357s] -- Up-to-date symlink: /home/song/zed/install/zed_interfaces/share/zed_interfaces/msg/Skeleton3D.msg
[1.357s] -- Up-to-date symlink: /home/song/zed/install/zed_interfaces/share/zed_interfaces/msg/DepthInfoStamped.msg
[1.357s] -- Up-to-date symlink: /home/song/zed/install/zed_interfaces/share/zed_interfaces/msg/PlaneStamped.msg
[1.357s] -- Up-to-date symlink: /home/song/zed/install/zed_interfaces/share/zed_interfaces/msg/PosTrackStatus.msg
[1.357s] -- Up-to-date symlink: /home/song/zed/install/zed_interfaces/share/zed_interfaces/msg/Heartbeat.msg
[1.358s] -- Up-to-date symlink: /home/song/zed/install/zed_interfaces/share/zed_interfaces/srv/SetPose.srv
[1.358s] -- Up-to-date symlink: /home/song/zed/install/zed_interfaces/share/zed_interfaces/srv/SetPose_Request.msg
[1.358s] -- Up-to-date symlink: /home/song/zed/install/zed_interfaces/share/zed_interfaces/srv/SetPose_Response.msg
[1.358s] -- Up-to-date symlink: /home/song/zed/install/zed_interfaces/share/zed_interfaces/srv/StartSvoRec.srv
[1.358s] -- Up-to-date symlink: /home/song/zed/install/zed_interfaces/share/zed_interfaces/srv/StartSvoRec_Request.msg
[1.358s] -- Up-to-date symlink: /home/song/zed/install/zed_interfaces/share/zed_interfaces/srv/StartSvoRec_Response.msg
[1.358s] -- Up-to-date symlink: /home/song/zed/install/zed_interfaces/share/zed_interfaces/srv/SetROI.srv
[1.358s] -- Up-to-date symlink: /home/song/zed/install/zed_interfaces/share/zed_interfaces/srv/SetROI_Request.msg
[1.358s] -- Up-to-date symlink: /home/song/zed/install/zed_interfaces/share/zed_interfaces/srv/SetROI_Response.msg
[1.358s] -- Up-to-date symlink: /home/song/zed/install/zed_interfaces/share/zed_interfaces/meshes/zed.stl
[1.358s] -- Up-to-date symlink: /home/song/zed/install/zed_interfaces/share/zed_interfaces/meshes/zed2.stl
[1.358s] -- Up-to-date symlink: /home/song/zed/install/zed_interfaces/share/zed_interfaces/meshes/zed2i.stl
[1.358s] -- Up-to-date symlink: /home/song/zed/install/zed_interfaces/share/zed_interfaces/meshes/zedm.stl
[1.358s] -- Up-to-date symlink: /home/song/zed/install/zed_interfaces/share/zed_interfaces/meshes/zedx.stl
[1.358s] -- Up-to-date symlink: /home/song/zed/install/zed_interfaces/share/zed_interfaces/meshes/zedxm.stl
[1.359s] -- Up-to-date symlink: /home/song/zed/install/zed_interfaces/share/ament_index/resource_index/package_run_dependencies/zed_interfaces
[1.359s] -- Up-to-date symlink: /home/song/zed/install/zed_interfaces/share/ament_index/resource_index/parent_prefix_path/zed_interfaces
[1.359s] -- Up-to-date symlink: /home/song/zed/install/zed_interfaces/share/zed_interfaces/environment/ament_prefix_path.sh
[1.359s] -- Up-to-date symlink: /home/song/zed/install/zed_interfaces/share/zed_interfaces/environment/ament_prefix_path.dsv
[1.359s] -- Up-to-date symlink: /home/song/zed/install/zed_interfaces/share/zed_interfaces/environment/path.sh
[1.359s] -- Up-to-date symlink: /home/song/zed/install/zed_interfaces/share/zed_interfaces/environment/path.dsv
[1.359s] -- Up-to-date symlink: /home/song/zed/install/zed_interfaces/share/zed_interfaces/local_setup.bash
[1.359s] -- Up-to-date symlink: /home/song/zed/install/zed_interfaces/share/zed_interfaces/local_setup.sh
[1.359s] -- Up-to-date symlink: /home/song/zed/install/zed_interfaces/share/zed_interfaces/local_setup.zsh
[1.359s] -- Up-to-date symlink: /home/song/zed/install/zed_interfaces/share/zed_interfaces/local_setup.dsv
[1.359s] -- Symlinking: /home/song/zed/install/zed_interfaces/share/zed_interfaces/package.dsv
[1.361s] -- Up-to-date symlink: /home/song/zed/install/zed_interfaces/share/ament_index/resource_index/packages/zed_interfaces
[1.361s] -- Up-to-date symlink: /home/song/zed/install/zed_interfaces/share/zed_interfaces/cmake/rosidl_cmake-extras.cmake
[1.361s] -- Up-to-date symlink: /home/song/zed/install/zed_interfaces/share/zed_interfaces/cmake/ament_cmake_export_dependencies-extras.cmake
[1.361s] -- Up-to-date symlink: /home/song/zed/install/zed_interfaces/share/zed_interfaces/cmake/ament_cmake_export_libraries-extras.cmake
[1.361s] -- Up-to-date symlink: /home/song/zed/install/zed_interfaces/share/zed_interfaces/cmake/ament_cmake_export_targets-extras.cmake
[1.361s] -- Up-to-date symlink: /home/song/zed/install/zed_interfaces/share/zed_interfaces/cmake/ament_cmake_export_include_directories-extras.cmake
[1.361s] -- Up-to-date symlink: /home/song/zed/install/zed_interfaces/share/zed_interfaces/cmake/rosidl_cmake_export_typesupport_libraries-extras.cmake
[1.362s] -- Up-to-date symlink: /home/song/zed/install/zed_interfaces/share/zed_interfaces/cmake/rosidl_cmake_export_typesupport_targets-extras.cmake
[1.362s] -- Up-to-date symlink: /home/song/zed/install/zed_interfaces/share/zed_interfaces/cmake/zed_interfacesConfig.cmake
[1.362s] -- Up-to-date symlink: /home/song/zed/install/zed_interfaces/share/zed_interfaces/cmake/zed_interfacesConfig-version.cmake
[1.362s] -- Up-to-date symlink: /home/song/zed/install/zed_interfaces/share/zed_interfaces/package.xml
[1.362s] -- Up-to-date: /home/song/zed/install/zed_interfaces/lib/libzed_interfaces__rosidl_generator_c.so
[1.362s] -- Up-to-date: /home/song/zed/install/zed_interfaces/lib/libzed_interfaces__rosidl_typesupport_introspection_c.so
[1.362s] -- Up-to-date: /home/song/zed/install/zed_interfaces/lib/libzed_interfaces__rosidl_typesupport_c.so
[1.362s] -- Up-to-date: /home/song/zed/install/zed_interfaces/lib/libzed_interfaces__rosidl_typesupport_introspection_cpp.so
[1.362s] -- Up-to-date: /home/song/zed/install/zed_interfaces/lib/libzed_interfaces__rosidl_typesupport_cpp.so
[1.385s] Compiling '/home/song/zed/install/zed_interfaces/lib/python3.9/site-packages/zed_interfaces/__init__.py'...
[1.388s] -- Up-to-date: /home/song/zed/install/zed_interfaces/share/zed_interfaces/cmake/zed_interfaces__rosidl_generator_cExport.cmake
[1.388s] -- Up-to-date: /home/song/zed/install/zed_interfaces/share/zed_interfaces/cmake/zed_interfaces__rosidl_generator_cExport-release.cmake
[1.388s] -- Up-to-date: /home/song/zed/install/zed_interfaces/share/zed_interfaces/cmake/zed_interfaces__rosidl_typesupport_introspection_cExport.cmake
[1.388s] -- Up-to-date: /home/song/zed/install/zed_interfaces/share/zed_interfaces/cmake/zed_interfaces__rosidl_typesupport_introspection_cExport-release.cmake
[1.388s] -- Up-to-date: /home/song/zed/install/zed_interfaces/share/zed_interfaces/cmake/zed_interfaces__rosidl_typesupport_cExport.cmake
[1.388s] -- Up-to-date: /home/song/zed/install/zed_interfaces/share/zed_interfaces/cmake/zed_interfaces__rosidl_typesupport_cExport-release.cmake
[1.388s] -- Up-to-date: /home/song/zed/install/zed_interfaces/share/zed_interfaces/cmake/zed_interfaces__rosidl_generator_cppExport.cmake
[1.388s] -- Up-to-date: /home/song/zed/install/zed_interfaces/share/zed_interfaces/cmake/zed_interfaces__rosidl_typesupport_introspection_cppExport.cmake
[1.388s] -- Up-to-date: /home/song/zed/install/zed_interfaces/share/zed_interfaces/cmake/zed_interfaces__rosidl_typesupport_introspection_cppExport-release.cmake
[1.388s] -- Up-to-date: /home/song/zed/install/zed_interfaces/share/zed_interfaces/cmake/zed_interfaces__rosidl_typesupport_cppExport.cmake
[1.388s] -- Up-to-date: /home/song/zed/install/zed_interfaces/share/zed_interfaces/cmake/zed_interfaces__rosidl_typesupport_cppExport-release.cmake
[1.393s] Invoked command in '/home/song/zed/build/zed_interfaces' returned '0': CMAKE_PREFIX_PATH=${CMAKE_PREFIX_PATH}:/home/song/zed/install/steadylab:/opt/ros/foxy CONDA_PROMPT_MODIFIER=(base) /home/song/.local/bin/cmake --install /home/song/zed/build/zed_interfaces
