-- The C compiler identification is GNU 9.4.0
-- The CXX compiler identification is GNU 9.4.0
-- Detecting C compiler ABI info
-- Detecting C compiler ABI info - done
-- Check for working C compiler: /usr/bin/cc - skipped
-- Detecting C compile features
-- Detecting C compile features - done
-- Detecting CXX compiler ABI info
-- Detecting CXX compiler ABI info - done
-- Check for working CXX compiler: /usr/bin/c++ - skipped
-- Detecting CXX compile features
-- Detecting CXX compile features - done
-- Found ament_cmake: 0.9.12 (/opt/ros/foxy/share/ament_cmake/cmake)
-- Found PythonInterp: /home/song/anaconda3/bin/python3 (found suitable version "3.9.13", minimum required is "3") 
-- Using PYTHON_EXECUTABLE: /home/song/anaconda3/bin/python3
-- Override CMake install command with custom implementation using symlinks instead of copying resources
-- Found ament_lint_auto: 0.9.8 (/opt/ros/foxy/share/ament_lint_auto/cmake)
-- Added test 'copyright' to check source files copyright and LICENSE
-- Added test 'lint_cmake' to check CMake code style
-- Added test 'xmllint' to check XML markup files
-- Configuring done (0.4s)
-- Generating done (0.0s)
-- Build files have been written to: /home/song/steadylab/build/image_common
-- Install configuration: ""
-- Execute custom install script
-- Symlinking: /home/song/steadylab/install/image_common/share/ament_index/resource_index/package_run_dependencies/image_common
-- Symlinking: /home/song/steadylab/install/image_common/share/ament_index/resource_index/parent_prefix_path/image_common
-- Symlinking: /home/song/steadylab/install/image_common/share/image_common/environment/ament_prefix_path.sh
-- Symlinking: /home/song/steadylab/install/image_common/share/image_common/environment/ament_prefix_path.dsv
-- Symlinking: /home/song/steadylab/install/image_common/share/image_common/environment/path.sh
-- Symlinking: /home/song/steadylab/install/image_common/share/image_common/environment/path.dsv
-- Symlinking: /home/song/steadylab/install/image_common/share/image_common/local_setup.bash
-- Symlinking: /home/song/steadylab/install/image_common/share/image_common/local_setup.sh
-- Symlinking: /home/song/steadylab/install/image_common/share/image_common/local_setup.zsh
-- Symlinking: /home/song/steadylab/install/image_common/share/image_common/local_setup.dsv
-- Symlinking: /home/song/steadylab/install/image_common/share/image_common/package.dsv
-- Symlinking: /home/song/steadylab/install/image_common/share/ament_index/resource_index/packages/image_common
-- Symlinking: /home/song/steadylab/install/image_common/share/image_common/cmake/image_commonConfig.cmake
-- Symlinking: /home/song/steadylab/install/image_common/share/image_common/cmake/image_commonConfig-version.cmake
-- Symlinking: /home/song/steadylab/install/image_common/share/image_common/package.xml
