[0.158s] DEBUG:colcon:Command line arguments: ['/usr/bin/colcon', 'build', '--symlink-install']
[0.158s] DEBUG:colcon:Parsed command line arguments: Namespace(allow_overriding=[], ament_cmake_args=None, base_paths=['.'], build_base='build', catkin_cmake_args=None, catkin_skip_building_tests=False, cmake_args=None, cmake_clean_cache=False, cmake_clean_first=False, cmake_force_configure=False, cmake_target=None, cmake_target_skip_unavailable=False, continue_on_error=False, event_handlers=None, executor='parallel', ignore_user_meta=False, install_base='install', log_base=None, log_level=None, main=<bound method BuildVerb.main of <colcon_core.verb.build.BuildVerb object at 0x7f1589af5b80>>, merge_install=False, metas=['./colcon.meta'], packages_above=None, packages_above_and_dependencies=None, packages_above_depth=None, packages_end=None, packages_ignore=None, packages_ignore_regex=None, packages_select=None, packages_select_build_failed=False, packages_select_by_dep=None, packages_select_regex=None, packages_select_test_failures=False, packages_skip=None, packages_skip_build_finished=False, packages_skip_by_dep=None, packages_skip_regex=None, packages_skip_test_passed=False, packages_skip_up_to=None, packages_start=None, packages_up_to=None, packages_up_to_regex=None, parallel_workers=20, paths=None, symlink_install=True, test_result_base=None, verb_extension=<colcon_core.verb.build.BuildVerb object at 0x7f1589af5b80>, verb_name='build', verb_parser=<colcon_defaults.argument_parser.defaults.DefaultArgumentsDecorator object at 0x7f1589b02130>)
[0.172s] Level 1:colcon.colcon_core.package_discovery:discover_packages(colcon_meta) check parameters
[0.172s] Level 1:colcon.colcon_core.package_discovery:discover_packages(recursive) check parameters
[0.172s] Level 1:colcon.colcon_core.package_discovery:discover_packages(ignore) check parameters
[0.172s] Level 1:colcon.colcon_core.package_discovery:discover_packages(path) check parameters
[0.172s] Level 1:colcon.colcon_core.package_discovery:discover_packages(colcon_meta) discover
[0.172s] Level 1:colcon.colcon_core.package_discovery:discover_packages(recursive) discover
[0.172s] INFO:colcon.colcon_core.package_discovery:Crawling recursively for packages in '/home/song/zed'
[0.172s] Level 1:colcon.colcon_core.package_identification:_identify(.) by extensions ['ignore', 'ignore_ament_install']
[0.172s] Level 1:colcon.colcon_core.package_identification:_identify(.) by extension 'ignore'
[0.172s] Level 1:colcon.colcon_core.package_identification:_identify(.) by extension 'ignore_ament_install'
[0.172s] Level 1:colcon.colcon_core.package_identification:_identify(.) by extensions ['colcon_pkg']
[0.172s] Level 1:colcon.colcon_core.package_identification:_identify(.) by extension 'colcon_pkg'
[0.172s] Level 1:colcon.colcon_core.package_identification:_identify(.) by extensions ['colcon_meta']
[0.172s] Level 1:colcon.colcon_core.package_identification:_identify(.) by extension 'colcon_meta'
[0.172s] Level 1:colcon.colcon_core.package_identification:_identify(.) by extensions ['ros']
[0.172s] Level 1:colcon.colcon_core.package_identification:_identify(.) by extension 'ros'
[0.182s] Level 1:colcon.colcon_core.package_identification:_identify(.) by extensions ['cmake', 'python']
[0.182s] Level 1:colcon.colcon_core.package_identification:_identify(.) by extension 'cmake'
[0.182s] Level 1:colcon.colcon_core.package_identification:_identify(.) by extension 'python'
[0.182s] Level 1:colcon.colcon_core.package_identification:_identify(.) by extensions ['python_setup_py']
[0.182s] Level 1:colcon.colcon_core.package_identification:_identify(.) by extension 'python_setup_py'
[0.182s] Level 1:colcon.colcon_core.package_identification:_identify(build) by extensions ['ignore', 'ignore_ament_install']
[0.182s] Level 1:colcon.colcon_core.package_identification:_identify(build) by extension 'ignore'
[0.182s] Level 1:colcon.colcon_core.package_identification:_identify(build) ignored
[0.182s] Level 1:colcon.colcon_core.package_identification:_identify(install) by extensions ['ignore', 'ignore_ament_install']
[0.182s] Level 1:colcon.colcon_core.package_identification:_identify(install) by extension 'ignore'
[0.182s] Level 1:colcon.colcon_core.package_identification:_identify(install) ignored
[0.182s] Level 1:colcon.colcon_core.package_identification:_identify(log) by extensions ['ignore', 'ignore_ament_install']
[0.182s] Level 1:colcon.colcon_core.package_identification:_identify(log) by extension 'ignore'
[0.182s] Level 1:colcon.colcon_core.package_identification:_identify(log) ignored
[0.182s] Level 1:colcon.colcon_core.package_identification:_identify(src) by extensions ['ignore', 'ignore_ament_install']
[0.182s] Level 1:colcon.colcon_core.package_identification:_identify(src) by extension 'ignore'
[0.182s] Level 1:colcon.colcon_core.package_identification:_identify(src) by extension 'ignore_ament_install'
[0.182s] Level 1:colcon.colcon_core.package_identification:_identify(src) by extensions ['colcon_pkg']
[0.182s] Level 1:colcon.colcon_core.package_identification:_identify(src) by extension 'colcon_pkg'
[0.182s] Level 1:colcon.colcon_core.package_identification:_identify(src) by extensions ['colcon_meta']
[0.182s] Level 1:colcon.colcon_core.package_identification:_identify(src) by extension 'colcon_meta'
[0.182s] Level 1:colcon.colcon_core.package_identification:_identify(src) by extensions ['ros']
[0.182s] Level 1:colcon.colcon_core.package_identification:_identify(src) by extension 'ros'
[0.182s] Level 1:colcon.colcon_core.package_identification:_identify(src) by extensions ['cmake', 'python']
[0.182s] Level 1:colcon.colcon_core.package_identification:_identify(src) by extension 'cmake'
[0.182s] Level 1:colcon.colcon_core.package_identification:_identify(src) by extension 'python'
[0.182s] Level 1:colcon.colcon_core.package_identification:_identify(src) by extensions ['python_setup_py']
[0.182s] Level 1:colcon.colcon_core.package_identification:_identify(src) by extension 'python_setup_py'
[0.182s] Level 1:colcon.colcon_core.package_identification:_identify(src/image_common) by extensions ['ignore', 'ignore_ament_install']
[0.182s] Level 1:colcon.colcon_core.package_identification:_identify(src/image_common) by extension 'ignore'
[0.182s] Level 1:colcon.colcon_core.package_identification:_identify(src/image_common) by extension 'ignore_ament_install'
[0.182s] Level 1:colcon.colcon_core.package_identification:_identify(src/image_common) by extensions ['colcon_pkg']
[0.183s] Level 1:colcon.colcon_core.package_identification:_identify(src/image_common) by extension 'colcon_pkg'
[0.183s] Level 1:colcon.colcon_core.package_identification:_identify(src/image_common) by extensions ['colcon_meta']
[0.183s] Level 1:colcon.colcon_core.package_identification:_identify(src/image_common) by extension 'colcon_meta'
[0.183s] Level 1:colcon.colcon_core.package_identification:_identify(src/image_common) by extensions ['ros']
[0.183s] Level 1:colcon.colcon_core.package_identification:_identify(src/image_common) by extension 'ros'
[0.183s] Level 1:colcon.colcon_core.package_identification:_identify(src/image_common) by extensions ['cmake', 'python']
[0.183s] Level 1:colcon.colcon_core.package_identification:_identify(src/image_common) by extension 'cmake'
[0.183s] Level 1:colcon.colcon_core.package_identification:_identify(src/image_common) by extension 'python'
[0.183s] Level 1:colcon.colcon_core.package_identification:_identify(src/image_common) by extensions ['python_setup_py']
[0.183s] Level 1:colcon.colcon_core.package_identification:_identify(src/image_common) by extension 'python_setup_py'
[0.183s] Level 1:colcon.colcon_core.package_identification:_identify(src/image_common/camera_calibration_parsers) by extensions ['ignore', 'ignore_ament_install']
[0.183s] Level 1:colcon.colcon_core.package_identification:_identify(src/image_common/camera_calibration_parsers) by extension 'ignore'
[0.183s] Level 1:colcon.colcon_core.package_identification:_identify(src/image_common/camera_calibration_parsers) by extension 'ignore_ament_install'
[0.183s] Level 1:colcon.colcon_core.package_identification:_identify(src/image_common/camera_calibration_parsers) by extensions ['colcon_pkg']
[0.183s] Level 1:colcon.colcon_core.package_identification:_identify(src/image_common/camera_calibration_parsers) by extension 'colcon_pkg'
[0.183s] Level 1:colcon.colcon_core.package_identification:_identify(src/image_common/camera_calibration_parsers) by extensions ['colcon_meta']
[0.183s] Level 1:colcon.colcon_core.package_identification:_identify(src/image_common/camera_calibration_parsers) by extension 'colcon_meta'
[0.183s] Level 1:colcon.colcon_core.package_identification:_identify(src/image_common/camera_calibration_parsers) by extensions ['ros']
[0.183s] Level 1:colcon.colcon_core.package_identification:_identify(src/image_common/camera_calibration_parsers) by extension 'ros'
[0.184s] DEBUG:colcon.colcon_core.package_identification:Package 'src/image_common/camera_calibration_parsers' with type 'ros.ament_cmake' and name 'camera_calibration_parsers'
[0.184s] Level 1:colcon.colcon_core.package_identification:_identify(src/image_common/camera_info_manager) by extensions ['ignore', 'ignore_ament_install']
[0.184s] Level 1:colcon.colcon_core.package_identification:_identify(src/image_common/camera_info_manager) by extension 'ignore'
[0.184s] Level 1:colcon.colcon_core.package_identification:_identify(src/image_common/camera_info_manager) by extension 'ignore_ament_install'
[0.184s] Level 1:colcon.colcon_core.package_identification:_identify(src/image_common/camera_info_manager) by extensions ['colcon_pkg']
[0.184s] Level 1:colcon.colcon_core.package_identification:_identify(src/image_common/camera_info_manager) by extension 'colcon_pkg'
[0.184s] Level 1:colcon.colcon_core.package_identification:_identify(src/image_common/camera_info_manager) by extensions ['colcon_meta']
[0.184s] Level 1:colcon.colcon_core.package_identification:_identify(src/image_common/camera_info_manager) by extension 'colcon_meta'
[0.185s] Level 1:colcon.colcon_core.package_identification:_identify(src/image_common/camera_info_manager) by extensions ['ros']
[0.185s] Level 1:colcon.colcon_core.package_identification:_identify(src/image_common/camera_info_manager) by extension 'ros'
[0.185s] DEBUG:colcon.colcon_core.package_identification:Package 'src/image_common/camera_info_manager' with type 'ros.ament_cmake' and name 'camera_info_manager'
[0.185s] Level 1:colcon.colcon_core.package_identification:_identify(src/image_common/image_common) by extensions ['ignore', 'ignore_ament_install']
[0.185s] Level 1:colcon.colcon_core.package_identification:_identify(src/image_common/image_common) by extension 'ignore'
[0.185s] Level 1:colcon.colcon_core.package_identification:_identify(src/image_common/image_common) by extension 'ignore_ament_install'
[0.185s] Level 1:colcon.colcon_core.package_identification:_identify(src/image_common/image_common) by extensions ['colcon_pkg']
[0.185s] Level 1:colcon.colcon_core.package_identification:_identify(src/image_common/image_common) by extension 'colcon_pkg'
[0.185s] Level 1:colcon.colcon_core.package_identification:_identify(src/image_common/image_common) by extensions ['colcon_meta']
[0.185s] Level 1:colcon.colcon_core.package_identification:_identify(src/image_common/image_common) by extension 'colcon_meta'
[0.185s] Level 1:colcon.colcon_core.package_identification:_identify(src/image_common/image_common) by extensions ['ros']
[0.185s] Level 1:colcon.colcon_core.package_identification:_identify(src/image_common/image_common) by extension 'ros'
[0.186s] DEBUG:colcon.colcon_core.package_identification:Package 'src/image_common/image_common' with type 'ros.ament_cmake' and name 'image_common'
[0.186s] Level 1:colcon.colcon_core.package_identification:_identify(src/image_common/image_transport) by extensions ['ignore', 'ignore_ament_install']
[0.186s] Level 1:colcon.colcon_core.package_identification:_identify(src/image_common/image_transport) by extension 'ignore'
[0.186s] Level 1:colcon.colcon_core.package_identification:_identify(src/image_common/image_transport) by extension 'ignore_ament_install'
[0.186s] Level 1:colcon.colcon_core.package_identification:_identify(src/image_common/image_transport) by extensions ['colcon_pkg']
[0.186s] Level 1:colcon.colcon_core.package_identification:_identify(src/image_common/image_transport) by extension 'colcon_pkg'
[0.186s] Level 1:colcon.colcon_core.package_identification:_identify(src/image_common/image_transport) by extensions ['colcon_meta']
[0.186s] Level 1:colcon.colcon_core.package_identification:_identify(src/image_common/image_transport) by extension 'colcon_meta'
[0.186s] Level 1:colcon.colcon_core.package_identification:_identify(src/image_common/image_transport) by extensions ['ros']
[0.186s] Level 1:colcon.colcon_core.package_identification:_identify(src/image_common/image_transport) by extension 'ros'
[0.186s] DEBUG:colcon.colcon_core.package_identification:Package 'src/image_common/image_transport' with type 'ros.ament_cmake' and name 'image_transport'
[0.186s] Level 1:colcon.colcon_core.package_identification:_identify(src/image_common/polled_camera) by extensions ['ignore', 'ignore_ament_install']
[0.186s] Level 1:colcon.colcon_core.package_identification:_identify(src/image_common/polled_camera) by extension 'ignore'
[0.186s] Level 1:colcon.colcon_core.package_identification:_identify(src/image_common/polled_camera) ignored
[0.186s] Level 1:colcon.colcon_core.package_discovery:discover_packages(recursive) using defaults
[0.186s] Level 1:colcon.colcon_core.package_discovery:discover_packages(ignore) discover
[0.186s] Level 1:colcon.colcon_core.package_discovery:discover_packages(ignore) using defaults
[0.186s] Level 1:colcon.colcon_core.package_discovery:discover_packages(path) discover
[0.186s] Level 1:colcon.colcon_core.package_discovery:discover_packages(path) using defaults
[0.196s] Level 1:colcon.colcon_core.package_discovery:discover_packages(prefix_path) check parameters
[0.196s] Level 1:colcon.colcon_core.package_discovery:discover_packages(prefix_path) discover
[0.197s] WARNING:colcon.colcon_core.prefix_path.colcon:The path '/home/song/ros-zed/install' in the environment variable COLCON_PREFIX_PATH doesn't exist
[0.197s] WARNING:colcon.colcon_ros.prefix_path.ament:The path '/home/song/ros-zed/install/zed_ros2' in the environment variable AMENT_PREFIX_PATH doesn't exist
[0.197s] WARNING:colcon.colcon_ros.prefix_path.ament:The path '/home/song/ros-zed/install/zed_wrapper' in the environment variable AMENT_PREFIX_PATH doesn't exist
[0.197s] WARNING:colcon.colcon_ros.prefix_path.ament:The path '/home/song/ros-zed/install/zed_components' in the environment variable AMENT_PREFIX_PATH doesn't exist
[0.197s] WARNING:colcon.colcon_ros.prefix_path.ament:The path '/home/song/ros-zed/install/zed_interfaces' in the environment variable AMENT_PREFIX_PATH doesn't exist
[0.197s] WARNING:colcon.colcon_ros.prefix_path.ament:The path '/home/song/ros-zed/install/image_common' in the environment variable AMENT_PREFIX_PATH doesn't exist
[0.197s] WARNING:colcon.colcon_ros.prefix_path.ament:The path '/home/song/ros-zed/install/image_transport' in the environment variable AMENT_PREFIX_PATH doesn't exist
[0.197s] WARNING:colcon.colcon_ros.prefix_path.ament:The path '/home/song/ros-zed/install/camera_info_manager' in the environment variable AMENT_PREFIX_PATH doesn't exist
[0.197s] WARNING:colcon.colcon_ros.prefix_path.ament:The path '/home/song/ros-zed/install/camera_calibration_parsers' in the environment variable AMENT_PREFIX_PATH doesn't exist
[0.197s] WARNING:colcon.colcon_ros.prefix_path.catkin:The path '/home/song/ros-zed/install/zed_ros2' in the environment variable CMAKE_PREFIX_PATH doesn't exist
[0.197s] WARNING:colcon.colcon_ros.prefix_path.catkin:The path '/home/song/ros-zed/install/zed_wrapper' in the environment variable CMAKE_PREFIX_PATH doesn't exist
[0.197s] WARNING:colcon.colcon_ros.prefix_path.catkin:The path '/home/song/ros-zed/install/zed_components' in the environment variable CMAKE_PREFIX_PATH doesn't exist
[0.197s] WARNING:colcon.colcon_ros.prefix_path.catkin:The path '/home/song/ros-zed/install/zed_interfaces' in the environment variable CMAKE_PREFIX_PATH doesn't exist
[0.197s] WARNING:colcon.colcon_ros.prefix_path.catkin:The path '/home/song/ros-zed/install/image_common' in the environment variable CMAKE_PREFIX_PATH doesn't exist
[0.197s] WARNING:colcon.colcon_ros.prefix_path.catkin:The path '/home/song/ros-zed/install/image_transport' in the environment variable CMAKE_PREFIX_PATH doesn't exist
[0.197s] WARNING:colcon.colcon_ros.prefix_path.catkin:The path '/home/song/ros-zed/install/camera_info_manager' in the environment variable CMAKE_PREFIX_PATH doesn't exist
[0.197s] WARNING:colcon.colcon_ros.prefix_path.catkin:The path '/home/song/ros-zed/install/camera_calibration_parsers' in the environment variable CMAKE_PREFIX_PATH doesn't exist
[0.198s] DEBUG:colcon.colcon_installed_package_information.package_discovery:Found 263 installed packages in /opt/ros/foxy
[0.199s] Level 1:colcon.colcon_core.package_discovery:discover_packages(prefix_path) using defaults
[0.230s] WARNING:colcon.colcon_core.package_selection:Some selected packages are already built in one or more underlay workspaces:
	'image_transport' is in: /opt/ros/foxy
If a package in a merged underlay workspace is overridden and it installs headers, then all packages in the overlay must sort their include directories by workspace order. Failure to do so may result in build failures or undefined behavior at run time.
If the overridden package is used by another package in any underlay, then the overriding package in the overlay must be API and ABI compatible or undefined behavior at run time may occur.

If you understand the risks and want to override a package anyways, add the following to the command line:
	--allow-overriding image_transport

This may be promoted to an error in a future release of colcon-override-check.
[0.230s] Level 5:colcon.colcon_core.verb:set package 'camera_calibration_parsers' build argument 'cmake_args' from command line to 'None'
[0.230s] Level 5:colcon.colcon_core.verb:set package 'camera_calibration_parsers' build argument 'cmake_target' from command line to 'None'
[0.230s] Level 5:colcon.colcon_core.verb:set package 'camera_calibration_parsers' build argument 'cmake_target_skip_unavailable' from command line to 'False'
[0.230s] Level 5:colcon.colcon_core.verb:set package 'camera_calibration_parsers' build argument 'cmake_clean_cache' from command line to 'False'
[0.230s] Level 5:colcon.colcon_core.verb:set package 'camera_calibration_parsers' build argument 'cmake_clean_first' from command line to 'False'
[0.230s] Level 5:colcon.colcon_core.verb:set package 'camera_calibration_parsers' build argument 'cmake_force_configure' from command line to 'False'
[0.230s] Level 5:colcon.colcon_core.verb:set package 'camera_calibration_parsers' build argument 'ament_cmake_args' from command line to 'None'
[0.230s] Level 5:colcon.colcon_core.verb:set package 'camera_calibration_parsers' build argument 'catkin_cmake_args' from command line to 'None'
[0.230s] Level 5:colcon.colcon_core.verb:set package 'camera_calibration_parsers' build argument 'catkin_skip_building_tests' from command line to 'False'
[0.230s] DEBUG:colcon.colcon_core.verb:Building package 'camera_calibration_parsers' with the following arguments: {'ament_cmake_args': None, 'build_base': '/home/song/zed/build/camera_calibration_parsers', 'catkin_cmake_args': None, 'catkin_skip_building_tests': False, 'cmake_args': None, 'cmake_clean_cache': False, 'cmake_clean_first': False, 'cmake_force_configure': False, 'cmake_target': None, 'cmake_target_skip_unavailable': False, 'install_base': '/home/song/zed/install/camera_calibration_parsers', 'merge_install': False, 'path': '/home/song/zed/src/image_common/camera_calibration_parsers', 'symlink_install': True, 'test_result_base': None}
[0.231s] Level 5:colcon.colcon_core.verb:set package 'image_transport' build argument 'cmake_args' from command line to 'None'
[0.231s] Level 5:colcon.colcon_core.verb:set package 'image_transport' build argument 'cmake_target' from command line to 'None'
[0.231s] Level 5:colcon.colcon_core.verb:set package 'image_transport' build argument 'cmake_target_skip_unavailable' from command line to 'False'
[0.231s] Level 5:colcon.colcon_core.verb:set package 'image_transport' build argument 'cmake_clean_cache' from command line to 'False'
[0.231s] Level 5:colcon.colcon_core.verb:set package 'image_transport' build argument 'cmake_clean_first' from command line to 'False'
[0.231s] Level 5:colcon.colcon_core.verb:set package 'image_transport' build argument 'cmake_force_configure' from command line to 'False'
[0.231s] Level 5:colcon.colcon_core.verb:set package 'image_transport' build argument 'ament_cmake_args' from command line to 'None'
[0.231s] Level 5:colcon.colcon_core.verb:set package 'image_transport' build argument 'catkin_cmake_args' from command line to 'None'
[0.231s] Level 5:colcon.colcon_core.verb:set package 'image_transport' build argument 'catkin_skip_building_tests' from command line to 'False'
[0.231s] DEBUG:colcon.colcon_core.verb:Building package 'image_transport' with the following arguments: {'ament_cmake_args': None, 'build_base': '/home/song/zed/build/image_transport', 'catkin_cmake_args': None, 'catkin_skip_building_tests': False, 'cmake_args': None, 'cmake_clean_cache': False, 'cmake_clean_first': False, 'cmake_force_configure': False, 'cmake_target': None, 'cmake_target_skip_unavailable': False, 'install_base': '/home/song/zed/install/image_transport', 'merge_install': False, 'path': '/home/song/zed/src/image_common/image_transport', 'symlink_install': True, 'test_result_base': None}
[0.232s] Level 5:colcon.colcon_core.verb:set package 'camera_info_manager' build argument 'cmake_args' from command line to 'None'
[0.232s] Level 5:colcon.colcon_core.verb:set package 'camera_info_manager' build argument 'cmake_target' from command line to 'None'
[0.232s] Level 5:colcon.colcon_core.verb:set package 'camera_info_manager' build argument 'cmake_target_skip_unavailable' from command line to 'False'
[0.232s] Level 5:colcon.colcon_core.verb:set package 'camera_info_manager' build argument 'cmake_clean_cache' from command line to 'False'
[0.232s] Level 5:colcon.colcon_core.verb:set package 'camera_info_manager' build argument 'cmake_clean_first' from command line to 'False'
[0.232s] Level 5:colcon.colcon_core.verb:set package 'camera_info_manager' build argument 'cmake_force_configure' from command line to 'False'
[0.232s] Level 5:colcon.colcon_core.verb:set package 'camera_info_manager' build argument 'ament_cmake_args' from command line to 'None'
[0.232s] Level 5:colcon.colcon_core.verb:set package 'camera_info_manager' build argument 'catkin_cmake_args' from command line to 'None'
[0.232s] Level 5:colcon.colcon_core.verb:set package 'camera_info_manager' build argument 'catkin_skip_building_tests' from command line to 'False'
[0.232s] DEBUG:colcon.colcon_core.verb:Building package 'camera_info_manager' with the following arguments: {'ament_cmake_args': None, 'build_base': '/home/song/zed/build/camera_info_manager', 'catkin_cmake_args': None, 'catkin_skip_building_tests': False, 'cmake_args': None, 'cmake_clean_cache': False, 'cmake_clean_first': False, 'cmake_force_configure': False, 'cmake_target': None, 'cmake_target_skip_unavailable': False, 'install_base': '/home/song/zed/install/camera_info_manager', 'merge_install': False, 'path': '/home/song/zed/src/image_common/camera_info_manager', 'symlink_install': True, 'test_result_base': None}
[0.232s] Level 5:colcon.colcon_core.verb:set package 'image_common' build argument 'cmake_args' from command line to 'None'
[0.232s] Level 5:colcon.colcon_core.verb:set package 'image_common' build argument 'cmake_target' from command line to 'None'
[0.232s] Level 5:colcon.colcon_core.verb:set package 'image_common' build argument 'cmake_target_skip_unavailable' from command line to 'False'
[0.232s] Level 5:colcon.colcon_core.verb:set package 'image_common' build argument 'cmake_clean_cache' from command line to 'False'
[0.232s] Level 5:colcon.colcon_core.verb:set package 'image_common' build argument 'cmake_clean_first' from command line to 'False'
[0.232s] Level 5:colcon.colcon_core.verb:set package 'image_common' build argument 'cmake_force_configure' from command line to 'False'
[0.232s] Level 5:colcon.colcon_core.verb:set package 'image_common' build argument 'ament_cmake_args' from command line to 'None'
[0.232s] Level 5:colcon.colcon_core.verb:set package 'image_common' build argument 'catkin_cmake_args' from command line to 'None'
[0.232s] Level 5:colcon.colcon_core.verb:set package 'image_common' build argument 'catkin_skip_building_tests' from command line to 'False'
[0.232s] DEBUG:colcon.colcon_core.verb:Building package 'image_common' with the following arguments: {'ament_cmake_args': None, 'build_base': '/home/song/zed/build/image_common', 'catkin_cmake_args': None, 'catkin_skip_building_tests': False, 'cmake_args': None, 'cmake_clean_cache': False, 'cmake_clean_first': False, 'cmake_force_configure': False, 'cmake_target': None, 'cmake_target_skip_unavailable': False, 'install_base': '/home/song/zed/install/image_common', 'merge_install': False, 'path': '/home/song/zed/src/image_common/image_common', 'symlink_install': True, 'test_result_base': None}
[0.232s] INFO:colcon.colcon_core.executor:Executing jobs using 'parallel' executor
[0.234s] DEBUG:colcon.colcon_parallel_executor.executor.parallel:run_until_complete
[0.234s] INFO:colcon.colcon_ros.task.ament_cmake.build:Building ROS package in '/home/song/zed/src/image_common/camera_calibration_parsers' with build type 'ament_cmake'
[0.234s] INFO:colcon.colcon_cmake.task.cmake.build:Building CMake package in '/home/song/zed/src/image_common/camera_calibration_parsers'
[0.236s] INFO:colcon.colcon_core.plugin_system:Skipping extension 'colcon_core.shell.bat': Not used on non-Windows systems
[0.237s] INFO:colcon.colcon_core.shell:Skip shell extension 'powershell' for command environment: Not usable outside of PowerShell
[0.237s] DEBUG:colcon.colcon_core.shell:Skip shell extension 'dsv' for command environment
[0.240s] INFO:colcon.colcon_ros.task.ament_cmake.build:Building ROS package in '/home/song/zed/src/image_common/image_transport' with build type 'ament_cmake'
[0.240s] INFO:colcon.colcon_cmake.task.cmake.build:Building CMake package in '/home/song/zed/src/image_common/image_transport'
[0.241s] INFO:colcon.colcon_core.shell:Skip shell extension 'powershell' for command environment: Not usable outside of PowerShell
[0.241s] DEBUG:colcon.colcon_core.shell:Skip shell extension 'dsv' for command environment
[0.246s] DEBUG:colcon.colcon_core.event_handler.log_command:Invoking command in '/home/song/zed/build/camera_calibration_parsers': CMAKE_PREFIX_PATH=${CMAKE_PREFIX_PATH}:/opt/ros/foxy CONDA_PROMPT_MODIFIER=(base) /home/song/.local/bin/cmake /home/song/zed/src/image_common/camera_calibration_parsers -DAMENT_CMAKE_SYMLINK_INSTALL=1 -DCMAKE_INSTALL_PREFIX=/home/song/zed/install/camera_calibration_parsers
[0.249s] DEBUG:colcon.colcon_core.event_handler.log_command:Invoking command in '/home/song/zed/build/image_transport': CMAKE_PREFIX_PATH=${CMAKE_PREFIX_PATH}:/opt/ros/foxy CONDA_PROMPT_MODIFIER=(base) /home/song/.local/bin/cmake /home/song/zed/src/image_common/image_transport -DAMENT_CMAKE_SYMLINK_INSTALL=1 -DCMAKE_INSTALL_PREFIX=/home/song/zed/install/image_transport
[1.080s] DEBUG:colcon.colcon_core.event_handler.log_command:Invoked command in '/home/song/zed/build/camera_calibration_parsers' returned '0': CMAKE_PREFIX_PATH=${CMAKE_PREFIX_PATH}:/opt/ros/foxy CONDA_PROMPT_MODIFIER=(base) /home/song/.local/bin/cmake /home/song/zed/src/image_common/camera_calibration_parsers -DAMENT_CMAKE_SYMLINK_INSTALL=1 -DCMAKE_INSTALL_PREFIX=/home/song/zed/install/camera_calibration_parsers
[1.080s] DEBUG:colcon.colcon_core.event_handler.log_command:Invoking command in '/home/song/zed/build/camera_calibration_parsers': CMAKE_PREFIX_PATH=${CMAKE_PREFIX_PATH}:/opt/ros/foxy CONDA_PROMPT_MODIFIER=(base) /home/song/.local/bin/cmake --build /home/song/zed/build/camera_calibration_parsers -- -j20 -l20
[1.102s] DEBUG:colcon.colcon_core.event_handler.log_command:Invoked command in '/home/song/zed/build/image_transport' returned '0': CMAKE_PREFIX_PATH=${CMAKE_PREFIX_PATH}:/opt/ros/foxy CONDA_PROMPT_MODIFIER=(base) /home/song/.local/bin/cmake /home/song/zed/src/image_common/image_transport -DAMENT_CMAKE_SYMLINK_INSTALL=1 -DCMAKE_INSTALL_PREFIX=/home/song/zed/install/image_transport
[1.103s] DEBUG:colcon.colcon_core.event_handler.log_command:Invoking command in '/home/song/zed/build/image_transport': CMAKE_PREFIX_PATH=${CMAKE_PREFIX_PATH}:/opt/ros/foxy CONDA_PROMPT_MODIFIER=(base) /home/song/.local/bin/cmake --build /home/song/zed/build/image_transport -- -j20 -l20
[3.689s] DEBUG:colcon.colcon_core.event_handler.log_command:Invoked command in '/home/song/zed/build/camera_calibration_parsers' returned '0': CMAKE_PREFIX_PATH=${CMAKE_PREFIX_PATH}:/opt/ros/foxy CONDA_PROMPT_MODIFIER=(base) /home/song/.local/bin/cmake --build /home/song/zed/build/camera_calibration_parsers -- -j20 -l20
[3.741s] DEBUG:colcon.colcon_core.event_handler.log_command:Invoking command in '/home/song/zed/build/camera_calibration_parsers': CMAKE_PREFIX_PATH=${CMAKE_PREFIX_PATH}:/opt/ros/foxy CONDA_PROMPT_MODIFIER=(base) /home/song/.local/bin/cmake --install /home/song/zed/build/camera_calibration_parsers
[3.802s] Level 1:colcon.colcon_core.environment:create_environment_scripts_only(camera_calibration_parsers)
[3.803s] DEBUG:colcon.colcon_core.event_handler.log_command:Invoked command in '/home/song/zed/build/camera_calibration_parsers' returned '0': CMAKE_PREFIX_PATH=${CMAKE_PREFIX_PATH}:/opt/ros/foxy CONDA_PROMPT_MODIFIER=(base) /home/song/.local/bin/cmake --install /home/song/zed/build/camera_calibration_parsers
[3.807s] Level 1:colcon.colcon_core.environment:checking '/home/song/zed/install/camera_calibration_parsers' for CMake module files
[3.807s] Level 1:colcon.colcon_core.environment:checking '/home/song/zed/install/camera_calibration_parsers' for CMake config files
[3.808s] Level 1:colcon.colcon_core.shell:create_environment_hook('camera_calibration_parsers', 'cmake_prefix_path')
[3.809s] INFO:colcon.colcon_core.shell:Creating environment hook '/home/song/zed/install/camera_calibration_parsers/share/camera_calibration_parsers/hook/cmake_prefix_path.ps1'
[3.810s] INFO:colcon.colcon_core.shell:Creating environment descriptor '/home/song/zed/install/camera_calibration_parsers/share/camera_calibration_parsers/hook/cmake_prefix_path.dsv'
[3.810s] INFO:colcon.colcon_core.shell:Creating environment hook '/home/song/zed/install/camera_calibration_parsers/share/camera_calibration_parsers/hook/cmake_prefix_path.sh'
[3.811s] Level 1:colcon.colcon_core.environment:checking '/home/song/zed/install/camera_calibration_parsers/lib'
[3.811s] Level 1:colcon.colcon_core.shell:create_environment_hook('camera_calibration_parsers', 'ld_library_path_lib')
[3.812s] INFO:colcon.colcon_core.shell:Creating environment hook '/home/song/zed/install/camera_calibration_parsers/share/camera_calibration_parsers/hook/ld_library_path_lib.ps1'
[3.813s] INFO:colcon.colcon_core.shell:Creating environment descriptor '/home/song/zed/install/camera_calibration_parsers/share/camera_calibration_parsers/hook/ld_library_path_lib.dsv'
[3.813s] INFO:colcon.colcon_core.shell:Creating environment hook '/home/song/zed/install/camera_calibration_parsers/share/camera_calibration_parsers/hook/ld_library_path_lib.sh'
[3.813s] Level 1:colcon.colcon_core.environment:checking '/home/song/zed/install/camera_calibration_parsers/bin'
[3.813s] Level 1:colcon.colcon_core.environment:checking '/home/song/zed/install/camera_calibration_parsers/lib/pkgconfig/camera_calibration_parsers.pc'
[3.813s] Level 1:colcon.colcon_core.environment:checking '/home/song/zed/install/camera_calibration_parsers/lib/python3.8/site-packages'
[3.814s] Level 1:colcon.colcon_core.environment:checking '/home/song/zed/install/camera_calibration_parsers/bin'
[3.815s] INFO:colcon.colcon_core.shell:Creating package script '/home/song/zed/install/camera_calibration_parsers/share/camera_calibration_parsers/package.ps1'
[3.815s] INFO:colcon.colcon_core.shell:Creating package descriptor '/home/song/zed/install/camera_calibration_parsers/share/camera_calibration_parsers/package.dsv'
[3.816s] INFO:colcon.colcon_core.shell:Creating package script '/home/song/zed/install/camera_calibration_parsers/share/camera_calibration_parsers/package.sh'
[3.816s] INFO:colcon.colcon_core.shell:Creating package script '/home/song/zed/install/camera_calibration_parsers/share/camera_calibration_parsers/package.bash'
[3.816s] INFO:colcon.colcon_core.shell:Creating package script '/home/song/zed/install/camera_calibration_parsers/share/camera_calibration_parsers/package.zsh'
[3.817s] Level 1:colcon.colcon_core.environment:create_file_with_runtime_dependencies(/home/song/zed/install/camera_calibration_parsers/share/colcon-core/packages/camera_calibration_parsers)
[3.851s] Level 1:colcon.colcon_core.environment:create_environment_scripts_only(camera_calibration_parsers)
[3.853s] Level 1:colcon.colcon_core.environment:checking '/home/song/zed/install/camera_calibration_parsers' for CMake module files
[3.854s] Level 1:colcon.colcon_core.environment:checking '/home/song/zed/install/camera_calibration_parsers' for CMake config files
[3.854s] Level 1:colcon.colcon_core.shell:create_environment_hook('camera_calibration_parsers', 'cmake_prefix_path')
[3.855s] INFO:colcon.colcon_core.shell:Creating environment hook '/home/song/zed/install/camera_calibration_parsers/share/camera_calibration_parsers/hook/cmake_prefix_path.ps1'
[3.855s] INFO:colcon.colcon_core.shell:Creating environment descriptor '/home/song/zed/install/camera_calibration_parsers/share/camera_calibration_parsers/hook/cmake_prefix_path.dsv'
[3.856s] INFO:colcon.colcon_core.shell:Creating environment hook '/home/song/zed/install/camera_calibration_parsers/share/camera_calibration_parsers/hook/cmake_prefix_path.sh'
[3.856s] Level 1:colcon.colcon_core.environment:checking '/home/song/zed/install/camera_calibration_parsers/lib'
[3.856s] Level 1:colcon.colcon_core.shell:create_environment_hook('camera_calibration_parsers', 'ld_library_path_lib')
[3.857s] INFO:colcon.colcon_core.shell:Creating environment hook '/home/song/zed/install/camera_calibration_parsers/share/camera_calibration_parsers/hook/ld_library_path_lib.ps1'
[3.857s] INFO:colcon.colcon_core.shell:Creating environment descriptor '/home/song/zed/install/camera_calibration_parsers/share/camera_calibration_parsers/hook/ld_library_path_lib.dsv'
[3.857s] INFO:colcon.colcon_core.shell:Creating environment hook '/home/song/zed/install/camera_calibration_parsers/share/camera_calibration_parsers/hook/ld_library_path_lib.sh'
[3.857s] Level 1:colcon.colcon_core.environment:checking '/home/song/zed/install/camera_calibration_parsers/bin'
[3.857s] Level 1:colcon.colcon_core.environment:checking '/home/song/zed/install/camera_calibration_parsers/lib/pkgconfig/camera_calibration_parsers.pc'
[3.857s] Level 1:colcon.colcon_core.environment:checking '/home/song/zed/install/camera_calibration_parsers/lib/python3.8/site-packages'
[3.857s] Level 1:colcon.colcon_core.environment:checking '/home/song/zed/install/camera_calibration_parsers/bin'
[3.858s] INFO:colcon.colcon_core.shell:Creating package script '/home/song/zed/install/camera_calibration_parsers/share/camera_calibration_parsers/package.ps1'
[3.858s] INFO:colcon.colcon_core.shell:Creating package descriptor '/home/song/zed/install/camera_calibration_parsers/share/camera_calibration_parsers/package.dsv'
[3.858s] INFO:colcon.colcon_core.shell:Creating package script '/home/song/zed/install/camera_calibration_parsers/share/camera_calibration_parsers/package.sh'
[3.859s] INFO:colcon.colcon_core.shell:Creating package script '/home/song/zed/install/camera_calibration_parsers/share/camera_calibration_parsers/package.bash'
[3.859s] INFO:colcon.colcon_core.shell:Creating package script '/home/song/zed/install/camera_calibration_parsers/share/camera_calibration_parsers/package.zsh'
[3.859s] Level 1:colcon.colcon_core.environment:create_file_with_runtime_dependencies(/home/song/zed/install/camera_calibration_parsers/share/colcon-core/packages/camera_calibration_parsers)
[3.859s] INFO:colcon.colcon_ros.task.ament_cmake.build:Building ROS package in '/home/song/zed/src/image_common/camera_info_manager' with build type 'ament_cmake'
[3.859s] INFO:colcon.colcon_cmake.task.cmake.build:Building CMake package in '/home/song/zed/src/image_common/camera_info_manager'
[3.860s] INFO:colcon.colcon_core.shell:Skip shell extension 'powershell' for command environment: Not usable outside of PowerShell
[3.860s] DEBUG:colcon.colcon_core.shell:Skip shell extension 'dsv' for command environment
[3.868s] DEBUG:colcon.colcon_core.event_handler.log_command:Invoking command in '/home/song/zed/build/camera_info_manager': AMENT_PREFIX_PATH=/home/song/zed/install/camera_calibration_parsers:${AMENT_PREFIX_PATH} CMAKE_PREFIX_PATH=/home/song/zed/install/camera_calibration_parsers:/home/song/ros-zed/install/zed_ros2:/home/song/ros-zed/install/zed_wrapper:/home/song/ros-zed/install/zed_components:/home/song/ros-zed/install/zed_interfaces:/home/song/ros-zed/install/image_common:/home/song/ros-zed/install/image_transport:/home/song/ros-zed/install/camera_info_manager:/home/song/ros-zed/install/camera_calibration_parsers:/opt/ros/foxy CONDA_PROMPT_MODIFIER=(base) LD_LIBRARY_PATH=/home/song/zed/install/camera_calibration_parsers/lib:/home/song/ros-zed/install/zed_components/lib:/home/song/ros-zed/install/zed_interfaces/lib:/home/song/ros-zed/install/image_transport/lib:/home/song/ros-zed/install/camera_info_manager/lib:/home/song/ros-zed/install/camera_calibration_parsers/lib:/opt/ros/foxy/opt/yaml_cpp_vendor/lib:/opt/ros/foxy/opt/rviz_ogre_vendor/lib:/opt/ros/foxy/lib/x86_64-linux-gnu:/opt/ros/foxy/lib:/usr/local/cuda-11.8/lib64 /home/song/.local/bin/cmake /home/song/zed/src/image_common/camera_info_manager -DAMENT_CMAKE_SYMLINK_INSTALL=1 -DCMAKE_INSTALL_PREFIX=/home/song/zed/install/camera_info_manager
[4.710s] DEBUG:colcon.colcon_core.event_handler.log_command:Invoked command in '/home/song/zed/build/camera_info_manager' returned '0': AMENT_PREFIX_PATH=/home/song/zed/install/camera_calibration_parsers:${AMENT_PREFIX_PATH} CMAKE_PREFIX_PATH=/home/song/zed/install/camera_calibration_parsers:/home/song/ros-zed/install/zed_ros2:/home/song/ros-zed/install/zed_wrapper:/home/song/ros-zed/install/zed_components:/home/song/ros-zed/install/zed_interfaces:/home/song/ros-zed/install/image_common:/home/song/ros-zed/install/image_transport:/home/song/ros-zed/install/camera_info_manager:/home/song/ros-zed/install/camera_calibration_parsers:/opt/ros/foxy CONDA_PROMPT_MODIFIER=(base) LD_LIBRARY_PATH=/home/song/zed/install/camera_calibration_parsers/lib:/home/song/ros-zed/install/zed_components/lib:/home/song/ros-zed/install/zed_interfaces/lib:/home/song/ros-zed/install/image_transport/lib:/home/song/ros-zed/install/camera_info_manager/lib:/home/song/ros-zed/install/camera_calibration_parsers/lib:/opt/ros/foxy/opt/yaml_cpp_vendor/lib:/opt/ros/foxy/opt/rviz_ogre_vendor/lib:/opt/ros/foxy/lib/x86_64-linux-gnu:/opt/ros/foxy/lib:/usr/local/cuda-11.8/lib64 /home/song/.local/bin/cmake /home/song/zed/src/image_common/camera_info_manager -DAMENT_CMAKE_SYMLINK_INSTALL=1 -DCMAKE_INSTALL_PREFIX=/home/song/zed/install/camera_info_manager
[4.711s] DEBUG:colcon.colcon_core.event_handler.log_command:Invoking command in '/home/song/zed/build/camera_info_manager': AMENT_PREFIX_PATH=/home/song/zed/install/camera_calibration_parsers:${AMENT_PREFIX_PATH} CMAKE_PREFIX_PATH=/home/song/zed/install/camera_calibration_parsers:/home/song/ros-zed/install/zed_ros2:/home/song/ros-zed/install/zed_wrapper:/home/song/ros-zed/install/zed_components:/home/song/ros-zed/install/zed_interfaces:/home/song/ros-zed/install/image_common:/home/song/ros-zed/install/image_transport:/home/song/ros-zed/install/camera_info_manager:/home/song/ros-zed/install/camera_calibration_parsers:/opt/ros/foxy CONDA_PROMPT_MODIFIER=(base) LD_LIBRARY_PATH=/home/song/zed/install/camera_calibration_parsers/lib:/home/song/ros-zed/install/zed_components/lib:/home/song/ros-zed/install/zed_interfaces/lib:/home/song/ros-zed/install/image_transport/lib:/home/song/ros-zed/install/camera_info_manager/lib:/home/song/ros-zed/install/camera_calibration_parsers/lib:/opt/ros/foxy/opt/yaml_cpp_vendor/lib:/opt/ros/foxy/opt/rviz_ogre_vendor/lib:/opt/ros/foxy/lib/x86_64-linux-gnu:/opt/ros/foxy/lib:/usr/local/cuda-11.8/lib64 /home/song/.local/bin/cmake --build /home/song/zed/build/camera_info_manager -- -j20 -l20
[5.771s] DEBUG:colcon.colcon_core.event_handler.log_command:Invoked command in '/home/song/zed/build/camera_info_manager' returned '0': AMENT_PREFIX_PATH=/home/song/zed/install/camera_calibration_parsers:${AMENT_PREFIX_PATH} CMAKE_PREFIX_PATH=/home/song/zed/install/camera_calibration_parsers:/home/song/ros-zed/install/zed_ros2:/home/song/ros-zed/install/zed_wrapper:/home/song/ros-zed/install/zed_components:/home/song/ros-zed/install/zed_interfaces:/home/song/ros-zed/install/image_common:/home/song/ros-zed/install/image_transport:/home/song/ros-zed/install/camera_info_manager:/home/song/ros-zed/install/camera_calibration_parsers:/opt/ros/foxy CONDA_PROMPT_MODIFIER=(base) LD_LIBRARY_PATH=/home/song/zed/install/camera_calibration_parsers/lib:/home/song/ros-zed/install/zed_components/lib:/home/song/ros-zed/install/zed_interfaces/lib:/home/song/ros-zed/install/image_transport/lib:/home/song/ros-zed/install/camera_info_manager/lib:/home/song/ros-zed/install/camera_calibration_parsers/lib:/opt/ros/foxy/opt/yaml_cpp_vendor/lib:/opt/ros/foxy/opt/rviz_ogre_vendor/lib:/opt/ros/foxy/lib/x86_64-linux-gnu:/opt/ros/foxy/lib:/usr/local/cuda-11.8/lib64 /home/song/.local/bin/cmake --build /home/song/zed/build/camera_info_manager -- -j20 -l20
[5.799s] DEBUG:colcon.colcon_core.event_handler.log_command:Invoking command in '/home/song/zed/build/camera_info_manager': AMENT_PREFIX_PATH=/home/song/zed/install/camera_calibration_parsers:${AMENT_PREFIX_PATH} CMAKE_PREFIX_PATH=/home/song/zed/install/camera_calibration_parsers:/home/song/ros-zed/install/zed_ros2:/home/song/ros-zed/install/zed_wrapper:/home/song/ros-zed/install/zed_components:/home/song/ros-zed/install/zed_interfaces:/home/song/ros-zed/install/image_common:/home/song/ros-zed/install/image_transport:/home/song/ros-zed/install/camera_info_manager:/home/song/ros-zed/install/camera_calibration_parsers:/opt/ros/foxy CONDA_PROMPT_MODIFIER=(base) LD_LIBRARY_PATH=/home/song/zed/install/camera_calibration_parsers/lib:/home/song/ros-zed/install/zed_components/lib:/home/song/ros-zed/install/zed_interfaces/lib:/home/song/ros-zed/install/image_transport/lib:/home/song/ros-zed/install/camera_info_manager/lib:/home/song/ros-zed/install/camera_calibration_parsers/lib:/opt/ros/foxy/opt/yaml_cpp_vendor/lib:/opt/ros/foxy/opt/rviz_ogre_vendor/lib:/opt/ros/foxy/lib/x86_64-linux-gnu:/opt/ros/foxy/lib:/usr/local/cuda-11.8/lib64 /home/song/.local/bin/cmake --install /home/song/zed/build/camera_info_manager
[5.854s] Level 1:colcon.colcon_core.environment:create_environment_scripts_only(camera_info_manager)
[5.855s] Level 1:colcon.colcon_core.environment:checking '/home/song/zed/install/camera_info_manager' for CMake module files
[5.856s] DEBUG:colcon.colcon_core.event_handler.log_command:Invoked command in '/home/song/zed/build/camera_info_manager' returned '0': AMENT_PREFIX_PATH=/home/song/zed/install/camera_calibration_parsers:${AMENT_PREFIX_PATH} CMAKE_PREFIX_PATH=/home/song/zed/install/camera_calibration_parsers:/home/song/ros-zed/install/zed_ros2:/home/song/ros-zed/install/zed_wrapper:/home/song/ros-zed/install/zed_components:/home/song/ros-zed/install/zed_interfaces:/home/song/ros-zed/install/image_common:/home/song/ros-zed/install/image_transport:/home/song/ros-zed/install/camera_info_manager:/home/song/ros-zed/install/camera_calibration_parsers:/opt/ros/foxy CONDA_PROMPT_MODIFIER=(base) LD_LIBRARY_PATH=/home/song/zed/install/camera_calibration_parsers/lib:/home/song/ros-zed/install/zed_components/lib:/home/song/ros-zed/install/zed_interfaces/lib:/home/song/ros-zed/install/image_transport/lib:/home/song/ros-zed/install/camera_info_manager/lib:/home/song/ros-zed/install/camera_calibration_parsers/lib:/opt/ros/foxy/opt/yaml_cpp_vendor/lib:/opt/ros/foxy/opt/rviz_ogre_vendor/lib:/opt/ros/foxy/lib/x86_64-linux-gnu:/opt/ros/foxy/lib:/usr/local/cuda-11.8/lib64 /home/song/.local/bin/cmake --install /home/song/zed/build/camera_info_manager
[5.856s] Level 1:colcon.colcon_core.environment:checking '/home/song/zed/install/camera_info_manager' for CMake config files
[5.856s] Level 1:colcon.colcon_core.shell:create_environment_hook('camera_info_manager', 'cmake_prefix_path')
[5.857s] INFO:colcon.colcon_core.shell:Creating environment hook '/home/song/zed/install/camera_info_manager/share/camera_info_manager/hook/cmake_prefix_path.ps1'
[5.857s] INFO:colcon.colcon_core.shell:Creating environment descriptor '/home/song/zed/install/camera_info_manager/share/camera_info_manager/hook/cmake_prefix_path.dsv'
[5.857s] INFO:colcon.colcon_core.shell:Creating environment hook '/home/song/zed/install/camera_info_manager/share/camera_info_manager/hook/cmake_prefix_path.sh'
[5.858s] Level 1:colcon.colcon_core.environment:checking '/home/song/zed/install/camera_info_manager/lib'
[5.858s] Level 1:colcon.colcon_core.shell:create_environment_hook('camera_info_manager', 'ld_library_path_lib')
[5.858s] INFO:colcon.colcon_core.shell:Creating environment hook '/home/song/zed/install/camera_info_manager/share/camera_info_manager/hook/ld_library_path_lib.ps1'
[5.858s] INFO:colcon.colcon_core.shell:Creating environment descriptor '/home/song/zed/install/camera_info_manager/share/camera_info_manager/hook/ld_library_path_lib.dsv'
[5.859s] INFO:colcon.colcon_core.shell:Creating environment hook '/home/song/zed/install/camera_info_manager/share/camera_info_manager/hook/ld_library_path_lib.sh'
[5.859s] Level 1:colcon.colcon_core.environment:checking '/home/song/zed/install/camera_info_manager/bin'
[5.859s] Level 1:colcon.colcon_core.environment:checking '/home/song/zed/install/camera_info_manager/lib/pkgconfig/camera_info_manager.pc'
[5.859s] Level 1:colcon.colcon_core.environment:checking '/home/song/zed/install/camera_info_manager/lib/python3.8/site-packages'
[5.859s] Level 1:colcon.colcon_core.environment:checking '/home/song/zed/install/camera_info_manager/bin'
[5.860s] INFO:colcon.colcon_core.shell:Creating package script '/home/song/zed/install/camera_info_manager/share/camera_info_manager/package.ps1'
[5.860s] INFO:colcon.colcon_core.shell:Creating package descriptor '/home/song/zed/install/camera_info_manager/share/camera_info_manager/package.dsv'
[5.860s] INFO:colcon.colcon_core.shell:Creating package script '/home/song/zed/install/camera_info_manager/share/camera_info_manager/package.sh'
[5.860s] INFO:colcon.colcon_core.shell:Creating package script '/home/song/zed/install/camera_info_manager/share/camera_info_manager/package.bash'
[5.860s] INFO:colcon.colcon_core.shell:Creating package script '/home/song/zed/install/camera_info_manager/share/camera_info_manager/package.zsh'
[5.860s] Level 1:colcon.colcon_core.environment:create_file_with_runtime_dependencies(/home/song/zed/install/camera_info_manager/share/colcon-core/packages/camera_info_manager)
[5.889s] Level 1:colcon.colcon_core.environment:create_environment_scripts_only(camera_info_manager)
[5.891s] Level 1:colcon.colcon_core.environment:checking '/home/song/zed/install/camera_info_manager' for CMake module files
[5.891s] Level 1:colcon.colcon_core.environment:checking '/home/song/zed/install/camera_info_manager' for CMake config files
[5.892s] Level 1:colcon.colcon_core.shell:create_environment_hook('camera_info_manager', 'cmake_prefix_path')
[5.893s] INFO:colcon.colcon_core.shell:Creating environment hook '/home/song/zed/install/camera_info_manager/share/camera_info_manager/hook/cmake_prefix_path.ps1'
[5.893s] INFO:colcon.colcon_core.shell:Creating environment descriptor '/home/song/zed/install/camera_info_manager/share/camera_info_manager/hook/cmake_prefix_path.dsv'
[5.894s] INFO:colcon.colcon_core.shell:Creating environment hook '/home/song/zed/install/camera_info_manager/share/camera_info_manager/hook/cmake_prefix_path.sh'
[5.894s] Level 1:colcon.colcon_core.environment:checking '/home/song/zed/install/camera_info_manager/lib'
[5.895s] Level 1:colcon.colcon_core.shell:create_environment_hook('camera_info_manager', 'ld_library_path_lib')
[5.896s] INFO:colcon.colcon_core.shell:Creating environment hook '/home/song/zed/install/camera_info_manager/share/camera_info_manager/hook/ld_library_path_lib.ps1'
[5.896s] INFO:colcon.colcon_core.shell:Creating environment descriptor '/home/song/zed/install/camera_info_manager/share/camera_info_manager/hook/ld_library_path_lib.dsv'
[5.897s] INFO:colcon.colcon_core.shell:Creating environment hook '/home/song/zed/install/camera_info_manager/share/camera_info_manager/hook/ld_library_path_lib.sh'
[5.897s] Level 1:colcon.colcon_core.environment:checking '/home/song/zed/install/camera_info_manager/bin'
[5.897s] Level 1:colcon.colcon_core.environment:checking '/home/song/zed/install/camera_info_manager/lib/pkgconfig/camera_info_manager.pc'
[5.897s] Level 1:colcon.colcon_core.environment:checking '/home/song/zed/install/camera_info_manager/lib/python3.8/site-packages'
[5.897s] Level 1:colcon.colcon_core.environment:checking '/home/song/zed/install/camera_info_manager/bin'
[5.899s] INFO:colcon.colcon_core.shell:Creating package script '/home/song/zed/install/camera_info_manager/share/camera_info_manager/package.ps1'
[5.900s] INFO:colcon.colcon_core.shell:Creating package descriptor '/home/song/zed/install/camera_info_manager/share/camera_info_manager/package.dsv'
[5.901s] INFO:colcon.colcon_core.shell:Creating package script '/home/song/zed/install/camera_info_manager/share/camera_info_manager/package.sh'
[5.902s] INFO:colcon.colcon_core.shell:Creating package script '/home/song/zed/install/camera_info_manager/share/camera_info_manager/package.bash'
[5.902s] INFO:colcon.colcon_core.shell:Creating package script '/home/song/zed/install/camera_info_manager/share/camera_info_manager/package.zsh'
[5.903s] Level 1:colcon.colcon_core.environment:create_file_with_runtime_dependencies(/home/song/zed/install/camera_info_manager/share/colcon-core/packages/camera_info_manager)
[8.904s] DEBUG:colcon.colcon_core.event_handler.log_command:Invoked command in '/home/song/zed/build/image_transport' returned '0': CMAKE_PREFIX_PATH=${CMAKE_PREFIX_PATH}:/opt/ros/foxy CONDA_PROMPT_MODIFIER=(base) /home/song/.local/bin/cmake --build /home/song/zed/build/image_transport -- -j20 -l20
[8.946s] DEBUG:colcon.colcon_core.event_handler.log_command:Invoking command in '/home/song/zed/build/image_transport': CMAKE_PREFIX_PATH=${CMAKE_PREFIX_PATH}:/opt/ros/foxy CONDA_PROMPT_MODIFIER=(base) /home/song/.local/bin/cmake --install /home/song/zed/build/image_transport
[9.047s] Level 1:colcon.colcon_core.environment:create_environment_scripts_only(image_transport)
[9.048s] DEBUG:colcon.colcon_core.event_handler.log_command:Invoked command in '/home/song/zed/build/image_transport' returned '0': CMAKE_PREFIX_PATH=${CMAKE_PREFIX_PATH}:/opt/ros/foxy CONDA_PROMPT_MODIFIER=(base) /home/song/.local/bin/cmake --install /home/song/zed/build/image_transport
[9.049s] Level 1:colcon.colcon_core.environment:checking '/home/song/zed/install/image_transport' for CMake module files
[9.049s] Level 1:colcon.colcon_core.environment:checking '/home/song/zed/install/image_transport' for CMake config files
[9.049s] Level 1:colcon.colcon_core.shell:create_environment_hook('image_transport', 'cmake_prefix_path')
[9.050s] INFO:colcon.colcon_core.shell:Creating environment hook '/home/song/zed/install/image_transport/share/image_transport/hook/cmake_prefix_path.ps1'
[9.050s] INFO:colcon.colcon_core.shell:Creating environment descriptor '/home/song/zed/install/image_transport/share/image_transport/hook/cmake_prefix_path.dsv'
[9.050s] INFO:colcon.colcon_core.shell:Creating environment hook '/home/song/zed/install/image_transport/share/image_transport/hook/cmake_prefix_path.sh'
[9.051s] Level 1:colcon.colcon_core.environment:checking '/home/song/zed/install/image_transport/lib'
[9.051s] Level 1:colcon.colcon_core.shell:create_environment_hook('image_transport', 'ld_library_path_lib')
[9.051s] INFO:colcon.colcon_core.shell:Creating environment hook '/home/song/zed/install/image_transport/share/image_transport/hook/ld_library_path_lib.ps1'
[9.051s] INFO:colcon.colcon_core.shell:Creating environment descriptor '/home/song/zed/install/image_transport/share/image_transport/hook/ld_library_path_lib.dsv'
[9.052s] INFO:colcon.colcon_core.shell:Creating environment hook '/home/song/zed/install/image_transport/share/image_transport/hook/ld_library_path_lib.sh'
[9.052s] Level 1:colcon.colcon_core.environment:checking '/home/song/zed/install/image_transport/bin'
[9.052s] Level 1:colcon.colcon_core.environment:checking '/home/song/zed/install/image_transport/lib/pkgconfig/image_transport.pc'
[9.052s] Level 1:colcon.colcon_core.environment:checking '/home/song/zed/install/image_transport/lib/python3.8/site-packages'
[9.052s] Level 1:colcon.colcon_core.environment:checking '/home/song/zed/install/image_transport/bin'
[9.053s] INFO:colcon.colcon_core.shell:Creating package script '/home/song/zed/install/image_transport/share/image_transport/package.ps1'
[9.053s] INFO:colcon.colcon_core.shell:Creating package descriptor '/home/song/zed/install/image_transport/share/image_transport/package.dsv'
[9.053s] INFO:colcon.colcon_core.shell:Creating package script '/home/song/zed/install/image_transport/share/image_transport/package.sh'
[9.053s] INFO:colcon.colcon_core.shell:Creating package script '/home/song/zed/install/image_transport/share/image_transport/package.bash'
[9.053s] INFO:colcon.colcon_core.shell:Creating package script '/home/song/zed/install/image_transport/share/image_transport/package.zsh'
[9.053s] Level 1:colcon.colcon_core.environment:create_file_with_runtime_dependencies(/home/song/zed/install/image_transport/share/colcon-core/packages/image_transport)
[9.097s] Level 1:colcon.colcon_core.environment:create_environment_scripts_only(image_transport)
[9.098s] Level 1:colcon.colcon_core.environment:checking '/home/song/zed/install/image_transport' for CMake module files
[9.098s] Level 1:colcon.colcon_core.environment:checking '/home/song/zed/install/image_transport' for CMake config files
[9.098s] Level 1:colcon.colcon_core.shell:create_environment_hook('image_transport', 'cmake_prefix_path')
[9.099s] INFO:colcon.colcon_core.shell:Creating environment hook '/home/song/zed/install/image_transport/share/image_transport/hook/cmake_prefix_path.ps1'
[9.099s] INFO:colcon.colcon_core.shell:Creating environment descriptor '/home/song/zed/install/image_transport/share/image_transport/hook/cmake_prefix_path.dsv'
[9.099s] INFO:colcon.colcon_core.shell:Creating environment hook '/home/song/zed/install/image_transport/share/image_transport/hook/cmake_prefix_path.sh'
[9.099s] Level 1:colcon.colcon_core.environment:checking '/home/song/zed/install/image_transport/lib'
[9.100s] Level 1:colcon.colcon_core.shell:create_environment_hook('image_transport', 'ld_library_path_lib')
[9.100s] INFO:colcon.colcon_core.shell:Creating environment hook '/home/song/zed/install/image_transport/share/image_transport/hook/ld_library_path_lib.ps1'
[9.100s] INFO:colcon.colcon_core.shell:Creating environment descriptor '/home/song/zed/install/image_transport/share/image_transport/hook/ld_library_path_lib.dsv'
[9.100s] INFO:colcon.colcon_core.shell:Creating environment hook '/home/song/zed/install/image_transport/share/image_transport/hook/ld_library_path_lib.sh'
[9.101s] Level 1:colcon.colcon_core.environment:checking '/home/song/zed/install/image_transport/bin'
[9.101s] Level 1:colcon.colcon_core.environment:checking '/home/song/zed/install/image_transport/lib/pkgconfig/image_transport.pc'
[9.101s] Level 1:colcon.colcon_core.environment:checking '/home/song/zed/install/image_transport/lib/python3.8/site-packages'
[9.101s] Level 1:colcon.colcon_core.environment:checking '/home/song/zed/install/image_transport/bin'
[9.102s] INFO:colcon.colcon_core.shell:Creating package script '/home/song/zed/install/image_transport/share/image_transport/package.ps1'
[9.102s] INFO:colcon.colcon_core.shell:Creating package descriptor '/home/song/zed/install/image_transport/share/image_transport/package.dsv'
[9.102s] INFO:colcon.colcon_core.shell:Creating package script '/home/song/zed/install/image_transport/share/image_transport/package.sh'
[9.102s] INFO:colcon.colcon_core.shell:Creating package script '/home/song/zed/install/image_transport/share/image_transport/package.bash'
[9.102s] INFO:colcon.colcon_core.shell:Creating package script '/home/song/zed/install/image_transport/share/image_transport/package.zsh'
[9.103s] Level 1:colcon.colcon_core.environment:create_file_with_runtime_dependencies(/home/song/zed/install/image_transport/share/colcon-core/packages/image_transport)
[9.103s] INFO:colcon.colcon_ros.task.ament_cmake.build:Building ROS package in '/home/song/zed/src/image_common/image_common' with build type 'ament_cmake'
[9.103s] INFO:colcon.colcon_cmake.task.cmake.build:Building CMake package in '/home/song/zed/src/image_common/image_common'
[9.103s] INFO:colcon.colcon_core.shell:Skip shell extension 'powershell' for command environment: Not usable outside of PowerShell
[9.103s] DEBUG:colcon.colcon_core.shell:Skip shell extension 'dsv' for command environment
[9.112s] DEBUG:colcon.colcon_core.event_handler.log_command:Invoking command in '/home/song/zed/build/image_common': AMENT_PREFIX_PATH=/home/song/zed/install/camera_info_manager:/home/song/zed/install/image_transport:/home/song/zed/install/camera_calibration_parsers:${AMENT_PREFIX_PATH} CMAKE_PREFIX_PATH=/home/song/zed/install/camera_info_manager:/home/song/zed/install/image_transport:/home/song/zed/install/camera_calibration_parsers:/home/song/ros-zed/install/zed_ros2:/home/song/ros-zed/install/zed_wrapper:/home/song/ros-zed/install/zed_components:/home/song/ros-zed/install/zed_interfaces:/home/song/ros-zed/install/image_common:/home/song/ros-zed/install/image_transport:/home/song/ros-zed/install/camera_info_manager:/home/song/ros-zed/install/camera_calibration_parsers:/opt/ros/foxy CONDA_PROMPT_MODIFIER=(base) LD_LIBRARY_PATH=/home/song/zed/install/camera_info_manager/lib:/home/song/zed/install/image_transport/lib:/home/song/zed/install/camera_calibration_parsers/lib:/home/song/ros-zed/install/zed_components/lib:/home/song/ros-zed/install/zed_interfaces/lib:/home/song/ros-zed/install/image_transport/lib:/home/song/ros-zed/install/camera_info_manager/lib:/home/song/ros-zed/install/camera_calibration_parsers/lib:/opt/ros/foxy/opt/yaml_cpp_vendor/lib:/opt/ros/foxy/opt/rviz_ogre_vendor/lib:/opt/ros/foxy/lib/x86_64-linux-gnu:/opt/ros/foxy/lib:/usr/local/cuda-11.8/lib64 /home/song/.local/bin/cmake /home/song/zed/src/image_common/image_common -DAMENT_CMAKE_SYMLINK_INSTALL=1 -DCMAKE_INSTALL_PREFIX=/home/song/zed/install/image_common
[9.479s] DEBUG:colcon.colcon_core.event_handler.log_command:Invoked command in '/home/song/zed/build/image_common' returned '0': AMENT_PREFIX_PATH=/home/song/zed/install/camera_info_manager:/home/song/zed/install/image_transport:/home/song/zed/install/camera_calibration_parsers:${AMENT_PREFIX_PATH} CMAKE_PREFIX_PATH=/home/song/zed/install/camera_info_manager:/home/song/zed/install/image_transport:/home/song/zed/install/camera_calibration_parsers:/home/song/ros-zed/install/zed_ros2:/home/song/ros-zed/install/zed_wrapper:/home/song/ros-zed/install/zed_components:/home/song/ros-zed/install/zed_interfaces:/home/song/ros-zed/install/image_common:/home/song/ros-zed/install/image_transport:/home/song/ros-zed/install/camera_info_manager:/home/song/ros-zed/install/camera_calibration_parsers:/opt/ros/foxy CONDA_PROMPT_MODIFIER=(base) LD_LIBRARY_PATH=/home/song/zed/install/camera_info_manager/lib:/home/song/zed/install/image_transport/lib:/home/song/zed/install/camera_calibration_parsers/lib:/home/song/ros-zed/install/zed_components/lib:/home/song/ros-zed/install/zed_interfaces/lib:/home/song/ros-zed/install/image_transport/lib:/home/song/ros-zed/install/camera_info_manager/lib:/home/song/ros-zed/install/camera_calibration_parsers/lib:/opt/ros/foxy/opt/yaml_cpp_vendor/lib:/opt/ros/foxy/opt/rviz_ogre_vendor/lib:/opt/ros/foxy/lib/x86_64-linux-gnu:/opt/ros/foxy/lib:/usr/local/cuda-11.8/lib64 /home/song/.local/bin/cmake /home/song/zed/src/image_common/image_common -DAMENT_CMAKE_SYMLINK_INSTALL=1 -DCMAKE_INSTALL_PREFIX=/home/song/zed/install/image_common
[9.480s] DEBUG:colcon.colcon_core.event_handler.log_command:Invoking command in '/home/song/zed/build/image_common': AMENT_PREFIX_PATH=/home/song/zed/install/camera_info_manager:/home/song/zed/install/image_transport:/home/song/zed/install/camera_calibration_parsers:${AMENT_PREFIX_PATH} CMAKE_PREFIX_PATH=/home/song/zed/install/camera_info_manager:/home/song/zed/install/image_transport:/home/song/zed/install/camera_calibration_parsers:/home/song/ros-zed/install/zed_ros2:/home/song/ros-zed/install/zed_wrapper:/home/song/ros-zed/install/zed_components:/home/song/ros-zed/install/zed_interfaces:/home/song/ros-zed/install/image_common:/home/song/ros-zed/install/image_transport:/home/song/ros-zed/install/camera_info_manager:/home/song/ros-zed/install/camera_calibration_parsers:/opt/ros/foxy CONDA_PROMPT_MODIFIER=(base) LD_LIBRARY_PATH=/home/song/zed/install/camera_info_manager/lib:/home/song/zed/install/image_transport/lib:/home/song/zed/install/camera_calibration_parsers/lib:/home/song/ros-zed/install/zed_components/lib:/home/song/ros-zed/install/zed_interfaces/lib:/home/song/ros-zed/install/image_transport/lib:/home/song/ros-zed/install/camera_info_manager/lib:/home/song/ros-zed/install/camera_calibration_parsers/lib:/opt/ros/foxy/opt/yaml_cpp_vendor/lib:/opt/ros/foxy/opt/rviz_ogre_vendor/lib:/opt/ros/foxy/lib/x86_64-linux-gnu:/opt/ros/foxy/lib:/usr/local/cuda-11.8/lib64 /home/song/.local/bin/cmake --build /home/song/zed/build/image_common -- -j20 -l20
[9.504s] DEBUG:colcon.colcon_core.event_handler.log_command:Invoked command in '/home/song/zed/build/image_common' returned '0': AMENT_PREFIX_PATH=/home/song/zed/install/camera_info_manager:/home/song/zed/install/image_transport:/home/song/zed/install/camera_calibration_parsers:${AMENT_PREFIX_PATH} CMAKE_PREFIX_PATH=/home/song/zed/install/camera_info_manager:/home/song/zed/install/image_transport:/home/song/zed/install/camera_calibration_parsers:/home/song/ros-zed/install/zed_ros2:/home/song/ros-zed/install/zed_wrapper:/home/song/ros-zed/install/zed_components:/home/song/ros-zed/install/zed_interfaces:/home/song/ros-zed/install/image_common:/home/song/ros-zed/install/image_transport:/home/song/ros-zed/install/camera_info_manager:/home/song/ros-zed/install/camera_calibration_parsers:/opt/ros/foxy CONDA_PROMPT_MODIFIER=(base) LD_LIBRARY_PATH=/home/song/zed/install/camera_info_manager/lib:/home/song/zed/install/image_transport/lib:/home/song/zed/install/camera_calibration_parsers/lib:/home/song/ros-zed/install/zed_components/lib:/home/song/ros-zed/install/zed_interfaces/lib:/home/song/ros-zed/install/image_transport/lib:/home/song/ros-zed/install/camera_info_manager/lib:/home/song/ros-zed/install/camera_calibration_parsers/lib:/opt/ros/foxy/opt/yaml_cpp_vendor/lib:/opt/ros/foxy/opt/rviz_ogre_vendor/lib:/opt/ros/foxy/lib/x86_64-linux-gnu:/opt/ros/foxy/lib:/usr/local/cuda-11.8/lib64 /home/song/.local/bin/cmake --build /home/song/zed/build/image_common -- -j20 -l20
[9.528s] DEBUG:colcon.colcon_core.event_handler.log_command:Invoking command in '/home/song/zed/build/image_common': AMENT_PREFIX_PATH=/home/song/zed/install/camera_info_manager:/home/song/zed/install/image_transport:/home/song/zed/install/camera_calibration_parsers:${AMENT_PREFIX_PATH} CMAKE_PREFIX_PATH=/home/song/zed/install/camera_info_manager:/home/song/zed/install/image_transport:/home/song/zed/install/camera_calibration_parsers:/home/song/ros-zed/install/zed_ros2:/home/song/ros-zed/install/zed_wrapper:/home/song/ros-zed/install/zed_components:/home/song/ros-zed/install/zed_interfaces:/home/song/ros-zed/install/image_common:/home/song/ros-zed/install/image_transport:/home/song/ros-zed/install/camera_info_manager:/home/song/ros-zed/install/camera_calibration_parsers:/opt/ros/foxy CONDA_PROMPT_MODIFIER=(base) LD_LIBRARY_PATH=/home/song/zed/install/camera_info_manager/lib:/home/song/zed/install/image_transport/lib:/home/song/zed/install/camera_calibration_parsers/lib:/home/song/ros-zed/install/zed_components/lib:/home/song/ros-zed/install/zed_interfaces/lib:/home/song/ros-zed/install/image_transport/lib:/home/song/ros-zed/install/camera_info_manager/lib:/home/song/ros-zed/install/camera_calibration_parsers/lib:/opt/ros/foxy/opt/yaml_cpp_vendor/lib:/opt/ros/foxy/opt/rviz_ogre_vendor/lib:/opt/ros/foxy/lib/x86_64-linux-gnu:/opt/ros/foxy/lib:/usr/local/cuda-11.8/lib64 /home/song/.local/bin/cmake --install /home/song/zed/build/image_common
[9.567s] Level 1:colcon.colcon_core.environment:create_environment_scripts_only(image_common)
[9.568s] Level 1:colcon.colcon_core.environment:checking '/home/song/zed/install/image_common' for CMake module files
[9.569s] DEBUG:colcon.colcon_core.event_handler.log_command:Invoked command in '/home/song/zed/build/image_common' returned '0': AMENT_PREFIX_PATH=/home/song/zed/install/camera_info_manager:/home/song/zed/install/image_transport:/home/song/zed/install/camera_calibration_parsers:${AMENT_PREFIX_PATH} CMAKE_PREFIX_PATH=/home/song/zed/install/camera_info_manager:/home/song/zed/install/image_transport:/home/song/zed/install/camera_calibration_parsers:/home/song/ros-zed/install/zed_ros2:/home/song/ros-zed/install/zed_wrapper:/home/song/ros-zed/install/zed_components:/home/song/ros-zed/install/zed_interfaces:/home/song/ros-zed/install/image_common:/home/song/ros-zed/install/image_transport:/home/song/ros-zed/install/camera_info_manager:/home/song/ros-zed/install/camera_calibration_parsers:/opt/ros/foxy CONDA_PROMPT_MODIFIER=(base) LD_LIBRARY_PATH=/home/song/zed/install/camera_info_manager/lib:/home/song/zed/install/image_transport/lib:/home/song/zed/install/camera_calibration_parsers/lib:/home/song/ros-zed/install/zed_components/lib:/home/song/ros-zed/install/zed_interfaces/lib:/home/song/ros-zed/install/image_transport/lib:/home/song/ros-zed/install/camera_info_manager/lib:/home/song/ros-zed/install/camera_calibration_parsers/lib:/opt/ros/foxy/opt/yaml_cpp_vendor/lib:/opt/ros/foxy/opt/rviz_ogre_vendor/lib:/opt/ros/foxy/lib/x86_64-linux-gnu:/opt/ros/foxy/lib:/usr/local/cuda-11.8/lib64 /home/song/.local/bin/cmake --install /home/song/zed/build/image_common
[9.569s] Level 1:colcon.colcon_core.environment:checking '/home/song/zed/install/image_common' for CMake config files
[9.569s] Level 1:colcon.colcon_core.shell:create_environment_hook('image_common', 'cmake_prefix_path')
[9.570s] INFO:colcon.colcon_core.shell:Creating environment hook '/home/song/zed/install/image_common/share/image_common/hook/cmake_prefix_path.ps1'
[9.570s] INFO:colcon.colcon_core.shell:Creating environment descriptor '/home/song/zed/install/image_common/share/image_common/hook/cmake_prefix_path.dsv'
[9.570s] INFO:colcon.colcon_core.shell:Creating environment hook '/home/song/zed/install/image_common/share/image_common/hook/cmake_prefix_path.sh'
[9.570s] Level 1:colcon.colcon_core.environment:checking '/home/song/zed/install/image_common/bin'
[9.570s] Level 1:colcon.colcon_core.environment:checking '/home/song/zed/install/image_common/lib/pkgconfig/image_common.pc'
[9.571s] Level 1:colcon.colcon_core.environment:checking '/home/song/zed/install/image_common/lib/python3.8/site-packages'
[9.571s] Level 1:colcon.colcon_core.environment:checking '/home/song/zed/install/image_common/bin'
[9.571s] INFO:colcon.colcon_core.shell:Creating package script '/home/song/zed/install/image_common/share/image_common/package.ps1'
[9.571s] INFO:colcon.colcon_core.shell:Creating package descriptor '/home/song/zed/install/image_common/share/image_common/package.dsv'
[9.572s] INFO:colcon.colcon_core.shell:Creating package script '/home/song/zed/install/image_common/share/image_common/package.sh'
[9.572s] INFO:colcon.colcon_core.shell:Creating package script '/home/song/zed/install/image_common/share/image_common/package.bash'
[9.572s] INFO:colcon.colcon_core.shell:Creating package script '/home/song/zed/install/image_common/share/image_common/package.zsh'
[9.572s] Level 1:colcon.colcon_core.environment:create_file_with_runtime_dependencies(/home/song/zed/install/image_common/share/colcon-core/packages/image_common)
[9.597s] Level 1:colcon.colcon_core.environment:create_environment_scripts_only(image_common)
[9.598s] Level 1:colcon.colcon_core.environment:checking '/home/song/zed/install/image_common' for CMake module files
[9.598s] Level 1:colcon.colcon_core.environment:checking '/home/song/zed/install/image_common' for CMake config files
[9.598s] Level 1:colcon.colcon_core.shell:create_environment_hook('image_common', 'cmake_prefix_path')
[9.599s] INFO:colcon.colcon_core.shell:Creating environment hook '/home/song/zed/install/image_common/share/image_common/hook/cmake_prefix_path.ps1'
[9.599s] INFO:colcon.colcon_core.shell:Creating environment descriptor '/home/song/zed/install/image_common/share/image_common/hook/cmake_prefix_path.dsv'
[9.599s] INFO:colcon.colcon_core.shell:Creating environment hook '/home/song/zed/install/image_common/share/image_common/hook/cmake_prefix_path.sh'
[9.599s] Level 1:colcon.colcon_core.environment:checking '/home/song/zed/install/image_common/bin'
[9.599s] Level 1:colcon.colcon_core.environment:checking '/home/song/zed/install/image_common/lib/pkgconfig/image_common.pc'
[9.599s] Level 1:colcon.colcon_core.environment:checking '/home/song/zed/install/image_common/lib/python3.8/site-packages'
[9.600s] Level 1:colcon.colcon_core.environment:checking '/home/song/zed/install/image_common/bin'
[9.600s] INFO:colcon.colcon_core.shell:Creating package script '/home/song/zed/install/image_common/share/image_common/package.ps1'
[9.600s] INFO:colcon.colcon_core.shell:Creating package descriptor '/home/song/zed/install/image_common/share/image_common/package.dsv'
[9.601s] INFO:colcon.colcon_core.shell:Creating package script '/home/song/zed/install/image_common/share/image_common/package.sh'
[9.601s] INFO:colcon.colcon_core.shell:Creating package script '/home/song/zed/install/image_common/share/image_common/package.bash'
[9.601s] INFO:colcon.colcon_core.shell:Creating package script '/home/song/zed/install/image_common/share/image_common/package.zsh'
[9.601s] Level 1:colcon.colcon_core.environment:create_file_with_runtime_dependencies(/home/song/zed/install/image_common/share/colcon-core/packages/image_common)
[9.601s] DEBUG:colcon.colcon_parallel_executor.executor.parallel:closing loop
[9.602s] DEBUG:colcon.colcon_parallel_executor.executor.parallel:loop closed
[9.602s] DEBUG:colcon.colcon_parallel_executor.executor.parallel:run_until_complete finished with '0'
[9.602s] DEBUG:colcon.colcon_core.event_reactor:joining thread
[9.605s] INFO:colcon.colcon_core.plugin_system:Skipping extension 'colcon_notification.desktop_notification.terminal_notifier': Not used on non-Darwin systems
[9.605s] INFO:colcon.colcon_core.plugin_system:Skipping extension 'colcon_notification.desktop_notification.win32': Not used on non-Windows systems
[9.605s] INFO:colcon.colcon_notification.desktop_notification:Sending desktop notification using 'notify2'
[9.625s] DEBUG:colcon.colcon_core.event_reactor:joined thread
[9.625s] INFO:colcon.colcon_core.shell:Creating prefix script '/home/song/zed/install/local_setup.ps1'
[9.626s] INFO:colcon.colcon_core.shell:Creating prefix util module '/home/song/zed/install/_local_setup_util_ps1.py'
[9.627s] INFO:colcon.colcon_core.shell:Creating prefix chain script '/home/song/zed/install/setup.ps1'
[9.627s] INFO:colcon.colcon_core.shell:Creating prefix script '/home/song/zed/install/local_setup.sh'
[9.627s] INFO:colcon.colcon_core.shell:Creating prefix util module '/home/song/zed/install/_local_setup_util_sh.py'
[9.628s] INFO:colcon.colcon_core.shell:Creating prefix chain script '/home/song/zed/install/setup.sh'
[9.628s] INFO:colcon.colcon_core.shell:Creating prefix script '/home/song/zed/install/local_setup.bash'
[9.628s] INFO:colcon.colcon_core.shell:Creating prefix chain script '/home/song/zed/install/setup.bash'
[9.629s] INFO:colcon.colcon_core.shell:Creating prefix script '/home/song/zed/install/local_setup.zsh'
[9.629s] INFO:colcon.colcon_core.shell:Creating prefix chain script '/home/song/zed/install/setup.zsh'
