[0.288s] Invoking command in '/home/song/steadylab/src/build/zed_tutorial_depth': CMAKE_PREFIX_PATH=${CMAKE_PREFIX_PATH}:/home/song/steadylab/install/yo:/home/song/steadylab/install/steadylab:/opt/ros/foxy CONDA_PROMPT_MODIFIER=(base) /usr/bin/cmake /home/song/steadylab/src/zed-ros2-examples/tutorials/zed_depth_tutorial -DCMAKE_BUILD_TYPE=Release -DAMENT_CMAKE_SYMLINK_INSTALL=1 -DCMAKE_INSTALL_PREFIX=/home/song/steadylab/src/install/zed_tutorial_depth
[0.323s] -- The C compiler identification is GNU 9.4.0
[0.365s] -- The CXX compiler identification is GNU 9.4.0
[0.371s] -- Check for working C compiler: /usr/bin/cc
[0.421s] -- Check for working C compiler: /usr/bin/cc -- works
[0.422s] -- Detecting C compiler ABI info
[0.479s] -- Detecting C compiler ABI info - done
[0.486s] -- Detecting C compile features
[0.486s] -- Detecting C compile features - done
[0.488s] -- Check for working CXX compiler: /usr/bin/c++
[0.547s] -- Check for working CXX compiler: /usr/bin/c++ -- works
[0.548s] -- Detecting CXX compiler ABI info
[0.608s] -- Detecting CXX compiler ABI info - done
[0.620s] -- Detecting CXX compile features
[0.620s] -- Detecting CXX compile features - done
[0.622s] -- Found ament_cmake_auto: 0.9.12 (/opt/ros/foxy/share/ament_cmake_auto/cmake)
[0.645s] -- Found PythonInterp: /home/song/anaconda3/bin/python3 (found suitable version "3.9.13", minimum required is "3") 
[0.645s] -- Using PYTHON_EXECUTABLE: /home/song/anaconda3/bin/python3
[0.749s] -- Override CMake install command with custom implementation using symlinks instead of copying resources
[0.874s] -- Using all available rosidl_typesupport_c: rosidl_typesupport_fastrtps_c;rosidl_typesupport_introspection_c
[0.878s] -- Found rosidl_adapter: 1.3.1 (/opt/ros/foxy/share/rosidl_adapter/cmake)
[0.937s] -- Found OpenSSL: /usr/lib/x86_64-linux-gnu/libcrypto.so (found version "1.1.1f")  
[0.970s] -- Found FastRTPS: /opt/ros/foxy/include  
[1.052s] -- Using all available rosidl_typesupport_cpp: rosidl_typesupport_fastrtps_cpp;rosidl_typesupport_introspection_cpp
[1.112s] -- Found rmw_implementation_cmake: 1.0.4 (/opt/ros/foxy/share/rmw_implementation_cmake/cmake)
[1.114s] -- Using RMW implementation 'rmw_fastrtps_cpp' as default
[1.115s] -- Looking for pthread.h
[1.164s] -- Looking for pthread.h - found
[1.164s] -- Performing Test CMAKE_HAVE_LIBC_PTHREAD
[1.210s] -- Performing Test CMAKE_HAVE_LIBC_PTHREAD - Failed
[1.210s] -- Looking for pthread_create in pthreads
[1.250s] -- Looking for pthread_create in pthreads - not found
[1.250s] -- Looking for pthread_create in pthread
[1.298s] -- Looking for pthread_create in pthread - found
[1.299s] -- Found Threads: TRUE  
[1.476s] -- Found ament_lint_auto: 0.9.8 (/opt/ros/foxy/share/ament_lint_auto/cmake)
[1.494s] -- Added test 'copyright' to check source files copyright and LICENSE
[1.495s] -- Added test 'cppcheck' to perform static code analysis on C / C++ code
[1.495s] -- Configured cppcheck include dirs: 
[1.495s] -- Configured cppcheck exclude dirs and/or files: 
[1.495s] -- Added test 'cpplint' to check C / C++ code against the Google style
[1.495s] -- Configured cpplint exclude dirs and/or files: 
[1.496s] -- Added test 'lint_cmake' to check CMake code style
[1.496s] -- Added test 'uncrustify' to check C / C++ code style
[1.497s] -- Configured uncrustify additional arguments: 
[1.497s] -- Added test 'xmllint' to check XML markup files
[1.499s] -- Configuring done
[1.504s] -- Generating done
[1.505s] -- Build files have been written to: /home/song/steadylab/src/build/zed_tutorial_depth
