[0.035s] Invoking command in '/home/song/steadylab/build/camera_calibration_parsers': CMAKE_PREFIX_PATH=${CMAKE_PREFIX_PATH}:/home/song/zed/install/steadylab:/opt/ros/foxy CONDA_PROMPT_MODIFIER=(base) /home/song/.local/bin/cmake /home/song/steadylab/src/image_common/camera_calibration_parsers -DAMENT_CMAKE_SYMLINK_INSTALL=1 -DCMAKE_INSTALL_PREFIX=/home/song/steadylab/install/camera_calibration_parsers
[0.182s] -- The C compiler identification is GNU 9.4.0
[0.278s] -- The CXX compiler identification is GNU 9.4.0
[0.285s] -- Detecting C compiler ABI info
[0.325s] -- Detecting C compiler ABI info - done
[0.334s] -- Check for working C compiler: /usr/bin/cc - skipped
[0.334s] -- Detecting C compile features
[0.334s] -- Detecting C compile features - done
[0.336s] -- Detecting CXX compiler ABI info
[0.378s] -- Detecting CXX compiler ABI info - done
[0.385s] -- Check for working CXX compiler: /usr/bin/c++ - skipped
[0.385s] -- Detecting CXX compile features
[0.385s] -- Detecting CXX compile features - done
[0.387s] -- Found ament_cmake_ros: 0.9.2 (/opt/ros/foxy/share/ament_cmake_ros/cmake)
[0.410s] -- Found PythonInterp: /home/song/anaconda3/bin/python3 (found suitable version "3.9.13", minimum required is "3") 
[0.410s] -- Using PYTHON_EXECUTABLE: /home/song/anaconda3/bin/python3
[0.548s] -- Override CMake install command with custom implementation using symlinks instead of copying resources
[0.563s] -- Found rclcpp: 2.4.3 (/opt/ros/foxy/share/rclcpp/cmake)
[0.593s] -- Using all available rosidl_typesupport_c: rosidl_typesupport_fastrtps_c;rosidl_typesupport_introspection_c
[0.597s] -- Found rosidl_adapter: 1.3.1 (/opt/ros/foxy/share/rosidl_adapter/cmake)
[0.649s] -- Found OpenSSL: /usr/lib/x86_64-linux-gnu/libcrypto.so (found version "1.1.1f")  
[0.683s] -- Found FastRTPS: /opt/ros/foxy/include  
[0.764s] -- Using all available rosidl_typesupport_cpp: rosidl_typesupport_fastrtps_cpp;rosidl_typesupport_introspection_cpp
[0.809s] -- Found rmw_implementation_cmake: 1.0.4 (/opt/ros/foxy/share/rmw_implementation_cmake/cmake)
[0.811s] -- Using RMW implementation 'rmw_fastrtps_cpp' as default
[0.811s] -- Performing Test CMAKE_HAVE_LIBC_PTHREAD
[0.847s] -- Performing Test CMAKE_HAVE_LIBC_PTHREAD - Failed
[0.847s] -- Looking for pthread_create in pthreads
[0.875s] -- Looking for pthread_create in pthreads - not found
[0.875s] -- Looking for pthread_create in pthread
[0.912s] -- Looking for pthread_create in pthread - found
[0.913s] -- Found Threads: TRUE  
[1.025s] -- Found sensor_msgs: 2.0.5 (/opt/ros/foxy/share/sensor_msgs/cmake)
[1.096s] -- Found yaml_cpp_vendor: 7.0.3 (/opt/ros/foxy/share/yaml_cpp_vendor/cmake)
[1.096s] -- Setting yaml-cpp_DIR to: '/opt/ros/foxy/share/yaml_cpp_vendor/cmake/../../../opt/yaml_cpp_vendor/lib/cmake/yaml-cpp'
[1.100s] -- Found ament_cmake_cppcheck: 0.9.8 (/opt/ros/foxy/share/ament_cmake_cppcheck/cmake)
[1.101s] -- Found ament_cmake_cpplint: 0.9.8 (/opt/ros/foxy/share/ament_cmake_cpplint/cmake)
[1.102s] -- Found ament_cmake_lint_cmake: 0.9.8 (/opt/ros/foxy/share/ament_cmake_lint_cmake/cmake)
[1.103s] -- Found ament_cmake_uncrustify: 0.9.8 (/opt/ros/foxy/share/ament_cmake_uncrustify/cmake)
[1.105s] -- Found gtest sources under '/opt/ros/foxy/src/gtest_vendor': C++ tests using 'Google Test' will be built
[1.107s] -- Check if compiler accepts -pthread
[1.144s] -- Check if compiler accepts -pthread - yes
[1.200s] -- Configuring done (1.1s)
[1.213s] -- Generating done (0.0s)
[1.215s] -- Build files have been written to: /home/song/steadylab/build/camera_calibration_parsers
[1.222s] Invoked command in '/home/song/steadylab/build/camera_calibration_parsers' returned '0': CMAKE_PREFIX_PATH=${CMAKE_PREFIX_PATH}:/home/song/zed/install/steadylab:/opt/ros/foxy CONDA_PROMPT_MODIFIER=(base) /home/song/.local/bin/cmake /home/song/steadylab/src/image_common/camera_calibration_parsers -DAMENT_CMAKE_SYMLINK_INSTALL=1 -DCMAKE_INSTALL_PREFIX=/home/song/steadylab/install/camera_calibration_parsers
[1.223s] Invoking command in '/home/song/steadylab/build/camera_calibration_parsers': CMAKE_PREFIX_PATH=${CMAKE_PREFIX_PATH}:/home/song/zed/install/steadylab:/opt/ros/foxy CONDA_PROMPT_MODIFIER=(base) /home/song/.local/bin/cmake --build /home/song/steadylab/build/camera_calibration_parsers -- -j20 -l20
[1.256s] [  7%] [32mBuilding CXX object gtest/CMakeFiles/gtest.dir/src/gtest-all.cc.o[0m
[1.256s] [ 14%] [32mBuilding CXX object CMakeFiles/camera_calibration_parsers.dir/src/parse_ini.cpp.o[0m
[1.256s] [ 21%] [32mBuilding CXX object gtest/CMakeFiles/gtest_main.dir/src/gtest_main.cc.o[0m
[1.257s] [ 28%] [32mBuilding CXX object CMakeFiles/camera_calibration_parsers.dir/src/parse_yml.cpp.o[0m
[1.262s] [ 35%] [32mBuilding CXX object CMakeFiles/camera_calibration_parsers.dir/src/parse.cpp.o[0m
[2.003s] [ 42%] [32m[1mLinking CXX static library libgtest_main.a[0m
[2.039s] [ 42%] Built target gtest_main
[3.400s] [ 50%] [32m[1mLinking CXX shared library libcamera_calibration_parsers.so[0m
[3.548s] [ 50%] Built target camera_calibration_parsers
[3.561s] [ 57%] [32mBuilding CXX object CMakeFiles/convert.dir/src/convert.cpp.o[0m
[3.964s] [ 64%] [32m[1mLinking CXX executable convert[0m
[4.132s] [ 64%] Built target convert
[4.207s] [ 71%] [32m[1mLinking CXX static library libgtest.a[0m
[4.237s] [ 71%] Built target gtest
[4.246s] [ 78%] [32mBuilding CXX object CMakeFiles/camera_calibration_parsers-parse_yml.dir/test/test_parse_yml.cpp.o[0m
[4.249s] [ 85%] [32mBuilding CXX object CMakeFiles/camera_calibration_parsers-parse_ini.dir/test/test_parse_ini.cpp.o[0m
[5.173s] [ 92%] [32m[1mLinking CXX executable camera_calibration_parsers-parse_yml[0m
[5.247s] [100%] [32m[1mLinking CXX executable camera_calibration_parsers-parse_ini[0m
[5.413s] [100%] Built target camera_calibration_parsers-parse_yml
[5.466s] [100%] Built target camera_calibration_parsers-parse_ini
[5.478s] Invoked command in '/home/song/steadylab/build/camera_calibration_parsers' returned '0': CMAKE_PREFIX_PATH=${CMAKE_PREFIX_PATH}:/home/song/zed/install/steadylab:/opt/ros/foxy CONDA_PROMPT_MODIFIER=(base) /home/song/.local/bin/cmake --build /home/song/steadylab/build/camera_calibration_parsers -- -j20 -l20
[5.675s] Invoking command in '/home/song/steadylab/build/camera_calibration_parsers': CMAKE_PREFIX_PATH=${CMAKE_PREFIX_PATH}:/home/song/zed/install/steadylab:/opt/ros/foxy CONDA_PROMPT_MODIFIER=(base) /home/song/.local/bin/cmake --install /home/song/steadylab/build/camera_calibration_parsers
[5.714s] -- Install configuration: ""
[5.714s] -- Execute custom install script
[5.715s] -- Symlinking: /home/song/steadylab/install/camera_calibration_parsers/lib/libcamera_calibration_parsers.so
[5.737s] -- Symlinking: /home/song/steadylab/install/camera_calibration_parsers/lib/camera_calibration_parsers/convert
[5.740s] -- Symlinking: /home/song/steadylab/install/camera_calibration_parsers/include/camera_calibration_parsers/parse.h
[5.744s] -- Symlinking: /home/song/steadylab/install/camera_calibration_parsers/include/camera_calibration_parsers/parse.hpp
[5.747s] -- Symlinking: /home/song/steadylab/install/camera_calibration_parsers/include/camera_calibration_parsers/parse_ini.h
[5.773s] -- Symlinking: /home/song/steadylab/install/camera_calibration_parsers/include/camera_calibration_parsers/parse_ini.hpp
[5.776s] -- Symlinking: /home/song/steadylab/install/camera_calibration_parsers/include/camera_calibration_parsers/parse_yml.h
[5.778s] -- Symlinking: /home/song/steadylab/install/camera_calibration_parsers/include/camera_calibration_parsers/parse_yml.hpp
[5.782s] -- Symlinking: /home/song/steadylab/install/camera_calibration_parsers/include/camera_calibration_parsers/visibility_control.hpp
[5.797s] -- Symlinking: /home/song/steadylab/install/camera_calibration_parsers/share/camera_calibration_parsers/environment/library_path.sh
[5.815s] -- Symlinking: /home/song/steadylab/install/camera_calibration_parsers/share/camera_calibration_parsers/environment/library_path.dsv
[5.823s] -- Symlinking: /home/song/steadylab/install/camera_calibration_parsers/share/ament_index/resource_index/package_run_dependencies/camera_calibration_parsers
[5.832s] -- Symlinking: /home/song/steadylab/install/camera_calibration_parsers/share/ament_index/resource_index/parent_prefix_path/camera_calibration_parsers
[5.842s] -- Symlinking: /home/song/steadylab/install/camera_calibration_parsers/share/camera_calibration_parsers/environment/ament_prefix_path.sh
[5.853s] -- Symlinking: /home/song/steadylab/install/camera_calibration_parsers/share/camera_calibration_parsers/environment/ament_prefix_path.dsv
[5.857s] -- Symlinking: /home/song/steadylab/install/camera_calibration_parsers/share/camera_calibration_parsers/environment/path.sh
[5.863s] -- Symlinking: /home/song/steadylab/install/camera_calibration_parsers/share/camera_calibration_parsers/environment/path.dsv
[5.868s] -- Symlinking: /home/song/steadylab/install/camera_calibration_parsers/share/camera_calibration_parsers/local_setup.bash
[5.872s] -- Symlinking: /home/song/steadylab/install/camera_calibration_parsers/share/camera_calibration_parsers/local_setup.sh
[5.886s] -- Symlinking: /home/song/steadylab/install/camera_calibration_parsers/share/camera_calibration_parsers/local_setup.zsh
[5.889s] -- Symlinking: /home/song/steadylab/install/camera_calibration_parsers/share/camera_calibration_parsers/local_setup.dsv
[5.893s] -- Symlinking: /home/song/steadylab/install/camera_calibration_parsers/share/camera_calibration_parsers/package.dsv
[5.897s] -- Symlinking: /home/song/steadylab/install/camera_calibration_parsers/share/ament_index/resource_index/packages/camera_calibration_parsers
[5.900s] -- Symlinking: /home/song/steadylab/install/camera_calibration_parsers/share/camera_calibration_parsers/cmake/ament_cmake_export_include_directories-extras.cmake
[5.904s] -- Symlinking: /home/song/steadylab/install/camera_calibration_parsers/share/camera_calibration_parsers/cmake/ament_cmake_export_libraries-extras.cmake
[5.907s] -- Symlinking: /home/song/steadylab/install/camera_calibration_parsers/share/camera_calibration_parsers/cmake/ament_cmake_export_dependencies-extras.cmake
[5.910s] -- Symlinking: /home/song/steadylab/install/camera_calibration_parsers/share/camera_calibration_parsers/cmake/camera_calibration_parsersConfig.cmake
[5.913s] -- Symlinking: /home/song/steadylab/install/camera_calibration_parsers/share/camera_calibration_parsers/cmake/camera_calibration_parsersConfig-version.cmake
[5.917s] -- Symlinking: /home/song/steadylab/install/camera_calibration_parsers/share/camera_calibration_parsers/package.xml
[5.932s] Invoked command in '/home/song/steadylab/build/camera_calibration_parsers' returned '0': CMAKE_PREFIX_PATH=${CMAKE_PREFIX_PATH}:/home/song/zed/install/steadylab:/opt/ros/foxy CONDA_PROMPT_MODIFIER=(base) /home/song/.local/bin/cmake --install /home/song/steadylab/build/camera_calibration_parsers
