[0.014s] Invoking command in '/home/song/zed/build/rviz_plugin_zed_od': CMAKE_PREFIX_PATH=/home/song/zed/install/zed_interfaces:/home/song/zed/install/zed_ros2:/home/song/zed/install/zed_multi_camera:/home/song/zed/install/zed_display_rviz2:/home/song/zed/install/zed_wrapper:/home/song/zed/install/zed_tutorial_video:/home/song/zed/install/zed_tutorial_pos_tracking:/home/song/zed/install/zed_tutorial_depth:/home/song/zed/install/zed_topic_benchmark_interfaces:/home/song/zed/install/zed_rgb_convert:/home/song/zed/install/zed_components:/home/song/zed/install/rviz_plugin_zed_od:/home/song/zed/install/image_common:/home/song/zed/install/image_transport:/home/song/zed/install/camera_info_manager:/home/song/zed/install/camera_calibration_parsers:/home/song/zed/install/steadylab:/opt/ros/foxy CONDA_PROMPT_MODIFIER=(base) LD_LIBRARY_PATH=/home/song/zed/install/zed_interfaces/lib:/home/song/zed/install/zed_topic_benchmark_interfaces/lib:/home/song/zed/install/zed_rgb_convert/lib:/home/song/zed/install/zed_components/lib:/home/song/zed/install/rviz_plugin_zed_od/lib:/home/song/zed/install/image_transport/lib:/home/song/zed/install/camera_info_manager/lib:/home/song/zed/install/camera_calibration_parsers/lib:/opt/ros/foxy/opt/yaml_cpp_vendor/lib:/opt/ros/foxy/opt/rviz_ogre_vendor/lib:/opt/ros/foxy/lib/x86_64-linux-gnu:/opt/ros/foxy/lib:/usr/local/cuda-11.8/lib64 /home/song/.local/bin/cmake --build /home/song/zed/build/rviz_plugin_zed_od -- -j20 -l20
[0.044s] [ 20%] [34m[1mAutomatic MOC and UIC for target rviz_plugin_zed_od[0m
[0.049s] [ 20%] Built target rviz_plugin_zed_od_autogen
[0.061s] [100%] Built target rviz_plugin_zed_od
[0.067s] Invoked command in '/home/song/zed/build/rviz_plugin_zed_od' returned '0': CMAKE_PREFIX_PATH=/home/song/zed/install/zed_interfaces:/home/song/zed/install/zed_ros2:/home/song/zed/install/zed_multi_camera:/home/song/zed/install/zed_display_rviz2:/home/song/zed/install/zed_wrapper:/home/song/zed/install/zed_tutorial_video:/home/song/zed/install/zed_tutorial_pos_tracking:/home/song/zed/install/zed_tutorial_depth:/home/song/zed/install/zed_topic_benchmark_interfaces:/home/song/zed/install/zed_rgb_convert:/home/song/zed/install/zed_components:/home/song/zed/install/rviz_plugin_zed_od:/home/song/zed/install/image_common:/home/song/zed/install/image_transport:/home/song/zed/install/camera_info_manager:/home/song/zed/install/camera_calibration_parsers:/home/song/zed/install/steadylab:/opt/ros/foxy CONDA_PROMPT_MODIFIER=(base) LD_LIBRARY_PATH=/home/song/zed/install/zed_interfaces/lib:/home/song/zed/install/zed_topic_benchmark_interfaces/lib:/home/song/zed/install/zed_rgb_convert/lib:/home/song/zed/install/zed_components/lib:/home/song/zed/install/rviz_plugin_zed_od/lib:/home/song/zed/install/image_transport/lib:/home/song/zed/install/camera_info_manager/lib:/home/song/zed/install/camera_calibration_parsers/lib:/opt/ros/foxy/opt/yaml_cpp_vendor/lib:/opt/ros/foxy/opt/rviz_ogre_vendor/lib:/opt/ros/foxy/lib/x86_64-linux-gnu:/opt/ros/foxy/lib:/usr/local/cuda-11.8/lib64 /home/song/.local/bin/cmake --build /home/song/zed/build/rviz_plugin_zed_od -- -j20 -l20
[0.102s] Invoking command in '/home/song/zed/build/rviz_plugin_zed_od': CMAKE_PREFIX_PATH=/home/song/zed/install/zed_interfaces:/home/song/zed/install/zed_ros2:/home/song/zed/install/zed_multi_camera:/home/song/zed/install/zed_display_rviz2:/home/song/zed/install/zed_wrapper:/home/song/zed/install/zed_tutorial_video:/home/song/zed/install/zed_tutorial_pos_tracking:/home/song/zed/install/zed_tutorial_depth:/home/song/zed/install/zed_topic_benchmark_interfaces:/home/song/zed/install/zed_rgb_convert:/home/song/zed/install/zed_components:/home/song/zed/install/rviz_plugin_zed_od:/home/song/zed/install/image_common:/home/song/zed/install/image_transport:/home/song/zed/install/camera_info_manager:/home/song/zed/install/camera_calibration_parsers:/home/song/zed/install/steadylab:/opt/ros/foxy CONDA_PROMPT_MODIFIER=(base) LD_LIBRARY_PATH=/home/song/zed/install/zed_interfaces/lib:/home/song/zed/install/zed_topic_benchmark_interfaces/lib:/home/song/zed/install/zed_rgb_convert/lib:/home/song/zed/install/zed_components/lib:/home/song/zed/install/rviz_plugin_zed_od/lib:/home/song/zed/install/image_transport/lib:/home/song/zed/install/camera_info_manager/lib:/home/song/zed/install/camera_calibration_parsers/lib:/opt/ros/foxy/opt/yaml_cpp_vendor/lib:/opt/ros/foxy/opt/rviz_ogre_vendor/lib:/opt/ros/foxy/lib/x86_64-linux-gnu:/opt/ros/foxy/lib:/usr/local/cuda-11.8/lib64 /home/song/.local/bin/cmake --install /home/song/zed/build/rviz_plugin_zed_od
[0.119s] -- Install configuration: "Release"
[0.119s] -- Execute custom install script
[0.119s] -- Up-to-date symlink: /home/song/zed/install/rviz_plugin_zed_od/share/rviz_plugin_zed_od//plugins_description.xml
[0.119s] -- Up-to-date symlink: /home/song/zed/install/rviz_plugin_zed_od/share/rviz_plugin_zed_od/environment/library_path.sh
[0.120s] -- Up-to-date symlink: /home/song/zed/install/rviz_plugin_zed_od/share/rviz_plugin_zed_od/environment/library_path.dsv
[0.120s] -- Up-to-date symlink: /home/song/zed/install/rviz_plugin_zed_od/include/rviz_plugin_zed_od//visibility_control.hpp
[0.120s] -- Up-to-date symlink: /home/song/zed/install/rviz_plugin_zed_od/include/rviz_plugin_zed_od//zed_body_parts.hpp
[0.120s] -- Up-to-date symlink: /home/song/zed/install/rviz_plugin_zed_od/include/rviz_plugin_zed_od//zed_od_display.hpp
[0.120s] -- Up-to-date symlink: /home/song/zed/install/rviz_plugin_zed_od/include/rviz_plugin_zed_od//zed_od_info.hpp
[0.120s] -- Up-to-date symlink: /home/song/zed/install/rviz_plugin_zed_od/share/rviz_plugin_zed_od/icons/ZedObjDet.png
[0.120s] -- Up-to-date symlink: /home/song/zed/install/rviz_plugin_zed_od/share/ament_index/resource_index/package_run_dependencies/rviz_plugin_zed_od
[0.121s] -- Up-to-date symlink: /home/song/zed/install/rviz_plugin_zed_od/share/ament_index/resource_index/parent_prefix_path/rviz_plugin_zed_od
[0.121s] -- Up-to-date symlink: /home/song/zed/install/rviz_plugin_zed_od/share/rviz_plugin_zed_od/environment/ament_prefix_path.sh
[0.121s] -- Up-to-date symlink: /home/song/zed/install/rviz_plugin_zed_od/share/rviz_plugin_zed_od/environment/ament_prefix_path.dsv
[0.121s] -- Up-to-date symlink: /home/song/zed/install/rviz_plugin_zed_od/share/rviz_plugin_zed_od/environment/path.sh
[0.121s] -- Up-to-date symlink: /home/song/zed/install/rviz_plugin_zed_od/share/rviz_plugin_zed_od/environment/path.dsv
[0.121s] -- Up-to-date symlink: /home/song/zed/install/rviz_plugin_zed_od/share/rviz_plugin_zed_od/local_setup.bash
[0.121s] -- Up-to-date symlink: /home/song/zed/install/rviz_plugin_zed_od/share/rviz_plugin_zed_od/local_setup.sh
[0.121s] -- Up-to-date symlink: /home/song/zed/install/rviz_plugin_zed_od/share/rviz_plugin_zed_od/local_setup.zsh
[0.121s] -- Up-to-date symlink: /home/song/zed/install/rviz_plugin_zed_od/share/rviz_plugin_zed_od/local_setup.dsv
[0.121s] -- Symlinking: /home/song/zed/install/rviz_plugin_zed_od/share/rviz_plugin_zed_od/package.dsv
[0.123s] -- Up-to-date symlink: /home/song/zed/install/rviz_plugin_zed_od/share/ament_index/resource_index/packages/rviz_plugin_zed_od
[0.123s] -- Up-to-date symlink: /home/song/zed/install/rviz_plugin_zed_od/share/ament_index/resource_index/rviz_common__pluginlib__plugin/rviz_plugin_zed_od
[0.123s] -- Up-to-date symlink: /home/song/zed/install/rviz_plugin_zed_od/share/rviz_plugin_zed_od/cmake/ament_cmake_export_include_directories-extras.cmake
[0.123s] -- Up-to-date symlink: /home/song/zed/install/rviz_plugin_zed_od/share/rviz_plugin_zed_od/cmake/ament_cmake_export_targets-extras.cmake
[0.123s] -- Up-to-date symlink: /home/song/zed/install/rviz_plugin_zed_od/share/rviz_plugin_zed_od/cmake/ament_cmake_export_dependencies-extras.cmake
[0.123s] -- Up-to-date symlink: /home/song/zed/install/rviz_plugin_zed_od/share/rviz_plugin_zed_od/cmake/rviz_plugin_zed_odConfig.cmake
[0.123s] -- Up-to-date symlink: /home/song/zed/install/rviz_plugin_zed_od/share/rviz_plugin_zed_od/cmake/rviz_plugin_zed_odConfig-version.cmake
[0.123s] -- Up-to-date symlink: /home/song/zed/install/rviz_plugin_zed_od/share/rviz_plugin_zed_od/package.xml
[0.123s] -- Up-to-date: /home/song/zed/install/rviz_plugin_zed_od/lib/librviz_plugin_zed_od.so
[0.123s] -- Up-to-date: /home/song/zed/install/rviz_plugin_zed_od/share/rviz_plugin_zed_od/cmake/rviz_plugin_zed_odExport.cmake
[0.123s] -- Up-to-date: /home/song/zed/install/rviz_plugin_zed_od/share/rviz_plugin_zed_od/cmake/rviz_plugin_zed_odExport-release.cmake
[0.129s] Invoked command in '/home/song/zed/build/rviz_plugin_zed_od' returned '0': CMAKE_PREFIX_PATH=/home/song/zed/install/zed_interfaces:/home/song/zed/install/zed_ros2:/home/song/zed/install/zed_multi_camera:/home/song/zed/install/zed_display_rviz2:/home/song/zed/install/zed_wrapper:/home/song/zed/install/zed_tutorial_video:/home/song/zed/install/zed_tutorial_pos_tracking:/home/song/zed/install/zed_tutorial_depth:/home/song/zed/install/zed_topic_benchmark_interfaces:/home/song/zed/install/zed_rgb_convert:/home/song/zed/install/zed_components:/home/song/zed/install/rviz_plugin_zed_od:/home/song/zed/install/image_common:/home/song/zed/install/image_transport:/home/song/zed/install/camera_info_manager:/home/song/zed/install/camera_calibration_parsers:/home/song/zed/install/steadylab:/opt/ros/foxy CONDA_PROMPT_MODIFIER=(base) LD_LIBRARY_PATH=/home/song/zed/install/zed_interfaces/lib:/home/song/zed/install/zed_topic_benchmark_interfaces/lib:/home/song/zed/install/zed_rgb_convert/lib:/home/song/zed/install/zed_components/lib:/home/song/zed/install/rviz_plugin_zed_od/lib:/home/song/zed/install/image_transport/lib:/home/song/zed/install/camera_info_manager/lib:/home/song/zed/install/camera_calibration_parsers/lib:/opt/ros/foxy/opt/yaml_cpp_vendor/lib:/opt/ros/foxy/opt/rviz_ogre_vendor/lib:/opt/ros/foxy/lib/x86_64-linux-gnu:/opt/ros/foxy/lib:/usr/local/cuda-11.8/lib64 /home/song/.local/bin/cmake --install /home/song/zed/build/rviz_plugin_zed_od
