[0.040s] Invoking command in '/home/song/steadylab/build/zed_interfaces': CMAKE_PREFIX_PATH=${CMAKE_PREFIX_PATH}:/home/song/zed/install/steadylab:/opt/ros/foxy CONDA_PROMPT_MODIFIER=(base) /home/song/.local/bin/cmake /home/song/steadylab/src/zed-ros2-wrapper/zed-ros2-interfaces -DAMENT_CMAKE_SYMLINK_INSTALL=1 -DCMAKE_INSTALL_PREFIX=/home/song/steadylab/install/zed_interfaces
[0.187s] -- The C compiler identification is GNU 9.4.0
[0.279s] -- The CXX compiler identification is GNU 9.4.0
[0.287s] -- Detecting C compiler ABI info
[0.325s] -- Detecting C compiler ABI info - done
[0.332s] -- Check for working C compiler: /usr/bin/cc - skipped
[0.332s] -- Detecting C compile features
[0.332s] -- Detecting C compile features - done
[0.334s] -- Detecting CXX compiler ABI info
[0.375s] -- Detecting CXX compiler ABI info - done
[0.382s] -- Check for working CXX compiler: /usr/bin/c++ - skipped
[0.382s] -- Detecting CXX compile features
[0.383s] -- Detecting CXX compile features - done
[0.384s] -- Found ament_cmake_auto: 0.9.12 (/opt/ros/foxy/share/ament_cmake_auto/cmake)
[0.404s] -- Found PythonInterp: /home/song/anaconda3/bin/python3 (found suitable version "3.9.13", minimum required is "3") 
[0.404s] -- Using PYTHON_EXECUTABLE: /home/song/anaconda3/bin/python3
[0.539s] -- Override CMake install command with custom implementation using symlinks instead of copying resources
[0.634s] -- Using all available rosidl_typesupport_c: rosidl_typesupport_fastrtps_c;rosidl_typesupport_introspection_c
[0.638s] -- Found rosidl_adapter: 1.3.1 (/opt/ros/foxy/share/rosidl_adapter/cmake)
[0.687s] -- Found OpenSSL: /usr/lib/x86_64-linux-gnu/libcrypto.so (found version "1.1.1f")  
[0.708s] -- Found FastRTPS: /opt/ros/foxy/include  
[0.762s] -- Using all available rosidl_typesupport_cpp: rosidl_typesupport_fastrtps_cpp;rosidl_typesupport_introspection_cpp
[0.856s] -- Found ament_lint_auto: 0.9.8 (/opt/ros/foxy/share/ament_lint_auto/cmake)
[0.882s] -- Found PythonInterp: /home/song/anaconda3/bin/python3 (found version "3.9.13") 
[1.019s] -- Found ament_cmake_ros: 0.9.2 (/opt/ros/foxy/share/ament_cmake_ros/cmake)
[1.205s] -- Using all available rosidl_typesupport_c: rosidl_typesupport_fastrtps_c;rosidl_typesupport_introspection_c
[1.310s] -- Using all available rosidl_typesupport_cpp: rosidl_typesupport_fastrtps_cpp;rosidl_typesupport_introspection_cpp
[1.362s] -- Found PythonInterp: /home/song/anaconda3/bin/python3 (found suitable version "3.9.13", minimum required is "3.5") 
[1.364s] -- Found python_cmake_module: 0.8.1 (/opt/ros/foxy/share/python_cmake_module/cmake)
[1.399s] -- Found PythonLibs: /home/song/anaconda3/lib/libpython3.9.so (found suitable version "3.9.13", minimum required is "3.5") 
[1.399s] -- Using PYTHON_EXECUTABLE: /home/song/anaconda3/bin/python3
[1.399s] -- Using PYTHON_INCLUDE_DIRS: /home/song/anaconda3/include/python3.9
[1.399s] -- Using PYTHON_LIBRARIES: /home/song/anaconda3/lib/libpython3.9.so
[1.429s] -- Found PythonExtra: .so  
[1.838s] -- Added test 'copyright' to check source files copyright and LICENSE
[1.841s] -- Added test 'lint_cmake' to check CMake code style
[1.844s] -- Added test 'xmllint' to check XML markup files
[1.851s] -- Configuring done (1.8s)
[1.937s] [33mCMake Warning at /opt/ros/foxy/share/rosidl_generator_py/cmake/rosidl_generator_py_generate_interfaces.cmake:235 (add_library):
[1.937s]   Cannot generate a safe runtime search path for target
[1.937s]   zed_interfaces__rosidl_typesupport_fastrtps_c__pyext because files in some
[1.937s]   directories may conflict with libraries in implicit directories:
[1.937s] 
[1.937s]     runtime library [libssl.so.1.1] in /usr/lib/x86_64-linux-gnu may be hidden by files in:
[1.937s]       /home/song/anaconda3/lib
[1.938s]     runtime library [libcrypto.so.1.1] in /usr/lib/x86_64-linux-gnu may be hidden by files in:
[1.938s]       /home/song/anaconda3/lib
[1.938s] 
[1.938s]   Some of these libraries may not be found correctly.
[1.938s] Call Stack (most recent call first):
[1.938s]   /opt/ros/foxy/share/ament_cmake_core/cmake/core/ament_execute_extensions.cmake:48 (include)
[1.938s]   /opt/ros/foxy/share/rosidl_cmake/cmake/rosidl_generate_interfaces.cmake:286 (ament_execute_extensions)
[1.938s]   CMakeLists.txt:98 (rosidl_generate_interfaces)
[1.938s] 
[1.938s] [0m
[1.956s] -- Generating done (0.1s)
[1.960s] -- Build files have been written to: /home/song/steadylab/build/zed_interfaces
[1.981s] Invoked command in '/home/song/steadylab/build/zed_interfaces' returned '0': CMAKE_PREFIX_PATH=${CMAKE_PREFIX_PATH}:/home/song/zed/install/steadylab:/opt/ros/foxy CONDA_PROMPT_MODIFIER=(base) /home/song/.local/bin/cmake /home/song/steadylab/src/zed-ros2-wrapper/zed-ros2-interfaces -DAMENT_CMAKE_SYMLINK_INSTALL=1 -DCMAKE_INSTALL_PREFIX=/home/song/steadylab/install/zed_interfaces
[1.981s] Invoking command in '/home/song/steadylab/build/zed_interfaces': CMAKE_PREFIX_PATH=${CMAKE_PREFIX_PATH}:/home/song/zed/install/steadylab:/opt/ros/foxy CONDA_PROMPT_MODIFIER=(base) /home/song/.local/bin/cmake --build /home/song/steadylab/build/zed_interfaces -- -j20 -l20
[2.051s] [  1%] [34m[1mGenerating C code for ROS interfaces[0m
[2.059s] [  1%] [34m[1mGenerating C++ code for ROS interfaces[0m
[3.546s] [  1%] Built target zed_interfaces__cpp
[3.551s] [  1%] [34m[1mGenerating C++ introspection for ROS interfaces[0m
[3.551s] [  2%] [34m[1mGenerating C++ type support dispatch for ROS interfaces[0m
[3.551s] [  3%] [34m[1mGenerating C++ type support for eProsima Fast-RTPS[0m
[4.267s] [  3%] [32mBuilding C object CMakeFiles/zed_interfaces__rosidl_generator_c.dir/rosidl_generator_c/zed_interfaces/msg/detail/object__functions.c.o[0m
[4.267s] [  4%] [32mBuilding C object CMakeFiles/zed_interfaces__rosidl_generator_c.dir/rosidl_generator_c/zed_interfaces/msg/detail/keypoint2_df__functions.c.o[0m
[4.267s] [  4%] [32mBuilding C object CMakeFiles/zed_interfaces__rosidl_generator_c.dir/rosidl_generator_c/zed_interfaces/msg/detail/keypoint2_di__functions.c.o[0m
[4.267s] [  5%] [32mBuilding C object CMakeFiles/zed_interfaces__rosidl_generator_c.dir/rosidl_generator_c/zed_interfaces/msg/detail/bounding_box2_di__functions.c.o[0m
[4.267s] [  5%] [32mBuilding C object CMakeFiles/zed_interfaces__rosidl_generator_c.dir/rosidl_generator_c/zed_interfaces/msg/detail/keypoint3_d__functions.c.o[0m
[4.267s] [  6%] [32mBuilding C object CMakeFiles/zed_interfaces__rosidl_generator_c.dir/rosidl_generator_c/zed_interfaces/msg/detail/bounding_box3_d__functions.c.o[0m
[4.270s] [  7%] [32mBuilding C object CMakeFiles/zed_interfaces__rosidl_generator_c.dir/rosidl_generator_c/zed_interfaces/msg/detail/bounding_box2_df__functions.c.o[0m
[4.277s] [  8%] [32mBuilding C object CMakeFiles/zed_interfaces__rosidl_generator_c.dir/rosidl_generator_c/zed_interfaces/msg/detail/skeleton3_d__functions.c.o[0m
[4.283s] [  9%] [32mBuilding C object CMakeFiles/zed_interfaces__rosidl_generator_c.dir/rosidl_generator_c/zed_interfaces/msg/detail/objects_stamped__functions.c.o[0m
[4.287s] [ 10%] [32mBuilding C object CMakeFiles/zed_interfaces__rosidl_generator_c.dir/rosidl_generator_c/zed_interfaces/msg/detail/depth_info_stamped__functions.c.o[0m
[4.298s] [ 10%] [32mBuilding C object CMakeFiles/zed_interfaces__rosidl_generator_c.dir/rosidl_generator_c/zed_interfaces/msg/detail/skeleton2_d__functions.c.o[0m
[4.301s] [ 10%] [32mBuilding C object CMakeFiles/zed_interfaces__rosidl_generator_c.dir/rosidl_generator_c/zed_interfaces/msg/detail/plane_stamped__functions.c.o[0m
[4.312s] [ 11%] [32mBuilding C object CMakeFiles/zed_interfaces__rosidl_generator_c.dir/rosidl_generator_c/zed_interfaces/msg/detail/pos_track_status__functions.c.o[0m
[4.312s] [ 12%] [32mBuilding C object CMakeFiles/zed_interfaces__rosidl_generator_c.dir/rosidl_generator_c/zed_interfaces/msg/detail/heartbeat__functions.c.o[0m
[4.313s] [ 12%] [32mBuilding C object CMakeFiles/zed_interfaces__rosidl_generator_c.dir/rosidl_generator_c/zed_interfaces/srv/detail/set_pose__functions.c.o[0m
[4.318s] [ 13%] [32mBuilding C object CMakeFiles/zed_interfaces__rosidl_generator_c.dir/rosidl_generator_c/zed_interfaces/srv/detail/start_svo_rec__functions.c.o[0m
[4.323s] [ 13%] [32mBuilding C object CMakeFiles/zed_interfaces__rosidl_generator_c.dir/rosidl_generator_c/zed_interfaces/srv/detail/set_roi__functions.c.o[0m
[4.381s] [ 14%] [32m[1mLinking C shared library libzed_interfaces__rosidl_generator_c.so[0m
[4.415s] [ 14%] Built target zed_interfaces__rosidl_generator_c
[4.421s] [ 16%] [34m[1mGenerating C introspection for ROS interfaces[0m
[4.421s] [ 16%] [34m[1mGenerating C type support dispatch for ROS interfaces[0m
[4.719s] [ 17%] [32mBuilding CXX object CMakeFiles/zed_interfaces__rosidl_typesupport_introspection_cpp.dir/rosidl_typesupport_introspection_cpp/zed_interfaces/msg/detail/objects_stamped__type_support.cpp.o[0m
[4.719s] [ 18%] [32mBuilding CXX object CMakeFiles/zed_interfaces__rosidl_typesupport_introspection_cpp.dir/rosidl_typesupport_introspection_cpp/zed_interfaces/msg/detail/keypoint2_di__type_support.cpp.o[0m
[4.719s] [ 18%] [32mBuilding CXX object CMakeFiles/zed_interfaces__rosidl_typesupport_introspection_cpp.dir/rosidl_typesupport_introspection_cpp/zed_interfaces/msg/detail/keypoint3_d__type_support.cpp.o[0m
[4.719s] [ 18%] [32mBuilding CXX object CMakeFiles/zed_interfaces__rosidl_typesupport_introspection_cpp.dir/rosidl_typesupport_introspection_cpp/zed_interfaces/msg/detail/object__type_support.cpp.o[0m
[4.719s] [ 19%] [32mBuilding CXX object CMakeFiles/zed_interfaces__rosidl_typesupport_introspection_cpp.dir/rosidl_typesupport_introspection_cpp/zed_interfaces/msg/detail/bounding_box2_di__type_support.cpp.o[0m
[4.720s] [ 20%] [32mBuilding CXX object CMakeFiles/zed_interfaces__rosidl_typesupport_introspection_cpp.dir/rosidl_typesupport_introspection_cpp/zed_interfaces/msg/detail/bounding_box2_df__type_support.cpp.o[0m
[4.720s] [ 21%] [32mBuilding CXX object CMakeFiles/zed_interfaces__rosidl_typesupport_introspection_cpp.dir/rosidl_typesupport_introspection_cpp/zed_interfaces/msg/detail/keypoint2_df__type_support.cpp.o[0m
[4.735s] [ 21%] [32mBuilding CXX object CMakeFiles/zed_interfaces__rosidl_typesupport_introspection_cpp.dir/rosidl_typesupport_introspection_cpp/zed_interfaces/msg/detail/bounding_box3_d__type_support.cpp.o[0m
[4.778s] [ 22%] [32mBuilding CXX object CMakeFiles/zed_interfaces__rosidl_typesupport_introspection_cpp.dir/rosidl_typesupport_introspection_cpp/zed_interfaces/msg/detail/skeleton2_d__type_support.cpp.o[0m
[4.787s] [ 22%] [32mBuilding CXX object CMakeFiles/zed_interfaces__rosidl_typesupport_introspection_cpp.dir/rosidl_typesupport_introspection_cpp/zed_interfaces/msg/detail/skeleton3_d__type_support.cpp.o[0m
[4.798s] [ 23%] [32mBuilding CXX object CMakeFiles/zed_interfaces__rosidl_typesupport_introspection_cpp.dir/rosidl_typesupport_introspection_cpp/zed_interfaces/msg/detail/depth_info_stamped__type_support.cpp.o[0m
[4.890s] [ 24%] [32mBuilding CXX object CMakeFiles/zed_interfaces__rosidl_typesupport_introspection_cpp.dir/rosidl_typesupport_introspection_cpp/zed_interfaces/msg/detail/plane_stamped__type_support.cpp.o[0m
[4.903s] [ 24%] [32mBuilding CXX object CMakeFiles/zed_interfaces__rosidl_typesupport_introspection_cpp.dir/rosidl_typesupport_introspection_cpp/zed_interfaces/msg/detail/pos_track_status__type_support.cpp.o[0m
[4.930s] [ 25%] [32mBuilding CXX object CMakeFiles/zed_interfaces__rosidl_typesupport_introspection_cpp.dir/rosidl_typesupport_introspection_cpp/zed_interfaces/msg/detail/heartbeat__type_support.cpp.o[0m
[4.958s] [ 26%] [32mBuilding CXX object CMakeFiles/zed_interfaces__rosidl_typesupport_introspection_cpp.dir/rosidl_typesupport_introspection_cpp/zed_interfaces/srv/detail/set_pose__type_support.cpp.o[0m
[4.978s] [ 26%] [32mBuilding CXX object CMakeFiles/zed_interfaces__rosidl_typesupport_introspection_cpp.dir/rosidl_typesupport_introspection_cpp/zed_interfaces/srv/detail/start_svo_rec__type_support.cpp.o[0m
[5.049s] [ 27%] [32mBuilding CXX object CMakeFiles/zed_interfaces__rosidl_typesupport_introspection_cpp.dir/rosidl_typesupport_introspection_cpp/zed_interfaces/srv/detail/set_roi__type_support.cpp.o[0m
[5.317s] [ 27%] [32mBuilding CXX object CMakeFiles/zed_interfaces__rosidl_typesupport_cpp.dir/rosidl_typesupport_cpp/zed_interfaces/msg/object__type_support.cpp.o[0m
[5.336s] [ 28%] [32mBuilding CXX object CMakeFiles/zed_interfaces__rosidl_typesupport_cpp.dir/rosidl_typesupport_cpp/zed_interfaces/msg/objects_stamped__type_support.cpp.o[0m
[5.336s] [ 29%] [32mBuilding CXX object CMakeFiles/zed_interfaces__rosidl_typesupport_cpp.dir/rosidl_typesupport_cpp/zed_interfaces/msg/keypoint2_di__type_support.cpp.o[0m
[5.343s] [ 29%] [32mBuilding CXX object CMakeFiles/zed_interfaces__rosidl_typesupport_cpp.dir/rosidl_typesupport_cpp/zed_interfaces/msg/keypoint2_df__type_support.cpp.o[0m
[5.349s] [ 30%] [32mBuilding CXX object CMakeFiles/zed_interfaces__rosidl_typesupport_cpp.dir/rosidl_typesupport_cpp/zed_interfaces/msg/skeleton3_d__type_support.cpp.o[0m
[5.349s] [ 30%] [32mBuilding CXX object CMakeFiles/zed_interfaces__rosidl_typesupport_cpp.dir/rosidl_typesupport_cpp/zed_interfaces/msg/skeleton2_d__type_support.cpp.o[0m
[5.360s] [ 30%] [32mBuilding CXX object CMakeFiles/zed_interfaces__rosidl_typesupport_cpp.dir/rosidl_typesupport_cpp/zed_interfaces/msg/bounding_box2_df__type_support.cpp.o[0m
[5.364s] [ 31%] [32mBuilding CXX object CMakeFiles/zed_interfaces__rosidl_typesupport_cpp.dir/rosidl_typesupport_cpp/zed_interfaces/msg/bounding_box3_d__type_support.cpp.o[0m
[5.368s] [ 32%] [32mBuilding CXX object CMakeFiles/zed_interfaces__rosidl_typesupport_cpp.dir/rosidl_typesupport_cpp/zed_interfaces/msg/depth_info_stamped__type_support.cpp.o[0m
[5.368s] [ 33%] [32mBuilding CXX object CMakeFiles/zed_interfaces__rosidl_typesupport_cpp.dir/rosidl_typesupport_cpp/zed_interfaces/msg/keypoint3_d__type_support.cpp.o[0m
[5.375s] [ 34%] [32mBuilding CXX object CMakeFiles/zed_interfaces__rosidl_typesupport_cpp.dir/rosidl_typesupport_cpp/zed_interfaces/msg/bounding_box2_di__type_support.cpp.o[0m
[5.424s] [ 34%] [32mBuilding CXX object CMakeFiles/zed_interfaces__rosidl_typesupport_cpp.dir/rosidl_typesupport_cpp/zed_interfaces/msg/plane_stamped__type_support.cpp.o[0m
[5.433s] [ 35%] [32mBuilding CXX object CMakeFiles/zed_interfaces__rosidl_typesupport_cpp.dir/rosidl_typesupport_cpp/zed_interfaces/msg/heartbeat__type_support.cpp.o[0m
[5.440s] [ 36%] [32mBuilding CXX object CMakeFiles/zed_interfaces__rosidl_typesupport_cpp.dir/rosidl_typesupport_cpp/zed_interfaces/msg/pos_track_status__type_support.cpp.o[0m
[5.506s] [ 36%] [32mBuilding CXX object CMakeFiles/zed_interfaces__rosidl_typesupport_cpp.dir/rosidl_typesupport_cpp/zed_interfaces/srv/set_pose__type_support.cpp.o[0m
[5.536s] [ 37%] [32mBuilding CXX object CMakeFiles/zed_interfaces__rosidl_typesupport_cpp.dir/rosidl_typesupport_cpp/zed_interfaces/srv/start_svo_rec__type_support.cpp.o[0m
[5.572s] [ 38%] [32m[1mLinking CXX shared library libzed_interfaces__rosidl_typesupport_introspection_cpp.so[0m
[5.689s] [ 39%] [32mBuilding CXX object CMakeFiles/zed_interfaces__rosidl_typesupport_cpp.dir/rosidl_typesupport_cpp/zed_interfaces/srv/set_roi__type_support.cpp.o[0m
[5.727s] [ 39%] Built target zed_interfaces__rosidl_typesupport_introspection_cpp
[5.755s] [ 40%] [32mBuilding CXX object CMakeFiles/zed_interfaces__rosidl_typesupport_fastrtps_cpp.dir/rosidl_typesupport_fastrtps_cpp/zed_interfaces/msg/detail/dds_fastrtps/object__type_support.cpp.o[0m
[5.755s] [ 41%] [32mBuilding CXX object CMakeFiles/zed_interfaces__rosidl_typesupport_fastrtps_cpp.dir/rosidl_typesupport_fastrtps_cpp/zed_interfaces/msg/detail/dds_fastrtps/keypoint2_di__type_support.cpp.o[0m
[5.759s] [ 41%] [32mBuilding CXX object CMakeFiles/zed_interfaces__rosidl_typesupport_fastrtps_cpp.dir/rosidl_typesupport_fastrtps_cpp/zed_interfaces/msg/detail/dds_fastrtps/objects_stamped__type_support.cpp.o[0m
[5.763s] [ 41%] [32mBuilding CXX object CMakeFiles/zed_interfaces__rosidl_typesupport_fastrtps_cpp.dir/rosidl_typesupport_fastrtps_cpp/zed_interfaces/msg/detail/dds_fastrtps/keypoint3_d__type_support.cpp.o[0m
[5.767s] [ 42%] [32mBuilding CXX object CMakeFiles/zed_interfaces__rosidl_typesupport_fastrtps_cpp.dir/rosidl_typesupport_fastrtps_cpp/zed_interfaces/msg/detail/dds_fastrtps/keypoint2_df__type_support.cpp.o[0m
[5.795s] [ 42%] [32mBuilding CXX object CMakeFiles/zed_interfaces__rosidl_typesupport_fastrtps_cpp.dir/rosidl_typesupport_fastrtps_cpp/zed_interfaces/msg/detail/dds_fastrtps/bounding_box2_df__type_support.cpp.o[0m
[5.799s] [ 43%] [32mBuilding CXX object CMakeFiles/zed_interfaces__rosidl_typesupport_fastrtps_cpp.dir/rosidl_typesupport_fastrtps_cpp/zed_interfaces/msg/detail/dds_fastrtps/bounding_box2_di__type_support.cpp.o[0m
[5.801s] [ 44%] [32mBuilding CXX object CMakeFiles/zed_interfaces__rosidl_typesupport_fastrtps_cpp.dir/rosidl_typesupport_fastrtps_cpp/zed_interfaces/msg/detail/dds_fastrtps/bounding_box3_d__type_support.cpp.o[0m
[5.819s] [ 45%] [32mBuilding CXX object CMakeFiles/zed_interfaces__rosidl_typesupport_fastrtps_cpp.dir/rosidl_typesupport_fastrtps_cpp/zed_interfaces/msg/detail/dds_fastrtps/skeleton2_d__type_support.cpp.o[0m
[5.837s] [ 45%] [32mBuilding CXX object CMakeFiles/zed_interfaces__rosidl_typesupport_fastrtps_cpp.dir/rosidl_typesupport_fastrtps_cpp/zed_interfaces/msg/detail/dds_fastrtps/skeleton3_d__type_support.cpp.o[0m
[5.872s] [ 45%] [32mBuilding CXX object CMakeFiles/zed_interfaces__rosidl_typesupport_fastrtps_cpp.dir/rosidl_typesupport_fastrtps_cpp/zed_interfaces/msg/detail/dds_fastrtps/pos_track_status__type_support.cpp.o[0m
[5.881s] [ 46%] [32mBuilding CXX object CMakeFiles/zed_interfaces__rosidl_typesupport_fastrtps_cpp.dir/rosidl_typesupport_fastrtps_cpp/zed_interfaces/msg/detail/dds_fastrtps/depth_info_stamped__type_support.cpp.o[0m
[5.881s] [ 47%] [32mBuilding CXX object CMakeFiles/zed_interfaces__rosidl_typesupport_fastrtps_cpp.dir/rosidl_typesupport_fastrtps_cpp/zed_interfaces/msg/detail/dds_fastrtps/plane_stamped__type_support.cpp.o[0m
[5.931s] [ 47%] [32mBuilding CXX object CMakeFiles/zed_interfaces__rosidl_typesupport_fastrtps_cpp.dir/rosidl_typesupport_fastrtps_cpp/zed_interfaces/srv/detail/dds_fastrtps/set_pose__type_support.cpp.o[0m
[5.939s] [ 48%] [32mBuilding CXX object CMakeFiles/zed_interfaces__rosidl_typesupport_fastrtps_cpp.dir/rosidl_typesupport_fastrtps_cpp/zed_interfaces/msg/detail/dds_fastrtps/heartbeat__type_support.cpp.o[0m
[6.030s] [ 49%] [32mBuilding CXX object CMakeFiles/zed_interfaces__rosidl_typesupport_fastrtps_cpp.dir/rosidl_typesupport_fastrtps_cpp/zed_interfaces/srv/detail/dds_fastrtps/start_svo_rec__type_support.cpp.o[0m
[6.253s] [ 50%] [32mBuilding CXX object CMakeFiles/zed_interfaces__rosidl_typesupport_fastrtps_cpp.dir/rosidl_typesupport_fastrtps_cpp/zed_interfaces/srv/detail/dds_fastrtps/set_roi__type_support.cpp.o[0m
[6.315s] [ 50%] [32m[1mLinking CXX shared library libzed_interfaces__rosidl_typesupport_cpp.so[0m
[6.373s] [ 50%] Built target zed_interfaces__rosidl_typesupport_cpp
[6.410s] [ 52%] [32mBuilding CXX object CMakeFiles/zed_interfaces__rosidl_typesupport_c.dir/rosidl_typesupport_c/zed_interfaces/msg/keypoint2_di__type_support.cpp.o[0m
[6.410s] [ 52%] [32mBuilding CXX object CMakeFiles/zed_interfaces__rosidl_typesupport_c.dir/rosidl_typesupport_c/zed_interfaces/msg/keypoint2_df__type_support.cpp.o[0m
[6.410s] [ 52%] [32mBuilding CXX object CMakeFiles/zed_interfaces__rosidl_typesupport_c.dir/rosidl_typesupport_c/zed_interfaces/msg/objects_stamped__type_support.cpp.o[0m
[6.410s] [ 52%] [32mBuilding CXX object CMakeFiles/zed_interfaces__rosidl_typesupport_c.dir/rosidl_typesupport_c/zed_interfaces/msg/object__type_support.cpp.o[0m
[6.414s] [ 53%] [32mBuilding CXX object CMakeFiles/zed_interfaces__rosidl_typesupport_c.dir/rosidl_typesupport_c/zed_interfaces/msg/keypoint3_d__type_support.cpp.o[0m
[6.415s] [ 54%] [32mBuilding CXX object CMakeFiles/zed_interfaces__rosidl_typesupport_c.dir/rosidl_typesupport_c/zed_interfaces/msg/bounding_box2_df__type_support.cpp.o[0m
[6.415s] [ 54%] [32mBuilding CXX object CMakeFiles/zed_interfaces__rosidl_typesupport_c.dir/rosidl_typesupport_c/zed_interfaces/msg/bounding_box2_di__type_support.cpp.o[0m
[6.416s] [ 55%] [32mBuilding CXX object CMakeFiles/zed_interfaces__rosidl_typesupport_c.dir/rosidl_typesupport_c/zed_interfaces/msg/bounding_box3_d__type_support.cpp.o[0m
[6.429s] [ 55%] [32mBuilding CXX object CMakeFiles/zed_interfaces__rosidl_typesupport_c.dir/rosidl_typesupport_c/zed_interfaces/msg/skeleton2_d__type_support.cpp.o[0m
[6.445s] [ 56%] [32mBuilding CXX object CMakeFiles/zed_interfaces__rosidl_typesupport_c.dir/rosidl_typesupport_c/zed_interfaces/msg/skeleton3_d__type_support.cpp.o[0m
[6.445s] [ 57%] [32mBuilding CXX object CMakeFiles/zed_interfaces__rosidl_typesupport_c.dir/rosidl_typesupport_c/zed_interfaces/msg/depth_info_stamped__type_support.cpp.o[0m
[6.451s] [ 57%] [32mBuilding CXX object CMakeFiles/zed_interfaces__rosidl_typesupport_c.dir/rosidl_typesupport_c/zed_interfaces/msg/plane_stamped__type_support.cpp.o[0m
[6.463s] [ 58%] [32mBuilding CXX object CMakeFiles/zed_interfaces__rosidl_typesupport_c.dir/rosidl_typesupport_c/zed_interfaces/msg/pos_track_status__type_support.cpp.o[0m
[6.470s] [ 58%] [32mBuilding CXX object CMakeFiles/zed_interfaces__rosidl_typesupport_c.dir/rosidl_typesupport_c/zed_interfaces/msg/heartbeat__type_support.cpp.o[0m
[6.470s] [ 59%] [32mBuilding CXX object CMakeFiles/zed_interfaces__rosidl_typesupport_c.dir/rosidl_typesupport_c/zed_interfaces/srv/set_pose__type_support.cpp.o[0m
[6.475s] [ 60%] [32mBuilding CXX object CMakeFiles/zed_interfaces__rosidl_typesupport_c.dir/rosidl_typesupport_c/zed_interfaces/srv/start_svo_rec__type_support.cpp.o[0m
[6.475s] [ 60%] [32mBuilding CXX object CMakeFiles/zed_interfaces__rosidl_typesupport_c.dir/rosidl_typesupport_c/zed_interfaces/srv/set_roi__type_support.cpp.o[0m
[6.510s] [ 61%] [32m[1mLinking CXX shared library libzed_interfaces__rosidl_typesupport_c.so[0m
[6.514s] [ 62%] [32mBuilding C object CMakeFiles/zed_interfaces__rosidl_typesupport_introspection_c.dir/rosidl_typesupport_introspection_c/zed_interfaces/msg/detail/object__type_support.c.o[0m
[6.514s] [ 62%] [32mBuilding C object CMakeFiles/zed_interfaces__rosidl_typesupport_introspection_c.dir/rosidl_typesupport_introspection_c/zed_interfaces/msg/detail/objects_stamped__type_support.c.o[0m
[6.514s] [ 63%] [32mBuilding C object CMakeFiles/zed_interfaces__rosidl_typesupport_introspection_c.dir/rosidl_typesupport_introspection_c/zed_interfaces/msg/detail/keypoint2_di__type_support.c.o[0m
[6.514s] [ 64%] [32mBuilding C object CMakeFiles/zed_interfaces__rosidl_typesupport_introspection_c.dir/rosidl_typesupport_introspection_c/zed_interfaces/msg/detail/bounding_box2_di__type_support.c.o[0m
[6.514s] [ 64%] [32mBuilding C object CMakeFiles/zed_interfaces__rosidl_typesupport_introspection_c.dir/rosidl_typesupport_introspection_c/zed_interfaces/msg/detail/keypoint2_df__type_support.c.o[0m
[6.514s] [ 65%] [32mBuilding C object CMakeFiles/zed_interfaces__rosidl_typesupport_introspection_c.dir/rosidl_typesupport_introspection_c/zed_interfaces/msg/detail/bounding_box3_d__type_support.c.o[0m
[6.514s] [ 65%] [32mBuilding C object CMakeFiles/zed_interfaces__rosidl_typesupport_introspection_c.dir/rosidl_typesupport_introspection_c/zed_interfaces/msg/detail/bounding_box2_df__type_support.c.o[0m
[6.514s] [ 66%] [32mBuilding C object CMakeFiles/zed_interfaces__rosidl_typesupport_introspection_c.dir/rosidl_typesupport_introspection_c/zed_interfaces/msg/detail/keypoint3_d__type_support.c.o[0m
[6.514s] [ 66%] [32mBuilding C object CMakeFiles/zed_interfaces__rosidl_typesupport_introspection_c.dir/rosidl_typesupport_introspection_c/zed_interfaces/msg/detail/skeleton3_d__type_support.c.o[0m
[6.515s] [ 67%] [32mBuilding C object CMakeFiles/zed_interfaces__rosidl_typesupport_introspection_c.dir/rosidl_typesupport_introspection_c/zed_interfaces/msg/detail/skeleton2_d__type_support.c.o[0m
[6.516s] [ 68%] [32mBuilding C object CMakeFiles/zed_interfaces__rosidl_typesupport_introspection_c.dir/rosidl_typesupport_introspection_c/zed_interfaces/msg/detail/depth_info_stamped__type_support.c.o[0m
[6.520s] [ 69%] [32mBuilding C object CMakeFiles/zed_interfaces__rosidl_typesupport_introspection_c.dir/rosidl_typesupport_introspection_c/zed_interfaces/msg/detail/plane_stamped__type_support.c.o[0m
[6.543s] [ 69%] [32mBuilding C object CMakeFiles/zed_interfaces__rosidl_typesupport_introspection_c.dir/rosidl_typesupport_introspection_c/zed_interfaces/msg/detail/pos_track_status__type_support.c.o[0m
[6.543s] [ 70%] [32mBuilding C object CMakeFiles/zed_interfaces__rosidl_typesupport_introspection_c.dir/rosidl_typesupport_introspection_c/zed_interfaces/msg/detail/heartbeat__type_support.c.o[0m
[6.543s] [ 70%] [32mBuilding C object CMakeFiles/zed_interfaces__rosidl_typesupport_introspection_c.dir/rosidl_typesupport_introspection_c/zed_interfaces/srv/detail/set_pose__type_support.c.o[0m
[6.543s] [ 70%] Built target zed_interfaces__rosidl_typesupport_c
[6.544s] [ 71%] [32mBuilding C object CMakeFiles/zed_interfaces__rosidl_typesupport_introspection_c.dir/rosidl_typesupport_introspection_c/zed_interfaces/srv/detail/start_svo_rec__type_support.c.o[0m
[6.545s] [ 72%] [32mBuilding C object CMakeFiles/zed_interfaces__rosidl_typesupport_introspection_c.dir/rosidl_typesupport_introspection_c/zed_interfaces/srv/detail/set_roi__type_support.c.o[0m
[6.579s] [ 72%] [32m[1mLinking C shared library libzed_interfaces__rosidl_typesupport_introspection_c.so[0m
[6.594s] [ 72%] Built target zed_interfaces__rosidl_typesupport_introspection_c
[6.630s] [ 72%] [32m[1mLinking CXX shared library libzed_interfaces__rosidl_typesupport_fastrtps_cpp.so[0m
[6.686s] [ 72%] Built target zed_interfaces__rosidl_typesupport_fastrtps_cpp
[6.689s] [ 73%] [34m[1mGenerating C type support for eProsima Fast-RTPS[0m
[7.635s] [ 73%] [32mBuilding CXX object CMakeFiles/zed_interfaces__rosidl_typesupport_fastrtps_c.dir/rosidl_typesupport_fastrtps_c/zed_interfaces/msg/detail/object__type_support_c.cpp.o[0m
[7.635s] [ 74%] [32mBuilding CXX object CMakeFiles/zed_interfaces__rosidl_typesupport_fastrtps_c.dir/rosidl_typesupport_fastrtps_c/zed_interfaces/msg/detail/objects_stamped__type_support_c.cpp.o[0m
[7.635s] [ 75%] [32mBuilding CXX object CMakeFiles/zed_interfaces__rosidl_typesupport_fastrtps_c.dir/rosidl_typesupport_fastrtps_c/zed_interfaces/msg/detail/keypoint2_di__type_support_c.cpp.o[0m
[7.636s] [ 75%] [32mBuilding CXX object CMakeFiles/zed_interfaces__rosidl_typesupport_fastrtps_c.dir/rosidl_typesupport_fastrtps_c/zed_interfaces/msg/detail/keypoint2_df__type_support_c.cpp.o[0m
[7.636s] [ 75%] [32mBuilding CXX object CMakeFiles/zed_interfaces__rosidl_typesupport_fastrtps_c.dir/rosidl_typesupport_fastrtps_c/zed_interfaces/msg/detail/bounding_box2_df__type_support_c.cpp.o[0m
[7.636s] [ 76%] [32mBuilding CXX object CMakeFiles/zed_interfaces__rosidl_typesupport_fastrtps_c.dir/rosidl_typesupport_fastrtps_c/zed_interfaces/msg/detail/keypoint3_d__type_support_c.cpp.o[0m
[7.636s] [ 77%] [32mBuilding CXX object CMakeFiles/zed_interfaces__rosidl_typesupport_fastrtps_c.dir/rosidl_typesupport_fastrtps_c/zed_interfaces/msg/detail/bounding_box2_di__type_support_c.cpp.o[0m
[7.636s] [ 78%] [32mBuilding CXX object CMakeFiles/zed_interfaces__rosidl_typesupport_fastrtps_c.dir/rosidl_typesupport_fastrtps_c/zed_interfaces/msg/detail/bounding_box3_d__type_support_c.cpp.o[0m
[7.636s] [ 78%] [32mBuilding CXX object CMakeFiles/zed_interfaces__rosidl_typesupport_fastrtps_c.dir/rosidl_typesupport_fastrtps_c/zed_interfaces/msg/detail/skeleton2_d__type_support_c.cpp.o[0m
[7.636s] [ 80%] [32mBuilding CXX object CMakeFiles/zed_interfaces__rosidl_typesupport_fastrtps_c.dir/rosidl_typesupport_fastrtps_c/zed_interfaces/msg/detail/skeleton3_d__type_support_c.cpp.o[0m
[7.637s] [ 80%] [32mBuilding CXX object CMakeFiles/zed_interfaces__rosidl_typesupport_fastrtps_c.dir/rosidl_typesupport_fastrtps_c/zed_interfaces/msg/detail/depth_info_stamped__type_support_c.cpp.o[0m
[7.637s] [ 80%] [32mBuilding CXX object CMakeFiles/zed_interfaces__rosidl_typesupport_fastrtps_c.dir/rosidl_typesupport_fastrtps_c/zed_interfaces/msg/detail/plane_stamped__type_support_c.cpp.o[0m
[7.637s] [ 81%] [32mBuilding CXX object CMakeFiles/zed_interfaces__rosidl_typesupport_fastrtps_c.dir/rosidl_typesupport_fastrtps_c/zed_interfaces/msg/detail/pos_track_status__type_support_c.cpp.o[0m
[7.638s] [ 82%] [32mBuilding CXX object CMakeFiles/zed_interfaces__rosidl_typesupport_fastrtps_c.dir/rosidl_typesupport_fastrtps_c/zed_interfaces/msg/detail/heartbeat__type_support_c.cpp.o[0m
[7.640s] [ 82%] [32mBuilding CXX object CMakeFiles/zed_interfaces__rosidl_typesupport_fastrtps_c.dir/rosidl_typesupport_fastrtps_c/zed_interfaces/srv/detail/set_pose__type_support_c.cpp.o[0m
[7.644s] [ 83%] [32mBuilding CXX object CMakeFiles/zed_interfaces__rosidl_typesupport_fastrtps_c.dir/rosidl_typesupport_fastrtps_c/zed_interfaces/srv/detail/start_svo_rec__type_support_c.cpp.o[0m
[7.644s] [ 84%] [32mBuilding CXX object CMakeFiles/zed_interfaces__rosidl_typesupport_fastrtps_c.dir/rosidl_typesupport_fastrtps_c/zed_interfaces/srv/detail/set_roi__type_support_c.cpp.o[0m
[8.283s] [ 84%] [32m[1mLinking CXX shared library libzed_interfaces__rosidl_typesupport_fastrtps_c.so[0m
[8.370s] [ 84%] Built target zed_interfaces__rosidl_typesupport_fastrtps_c
[8.379s] [ 84%] Built target zed_interfaces
[8.389s] [ 85%] [34m[1mGenerating Python code for ROS interfaces[0m
[10.766s] [ 85%] Built target zed_interfaces__py
[10.773s] [ 85%] [32mBuilding C object CMakeFiles/zed_interfaces__python.dir/rosidl_generator_py/zed_interfaces/msg/_object_s.c.o[0m
[10.773s] [ 86%] [32mBuilding C object CMakeFiles/zed_interfaces__python.dir/rosidl_generator_py/zed_interfaces/msg/_objects_stamped_s.c.o[0m
[10.773s] [ 86%] [32mBuilding C object CMakeFiles/zed_interfaces__python.dir/rosidl_generator_py/zed_interfaces/msg/_keypoint2_df_s.c.o[0m
[10.773s] [ 87%] [32mBuilding C object CMakeFiles/zed_interfaces__python.dir/rosidl_generator_py/zed_interfaces/msg/_keypoint2_di_s.c.o[0m
[10.773s] [ 88%] [32mBuilding C object CMakeFiles/zed_interfaces__python.dir/rosidl_generator_py/zed_interfaces/msg/_bounding_box2_di_s.c.o[0m
[10.774s] [ 89%] [32mBuilding C object CMakeFiles/zed_interfaces__python.dir/rosidl_generator_py/zed_interfaces/msg/_keypoint3_d_s.c.o[0m
[10.774s] [ 89%] [32mBuilding C object CMakeFiles/zed_interfaces__python.dir/rosidl_generator_py/zed_interfaces/msg/_bounding_box2_df_s.c.o[0m
[10.774s] [ 90%] [32mBuilding C object CMakeFiles/zed_interfaces__python.dir/rosidl_generator_py/zed_interfaces/msg/_bounding_box3_d_s.c.o[0m
[10.774s] [ 91%] [32mBuilding C object CMakeFiles/zed_interfaces__python.dir/rosidl_generator_py/zed_interfaces/msg/_skeleton3_d_s.c.o[0m
[10.774s] [ 91%] [32mBuilding C object CMakeFiles/zed_interfaces__python.dir/rosidl_generator_py/zed_interfaces/msg/_skeleton2_d_s.c.o[0m
[10.774s] [ 92%] [32mBuilding C object CMakeFiles/zed_interfaces__python.dir/rosidl_generator_py/zed_interfaces/msg/_pos_track_status_s.c.o[0m
[10.774s] [ 92%] [32mBuilding C object CMakeFiles/zed_interfaces__python.dir/rosidl_generator_py/zed_interfaces/msg/_plane_stamped_s.c.o[0m
[10.775s] [ 93%] [32mBuilding C object CMakeFiles/zed_interfaces__python.dir/rosidl_generator_py/zed_interfaces/msg/_depth_info_stamped_s.c.o[0m
[10.775s] [ 94%] [32mBuilding C object CMakeFiles/zed_interfaces__python.dir/rosidl_generator_py/zed_interfaces/msg/_heartbeat_s.c.o[0m
[10.775s] [ 94%] [32mBuilding C object CMakeFiles/zed_interfaces__python.dir/rosidl_generator_py/zed_interfaces/srv/_set_pose_s.c.o[0m
[10.776s] [ 95%] [32mBuilding C object CMakeFiles/zed_interfaces__python.dir/rosidl_generator_py/zed_interfaces/srv/_start_svo_rec_s.c.o[0m
[10.779s] [ 95%] [32mBuilding C object CMakeFiles/zed_interfaces__python.dir/rosidl_generator_py/zed_interfaces/srv/_set_roi_s.c.o[0m
[10.933s] [ 96%] [32m[1mLinking C shared library rosidl_generator_py/zed_interfaces/libzed_interfaces__python.so[0m
[10.956s] [ 96%] Built target zed_interfaces__python
[10.962s] [ 98%] [32mBuilding C object CMakeFiles/zed_interfaces__rosidl_typesupport_c__pyext.dir/rosidl_generator_py/zed_interfaces/_zed_interfaces_s.ep.rosidl_typesupport_c.c.o[0m
[10.962s] [ 98%] [32mBuilding C object CMakeFiles/zed_interfaces__rosidl_typesupport_fastrtps_c__pyext.dir/rosidl_generator_py/zed_interfaces/_zed_interfaces_s.ep.rosidl_typesupport_fastrtps_c.c.o[0m
[10.962s] [ 99%] [32mBuilding C object CMakeFiles/zed_interfaces__rosidl_typesupport_introspection_c__pyext.dir/rosidl_generator_py/zed_interfaces/_zed_interfaces_s.ep.rosidl_typesupport_introspection_c.c.o[0m
[11.046s] [ 99%] [32m[1mLinking C shared library rosidl_generator_py/zed_interfaces/zed_interfaces_s__rosidl_typesupport_c.cpython-39-x86_64-linux-gnu.so[0m
[11.047s] [ 99%] [32m[1mLinking CXX shared library rosidl_generator_py/zed_interfaces/zed_interfaces_s__rosidl_typesupport_fastrtps_c.cpython-39-x86_64-linux-gnu.so[0m
[11.047s] [100%] [32m[1mLinking C shared library rosidl_generator_py/zed_interfaces/zed_interfaces_s__rosidl_typesupport_introspection_c.cpython-39-x86_64-linux-gnu.so[0m
[11.063s] [100%] Built target zed_interfaces__rosidl_typesupport_c__pyext
[11.064s] [100%] Built target zed_interfaces__rosidl_typesupport_introspection_c__pyext
[11.082s] [100%] Built target zed_interfaces__rosidl_typesupport_fastrtps_c__pyext
[11.090s] Invoked command in '/home/song/steadylab/build/zed_interfaces' returned '0': CMAKE_PREFIX_PATH=${CMAKE_PREFIX_PATH}:/home/song/zed/install/steadylab:/opt/ros/foxy CONDA_PROMPT_MODIFIER=(base) /home/song/.local/bin/cmake --build /home/song/steadylab/build/zed_interfaces -- -j20 -l20
[11.260s] Invoking command in '/home/song/steadylab/build/zed_interfaces': CMAKE_PREFIX_PATH=${CMAKE_PREFIX_PATH}:/home/song/zed/install/steadylab:/opt/ros/foxy CONDA_PROMPT_MODIFIER=(base) /home/song/.local/bin/cmake --install /home/song/steadylab/build/zed_interfaces
[11.276s] -- Install configuration: ""
[11.276s] -- Execute custom install script
[11.277s] -- Symlinking: /home/song/steadylab/install/zed_interfaces/share/ament_index/resource_index/rosidl_interfaces/zed_interfaces
[11.279s] -- Symlinking: /home/song/steadylab/install/zed_interfaces/include/zed_interfaces/msg/bounding_box2_df.h
[11.280s] -- Symlinking: /home/song/steadylab/install/zed_interfaces/include/zed_interfaces/msg/bounding_box2_di.h
[11.281s] -- Symlinking: /home/song/steadylab/install/zed_interfaces/include/zed_interfaces/msg/bounding_box3_d.h
[11.283s] -- Symlinking: /home/song/steadylab/install/zed_interfaces/include/zed_interfaces/msg/depth_info_stamped.h
[11.284s] -- Symlinking: /home/song/steadylab/install/zed_interfaces/include/zed_interfaces/msg/detail/bounding_box2_df__functions.h
[11.286s] -- Symlinking: /home/song/steadylab/install/zed_interfaces/include/zed_interfaces/msg/detail/bounding_box2_df__struct.h
[11.287s] -- Symlinking: /home/song/steadylab/install/zed_interfaces/include/zed_interfaces/msg/detail/bounding_box2_df__type_support.h
[11.289s] -- Symlinking: /home/song/steadylab/install/zed_interfaces/include/zed_interfaces/msg/detail/bounding_box2_di__functions.h
[11.290s] -- Symlinking: /home/song/steadylab/install/zed_interfaces/include/zed_interfaces/msg/detail/bounding_box2_di__struct.h
[11.292s] -- Symlinking: /home/song/steadylab/install/zed_interfaces/include/zed_interfaces/msg/detail/bounding_box2_di__type_support.h
[11.294s] -- Symlinking: /home/song/steadylab/install/zed_interfaces/include/zed_interfaces/msg/detail/bounding_box3_d__functions.h
[11.295s] -- Symlinking: /home/song/steadylab/install/zed_interfaces/include/zed_interfaces/msg/detail/bounding_box3_d__struct.h
[11.297s] -- Symlinking: /home/song/steadylab/install/zed_interfaces/include/zed_interfaces/msg/detail/bounding_box3_d__type_support.h
[11.298s] -- Symlinking: /home/song/steadylab/install/zed_interfaces/include/zed_interfaces/msg/detail/depth_info_stamped__functions.h
[11.300s] -- Symlinking: /home/song/steadylab/install/zed_interfaces/include/zed_interfaces/msg/detail/depth_info_stamped__struct.h
[11.301s] -- Symlinking: /home/song/steadylab/install/zed_interfaces/include/zed_interfaces/msg/detail/depth_info_stamped__type_support.h
[11.303s] -- Symlinking: /home/song/steadylab/install/zed_interfaces/include/zed_interfaces/msg/detail/heartbeat__functions.h
[11.304s] -- Symlinking: /home/song/steadylab/install/zed_interfaces/include/zed_interfaces/msg/detail/heartbeat__struct.h
[11.305s] -- Symlinking: /home/song/steadylab/install/zed_interfaces/include/zed_interfaces/msg/detail/heartbeat__type_support.h
[11.307s] -- Symlinking: /home/song/steadylab/install/zed_interfaces/include/zed_interfaces/msg/detail/keypoint2_df__functions.h
[11.308s] -- Symlinking: /home/song/steadylab/install/zed_interfaces/include/zed_interfaces/msg/detail/keypoint2_df__struct.h
[11.309s] -- Symlinking: /home/song/steadylab/install/zed_interfaces/include/zed_interfaces/msg/detail/keypoint2_df__type_support.h
[11.311s] -- Symlinking: /home/song/steadylab/install/zed_interfaces/include/zed_interfaces/msg/detail/keypoint2_di__functions.h
[11.312s] -- Symlinking: /home/song/steadylab/install/zed_interfaces/include/zed_interfaces/msg/detail/keypoint2_di__struct.h
[11.313s] -- Symlinking: /home/song/steadylab/install/zed_interfaces/include/zed_interfaces/msg/detail/keypoint2_di__type_support.h
[11.314s] -- Symlinking: /home/song/steadylab/install/zed_interfaces/include/zed_interfaces/msg/detail/keypoint3_d__functions.h
[11.316s] -- Symlinking: /home/song/steadylab/install/zed_interfaces/include/zed_interfaces/msg/detail/keypoint3_d__struct.h
[11.317s] -- Symlinking: /home/song/steadylab/install/zed_interfaces/include/zed_interfaces/msg/detail/keypoint3_d__type_support.h
[11.318s] -- Symlinking: /home/song/steadylab/install/zed_interfaces/include/zed_interfaces/msg/detail/object__functions.h
[11.319s] -- Symlinking: /home/song/steadylab/install/zed_interfaces/include/zed_interfaces/msg/detail/object__struct.h
[11.321s] -- Symlinking: /home/song/steadylab/install/zed_interfaces/include/zed_interfaces/msg/detail/object__type_support.h
[11.322s] -- Symlinking: /home/song/steadylab/install/zed_interfaces/include/zed_interfaces/msg/detail/objects_stamped__functions.h
[11.323s] -- Symlinking: /home/song/steadylab/install/zed_interfaces/include/zed_interfaces/msg/detail/objects_stamped__struct.h
[11.325s] -- Symlinking: /home/song/steadylab/install/zed_interfaces/include/zed_interfaces/msg/detail/objects_stamped__type_support.h
[11.326s] -- Symlinking: /home/song/steadylab/install/zed_interfaces/include/zed_interfaces/msg/detail/plane_stamped__functions.h
[11.328s] -- Symlinking: /home/song/steadylab/install/zed_interfaces/include/zed_interfaces/msg/detail/plane_stamped__struct.h
[11.329s] -- Symlinking: /home/song/steadylab/install/zed_interfaces/include/zed_interfaces/msg/detail/plane_stamped__type_support.h
[11.330s] -- Symlinking: /home/song/steadylab/install/zed_interfaces/include/zed_interfaces/msg/detail/pos_track_status__functions.h
[11.332s] -- Symlinking: /home/song/steadylab/install/zed_interfaces/include/zed_interfaces/msg/detail/pos_track_status__struct.h
[11.333s] -- Symlinking: /home/song/steadylab/install/zed_interfaces/include/zed_interfaces/msg/detail/pos_track_status__type_support.h
[11.334s] -- Symlinking: /home/song/steadylab/install/zed_interfaces/include/zed_interfaces/msg/detail/skeleton2_d__functions.h
[11.336s] -- Symlinking: /home/song/steadylab/install/zed_interfaces/include/zed_interfaces/msg/detail/skeleton2_d__struct.h
[11.337s] -- Symlinking: /home/song/steadylab/install/zed_interfaces/include/zed_interfaces/msg/detail/skeleton2_d__type_support.h
[11.339s] -- Symlinking: /home/song/steadylab/install/zed_interfaces/include/zed_interfaces/msg/detail/skeleton3_d__functions.h
[11.340s] -- Symlinking: /home/song/steadylab/install/zed_interfaces/include/zed_interfaces/msg/detail/skeleton3_d__struct.h
[11.342s] -- Symlinking: /home/song/steadylab/install/zed_interfaces/include/zed_interfaces/msg/detail/skeleton3_d__type_support.h
[11.343s] -- Symlinking: /home/song/steadylab/install/zed_interfaces/include/zed_interfaces/msg/heartbeat.h
[11.345s] -- Symlinking: /home/song/steadylab/install/zed_interfaces/include/zed_interfaces/msg/keypoint2_df.h
[11.346s] -- Symlinking: /home/song/steadylab/install/zed_interfaces/include/zed_interfaces/msg/keypoint2_di.h
[11.348s] -- Symlinking: /home/song/steadylab/install/zed_interfaces/include/zed_interfaces/msg/keypoint3_d.h
[11.349s] -- Symlinking: /home/song/steadylab/install/zed_interfaces/include/zed_interfaces/msg/object.h
[11.350s] -- Symlinking: /home/song/steadylab/install/zed_interfaces/include/zed_interfaces/msg/objects_stamped.h
[11.352s] -- Symlinking: /home/song/steadylab/install/zed_interfaces/include/zed_interfaces/msg/plane_stamped.h
[11.353s] -- Symlinking: /home/song/steadylab/install/zed_interfaces/include/zed_interfaces/msg/pos_track_status.h
[11.354s] -- Symlinking: /home/song/steadylab/install/zed_interfaces/include/zed_interfaces/msg/rosidl_generator_c__visibility_control.h
[11.356s] -- Symlinking: /home/song/steadylab/install/zed_interfaces/include/zed_interfaces/msg/skeleton2_d.h
[11.357s] -- Symlinking: /home/song/steadylab/install/zed_interfaces/include/zed_interfaces/msg/skeleton3_d.h
[11.359s] -- Symlinking: /home/song/steadylab/install/zed_interfaces/include/zed_interfaces/srv/detail/set_pose__functions.h
[11.360s] -- Symlinking: /home/song/steadylab/install/zed_interfaces/include/zed_interfaces/srv/detail/set_pose__struct.h
[11.362s] -- Symlinking: /home/song/steadylab/install/zed_interfaces/include/zed_interfaces/srv/detail/set_pose__type_support.h
[11.363s] -- Symlinking: /home/song/steadylab/install/zed_interfaces/include/zed_interfaces/srv/detail/set_roi__functions.h
[11.365s] -- Symlinking: /home/song/steadylab/install/zed_interfaces/include/zed_interfaces/srv/detail/set_roi__struct.h
[11.367s] -- Symlinking: /home/song/steadylab/install/zed_interfaces/include/zed_interfaces/srv/detail/set_roi__type_support.h
[11.368s] -- Symlinking: /home/song/steadylab/install/zed_interfaces/include/zed_interfaces/srv/detail/start_svo_rec__functions.h
[11.370s] -- Symlinking: /home/song/steadylab/install/zed_interfaces/include/zed_interfaces/srv/detail/start_svo_rec__struct.h
[11.371s] -- Symlinking: /home/song/steadylab/install/zed_interfaces/include/zed_interfaces/srv/detail/start_svo_rec__type_support.h
[11.372s] -- Symlinking: /home/song/steadylab/install/zed_interfaces/include/zed_interfaces/srv/set_pose.h
[11.374s] -- Symlinking: /home/song/steadylab/install/zed_interfaces/include/zed_interfaces/srv/set_roi.h
[11.375s] -- Symlinking: /home/song/steadylab/install/zed_interfaces/include/zed_interfaces/srv/start_svo_rec.h
[11.377s] -- Symlinking: /home/song/steadylab/install/zed_interfaces/share/zed_interfaces/environment/library_path.sh
[11.378s] -- Symlinking: /home/song/steadylab/install/zed_interfaces/share/zed_interfaces/environment/library_path.dsv
[11.380s] -- Symlinking: /home/song/steadylab/install/zed_interfaces/include/zed_interfaces/msg/detail/bounding_box2_df__rosidl_typesupport_fastrtps_c.h
[11.382s] -- Symlinking: /home/song/steadylab/install/zed_interfaces/include/zed_interfaces/msg/detail/bounding_box2_di__rosidl_typesupport_fastrtps_c.h
[11.383s] -- Symlinking: /home/song/steadylab/install/zed_interfaces/include/zed_interfaces/msg/detail/bounding_box3_d__rosidl_typesupport_fastrtps_c.h
[11.385s] -- Symlinking: /home/song/steadylab/install/zed_interfaces/include/zed_interfaces/msg/detail/depth_info_stamped__rosidl_typesupport_fastrtps_c.h
[11.386s] -- Symlinking: /home/song/steadylab/install/zed_interfaces/include/zed_interfaces/msg/detail/heartbeat__rosidl_typesupport_fastrtps_c.h
[11.388s] -- Symlinking: /home/song/steadylab/install/zed_interfaces/include/zed_interfaces/msg/detail/keypoint2_df__rosidl_typesupport_fastrtps_c.h
[11.389s] -- Symlinking: /home/song/steadylab/install/zed_interfaces/include/zed_interfaces/msg/detail/keypoint2_di__rosidl_typesupport_fastrtps_c.h
[11.391s] -- Symlinking: /home/song/steadylab/install/zed_interfaces/include/zed_interfaces/msg/detail/keypoint3_d__rosidl_typesupport_fastrtps_c.h
[11.392s] -- Symlinking: /home/song/steadylab/install/zed_interfaces/include/zed_interfaces/msg/detail/object__rosidl_typesupport_fastrtps_c.h
[11.394s] -- Symlinking: /home/song/steadylab/install/zed_interfaces/include/zed_interfaces/msg/detail/objects_stamped__rosidl_typesupport_fastrtps_c.h
[11.395s] -- Symlinking: /home/song/steadylab/install/zed_interfaces/include/zed_interfaces/msg/detail/plane_stamped__rosidl_typesupport_fastrtps_c.h
[11.397s] -- Symlinking: /home/song/steadylab/install/zed_interfaces/include/zed_interfaces/msg/detail/pos_track_status__rosidl_typesupport_fastrtps_c.h
[11.398s] -- Symlinking: /home/song/steadylab/install/zed_interfaces/include/zed_interfaces/msg/detail/skeleton2_d__rosidl_typesupport_fastrtps_c.h
[11.399s] -- Symlinking: /home/song/steadylab/install/zed_interfaces/include/zed_interfaces/msg/detail/skeleton3_d__rosidl_typesupport_fastrtps_c.h
[11.401s] -- Symlinking: /home/song/steadylab/install/zed_interfaces/include/zed_interfaces/msg/rosidl_typesupport_fastrtps_c__visibility_control.h
[11.403s] -- Symlinking: /home/song/steadylab/install/zed_interfaces/include/zed_interfaces/srv/detail/set_pose__rosidl_typesupport_fastrtps_c.h
[11.404s] -- Symlinking: /home/song/steadylab/install/zed_interfaces/include/zed_interfaces/srv/detail/set_roi__rosidl_typesupport_fastrtps_c.h
[11.406s] -- Symlinking: /home/song/steadylab/install/zed_interfaces/include/zed_interfaces/srv/detail/start_svo_rec__rosidl_typesupport_fastrtps_c.h
[11.407s] -- Symlinking: /home/song/steadylab/install/zed_interfaces/lib/libzed_interfaces__rosidl_typesupport_fastrtps_c.so
[11.409s] -- Symlinking: /home/song/steadylab/install/zed_interfaces/include/zed_interfaces/msg/detail/bounding_box2_df__rosidl_typesupport_fastrtps_cpp.hpp
[11.411s] -- Symlinking: /home/song/steadylab/install/zed_interfaces/include/zed_interfaces/msg/detail/bounding_box2_di__rosidl_typesupport_fastrtps_cpp.hpp
[11.412s] -- Symlinking: /home/song/steadylab/install/zed_interfaces/include/zed_interfaces/msg/detail/bounding_box3_d__rosidl_typesupport_fastrtps_cpp.hpp
[11.414s] -- Symlinking: /home/song/steadylab/install/zed_interfaces/include/zed_interfaces/msg/detail/depth_info_stamped__rosidl_typesupport_fastrtps_cpp.hpp
[11.415s] -- Symlinking: /home/song/steadylab/install/zed_interfaces/include/zed_interfaces/msg/detail/heartbeat__rosidl_typesupport_fastrtps_cpp.hpp
[11.417s] -- Symlinking: /home/song/steadylab/install/zed_interfaces/include/zed_interfaces/msg/detail/keypoint2_df__rosidl_typesupport_fastrtps_cpp.hpp
[11.419s] -- Symlinking: /home/song/steadylab/install/zed_interfaces/include/zed_interfaces/msg/detail/keypoint2_di__rosidl_typesupport_fastrtps_cpp.hpp
[11.420s] -- Symlinking: /home/song/steadylab/install/zed_interfaces/include/zed_interfaces/msg/detail/keypoint3_d__rosidl_typesupport_fastrtps_cpp.hpp
[11.421s] -- Symlinking: /home/song/steadylab/install/zed_interfaces/include/zed_interfaces/msg/detail/object__rosidl_typesupport_fastrtps_cpp.hpp
[11.423s] -- Symlinking: /home/song/steadylab/install/zed_interfaces/include/zed_interfaces/msg/detail/objects_stamped__rosidl_typesupport_fastrtps_cpp.hpp
[11.424s] -- Symlinking: /home/song/steadylab/install/zed_interfaces/include/zed_interfaces/msg/detail/plane_stamped__rosidl_typesupport_fastrtps_cpp.hpp
[11.426s] -- Symlinking: /home/song/steadylab/install/zed_interfaces/include/zed_interfaces/msg/detail/pos_track_status__rosidl_typesupport_fastrtps_cpp.hpp
[11.427s] -- Symlinking: /home/song/steadylab/install/zed_interfaces/include/zed_interfaces/msg/detail/skeleton2_d__rosidl_typesupport_fastrtps_cpp.hpp
[11.429s] -- Symlinking: /home/song/steadylab/install/zed_interfaces/include/zed_interfaces/msg/detail/skeleton3_d__rosidl_typesupport_fastrtps_cpp.hpp
[11.430s] -- Symlinking: /home/song/steadylab/install/zed_interfaces/include/zed_interfaces/msg/rosidl_typesupport_fastrtps_cpp__visibility_control.h
[11.431s] -- Symlinking: /home/song/steadylab/install/zed_interfaces/include/zed_interfaces/srv/detail/set_pose__rosidl_typesupport_fastrtps_cpp.hpp
[11.432s] -- Symlinking: /home/song/steadylab/install/zed_interfaces/include/zed_interfaces/srv/detail/set_roi__rosidl_typesupport_fastrtps_cpp.hpp
[11.433s] -- Symlinking: /home/song/steadylab/install/zed_interfaces/include/zed_interfaces/srv/detail/start_svo_rec__rosidl_typesupport_fastrtps_cpp.hpp
[11.435s] -- Symlinking: /home/song/steadylab/install/zed_interfaces/lib/libzed_interfaces__rosidl_typesupport_fastrtps_cpp.so
[11.436s] -- Symlinking: /home/song/steadylab/install/zed_interfaces/include/zed_interfaces/msg/detail/bounding_box2_df__rosidl_typesupport_introspection_c.h
[11.438s] -- Symlinking: /home/song/steadylab/install/zed_interfaces/include/zed_interfaces/msg/detail/bounding_box2_di__rosidl_typesupport_introspection_c.h
[11.439s] -- Symlinking: /home/song/steadylab/install/zed_interfaces/include/zed_interfaces/msg/detail/bounding_box3_d__rosidl_typesupport_introspection_c.h
[11.440s] -- Symlinking: /home/song/steadylab/install/zed_interfaces/include/zed_interfaces/msg/detail/depth_info_stamped__rosidl_typesupport_introspection_c.h
[11.442s] -- Symlinking: /home/song/steadylab/install/zed_interfaces/include/zed_interfaces/msg/detail/heartbeat__rosidl_typesupport_introspection_c.h
[11.443s] -- Symlinking: /home/song/steadylab/install/zed_interfaces/include/zed_interfaces/msg/detail/keypoint2_df__rosidl_typesupport_introspection_c.h
[11.444s] -- Symlinking: /home/song/steadylab/install/zed_interfaces/include/zed_interfaces/msg/detail/keypoint2_di__rosidl_typesupport_introspection_c.h
[11.446s] -- Symlinking: /home/song/steadylab/install/zed_interfaces/include/zed_interfaces/msg/detail/keypoint3_d__rosidl_typesupport_introspection_c.h
[11.447s] -- Symlinking: /home/song/steadylab/install/zed_interfaces/include/zed_interfaces/msg/detail/object__rosidl_typesupport_introspection_c.h
[11.449s] -- Symlinking: /home/song/steadylab/install/zed_interfaces/include/zed_interfaces/msg/detail/objects_stamped__rosidl_typesupport_introspection_c.h
[11.450s] -- Symlinking: /home/song/steadylab/install/zed_interfaces/include/zed_interfaces/msg/detail/plane_stamped__rosidl_typesupport_introspection_c.h
[11.451s] -- Symlinking: /home/song/steadylab/install/zed_interfaces/include/zed_interfaces/msg/detail/pos_track_status__rosidl_typesupport_introspection_c.h
[11.452s] -- Symlinking: /home/song/steadylab/install/zed_interfaces/include/zed_interfaces/msg/detail/skeleton2_d__rosidl_typesupport_introspection_c.h
[11.454s] -- Symlinking: /home/song/steadylab/install/zed_interfaces/include/zed_interfaces/msg/detail/skeleton3_d__rosidl_typesupport_introspection_c.h
[11.455s] -- Symlinking: /home/song/steadylab/install/zed_interfaces/include/zed_interfaces/msg/rosidl_typesupport_introspection_c__visibility_control.h
[11.457s] -- Symlinking: /home/song/steadylab/install/zed_interfaces/include/zed_interfaces/srv/detail/set_pose__rosidl_typesupport_introspection_c.h
[11.458s] -- Symlinking: /home/song/steadylab/install/zed_interfaces/include/zed_interfaces/srv/detail/set_roi__rosidl_typesupport_introspection_c.h
[11.460s] -- Symlinking: /home/song/steadylab/install/zed_interfaces/include/zed_interfaces/srv/detail/start_svo_rec__rosidl_typesupport_introspection_c.h
[11.462s] -- Symlinking: /home/song/steadylab/install/zed_interfaces/include/zed_interfaces/msg/bounding_box2_df.hpp
[11.463s] -- Symlinking: /home/song/steadylab/install/zed_interfaces/include/zed_interfaces/msg/bounding_box2_di.hpp
[11.465s] -- Symlinking: /home/song/steadylab/install/zed_interfaces/include/zed_interfaces/msg/bounding_box3_d.hpp
[11.466s] -- Symlinking: /home/song/steadylab/install/zed_interfaces/include/zed_interfaces/msg/depth_info_stamped.hpp
[11.467s] -- Symlinking: /home/song/steadylab/install/zed_interfaces/include/zed_interfaces/msg/detail/bounding_box2_df__builder.hpp
[11.469s] -- Symlinking: /home/song/steadylab/install/zed_interfaces/include/zed_interfaces/msg/detail/bounding_box2_df__struct.hpp
[11.470s] -- Symlinking: /home/song/steadylab/install/zed_interfaces/include/zed_interfaces/msg/detail/bounding_box2_df__traits.hpp
[11.471s] -- Symlinking: /home/song/steadylab/install/zed_interfaces/include/zed_interfaces/msg/detail/bounding_box2_df__type_support.hpp
[11.473s] -- Symlinking: /home/song/steadylab/install/zed_interfaces/include/zed_interfaces/msg/detail/bounding_box2_di__builder.hpp
[11.474s] -- Symlinking: /home/song/steadylab/install/zed_interfaces/include/zed_interfaces/msg/detail/bounding_box2_di__struct.hpp
[11.475s] -- Symlinking: /home/song/steadylab/install/zed_interfaces/include/zed_interfaces/msg/detail/bounding_box2_di__traits.hpp
[11.476s] -- Symlinking: /home/song/steadylab/install/zed_interfaces/include/zed_interfaces/msg/detail/bounding_box2_di__type_support.hpp
[11.478s] -- Symlinking: /home/song/steadylab/install/zed_interfaces/include/zed_interfaces/msg/detail/bounding_box3_d__builder.hpp
[11.479s] -- Symlinking: /home/song/steadylab/install/zed_interfaces/include/zed_interfaces/msg/detail/bounding_box3_d__struct.hpp
[11.480s] -- Symlinking: /home/song/steadylab/install/zed_interfaces/include/zed_interfaces/msg/detail/bounding_box3_d__traits.hpp
[11.482s] -- Symlinking: /home/song/steadylab/install/zed_interfaces/include/zed_interfaces/msg/detail/bounding_box3_d__type_support.hpp
[11.483s] -- Symlinking: /home/song/steadylab/install/zed_interfaces/include/zed_interfaces/msg/detail/depth_info_stamped__builder.hpp
[11.484s] -- Symlinking: /home/song/steadylab/install/zed_interfaces/include/zed_interfaces/msg/detail/depth_info_stamped__struct.hpp
[11.485s] -- Symlinking: /home/song/steadylab/install/zed_interfaces/include/zed_interfaces/msg/detail/depth_info_stamped__traits.hpp
[11.487s] -- Symlinking: /home/song/steadylab/install/zed_interfaces/include/zed_interfaces/msg/detail/depth_info_stamped__type_support.hpp
[11.488s] -- Symlinking: /home/song/steadylab/install/zed_interfaces/include/zed_interfaces/msg/detail/heartbeat__builder.hpp
[11.489s] -- Symlinking: /home/song/steadylab/install/zed_interfaces/include/zed_interfaces/msg/detail/heartbeat__struct.hpp
[11.491s] -- Symlinking: /home/song/steadylab/install/zed_interfaces/include/zed_interfaces/msg/detail/heartbeat__traits.hpp
[11.492s] -- Symlinking: /home/song/steadylab/install/zed_interfaces/include/zed_interfaces/msg/detail/heartbeat__type_support.hpp
[11.493s] -- Symlinking: /home/song/steadylab/install/zed_interfaces/include/zed_interfaces/msg/detail/keypoint2_df__builder.hpp
[11.495s] -- Symlinking: /home/song/steadylab/install/zed_interfaces/include/zed_interfaces/msg/detail/keypoint2_df__struct.hpp
[11.496s] -- Symlinking: /home/song/steadylab/install/zed_interfaces/include/zed_interfaces/msg/detail/keypoint2_df__traits.hpp
[11.497s] -- Symlinking: /home/song/steadylab/install/zed_interfaces/include/zed_interfaces/msg/detail/keypoint2_df__type_support.hpp
[11.499s] -- Symlinking: /home/song/steadylab/install/zed_interfaces/include/zed_interfaces/msg/detail/keypoint2_di__builder.hpp
[11.500s] -- Symlinking: /home/song/steadylab/install/zed_interfaces/include/zed_interfaces/msg/detail/keypoint2_di__struct.hpp
[11.502s] -- Symlinking: /home/song/steadylab/install/zed_interfaces/include/zed_interfaces/msg/detail/keypoint2_di__traits.hpp
[11.503s] -- Symlinking: /home/song/steadylab/install/zed_interfaces/include/zed_interfaces/msg/detail/keypoint2_di__type_support.hpp
[11.504s] -- Symlinking: /home/song/steadylab/install/zed_interfaces/include/zed_interfaces/msg/detail/keypoint3_d__builder.hpp
[11.506s] -- Symlinking: /home/song/steadylab/install/zed_interfaces/include/zed_interfaces/msg/detail/keypoint3_d__struct.hpp
[11.507s] -- Symlinking: /home/song/steadylab/install/zed_interfaces/include/zed_interfaces/msg/detail/keypoint3_d__traits.hpp
[11.508s] -- Symlinking: /home/song/steadylab/install/zed_interfaces/include/zed_interfaces/msg/detail/keypoint3_d__type_support.hpp
[11.509s] -- Symlinking: /home/song/steadylab/install/zed_interfaces/include/zed_interfaces/msg/detail/object__builder.hpp
[11.510s] -- Symlinking: /home/song/steadylab/install/zed_interfaces/include/zed_interfaces/msg/detail/object__struct.hpp
[11.511s] -- Symlinking: /home/song/steadylab/install/zed_interfaces/include/zed_interfaces/msg/detail/object__traits.hpp
[11.513s] -- Symlinking: /home/song/steadylab/install/zed_interfaces/include/zed_interfaces/msg/detail/object__type_support.hpp
[11.514s] -- Symlinking: /home/song/steadylab/install/zed_interfaces/include/zed_interfaces/msg/detail/objects_stamped__builder.hpp
[11.515s] -- Symlinking: /home/song/steadylab/install/zed_interfaces/include/zed_interfaces/msg/detail/objects_stamped__struct.hpp
[11.516s] -- Symlinking: /home/song/steadylab/install/zed_interfaces/include/zed_interfaces/msg/detail/objects_stamped__traits.hpp
[11.517s] -- Symlinking: /home/song/steadylab/install/zed_interfaces/include/zed_interfaces/msg/detail/objects_stamped__type_support.hpp
[11.519s] -- Symlinking: /home/song/steadylab/install/zed_interfaces/include/zed_interfaces/msg/detail/plane_stamped__builder.hpp
[11.520s] -- Symlinking: /home/song/steadylab/install/zed_interfaces/include/zed_interfaces/msg/detail/plane_stamped__struct.hpp
[11.521s] -- Symlinking: /home/song/steadylab/install/zed_interfaces/include/zed_interfaces/msg/detail/plane_stamped__traits.hpp
[11.523s] -- Symlinking: /home/song/steadylab/install/zed_interfaces/include/zed_interfaces/msg/detail/plane_stamped__type_support.hpp
[11.524s] -- Symlinking: /home/song/steadylab/install/zed_interfaces/include/zed_interfaces/msg/detail/pos_track_status__builder.hpp
[11.525s] -- Symlinking: /home/song/steadylab/install/zed_interfaces/include/zed_interfaces/msg/detail/pos_track_status__struct.hpp
[11.527s] -- Symlinking: /home/song/steadylab/install/zed_interfaces/include/zed_interfaces/msg/detail/pos_track_status__traits.hpp
[11.528s] -- Symlinking: /home/song/steadylab/install/zed_interfaces/include/zed_interfaces/msg/detail/pos_track_status__type_support.hpp
[11.530s] -- Symlinking: /home/song/steadylab/install/zed_interfaces/include/zed_interfaces/msg/detail/skeleton2_d__builder.hpp
[11.531s] -- Symlinking: /home/song/steadylab/install/zed_interfaces/include/zed_interfaces/msg/detail/skeleton2_d__struct.hpp
[11.533s] -- Symlinking: /home/song/steadylab/install/zed_interfaces/include/zed_interfaces/msg/detail/skeleton2_d__traits.hpp
[11.534s] -- Symlinking: /home/song/steadylab/install/zed_interfaces/include/zed_interfaces/msg/detail/skeleton2_d__type_support.hpp
[11.536s] -- Symlinking: /home/song/steadylab/install/zed_interfaces/include/zed_interfaces/msg/detail/skeleton3_d__builder.hpp
[11.537s] -- Symlinking: /home/song/steadylab/install/zed_interfaces/include/zed_interfaces/msg/detail/skeleton3_d__struct.hpp
[11.538s] -- Symlinking: /home/song/steadylab/install/zed_interfaces/include/zed_interfaces/msg/detail/skeleton3_d__traits.hpp
[11.540s] -- Symlinking: /home/song/steadylab/install/zed_interfaces/include/zed_interfaces/msg/detail/skeleton3_d__type_support.hpp
[11.541s] -- Symlinking: /home/song/steadylab/install/zed_interfaces/include/zed_interfaces/msg/heartbeat.hpp
[11.543s] -- Symlinking: /home/song/steadylab/install/zed_interfaces/include/zed_interfaces/msg/keypoint2_df.hpp
[11.544s] -- Symlinking: /home/song/steadylab/install/zed_interfaces/include/zed_interfaces/msg/keypoint2_di.hpp
[11.546s] -- Symlinking: /home/song/steadylab/install/zed_interfaces/include/zed_interfaces/msg/keypoint3_d.hpp
[11.547s] -- Symlinking: /home/song/steadylab/install/zed_interfaces/include/zed_interfaces/msg/object.hpp
[11.549s] -- Symlinking: /home/song/steadylab/install/zed_interfaces/include/zed_interfaces/msg/objects_stamped.hpp
[11.550s] -- Symlinking: /home/song/steadylab/install/zed_interfaces/include/zed_interfaces/msg/plane_stamped.hpp
[11.551s] -- Symlinking: /home/song/steadylab/install/zed_interfaces/include/zed_interfaces/msg/pos_track_status.hpp
[11.553s] -- Symlinking: /home/song/steadylab/install/zed_interfaces/include/zed_interfaces/msg/rosidl_generator_cpp__visibility_control.hpp
[11.554s] -- Symlinking: /home/song/steadylab/install/zed_interfaces/include/zed_interfaces/msg/skeleton2_d.hpp
[11.556s] -- Symlinking: /home/song/steadylab/install/zed_interfaces/include/zed_interfaces/msg/skeleton3_d.hpp
[11.557s] -- Symlinking: /home/song/steadylab/install/zed_interfaces/include/zed_interfaces/srv/detail/set_pose__builder.hpp
[11.559s] -- Symlinking: /home/song/steadylab/install/zed_interfaces/include/zed_interfaces/srv/detail/set_pose__struct.hpp
[11.561s] -- Symlinking: /home/song/steadylab/install/zed_interfaces/include/zed_interfaces/srv/detail/set_pose__traits.hpp
[11.562s] -- Symlinking: /home/song/steadylab/install/zed_interfaces/include/zed_interfaces/srv/detail/set_pose__type_support.hpp
[11.564s] -- Symlinking: /home/song/steadylab/install/zed_interfaces/include/zed_interfaces/srv/detail/set_roi__builder.hpp
[11.565s] -- Symlinking: /home/song/steadylab/install/zed_interfaces/include/zed_interfaces/srv/detail/set_roi__struct.hpp
[11.567s] -- Symlinking: /home/song/steadylab/install/zed_interfaces/include/zed_interfaces/srv/detail/set_roi__traits.hpp
[11.569s] -- Symlinking: /home/song/steadylab/install/zed_interfaces/include/zed_interfaces/srv/detail/set_roi__type_support.hpp
[11.570s] -- Symlinking: /home/song/steadylab/install/zed_interfaces/include/zed_interfaces/srv/detail/start_svo_rec__builder.hpp
[11.572s] -- Symlinking: /home/song/steadylab/install/zed_interfaces/include/zed_interfaces/srv/detail/start_svo_rec__struct.hpp
[11.573s] -- Symlinking: /home/song/steadylab/install/zed_interfaces/include/zed_interfaces/srv/detail/start_svo_rec__traits.hpp
[11.575s] -- Symlinking: /home/song/steadylab/install/zed_interfaces/include/zed_interfaces/srv/detail/start_svo_rec__type_support.hpp
[11.576s] -- Symlinking: /home/song/steadylab/install/zed_interfaces/include/zed_interfaces/srv/set_pose.hpp
[11.578s] -- Symlinking: /home/song/steadylab/install/zed_interfaces/include/zed_interfaces/srv/set_roi.hpp
[11.579s] -- Symlinking: /home/song/steadylab/install/zed_interfaces/include/zed_interfaces/srv/start_svo_rec.hpp
[11.581s] -- Symlinking: /home/song/steadylab/install/zed_interfaces/include/zed_interfaces/msg/detail/bounding_box2_df__rosidl_typesupport_introspection_cpp.hpp
[11.583s] -- Symlinking: /home/song/steadylab/install/zed_interfaces/include/zed_interfaces/msg/detail/bounding_box2_di__rosidl_typesupport_introspection_cpp.hpp
[11.584s] -- Symlinking: /home/song/steadylab/install/zed_interfaces/include/zed_interfaces/msg/detail/bounding_box3_d__rosidl_typesupport_introspection_cpp.hpp
[11.586s] -- Symlinking: /home/song/steadylab/install/zed_interfaces/include/zed_interfaces/msg/detail/depth_info_stamped__rosidl_typesupport_introspection_cpp.hpp
[11.587s] -- Symlinking: /home/song/steadylab/install/zed_interfaces/include/zed_interfaces/msg/detail/heartbeat__rosidl_typesupport_introspection_cpp.hpp
[11.588s] -- Symlinking: /home/song/steadylab/install/zed_interfaces/include/zed_interfaces/msg/detail/keypoint2_df__rosidl_typesupport_introspection_cpp.hpp
[11.590s] -- Symlinking: /home/song/steadylab/install/zed_interfaces/include/zed_interfaces/msg/detail/keypoint2_di__rosidl_typesupport_introspection_cpp.hpp
[11.591s] -- Symlinking: /home/song/steadylab/install/zed_interfaces/include/zed_interfaces/msg/detail/keypoint3_d__rosidl_typesupport_introspection_cpp.hpp
[11.593s] -- Symlinking: /home/song/steadylab/install/zed_interfaces/include/zed_interfaces/msg/detail/object__rosidl_typesupport_introspection_cpp.hpp
[11.594s] -- Symlinking: /home/song/steadylab/install/zed_interfaces/include/zed_interfaces/msg/detail/objects_stamped__rosidl_typesupport_introspection_cpp.hpp
[11.596s] -- Symlinking: /home/song/steadylab/install/zed_interfaces/include/zed_interfaces/msg/detail/plane_stamped__rosidl_typesupport_introspection_cpp.hpp
[11.597s] -- Symlinking: /home/song/steadylab/install/zed_interfaces/include/zed_interfaces/msg/detail/pos_track_status__rosidl_typesupport_introspection_cpp.hpp
[11.599s] -- Symlinking: /home/song/steadylab/install/zed_interfaces/include/zed_interfaces/msg/detail/skeleton2_d__rosidl_typesupport_introspection_cpp.hpp
[11.600s] -- Symlinking: /home/song/steadylab/install/zed_interfaces/include/zed_interfaces/msg/detail/skeleton3_d__rosidl_typesupport_introspection_cpp.hpp
[11.602s] -- Symlinking: /home/song/steadylab/install/zed_interfaces/include/zed_interfaces/srv/detail/set_pose__rosidl_typesupport_introspection_cpp.hpp
[11.603s] -- Symlinking: /home/song/steadylab/install/zed_interfaces/include/zed_interfaces/srv/detail/set_roi__rosidl_typesupport_introspection_cpp.hpp
[11.605s] -- Symlinking: /home/song/steadylab/install/zed_interfaces/include/zed_interfaces/srv/detail/start_svo_rec__rosidl_typesupport_introspection_cpp.hpp
[11.606s] -- Symlinking: /home/song/steadylab/install/zed_interfaces/share/zed_interfaces/environment/pythonpath.sh
[11.608s] -- Symlinking: /home/song/steadylab/install/zed_interfaces/share/zed_interfaces/environment/pythonpath.dsv
[11.610s] -- Symlinking: /home/song/steadylab/install/zed_interfaces/lib/python3.9/site-packages/zed_interfaces/__init__.py
[11.611s] -- Symlinking: /home/song/steadylab/install/zed_interfaces/lib/python3.9/site-packages/zed_interfaces/msg/__init__.py
[11.613s] -- Symlinking: /home/song/steadylab/install/zed_interfaces/lib/python3.9/site-packages/zed_interfaces/msg/_bounding_box2_df.py
[11.615s] -- Symlinking: /home/song/steadylab/install/zed_interfaces/lib/python3.9/site-packages/zed_interfaces/msg/_bounding_box2_di.py
[11.616s] -- Symlinking: /home/song/steadylab/install/zed_interfaces/lib/python3.9/site-packages/zed_interfaces/msg/_bounding_box3_d.py
[11.617s] -- Symlinking: /home/song/steadylab/install/zed_interfaces/lib/python3.9/site-packages/zed_interfaces/msg/_depth_info_stamped.py
[11.619s] -- Symlinking: /home/song/steadylab/install/zed_interfaces/lib/python3.9/site-packages/zed_interfaces/msg/_heartbeat.py
[11.621s] -- Symlinking: /home/song/steadylab/install/zed_interfaces/lib/python3.9/site-packages/zed_interfaces/msg/_keypoint2_df.py
[11.622s] -- Symlinking: /home/song/steadylab/install/zed_interfaces/lib/python3.9/site-packages/zed_interfaces/msg/_keypoint2_di.py
[11.624s] -- Symlinking: /home/song/steadylab/install/zed_interfaces/lib/python3.9/site-packages/zed_interfaces/msg/_keypoint3_d.py
[11.625s] -- Symlinking: /home/song/steadylab/install/zed_interfaces/lib/python3.9/site-packages/zed_interfaces/msg/_object.py
[11.627s] -- Symlinking: /home/song/steadylab/install/zed_interfaces/lib/python3.9/site-packages/zed_interfaces/msg/_objects_stamped.py
[11.628s] -- Symlinking: /home/song/steadylab/install/zed_interfaces/lib/python3.9/site-packages/zed_interfaces/msg/_plane_stamped.py
[11.630s] -- Symlinking: /home/song/steadylab/install/zed_interfaces/lib/python3.9/site-packages/zed_interfaces/msg/_pos_track_status.py
[11.631s] -- Symlinking: /home/song/steadylab/install/zed_interfaces/lib/python3.9/site-packages/zed_interfaces/msg/_skeleton2_d.py
[11.633s] -- Symlinking: /home/song/steadylab/install/zed_interfaces/lib/python3.9/site-packages/zed_interfaces/msg/_skeleton3_d.py
[11.634s] -- Symlinking: /home/song/steadylab/install/zed_interfaces/lib/python3.9/site-packages/zed_interfaces/srv/__init__.py
[11.636s] -- Symlinking: /home/song/steadylab/install/zed_interfaces/lib/python3.9/site-packages/zed_interfaces/srv/_set_pose.py
[11.637s] -- Symlinking: /home/song/steadylab/install/zed_interfaces/lib/python3.9/site-packages/zed_interfaces/srv/_set_roi.py
[11.638s] -- Symlinking: /home/song/steadylab/install/zed_interfaces/lib/python3.9/site-packages/zed_interfaces/srv/_start_svo_rec.py
[11.640s] -- Symlinking: /home/song/steadylab/install/zed_interfaces/lib/python3.9/site-packages/zed_interfaces/zed_interfaces_s__rosidl_typesupport_fastrtps_c.cpython-39-x86_64-linux-gnu.so
[11.642s] -- Symlinking: /home/song/steadylab/install/zed_interfaces/lib/python3.9/site-packages/zed_interfaces/zed_interfaces_s__rosidl_typesupport_introspection_c.cpython-39-x86_64-linux-gnu.so
[11.643s] -- Symlinking: /home/song/steadylab/install/zed_interfaces/lib/python3.9/site-packages/zed_interfaces/zed_interfaces_s__rosidl_typesupport_c.cpython-39-x86_64-linux-gnu.so
[11.645s] -- Symlinking: /home/song/steadylab/install/zed_interfaces/lib/libzed_interfaces__python.so
[11.646s] -- Symlinking: /home/song/steadylab/install/zed_interfaces/share/zed_interfaces/msg/Object.idl
[11.648s] -- Symlinking: /home/song/steadylab/install/zed_interfaces/share/zed_interfaces/msg/ObjectsStamped.idl
[11.650s] -- Symlinking: /home/song/steadylab/install/zed_interfaces/share/zed_interfaces/msg/Keypoint2Di.idl
[11.651s] -- Symlinking: /home/song/steadylab/install/zed_interfaces/share/zed_interfaces/msg/Keypoint2Df.idl
[11.653s] -- Symlinking: /home/song/steadylab/install/zed_interfaces/share/zed_interfaces/msg/Keypoint3D.idl
[11.654s] -- Symlinking: /home/song/steadylab/install/zed_interfaces/share/zed_interfaces/msg/BoundingBox2Di.idl
[11.656s] -- Symlinking: /home/song/steadylab/install/zed_interfaces/share/zed_interfaces/msg/BoundingBox2Df.idl
[11.657s] -- Symlinking: /home/song/steadylab/install/zed_interfaces/share/zed_interfaces/msg/BoundingBox3D.idl
[11.658s] -- Symlinking: /home/song/steadylab/install/zed_interfaces/share/zed_interfaces/msg/Skeleton2D.idl
[11.660s] -- Symlinking: /home/song/steadylab/install/zed_interfaces/share/zed_interfaces/msg/Skeleton3D.idl
[11.662s] -- Symlinking: /home/song/steadylab/install/zed_interfaces/share/zed_interfaces/msg/DepthInfoStamped.idl
[11.663s] -- Symlinking: /home/song/steadylab/install/zed_interfaces/share/zed_interfaces/msg/PlaneStamped.idl
[11.665s] -- Symlinking: /home/song/steadylab/install/zed_interfaces/share/zed_interfaces/msg/PosTrackStatus.idl
[11.666s] -- Symlinking: /home/song/steadylab/install/zed_interfaces/share/zed_interfaces/msg/Heartbeat.idl
[11.668s] -- Symlinking: /home/song/steadylab/install/zed_interfaces/share/zed_interfaces/srv/SetPose.idl
[11.669s] -- Symlinking: /home/song/steadylab/install/zed_interfaces/share/zed_interfaces/srv/StartSvoRec.idl
[11.671s] -- Symlinking: /home/song/steadylab/install/zed_interfaces/share/zed_interfaces/srv/SetROI.idl
[11.672s] -- Symlinking: /home/song/steadylab/install/zed_interfaces/share/zed_interfaces/msg/Object.msg
[11.674s] -- Symlinking: /home/song/steadylab/install/zed_interfaces/share/zed_interfaces/msg/ObjectsStamped.msg
[11.675s] -- Symlinking: /home/song/steadylab/install/zed_interfaces/share/zed_interfaces/msg/Keypoint2Di.msg
[11.677s] -- Symlinking: /home/song/steadylab/install/zed_interfaces/share/zed_interfaces/msg/Keypoint2Df.msg
[11.678s] -- Symlinking: /home/song/steadylab/install/zed_interfaces/share/zed_interfaces/msg/Keypoint3D.msg
[11.680s] -- Symlinking: /home/song/steadylab/install/zed_interfaces/share/zed_interfaces/msg/BoundingBox2Di.msg
[11.681s] -- Symlinking: /home/song/steadylab/install/zed_interfaces/share/zed_interfaces/msg/BoundingBox2Df.msg
[11.683s] -- Symlinking: /home/song/steadylab/install/zed_interfaces/share/zed_interfaces/msg/BoundingBox3D.msg
[11.684s] -- Symlinking: /home/song/steadylab/install/zed_interfaces/share/zed_interfaces/msg/Skeleton2D.msg
[11.686s] -- Symlinking: /home/song/steadylab/install/zed_interfaces/share/zed_interfaces/msg/Skeleton3D.msg
[11.687s] -- Symlinking: /home/song/steadylab/install/zed_interfaces/share/zed_interfaces/msg/DepthInfoStamped.msg
[11.689s] -- Symlinking: /home/song/steadylab/install/zed_interfaces/share/zed_interfaces/msg/PlaneStamped.msg
[11.690s] -- Symlinking: /home/song/steadylab/install/zed_interfaces/share/zed_interfaces/msg/PosTrackStatus.msg
[11.692s] -- Symlinking: /home/song/steadylab/install/zed_interfaces/share/zed_interfaces/msg/Heartbeat.msg
[11.694s] -- Symlinking: /home/song/steadylab/install/zed_interfaces/share/zed_interfaces/srv/SetPose.srv
[11.696s] -- Symlinking: /home/song/steadylab/install/zed_interfaces/share/zed_interfaces/srv/SetPose_Request.msg
[11.698s] -- Symlinking: /home/song/steadylab/install/zed_interfaces/share/zed_interfaces/srv/SetPose_Response.msg
[11.699s] -- Symlinking: /home/song/steadylab/install/zed_interfaces/share/zed_interfaces/srv/StartSvoRec.srv
[11.700s] -- Symlinking: /home/song/steadylab/install/zed_interfaces/share/zed_interfaces/srv/StartSvoRec_Request.msg
[11.702s] -- Symlinking: /home/song/steadylab/install/zed_interfaces/share/zed_interfaces/srv/StartSvoRec_Response.msg
[11.703s] -- Symlinking: /home/song/steadylab/install/zed_interfaces/share/zed_interfaces/srv/SetROI.srv
[11.704s] -- Symlinking: /home/song/steadylab/install/zed_interfaces/share/zed_interfaces/srv/SetROI_Request.msg
[11.706s] -- Symlinking: /home/song/steadylab/install/zed_interfaces/share/zed_interfaces/srv/SetROI_Response.msg
[11.707s] -- Symlinking: /home/song/steadylab/install/zed_interfaces/share/zed_interfaces/meshes/zed.stl
[11.709s] -- Symlinking: /home/song/steadylab/install/zed_interfaces/share/zed_interfaces/meshes/zed2.stl
[11.710s] -- Symlinking: /home/song/steadylab/install/zed_interfaces/share/zed_interfaces/meshes/zed2i.stl
[11.711s] -- Symlinking: /home/song/steadylab/install/zed_interfaces/share/zed_interfaces/meshes/zedm.stl
[11.713s] -- Symlinking: /home/song/steadylab/install/zed_interfaces/share/zed_interfaces/meshes/zedx.stl
[11.714s] -- Symlinking: /home/song/steadylab/install/zed_interfaces/share/zed_interfaces/meshes/zedxm.stl
[11.715s] -- Symlinking: /home/song/steadylab/install/zed_interfaces/share/ament_index/resource_index/package_run_dependencies/zed_interfaces
[11.717s] -- Symlinking: /home/song/steadylab/install/zed_interfaces/share/ament_index/resource_index/parent_prefix_path/zed_interfaces
[11.718s] -- Symlinking: /home/song/steadylab/install/zed_interfaces/share/zed_interfaces/environment/ament_prefix_path.sh
[11.720s] -- Symlinking: /home/song/steadylab/install/zed_interfaces/share/zed_interfaces/environment/ament_prefix_path.dsv
[11.721s] -- Symlinking: /home/song/steadylab/install/zed_interfaces/share/zed_interfaces/environment/path.sh
[11.723s] -- Symlinking: /home/song/steadylab/install/zed_interfaces/share/zed_interfaces/environment/path.dsv
[11.724s] -- Symlinking: /home/song/steadylab/install/zed_interfaces/share/zed_interfaces/local_setup.bash
[11.726s] -- Symlinking: /home/song/steadylab/install/zed_interfaces/share/zed_interfaces/local_setup.sh
[11.727s] -- Symlinking: /home/song/steadylab/install/zed_interfaces/share/zed_interfaces/local_setup.zsh
[11.729s] -- Symlinking: /home/song/steadylab/install/zed_interfaces/share/zed_interfaces/local_setup.dsv
[11.730s] -- Symlinking: /home/song/steadylab/install/zed_interfaces/share/zed_interfaces/package.dsv
[11.732s] -- Symlinking: /home/song/steadylab/install/zed_interfaces/share/ament_index/resource_index/packages/zed_interfaces
[11.733s] -- Symlinking: /home/song/steadylab/install/zed_interfaces/share/zed_interfaces/cmake/rosidl_cmake-extras.cmake
[11.735s] -- Symlinking: /home/song/steadylab/install/zed_interfaces/share/zed_interfaces/cmake/ament_cmake_export_dependencies-extras.cmake
[11.737s] -- Symlinking: /home/song/steadylab/install/zed_interfaces/share/zed_interfaces/cmake/ament_cmake_export_libraries-extras.cmake
[11.738s] -- Symlinking: /home/song/steadylab/install/zed_interfaces/share/zed_interfaces/cmake/ament_cmake_export_targets-extras.cmake
[11.740s] -- Symlinking: /home/song/steadylab/install/zed_interfaces/share/zed_interfaces/cmake/ament_cmake_export_include_directories-extras.cmake
[11.741s] -- Symlinking: /home/song/steadylab/install/zed_interfaces/share/zed_interfaces/cmake/rosidl_cmake_export_typesupport_libraries-extras.cmake
[11.743s] -- Symlinking: /home/song/steadylab/install/zed_interfaces/share/zed_interfaces/cmake/rosidl_cmake_export_typesupport_targets-extras.cmake
[11.744s] -- Symlinking: /home/song/steadylab/install/zed_interfaces/share/zed_interfaces/cmake/zed_interfacesConfig.cmake
[11.746s] -- Symlinking: /home/song/steadylab/install/zed_interfaces/share/zed_interfaces/cmake/zed_interfacesConfig-version.cmake
[11.747s] -- Symlinking: /home/song/steadylab/install/zed_interfaces/share/zed_interfaces/package.xml
[11.749s] -- Installing: /home/song/steadylab/install/zed_interfaces/lib/libzed_interfaces__rosidl_generator_c.so
[11.749s] -- Set runtime path of "/home/song/steadylab/install/zed_interfaces/lib/libzed_interfaces__rosidl_generator_c.so" to ""
[11.749s] -- Installing: /home/song/steadylab/install/zed_interfaces/lib/libzed_interfaces__rosidl_typesupport_introspection_c.so
[11.749s] -- Set runtime path of "/home/song/steadylab/install/zed_interfaces/lib/libzed_interfaces__rosidl_typesupport_introspection_c.so" to ""
[11.749s] -- Installing: /home/song/steadylab/install/zed_interfaces/lib/libzed_interfaces__rosidl_typesupport_c.so
[11.749s] -- Set runtime path of "/home/song/steadylab/install/zed_interfaces/lib/libzed_interfaces__rosidl_typesupport_c.so" to ""
[11.750s] -- Installing: /home/song/steadylab/install/zed_interfaces/lib/libzed_interfaces__rosidl_typesupport_introspection_cpp.so
[11.750s] -- Set runtime path of "/home/song/steadylab/install/zed_interfaces/lib/libzed_interfaces__rosidl_typesupport_introspection_cpp.so" to ""
[11.750s] -- Installing: /home/song/steadylab/install/zed_interfaces/lib/libzed_interfaces__rosidl_typesupport_cpp.so
[11.750s] -- Set runtime path of "/home/song/steadylab/install/zed_interfaces/lib/libzed_interfaces__rosidl_typesupport_cpp.so" to ""
[11.771s] Compiling '/home/song/steadylab/install/zed_interfaces/lib/python3.9/site-packages/zed_interfaces/__init__.py'...
[11.774s] -- Installing: /home/song/steadylab/install/zed_interfaces/share/zed_interfaces/cmake/zed_interfaces__rosidl_generator_cExport.cmake
[11.774s] -- Installing: /home/song/steadylab/install/zed_interfaces/share/zed_interfaces/cmake/zed_interfaces__rosidl_generator_cExport-noconfig.cmake
[11.775s] -- Installing: /home/song/steadylab/install/zed_interfaces/share/zed_interfaces/cmake/zed_interfaces__rosidl_typesupport_introspection_cExport.cmake
[11.775s] -- Installing: /home/song/steadylab/install/zed_interfaces/share/zed_interfaces/cmake/zed_interfaces__rosidl_typesupport_introspection_cExport-noconfig.cmake
[11.775s] -- Installing: /home/song/steadylab/install/zed_interfaces/share/zed_interfaces/cmake/zed_interfaces__rosidl_typesupport_cExport.cmake
[11.775s] -- Installing: /home/song/steadylab/install/zed_interfaces/share/zed_interfaces/cmake/zed_interfaces__rosidl_typesupport_cExport-noconfig.cmake
[11.775s] -- Installing: /home/song/steadylab/install/zed_interfaces/share/zed_interfaces/cmake/zed_interfaces__rosidl_generator_cppExport.cmake
[11.775s] -- Installing: /home/song/steadylab/install/zed_interfaces/share/zed_interfaces/cmake/zed_interfaces__rosidl_typesupport_introspection_cppExport.cmake
[11.775s] -- Installing: /home/song/steadylab/install/zed_interfaces/share/zed_interfaces/cmake/zed_interfaces__rosidl_typesupport_introspection_cppExport-noconfig.cmake
[11.775s] -- Installing: /home/song/steadylab/install/zed_interfaces/share/zed_interfaces/cmake/zed_interfaces__rosidl_typesupport_cppExport.cmake
[11.775s] -- Installing: /home/song/steadylab/install/zed_interfaces/share/zed_interfaces/cmake/zed_interfaces__rosidl_typesupport_cppExport-noconfig.cmake
[11.782s] Invoked command in '/home/song/steadylab/build/zed_interfaces' returned '0': CMAKE_PREFIX_PATH=${CMAKE_PREFIX_PATH}:/home/song/zed/install/steadylab:/opt/ros/foxy CONDA_PROMPT_MODIFIER=(base) /home/song/.local/bin/cmake --install /home/song/steadylab/build/zed_interfaces
