[0.000000] (-) TimerEvent: {}
[0.000107] (-) JobUnselected: {'identifier': 'camera_calibration_parsers'}
[0.000124] (-) JobUnselected: {'identifier': 'camera_info_manager'}
[0.000133] (-) JobUnselected: {'identifier': 'image_common'}
[0.000141] (-) JobUnselected: {'identifier': 'image_transport'}
[0.000147] (-) JobUnselected: {'identifier': 'msgs'}
[0.000160] (-) JobUnselected: {'identifier': 'rviz_plugin_zed_od'}
[0.000168] (-) JobUnselected: {'identifier': 'steadylab'}
[0.000177] (-) JobUnselected: {'identifier': 'zed_components'}
[0.000184] (-) JobUnselected: {'identifier': 'zed_display_rviz2'}
[0.000191] (-) JobUnselected: {'identifier': 'zed_interfaces'}
[0.000198] (-) JobUnselected: {'identifier': 'zed_multi_camera'}
[0.000208] (-) JobUnselected: {'identifier': 'zed_rgb_convert'}
[0.000216] (-) JobUnselected: {'identifier': 'zed_ros2'}
[0.000223] (-) JobUnselected: {'identifier': 'zed_topic_benchmark'}
[0.000231] (-) JobUnselected: {'identifier': 'zed_topic_benchmark_component'}
[0.000240] (-) JobUnselected: {'identifier': 'zed_topic_benchmark_interfaces'}
[0.000248] (-) JobUnselected: {'identifier': 'zed_tutorial_depth'}
[0.000255] (-) JobUnselected: {'identifier': 'zed_tutorial_pos_tracking'}
[0.000261] (-) JobUnselected: {'identifier': 'zed_tutorial_video'}
[0.000268] (-) JobUnselected: {'identifier': 'zed_wrapper'}
[0.000443] (-) EventReactorShutdown: {}
