[0.010s] Invoking command in '/home/song/zed/build/zed_wrapper': AMENT_PREFIX_PATH=/home/song/zed/install/zed_components:/home/song/zed/install/zed_interfaces:/home/song/zed/install/image_transport:${AMENT_PREFIX_PATH} CMAKE_PREFIX_PATH=/home/song/zed/install/zed_components:/home/song/zed/install/zed_interfaces:/home/song/zed/install/image_transport:/home/song/ros-zed/install/zed_ros2:/home/song/ros-zed/install/zed_wrapper:/home/song/ros-zed/install/zed_components:/home/song/ros-zed/install/zed_interfaces:/home/song/ros-zed/install/image_common:/home/song/ros-zed/install/image_transport:/home/song/ros-zed/install/camera_info_manager:/home/song/ros-zed/install/camera_calibration_parsers:/opt/ros/foxy CONDA_PROMPT_MODIFIER=(base) LD_LIBRARY_PATH=/home/song/zed/install/zed_components/lib:/home/song/zed/install/zed_interfaces/lib:/home/song/zed/install/image_transport/lib:/home/song/ros-zed/install/zed_components/lib:/home/song/ros-zed/install/zed_interfaces/lib:/home/song/ros-zed/install/image_transport/lib:/home/song/ros-zed/install/camera_info_manager/lib:/home/song/ros-zed/install/camera_calibration_parsers/lib:/opt/ros/foxy/opt/yaml_cpp_vendor/lib:/opt/ros/foxy/opt/rviz_ogre_vendor/lib:/opt/ros/foxy/lib/x86_64-linux-gnu:/opt/ros/foxy/lib:/usr/local/cuda-11.8/lib64 PYTHONPATH=/home/song/zed/install/zed_interfaces/lib/python3.9/site-packages:${PYTHONPATH} /home/song/.local/bin/cmake --build /home/song/zed/build/zed_wrapper -- -j20 -l20
[0.042s] [100%] Built target zed_wrapper
[0.049s] Invoked command in '/home/song/zed/build/zed_wrapper' returned '0': AMENT_PREFIX_PATH=/home/song/zed/install/zed_components:/home/song/zed/install/zed_interfaces:/home/song/zed/install/image_transport:${AMENT_PREFIX_PATH} CMAKE_PREFIX_PATH=/home/song/zed/install/zed_components:/home/song/zed/install/zed_interfaces:/home/song/zed/install/image_transport:/home/song/ros-zed/install/zed_ros2:/home/song/ros-zed/install/zed_wrapper:/home/song/ros-zed/install/zed_components:/home/song/ros-zed/install/zed_interfaces:/home/song/ros-zed/install/image_common:/home/song/ros-zed/install/image_transport:/home/song/ros-zed/install/camera_info_manager:/home/song/ros-zed/install/camera_calibration_parsers:/opt/ros/foxy CONDA_PROMPT_MODIFIER=(base) LD_LIBRARY_PATH=/home/song/zed/install/zed_components/lib:/home/song/zed/install/zed_interfaces/lib:/home/song/zed/install/image_transport/lib:/home/song/ros-zed/install/zed_components/lib:/home/song/ros-zed/install/zed_interfaces/lib:/home/song/ros-zed/install/image_transport/lib:/home/song/ros-zed/install/camera_info_manager/lib:/home/song/ros-zed/install/camera_calibration_parsers/lib:/opt/ros/foxy/opt/yaml_cpp_vendor/lib:/opt/ros/foxy/opt/rviz_ogre_vendor/lib:/opt/ros/foxy/lib/x86_64-linux-gnu:/opt/ros/foxy/lib:/usr/local/cuda-11.8/lib64 PYTHONPATH=/home/song/zed/install/zed_interfaces/lib/python3.9/site-packages:${PYTHONPATH} /home/song/.local/bin/cmake --build /home/song/zed/build/zed_wrapper -- -j20 -l20
[0.075s] Invoking command in '/home/song/zed/build/zed_wrapper': AMENT_PREFIX_PATH=/home/song/zed/install/zed_components:/home/song/zed/install/zed_interfaces:/home/song/zed/install/image_transport:${AMENT_PREFIX_PATH} CMAKE_PREFIX_PATH=/home/song/zed/install/zed_components:/home/song/zed/install/zed_interfaces:/home/song/zed/install/image_transport:/home/song/ros-zed/install/zed_ros2:/home/song/ros-zed/install/zed_wrapper:/home/song/ros-zed/install/zed_components:/home/song/ros-zed/install/zed_interfaces:/home/song/ros-zed/install/image_common:/home/song/ros-zed/install/image_transport:/home/song/ros-zed/install/camera_info_manager:/home/song/ros-zed/install/camera_calibration_parsers:/opt/ros/foxy CONDA_PROMPT_MODIFIER=(base) LD_LIBRARY_PATH=/home/song/zed/install/zed_components/lib:/home/song/zed/install/zed_interfaces/lib:/home/song/zed/install/image_transport/lib:/home/song/ros-zed/install/zed_components/lib:/home/song/ros-zed/install/zed_interfaces/lib:/home/song/ros-zed/install/image_transport/lib:/home/song/ros-zed/install/camera_info_manager/lib:/home/song/ros-zed/install/camera_calibration_parsers/lib:/opt/ros/foxy/opt/yaml_cpp_vendor/lib:/opt/ros/foxy/opt/rviz_ogre_vendor/lib:/opt/ros/foxy/lib/x86_64-linux-gnu:/opt/ros/foxy/lib:/usr/local/cuda-11.8/lib64 PYTHONPATH=/home/song/zed/install/zed_interfaces/lib/python3.9/site-packages:${PYTHONPATH} /home/song/.local/bin/cmake --install /home/song/zed/build/zed_wrapper
[0.090s] -- Install configuration: "Release"
[0.090s] -- Execute custom install script
[0.091s] -- Up-to-date symlink: /home/song/zed/install/zed_wrapper/lib/zed_wrapper/zed_wrapper
[0.091s] -- Up-to-date symlink: /home/song/zed/install/zed_wrapper/share/zed_wrapper/config/common.yaml
[0.091s] -- Up-to-date symlink: /home/song/zed/install/zed_wrapper/share/zed_wrapper/config/zed.yaml
[0.091s] -- Up-to-date symlink: /home/song/zed/install/zed_wrapper/share/zed_wrapper/config/zed2.yaml
[0.091s] -- Up-to-date symlink: /home/song/zed/install/zed_wrapper/share/zed_wrapper/config/zed2i.yaml
[0.091s] -- Up-to-date symlink: /home/song/zed/install/zed_wrapper/share/zed_wrapper/config/zedm.yaml
[0.091s] -- Up-to-date symlink: /home/song/zed/install/zed_wrapper/share/zed_wrapper/config/zedx.yaml
[0.091s] -- Up-to-date symlink: /home/song/zed/install/zed_wrapper/share/zed_wrapper/config/zedxm.yaml
[0.091s] -- Up-to-date symlink: /home/song/zed/install/zed_wrapper/share/zed_wrapper/urdf/include/materials.urdf.xacro
[0.091s] -- Up-to-date symlink: /home/song/zed/install/zed_wrapper/share/zed_wrapper/urdf/zed_descr.urdf.xacro
[0.091s] -- Up-to-date symlink: /home/song/zed/install/zed_wrapper/share/zed_wrapper/urdf/zed_macro.urdf.xacro
[0.092s] -- Up-to-date symlink: /home/song/zed/install/zed_wrapper/share/zed_wrapper/launch/include/zed_camera.launch.py
[0.092s] -- Up-to-date symlink: /home/song/zed/install/zed_wrapper/share/zed_wrapper/launch/zed.launch.py
[0.092s] -- Up-to-date symlink: /home/song/zed/install/zed_wrapper/share/zed_wrapper/launch/zed2.launch.py
[0.094s] -- Up-to-date symlink: /home/song/zed/install/zed_wrapper/share/zed_wrapper/launch/zed2i.launch.py
[0.094s] -- Up-to-date symlink: /home/song/zed/install/zed_wrapper/share/zed_wrapper/launch/zedm.launch.py
[0.094s] -- Up-to-date symlink: /home/song/zed/install/zed_wrapper/share/zed_wrapper/launch/zedx.launch.py
[0.094s] -- Up-to-date symlink: /home/song/zed/install/zed_wrapper/share/zed_wrapper/launch/zedxm.launch.py
[0.094s] -- Up-to-date symlink: /home/song/zed/install/zed_wrapper/share/ament_index/resource_index/package_run_dependencies/zed_wrapper
[0.095s] -- Up-to-date symlink: /home/song/zed/install/zed_wrapper/share/ament_index/resource_index/parent_prefix_path/zed_wrapper
[0.095s] -- Up-to-date symlink: /home/song/zed/install/zed_wrapper/share/zed_wrapper/environment/ament_prefix_path.sh
[0.095s] -- Up-to-date symlink: /home/song/zed/install/zed_wrapper/share/zed_wrapper/environment/ament_prefix_path.dsv
[0.095s] -- Up-to-date symlink: /home/song/zed/install/zed_wrapper/share/zed_wrapper/environment/path.sh
[0.095s] -- Up-to-date symlink: /home/song/zed/install/zed_wrapper/share/zed_wrapper/environment/path.dsv
[0.095s] -- Up-to-date symlink: /home/song/zed/install/zed_wrapper/share/zed_wrapper/local_setup.bash
[0.095s] -- Up-to-date symlink: /home/song/zed/install/zed_wrapper/share/zed_wrapper/local_setup.sh
[0.095s] -- Up-to-date symlink: /home/song/zed/install/zed_wrapper/share/zed_wrapper/local_setup.zsh
[0.095s] -- Up-to-date symlink: /home/song/zed/install/zed_wrapper/share/zed_wrapper/local_setup.dsv
[0.095s] -- Symlinking: /home/song/zed/install/zed_wrapper/share/zed_wrapper/package.dsv
[0.095s] -- Up-to-date symlink: /home/song/zed/install/zed_wrapper/share/ament_index/resource_index/packages/zed_wrapper
[0.095s] -- Up-to-date symlink: /home/song/zed/install/zed_wrapper/share/zed_wrapper/cmake/zed_wrapperConfig.cmake
[0.096s] -- Up-to-date symlink: /home/song/zed/install/zed_wrapper/share/zed_wrapper/cmake/zed_wrapperConfig-version.cmake
[0.096s] -- Up-to-date symlink: /home/song/zed/install/zed_wrapper/share/zed_wrapper/package.xml
[0.098s] Invoked command in '/home/song/zed/build/zed_wrapper' returned '0': AMENT_PREFIX_PATH=/home/song/zed/install/zed_components:/home/song/zed/install/zed_interfaces:/home/song/zed/install/image_transport:${AMENT_PREFIX_PATH} CMAKE_PREFIX_PATH=/home/song/zed/install/zed_components:/home/song/zed/install/zed_interfaces:/home/song/zed/install/image_transport:/home/song/ros-zed/install/zed_ros2:/home/song/ros-zed/install/zed_wrapper:/home/song/ros-zed/install/zed_components:/home/song/ros-zed/install/zed_interfaces:/home/song/ros-zed/install/image_common:/home/song/ros-zed/install/image_transport:/home/song/ros-zed/install/camera_info_manager:/home/song/ros-zed/install/camera_calibration_parsers:/opt/ros/foxy CONDA_PROMPT_MODIFIER=(base) LD_LIBRARY_PATH=/home/song/zed/install/zed_components/lib:/home/song/zed/install/zed_interfaces/lib:/home/song/zed/install/image_transport/lib:/home/song/ros-zed/install/zed_components/lib:/home/song/ros-zed/install/zed_interfaces/lib:/home/song/ros-zed/install/image_transport/lib:/home/song/ros-zed/install/camera_info_manager/lib:/home/song/ros-zed/install/camera_calibration_parsers/lib:/opt/ros/foxy/opt/yaml_cpp_vendor/lib:/opt/ros/foxy/opt/rviz_ogre_vendor/lib:/opt/ros/foxy/lib/x86_64-linux-gnu:/opt/ros/foxy/lib:/usr/local/cuda-11.8/lib64 PYTHONPATH=/home/song/zed/install/zed_interfaces/lib/python3.9/site-packages:${PYTHONPATH} /home/song/.local/bin/cmake --install /home/song/zed/build/zed_wrapper
