[0.423s] Invoking command in '/home/song/zed/src/steadylab': CONDA_PROMPT_MODIFIER=(base) PYTHONPATH=/home/song/zed/build/steadylab/prefix_override:/home/song/zed/install/steadylab/lib/python3.8/site-packages:${PYTHONPATH} /usr/bin/python3 setup.py egg_info --egg-base ../../build/steadylab build --build-base /home/song/zed/build/steadylab/build install --record /home/song/zed/build/steadylab/install.log --install-scripts $base/lib/steadylab --single-version-externally-managed
[0.531s] running egg_info
[0.531s] writing ../../build/steadylab/steadylab.egg-info/PKG-INFO
[0.532s] writing dependency_links to ../../build/steadylab/steadylab.egg-info/dependency_links.txt
[0.532s] writing entry points to ../../build/steadylab/steadylab.egg-info/entry_points.txt
[0.532s] writing requirements to ../../build/steadylab/steadylab.egg-info/requires.txt
[0.533s] writing top-level names to ../../build/steadylab/steadylab.egg-info/top_level.txt
[0.552s] reading manifest file '../../build/steadylab/steadylab.egg-info/SOURCES.txt'
[0.552s] writing manifest file '../../build/steadylab/steadylab.egg-info/SOURCES.txt'
[0.553s] running build
[0.553s] running build_py
[0.553s] copying steadylab/__init__.py -> /home/song/zed/build/steadylab/build/lib/steadylab
[0.553s] running install
[0.553s] running install_lib
[0.553s] copying /home/song/zed/build/steadylab/build/lib/steadylab/__init__.py -> /home/song/zed/install/steadylab/lib/python3.8/site-packages/steadylab
[0.553s] byte-compiling /home/song/zed/install/steadylab/lib/python3.8/site-packages/steadylab/__init__.py to __init__.cpython-38.pyc
[0.553s] running install_data
[0.553s] running install_egg_info
[0.554s] removing '/home/song/zed/install/steadylab/lib/python3.8/site-packages/steadylab-0.0.0-py3.8.egg-info' (and everything under it)
[0.554s] Copying ../../build/steadylab/steadylab.egg-info to /home/song/zed/install/steadylab/lib/python3.8/site-packages/steadylab-0.0.0-py3.8.egg-info
[0.555s] running install_scripts
[0.565s] Installing sub_zed_left_image script to /home/song/zed/install/steadylab/lib/steadylab
[0.565s] writing list of installed files to '/home/song/zed/build/steadylab/install.log'
[0.587s] Invoked command in '/home/song/zed/src/steadylab' returned '0': CONDA_PROMPT_MODIFIER=(base) PYTHONPATH=/home/song/zed/build/steadylab/prefix_override:/home/song/zed/install/steadylab/lib/python3.8/site-packages:${PYTHONPATH} /usr/bin/python3 setup.py egg_info --egg-base ../../build/steadylab build --build-base /home/song/zed/build/steadylab/build install --record /home/song/zed/build/steadylab/install.log --install-scripts $base/lib/steadylab --single-version-externally-managed
