running develop
running egg_info
creating steadylab.egg-info
writing steadylab.egg-info/PKG-INFO
writing dependency_links to steadylab.egg-info/dependency_links.txt
writing entry points to steadylab.egg-info/entry_points.txt
writing requirements to steadylab.egg-info/requires.txt
writing top-level names to steadylab.egg-info/top_level.txt
writing manifest file 'steadylab.egg-info/SOURCES.txt'
reading manifest file 'steadylab.egg-info/SOURCES.txt'
writing manifest file 'steadylab.egg-info/SOURCES.txt'
running build_ext
Creating /home/song/steadylab/src/steadylab/install/steadylab/lib/python3.8/site-packages/site.py
Creating /home/song/steadylab/src/steadylab/install/steadylab/lib/python3.8/site-packages/steadylab.egg-link (link to .)
Installing sub_zed_left_image script to /home/song/steadylab/src/steadylab/install/steadylab/lib/steadylab

Installed /home/song/steadylab/src/steadylab/build/steadylab
running install_data
creating /home/song/steadylab/src/steadylab/install/steadylab/share/ament_index
creating /home/song/steadylab/src/steadylab/install/steadylab/share/ament_index/resource_index
creating /home/song/steadylab/src/steadylab/install/steadylab/share/ament_index/resource_index/packages
copying resource/steadylab -> /home/song/steadylab/src/steadylab/install/steadylab/share/ament_index/resource_index/packages
copying package.xml -> /home/song/steadylab/src/steadylab/install/steadylab/share/steadylab
