[0.313s] Invoking command in '/home/song/steadylab/src/steadylab/build/steadylab': CONDA_PROMPT_MODIFIER=(base) PYTHONPATH=/home/song/steadylab/src/steadylab/build/steadylab/prefix_override:/home/song/steadylab/src/steadylab/install/steadylab/lib/python3.8/site-packages:${PYTHONPATH} /usr/bin/python3 setup.py develop --editable --build-directory /home/song/steadylab/src/steadylab/build/steadylab/build --no-deps install_data
[0.425s] running develop
[0.484s] running egg_info
[0.484s] creating steadylab.egg-info
[0.484s] writing steadylab.egg-info/PKG-INFO
[0.484s] writing dependency_links to steadylab.egg-info/dependency_links.txt
[0.484s] writing entry points to steadylab.egg-info/entry_points.txt
[0.484s] writing requirements to steadylab.egg-info/requires.txt
[0.484s] writing top-level names to steadylab.egg-info/top_level.txt
[0.485s] writing manifest file 'steadylab.egg-info/SOURCES.txt'
[0.500s] reading manifest file 'steadylab.egg-info/SOURCES.txt'
[0.500s] writing manifest file 'steadylab.egg-info/SOURCES.txt'
[0.517s] running build_ext
[0.517s] Creating /home/song/steadylab/src/steadylab/install/steadylab/lib/python3.8/site-packages/site.py
[0.518s] Creating /home/song/steadylab/src/steadylab/install/steadylab/lib/python3.8/site-packages/steadylab.egg-link (link to .)
[0.518s] Installing sub_zed_left_image script to /home/song/steadylab/src/steadylab/install/steadylab/lib/steadylab
[0.518s] 
[0.518s] Installed /home/song/steadylab/src/steadylab/build/steadylab
[0.518s] running install_data
[0.518s] creating /home/song/steadylab/src/steadylab/install/steadylab/share/ament_index
[0.519s] creating /home/song/steadylab/src/steadylab/install/steadylab/share/ament_index/resource_index
[0.519s] creating /home/song/steadylab/src/steadylab/install/steadylab/share/ament_index/resource_index/packages
[0.519s] copying resource/steadylab -> /home/song/steadylab/src/steadylab/install/steadylab/share/ament_index/resource_index/packages
[0.519s] copying package.xml -> /home/song/steadylab/src/steadylab/install/steadylab/share/steadylab
[0.534s] Invoked command in '/home/song/steadylab/src/steadylab/build/steadylab' returned '0': CONDA_PROMPT_MODIFIER=(base) PYTHONPATH=/home/song/steadylab/src/steadylab/build/steadylab/prefix_override:/home/song/steadylab/src/steadylab/install/steadylab/lib/python3.8/site-packages:${PYTHONPATH} /usr/bin/python3 setup.py develop --editable --build-directory /home/song/steadylab/src/steadylab/build/steadylab/build --no-deps install_data
