[0.015s] Invoking command in '/home/song/zed/build/camera_info_manager': CMAKE_PREFIX_PATH=/home/song/zed/install/camera_calibration_parsers:/home/song/zed/install/zed_ros2:/home/song/zed/install/zed_multi_camera:/home/song/zed/install/zed_display_rviz2:/home/song/zed/install/zed_wrapper:/home/song/zed/install/zed_tutorial_video:/home/song/zed/install/zed_tutorial_pos_tracking:/home/song/zed/install/zed_tutorial_depth:/home/song/zed/install/zed_topic_benchmark_interfaces:/home/song/zed/install/zed_rgb_convert:/home/song/zed/install/zed_components:/home/song/zed/install/rviz_plugin_zed_od:/home/song/zed/install/zed_interfaces:/home/song/zed/install/image_common:/home/song/zed/install/image_transport:/home/song/zed/install/camera_info_manager:/opt/ros/foxy CONDA_PROMPT_MODIFIER=(base) LD_LIBRARY_PATH=/home/song/zed/install/camera_calibration_parsers/lib:/usr/local/cuda-11.8/lib64:/home/song/zed/install/zed_topic_benchmark_interfaces/lib:/home/song/zed/install/zed_rgb_convert/lib:/home/song/zed/install/zed_components/lib:/home/song/zed/install/rviz_plugin_zed_od/lib:/home/song/zed/install/zed_interfaces/lib:/home/song/zed/install/image_transport/lib:/home/song/zed/install/camera_info_manager/lib:/opt/ros/foxy/opt/yaml_cpp_vendor/lib:/opt/ros/foxy/opt/rviz_ogre_vendor/lib:/opt/ros/foxy/lib/x86_64-linux-gnu:/opt/ros/foxy/lib:/usr/local/cuda-11.8/lib64 /home/song/.local/bin/cmake /home/song/zed/src/image_common/camera_info_manager -DCMAKE_INSTALL_PREFIX=/home/song/zed/install/camera_info_manager
[0.036s] -- Found ament_cmake_ros: 0.9.2 (/opt/ros/foxy/share/ament_cmake_ros/cmake)
[0.058s] -- Using PYTHON_EXECUTABLE: /home/song/anaconda3/bin/python3
[0.235s] -- Override CMake install command with custom implementation using symlinks instead of copying resources
[0.244s] -- Found ament_index_cpp: 1.1.0 (/opt/ros/foxy/share/ament_index_cpp/cmake)
[0.244s] -- Found camera_calibration_parsers: 3.0.0 (/home/song/zed/install/camera_calibration_parsers/share/camera_calibration_parsers/cmake)
[0.271s] -- Using all available rosidl_typesupport_c: rosidl_typesupport_fastrtps_c;rosidl_typesupport_introspection_c
[0.275s] -- Found rosidl_adapter: 1.3.1 (/opt/ros/foxy/share/rosidl_adapter/cmake)
[0.364s] -- Using all available rosidl_typesupport_cpp: rosidl_typesupport_fastrtps_cpp;rosidl_typesupport_introspection_cpp
[0.395s] -- Found rmw_implementation_cmake: 1.0.4 (/opt/ros/foxy/share/rmw_implementation_cmake/cmake)
[0.396s] -- Using RMW implementation 'rmw_fastrtps_cpp' as default
[0.561s] -- Setting yaml-cpp_DIR to: '/opt/ros/foxy/share/yaml_cpp_vendor/cmake/../../../opt/yaml_cpp_vendor/lib/cmake/yaml-cpp'
[0.580s] -- Found ament_cmake_cpplint: 0.9.8 (/opt/ros/foxy/share/ament_cmake_cpplint/cmake)
[0.580s] -- Found ament_cmake_lint_cmake: 0.9.8 (/opt/ros/foxy/share/ament_cmake_lint_cmake/cmake)
[0.580s] -- Found ament_cmake_uncrustify: 0.9.8 (/opt/ros/foxy/share/ament_cmake_uncrustify/cmake)
[0.637s] -- Configuring done (0.6s)
[0.657s] -- Generating done (0.0s)
[0.658s] -- Build files have been written to: /home/song/zed/build/camera_info_manager
[0.664s] Invoked command in '/home/song/zed/build/camera_info_manager' returned '0': CMAKE_PREFIX_PATH=/home/song/zed/install/camera_calibration_parsers:/home/song/zed/install/zed_ros2:/home/song/zed/install/zed_multi_camera:/home/song/zed/install/zed_display_rviz2:/home/song/zed/install/zed_wrapper:/home/song/zed/install/zed_tutorial_video:/home/song/zed/install/zed_tutorial_pos_tracking:/home/song/zed/install/zed_tutorial_depth:/home/song/zed/install/zed_topic_benchmark_interfaces:/home/song/zed/install/zed_rgb_convert:/home/song/zed/install/zed_components:/home/song/zed/install/rviz_plugin_zed_od:/home/song/zed/install/zed_interfaces:/home/song/zed/install/image_common:/home/song/zed/install/image_transport:/home/song/zed/install/camera_info_manager:/opt/ros/foxy CONDA_PROMPT_MODIFIER=(base) LD_LIBRARY_PATH=/home/song/zed/install/camera_calibration_parsers/lib:/usr/local/cuda-11.8/lib64:/home/song/zed/install/zed_topic_benchmark_interfaces/lib:/home/song/zed/install/zed_rgb_convert/lib:/home/song/zed/install/zed_components/lib:/home/song/zed/install/rviz_plugin_zed_od/lib:/home/song/zed/install/zed_interfaces/lib:/home/song/zed/install/image_transport/lib:/home/song/zed/install/camera_info_manager/lib:/opt/ros/foxy/opt/yaml_cpp_vendor/lib:/opt/ros/foxy/opt/rviz_ogre_vendor/lib:/opt/ros/foxy/lib/x86_64-linux-gnu:/opt/ros/foxy/lib:/usr/local/cuda-11.8/lib64 /home/song/.local/bin/cmake /home/song/zed/src/image_common/camera_info_manager -DCMAKE_INSTALL_PREFIX=/home/song/zed/install/camera_info_manager
[0.667s] Invoking command in '/home/song/zed/build/camera_info_manager': CMAKE_PREFIX_PATH=/home/song/zed/install/camera_calibration_parsers:/home/song/zed/install/zed_ros2:/home/song/zed/install/zed_multi_camera:/home/song/zed/install/zed_display_rviz2:/home/song/zed/install/zed_wrapper:/home/song/zed/install/zed_tutorial_video:/home/song/zed/install/zed_tutorial_pos_tracking:/home/song/zed/install/zed_tutorial_depth:/home/song/zed/install/zed_topic_benchmark_interfaces:/home/song/zed/install/zed_rgb_convert:/home/song/zed/install/zed_components:/home/song/zed/install/rviz_plugin_zed_od:/home/song/zed/install/zed_interfaces:/home/song/zed/install/image_common:/home/song/zed/install/image_transport:/home/song/zed/install/camera_info_manager:/opt/ros/foxy CONDA_PROMPT_MODIFIER=(base) LD_LIBRARY_PATH=/home/song/zed/install/camera_calibration_parsers/lib:/usr/local/cuda-11.8/lib64:/home/song/zed/install/zed_topic_benchmark_interfaces/lib:/home/song/zed/install/zed_rgb_convert/lib:/home/song/zed/install/zed_components/lib:/home/song/zed/install/rviz_plugin_zed_od/lib:/home/song/zed/install/zed_interfaces/lib:/home/song/zed/install/image_transport/lib:/home/song/zed/install/camera_info_manager/lib:/opt/ros/foxy/opt/yaml_cpp_vendor/lib:/opt/ros/foxy/opt/rviz_ogre_vendor/lib:/opt/ros/foxy/lib/x86_64-linux-gnu:/opt/ros/foxy/lib:/usr/local/cuda-11.8/lib64 /home/song/.local/bin/cmake --build /home/song/zed/build/camera_info_manager -- -j20 -l20
[0.704s] [100%] Built target camera_info_manager
[0.712s] Invoked command in '/home/song/zed/build/camera_info_manager' returned '0': CMAKE_PREFIX_PATH=/home/song/zed/install/camera_calibration_parsers:/home/song/zed/install/zed_ros2:/home/song/zed/install/zed_multi_camera:/home/song/zed/install/zed_display_rviz2:/home/song/zed/install/zed_wrapper:/home/song/zed/install/zed_tutorial_video:/home/song/zed/install/zed_tutorial_pos_tracking:/home/song/zed/install/zed_tutorial_depth:/home/song/zed/install/zed_topic_benchmark_interfaces:/home/song/zed/install/zed_rgb_convert:/home/song/zed/install/zed_components:/home/song/zed/install/rviz_plugin_zed_od:/home/song/zed/install/zed_interfaces:/home/song/zed/install/image_common:/home/song/zed/install/image_transport:/home/song/zed/install/camera_info_manager:/opt/ros/foxy CONDA_PROMPT_MODIFIER=(base) LD_LIBRARY_PATH=/home/song/zed/install/camera_calibration_parsers/lib:/usr/local/cuda-11.8/lib64:/home/song/zed/install/zed_topic_benchmark_interfaces/lib:/home/song/zed/install/zed_rgb_convert/lib:/home/song/zed/install/zed_components/lib:/home/song/zed/install/rviz_plugin_zed_od/lib:/home/song/zed/install/zed_interfaces/lib:/home/song/zed/install/image_transport/lib:/home/song/zed/install/camera_info_manager/lib:/opt/ros/foxy/opt/yaml_cpp_vendor/lib:/opt/ros/foxy/opt/rviz_ogre_vendor/lib:/opt/ros/foxy/lib/x86_64-linux-gnu:/opt/ros/foxy/lib:/usr/local/cuda-11.8/lib64 /home/song/.local/bin/cmake --build /home/song/zed/build/camera_info_manager -- -j20 -l20
[0.742s] Invoking command in '/home/song/zed/build/camera_info_manager': CMAKE_PREFIX_PATH=/home/song/zed/install/camera_calibration_parsers:/home/song/zed/install/zed_ros2:/home/song/zed/install/zed_multi_camera:/home/song/zed/install/zed_display_rviz2:/home/song/zed/install/zed_wrapper:/home/song/zed/install/zed_tutorial_video:/home/song/zed/install/zed_tutorial_pos_tracking:/home/song/zed/install/zed_tutorial_depth:/home/song/zed/install/zed_topic_benchmark_interfaces:/home/song/zed/install/zed_rgb_convert:/home/song/zed/install/zed_components:/home/song/zed/install/rviz_plugin_zed_od:/home/song/zed/install/zed_interfaces:/home/song/zed/install/image_common:/home/song/zed/install/image_transport:/home/song/zed/install/camera_info_manager:/opt/ros/foxy CONDA_PROMPT_MODIFIER=(base) LD_LIBRARY_PATH=/home/song/zed/install/camera_calibration_parsers/lib:/usr/local/cuda-11.8/lib64:/home/song/zed/install/zed_topic_benchmark_interfaces/lib:/home/song/zed/install/zed_rgb_convert/lib:/home/song/zed/install/zed_components/lib:/home/song/zed/install/rviz_plugin_zed_od/lib:/home/song/zed/install/zed_interfaces/lib:/home/song/zed/install/image_transport/lib:/home/song/zed/install/camera_info_manager/lib:/opt/ros/foxy/opt/yaml_cpp_vendor/lib:/opt/ros/foxy/opt/rviz_ogre_vendor/lib:/opt/ros/foxy/lib/x86_64-linux-gnu:/opt/ros/foxy/lib:/usr/local/cuda-11.8/lib64 /home/song/.local/bin/cmake --install /home/song/zed/build/camera_info_manager
[0.759s] -- Install configuration: "Release"
[0.759s] -- Execute custom install script
[0.759s] -- Up-to-date symlink: /home/song/zed/install/camera_info_manager/lib/libcamera_info_manager.so
[0.760s] -- Up-to-date symlink: /home/song/zed/install/camera_info_manager/include/camera_info_manager/camera_info_manager.h
[0.760s] -- Up-to-date symlink: /home/song/zed/install/camera_info_manager/include/camera_info_manager/camera_info_manager.hpp
[0.760s] -- Up-to-date symlink: /home/song/zed/install/camera_info_manager/include/camera_info_manager/visibility_control.h
[0.760s] -- Up-to-date symlink: /home/song/zed/install/camera_info_manager/share/camera_info_manager/environment/library_path.sh
[0.760s] -- Up-to-date symlink: /home/song/zed/install/camera_info_manager/share/camera_info_manager/environment/library_path.dsv
[0.760s] -- Up-to-date symlink: /home/song/zed/install/camera_info_manager/share/ament_index/resource_index/package_run_dependencies/camera_info_manager
[0.760s] -- Up-to-date symlink: /home/song/zed/install/camera_info_manager/share/ament_index/resource_index/parent_prefix_path/camera_info_manager
[0.760s] -- Up-to-date symlink: /home/song/zed/install/camera_info_manager/share/camera_info_manager/environment/ament_prefix_path.sh
[0.760s] -- Up-to-date symlink: /home/song/zed/install/camera_info_manager/share/camera_info_manager/environment/ament_prefix_path.dsv
[0.761s] -- Up-to-date symlink: /home/song/zed/install/camera_info_manager/share/camera_info_manager/environment/path.sh
[0.761s] -- Up-to-date symlink: /home/song/zed/install/camera_info_manager/share/camera_info_manager/environment/path.dsv
[0.761s] -- Up-to-date symlink: /home/song/zed/install/camera_info_manager/share/camera_info_manager/local_setup.bash
[0.761s] -- Up-to-date symlink: /home/song/zed/install/camera_info_manager/share/camera_info_manager/local_setup.sh
[0.761s] -- Up-to-date symlink: /home/song/zed/install/camera_info_manager/share/camera_info_manager/local_setup.zsh
[0.761s] -- Up-to-date symlink: /home/song/zed/install/camera_info_manager/share/camera_info_manager/local_setup.dsv
[0.761s] -- Symlinking: /home/song/zed/install/camera_info_manager/share/camera_info_manager/package.dsv
[0.763s] -- Up-to-date symlink: /home/song/zed/install/camera_info_manager/share/ament_index/resource_index/packages/camera_info_manager
[0.763s] -- Up-to-date symlink: /home/song/zed/install/camera_info_manager/share/camera_info_manager/cmake/ament_cmake_export_include_directories-extras.cmake
[0.763s] -- Up-to-date symlink: /home/song/zed/install/camera_info_manager/share/camera_info_manager/cmake/ament_cmake_export_dependencies-extras.cmake
[0.763s] -- Up-to-date symlink: /home/song/zed/install/camera_info_manager/share/camera_info_manager/cmake/ament_cmake_export_libraries-extras.cmake
[0.763s] -- Up-to-date symlink: /home/song/zed/install/camera_info_manager/share/camera_info_manager/cmake/camera_info_managerConfig.cmake
[0.763s] -- Up-to-date symlink: /home/song/zed/install/camera_info_manager/share/camera_info_manager/cmake/camera_info_managerConfig-version.cmake
[0.763s] -- Up-to-date symlink: /home/song/zed/install/camera_info_manager/share/camera_info_manager/package.xml
[0.768s] Invoked command in '/home/song/zed/build/camera_info_manager' returned '0': CMAKE_PREFIX_PATH=/home/song/zed/install/camera_calibration_parsers:/home/song/zed/install/zed_ros2:/home/song/zed/install/zed_multi_camera:/home/song/zed/install/zed_display_rviz2:/home/song/zed/install/zed_wrapper:/home/song/zed/install/zed_tutorial_video:/home/song/zed/install/zed_tutorial_pos_tracking:/home/song/zed/install/zed_tutorial_depth:/home/song/zed/install/zed_topic_benchmark_interfaces:/home/song/zed/install/zed_rgb_convert:/home/song/zed/install/zed_components:/home/song/zed/install/rviz_plugin_zed_od:/home/song/zed/install/zed_interfaces:/home/song/zed/install/image_common:/home/song/zed/install/image_transport:/home/song/zed/install/camera_info_manager:/opt/ros/foxy CONDA_PROMPT_MODIFIER=(base) LD_LIBRARY_PATH=/home/song/zed/install/camera_calibration_parsers/lib:/usr/local/cuda-11.8/lib64:/home/song/zed/install/zed_topic_benchmark_interfaces/lib:/home/song/zed/install/zed_rgb_convert/lib:/home/song/zed/install/zed_components/lib:/home/song/zed/install/rviz_plugin_zed_od/lib:/home/song/zed/install/zed_interfaces/lib:/home/song/zed/install/image_transport/lib:/home/song/zed/install/camera_info_manager/lib:/opt/ros/foxy/opt/yaml_cpp_vendor/lib:/opt/ros/foxy/opt/rviz_ogre_vendor/lib:/opt/ros/foxy/lib/x86_64-linux-gnu:/opt/ros/foxy/lib:/usr/local/cuda-11.8/lib64 /home/song/.local/bin/cmake --install /home/song/zed/build/camera_info_manager
