[0.161s] Invoking command in '/home/song/zed/build/zed_tutorial_depth': CMAKE_PREFIX_PATH=${CMAKE_PREFIX_PATH}:/home/song/zed/install/steadylab:/opt/ros/foxy CONDA_PROMPT_MODIFIER=(base) /home/song/.local/bin/cmake --build /home/song/zed/build/zed_tutorial_depth -- -j20 -l20
[0.191s] [100%] Built target zed_tutorial_depth
[0.197s] Invoked command in '/home/song/zed/build/zed_tutorial_depth' returned '0': CMAKE_PREFIX_PATH=${CMAKE_PREFIX_PATH}:/home/song/zed/install/steadylab:/opt/ros/foxy CONDA_PROMPT_MODIFIER=(base) /home/song/.local/bin/cmake --build /home/song/zed/build/zed_tutorial_depth -- -j20 -l20
[0.241s] Invoking command in '/home/song/zed/build/zed_tutorial_depth': CMAKE_PREFIX_PATH=${CMAKE_PREFIX_PATH}:/home/song/zed/install/steadylab:/opt/ros/foxy CONDA_PROMPT_MODIFIER=(base) /home/song/.local/bin/cmake --install /home/song/zed/build/zed_tutorial_depth
[0.282s] -- Install configuration: "Release"
[0.283s] -- Execute custom install script
[0.286s] -- Up-to-date symlink: /home/song/zed/install/zed_tutorial_depth/lib/zed_tutorial_depth/zed_tutorial_depth
[0.289s] -- Up-to-date symlink: /home/song/zed/install/zed_tutorial_depth/share/ament_index/resource_index/package_run_dependencies/zed_tutorial_depth
[0.289s] -- Up-to-date symlink: /home/song/zed/install/zed_tutorial_depth/share/ament_index/resource_index/parent_prefix_path/zed_tutorial_depth
[0.289s] -- Up-to-date symlink: /home/song/zed/install/zed_tutorial_depth/share/zed_tutorial_depth/environment/ament_prefix_path.sh
[0.289s] -- Up-to-date symlink: /home/song/zed/install/zed_tutorial_depth/share/zed_tutorial_depth/environment/ament_prefix_path.dsv
[0.291s] -- Up-to-date symlink: /home/song/zed/install/zed_tutorial_depth/share/zed_tutorial_depth/environment/path.sh
[0.291s] -- Up-to-date symlink: /home/song/zed/install/zed_tutorial_depth/share/zed_tutorial_depth/environment/path.dsv
[0.291s] -- Up-to-date symlink: /home/song/zed/install/zed_tutorial_depth/share/zed_tutorial_depth/local_setup.bash
[0.292s] -- Up-to-date symlink: /home/song/zed/install/zed_tutorial_depth/share/zed_tutorial_depth/local_setup.sh
[0.292s] -- Up-to-date symlink: /home/song/zed/install/zed_tutorial_depth/share/zed_tutorial_depth/local_setup.zsh
[0.293s] -- Up-to-date symlink: /home/song/zed/install/zed_tutorial_depth/share/zed_tutorial_depth/local_setup.dsv
[0.293s] -- Symlinking: /home/song/zed/install/zed_tutorial_depth/share/zed_tutorial_depth/package.dsv
[0.296s] -- Up-to-date symlink: /home/song/zed/install/zed_tutorial_depth/share/ament_index/resource_index/packages/zed_tutorial_depth
[0.296s] -- Up-to-date symlink: /home/song/zed/install/zed_tutorial_depth/share/zed_tutorial_depth/cmake/zed_tutorial_depthConfig.cmake
[0.298s] -- Up-to-date symlink: /home/song/zed/install/zed_tutorial_depth/share/zed_tutorial_depth/cmake/zed_tutorial_depthConfig-version.cmake
[0.298s] -- Up-to-date symlink: /home/song/zed/install/zed_tutorial_depth/share/zed_tutorial_depth/package.xml
[0.323s] Invoked command in '/home/song/zed/build/zed_tutorial_depth' returned '0': CMAKE_PREFIX_PATH=${CMAKE_PREFIX_PATH}:/home/song/zed/install/steadylab:/opt/ros/foxy CONDA_PROMPT_MODIFIER=(base) /home/song/.local/bin/cmake --install /home/song/zed/build/zed_tutorial_depth
