[0.010s] Invoking command in '/home/song/steadylab/build/zed_wrapper': AMENT_PREFIX_PATH=/home/song/steadylab/install/zed_components:/home/song/steadylab/install/zed_interfaces:/home/song/steadylab/install/image_transport:${AMENT_PREFIX_PATH} CMAKE_PREFIX_PATH=/home/song/steadylab/install/zed_components:/home/song/steadylab/install/zed_interfaces:/home/song/steadylab/install/image_transport:/home/song/zed/install/zed_ros2:/home/song/zed/install/zed_multi_camera:/home/song/zed/install/zed_display_rviz2:/home/song/zed/install/zed_wrapper:/home/song/zed/install/zed_tutorial_video:/home/song/zed/install/zed_tutorial_pos_tracking:/home/song/zed/install/zed_tutorial_depth:/home/song/zed/install/zed_topic_benchmark_interfaces:/home/song/zed/install/zed_rgb_convert:/home/song/zed/install/zed_components:/home/song/zed/install/rviz_plugin_zed_od:/home/song/zed/install/zed_interfaces:/home/song/zed/install/image_common:/home/song/zed/install/image_transport:/home/song/zed/install/camera_info_manager:/home/song/zed/install/camera_calibration_parsers:/home/song/zed/install/steadylab:/opt/ros/foxy CONDA_PROMPT_MODIFIER=(base) LD_LIBRARY_PATH=/home/song/steadylab/install/zed_components/lib:/home/song/steadylab/install/zed_interfaces/lib:/home/song/steadylab/install/image_transport/lib:/home/song/zed/install/zed_topic_benchmark_interfaces/lib:/home/song/zed/install/zed_rgb_convert/lib:/home/song/zed/install/zed_components/lib:/home/song/zed/install/rviz_plugin_zed_od/lib:/home/song/zed/install/zed_interfaces/lib:/home/song/zed/install/image_transport/lib:/home/song/zed/install/camera_info_manager/lib:/home/song/zed/install/camera_calibration_parsers/lib:/opt/ros/foxy/opt/yaml_cpp_vendor/lib:/opt/ros/foxy/opt/rviz_ogre_vendor/lib:/opt/ros/foxy/lib/x86_64-linux-gnu:/opt/ros/foxy/lib:/usr/local/cuda-11.8/lib64 PYTHONPATH=/home/song/steadylab/install/zed_interfaces/lib/python3.9/site-packages:${PYTHONPATH} /home/song/.local/bin/cmake /home/song/steadylab/src/zed-ros2-wrapper/zed_wrapper -DAMENT_CMAKE_SYMLINK_INSTALL=1 -DCMAKE_INSTALL_PREFIX=/home/song/steadylab/install/zed_wrapper
[0.054s] -- The C compiler identification is GNU 9.4.0
[0.088s] -- The CXX compiler identification is GNU 9.4.0
[0.094s] -- Detecting C compiler ABI info
[0.128s] -- Detecting C compiler ABI info - done
[0.135s] -- Check for working C compiler: /usr/bin/cc - skipped
[0.135s] -- Detecting C compile features
[0.135s] -- Detecting C compile features - done
[0.137s] -- Detecting CXX compiler ABI info
[0.180s] -- Detecting CXX compiler ABI info - done
[0.187s] -- Check for working CXX compiler: /usr/bin/c++ - skipped
[0.187s] -- Detecting CXX compile features
[0.187s] -- Detecting CXX compile features - done
[0.190s] -- Looking for sgemm_
[0.228s] -- Looking for sgemm_ - not found
[0.229s] -- Performing Test CMAKE_HAVE_LIBC_PTHREAD
[0.267s] -- Performing Test CMAKE_HAVE_LIBC_PTHREAD - Failed
[0.267s] -- Looking for pthread_create in pthreads
[0.295s] -- Looking for pthread_create in pthreads - not found
[0.295s] -- Looking for pthread_create in pthread
[0.329s] -- Looking for pthread_create in pthread - found
[0.330s] -- Found Threads: TRUE  
[0.363s] -- Looking for sgemm_
[0.415s] -- Looking for sgemm_ - found
[0.415s] -- Found BLAS: /usr/lib/x86_64-linux-gnu/libopenblas.so  
[0.430s] -- Found CUDA: /usr/local/cuda-11.8 (found suitable version "11.8", minimum required is "11") 
[0.450s] -- Found CUDA: /usr/local/cuda-11.8 (found version "11.8") 
[0.452s] -- Found ament_cmake_auto: 0.9.12 (/opt/ros/foxy/share/ament_cmake_auto/cmake)
[0.472s] -- Found PythonInterp: /home/song/anaconda3/bin/python3 (found suitable version "3.9.13", minimum required is "3") 
[0.472s] -- Using PYTHON_EXECUTABLE: /home/song/anaconda3/bin/python3
[0.606s] -- Override CMake install command with custom implementation using symlinks instead of copying resources
[0.688s] -- Using all available rosidl_typesupport_c: rosidl_typesupport_fastrtps_c;rosidl_typesupport_introspection_c
[0.692s] -- Found rosidl_adapter: 1.3.1 (/opt/ros/foxy/share/rosidl_adapter/cmake)
[0.736s] -- Found OpenSSL: /usr/lib/x86_64-linux-gnu/libcrypto.so (found version "1.1.1f")  
[0.753s] -- Found FastRTPS: /opt/ros/foxy/include  
[0.802s] -- Using all available rosidl_typesupport_cpp: rosidl_typesupport_fastrtps_cpp;rosidl_typesupport_introspection_cpp
[0.833s] -- Found rmw_implementation_cmake: 1.0.4 (/opt/ros/foxy/share/rmw_implementation_cmake/cmake)
[0.835s] -- Using RMW implementation 'rmw_fastrtps_cpp' as default
[1.239s] -- Found eigen3_cmake_module: 0.1.1 (/opt/ros/foxy/share/eigen3_cmake_module/cmake)
[1.242s] -- Found Eigen3: TRUE (found version "3.3.7") 
[1.883s] -- Found ament_lint_auto: 0.9.8 (/opt/ros/foxy/share/ament_lint_auto/cmake)
[2.140s] -- Added test 'copyright' to check source files copyright and LICENSE
[2.141s] -- Added test 'cppcheck' to perform static code analysis on C / C++ code
[2.142s] -- Configured cppcheck include dirs: /home/song/steadylab/src/zed-ros2-wrapper/zed_wrapper/src
[2.142s] -- Configured cppcheck exclude dirs and/or files: 
[2.142s] -- Added test 'lint_cmake' to check CMake code style
[2.143s] -- Added test 'pep257' to check Python code against some of the style conventions in PEP 257
[2.143s] -- Added test 'uncrustify' to check C / C++ code style
[2.144s] -- Configured uncrustify additional arguments: 
[2.144s] -- Added test 'xmllint' to check XML markup files
[2.145s] -- Configuring done (2.1s)
[2.166s] -- Generating done (0.0s)
[2.169s] -- Build files have been written to: /home/song/steadylab/build/zed_wrapper
[2.178s] Invoked command in '/home/song/steadylab/build/zed_wrapper' returned '0': AMENT_PREFIX_PATH=/home/song/steadylab/install/zed_components:/home/song/steadylab/install/zed_interfaces:/home/song/steadylab/install/image_transport:${AMENT_PREFIX_PATH} CMAKE_PREFIX_PATH=/home/song/steadylab/install/zed_components:/home/song/steadylab/install/zed_interfaces:/home/song/steadylab/install/image_transport:/home/song/zed/install/zed_ros2:/home/song/zed/install/zed_multi_camera:/home/song/zed/install/zed_display_rviz2:/home/song/zed/install/zed_wrapper:/home/song/zed/install/zed_tutorial_video:/home/song/zed/install/zed_tutorial_pos_tracking:/home/song/zed/install/zed_tutorial_depth:/home/song/zed/install/zed_topic_benchmark_interfaces:/home/song/zed/install/zed_rgb_convert:/home/song/zed/install/zed_components:/home/song/zed/install/rviz_plugin_zed_od:/home/song/zed/install/zed_interfaces:/home/song/zed/install/image_common:/home/song/zed/install/image_transport:/home/song/zed/install/camera_info_manager:/home/song/zed/install/camera_calibration_parsers:/home/song/zed/install/steadylab:/opt/ros/foxy CONDA_PROMPT_MODIFIER=(base) LD_LIBRARY_PATH=/home/song/steadylab/install/zed_components/lib:/home/song/steadylab/install/zed_interfaces/lib:/home/song/steadylab/install/image_transport/lib:/home/song/zed/install/zed_topic_benchmark_interfaces/lib:/home/song/zed/install/zed_rgb_convert/lib:/home/song/zed/install/zed_components/lib:/home/song/zed/install/rviz_plugin_zed_od/lib:/home/song/zed/install/zed_interfaces/lib:/home/song/zed/install/image_transport/lib:/home/song/zed/install/camera_info_manager/lib:/home/song/zed/install/camera_calibration_parsers/lib:/opt/ros/foxy/opt/yaml_cpp_vendor/lib:/opt/ros/foxy/opt/rviz_ogre_vendor/lib:/opt/ros/foxy/lib/x86_64-linux-gnu:/opt/ros/foxy/lib:/usr/local/cuda-11.8/lib64 PYTHONPATH=/home/song/steadylab/install/zed_interfaces/lib/python3.9/site-packages:${PYTHONPATH} /home/song/.local/bin/cmake /home/song/steadylab/src/zed-ros2-wrapper/zed_wrapper -DAMENT_CMAKE_SYMLINK_INSTALL=1 -DCMAKE_INSTALL_PREFIX=/home/song/steadylab/install/zed_wrapper
[2.179s] Invoking command in '/home/song/steadylab/build/zed_wrapper': AMENT_PREFIX_PATH=/home/song/steadylab/install/zed_components:/home/song/steadylab/install/zed_interfaces:/home/song/steadylab/install/image_transport:${AMENT_PREFIX_PATH} CMAKE_PREFIX_PATH=/home/song/steadylab/install/zed_components:/home/song/steadylab/install/zed_interfaces:/home/song/steadylab/install/image_transport:/home/song/zed/install/zed_ros2:/home/song/zed/install/zed_multi_camera:/home/song/zed/install/zed_display_rviz2:/home/song/zed/install/zed_wrapper:/home/song/zed/install/zed_tutorial_video:/home/song/zed/install/zed_tutorial_pos_tracking:/home/song/zed/install/zed_tutorial_depth:/home/song/zed/install/zed_topic_benchmark_interfaces:/home/song/zed/install/zed_rgb_convert:/home/song/zed/install/zed_components:/home/song/zed/install/rviz_plugin_zed_od:/home/song/zed/install/zed_interfaces:/home/song/zed/install/image_common:/home/song/zed/install/image_transport:/home/song/zed/install/camera_info_manager:/home/song/zed/install/camera_calibration_parsers:/home/song/zed/install/steadylab:/opt/ros/foxy CONDA_PROMPT_MODIFIER=(base) LD_LIBRARY_PATH=/home/song/steadylab/install/zed_components/lib:/home/song/steadylab/install/zed_interfaces/lib:/home/song/steadylab/install/image_transport/lib:/home/song/zed/install/zed_topic_benchmark_interfaces/lib:/home/song/zed/install/zed_rgb_convert/lib:/home/song/zed/install/zed_components/lib:/home/song/zed/install/rviz_plugin_zed_od/lib:/home/song/zed/install/zed_interfaces/lib:/home/song/zed/install/image_transport/lib:/home/song/zed/install/camera_info_manager/lib:/home/song/zed/install/camera_calibration_parsers/lib:/opt/ros/foxy/opt/yaml_cpp_vendor/lib:/opt/ros/foxy/opt/rviz_ogre_vendor/lib:/opt/ros/foxy/lib/x86_64-linux-gnu:/opt/ros/foxy/lib:/usr/local/cuda-11.8/lib64 PYTHONPATH=/home/song/steadylab/install/zed_interfaces/lib/python3.9/site-packages:${PYTHONPATH} /home/song/.local/bin/cmake --build /home/song/steadylab/build/zed_wrapper -- -j20 -l20
[2.206s] [ 50%] [32mBuilding CXX object CMakeFiles/zed_wrapper.dir/src/zed_wrapper.cpp.o[0m
[2.994s] In file included from [01m[K/home/song/steadylab/install/zed_components/include/zed_components/zed_camera_component.hpp:19[m[K,
[2.994s]                  from [01m[K/home/song/steadylab/src/zed-ros2-wrapper/zed_wrapper/src/zed_wrapper.cpp:17[m[K:
[2.994s] [01m[K/usr/local/zed/include/sl/Fusion.hpp:68:64:[m[K [01;36m[Knote: [m[K#pragma message: ~ FUSION SDK is distributed in Early Access ~
[2.994s]    68 | #pragma message("~ FUSION SDK is distributed in Early Access ~"[01;36m[K)[m[K
[2.994s]       |                                                                [01;36m[K^[m[K
[4.070s] [100%] [32m[1mLinking CXX executable zed_wrapper[0m
[4.222s] [100%] Built target zed_wrapper
[4.228s] Invoked command in '/home/song/steadylab/build/zed_wrapper' returned '0': AMENT_PREFIX_PATH=/home/song/steadylab/install/zed_components:/home/song/steadylab/install/zed_interfaces:/home/song/steadylab/install/image_transport:${AMENT_PREFIX_PATH} CMAKE_PREFIX_PATH=/home/song/steadylab/install/zed_components:/home/song/steadylab/install/zed_interfaces:/home/song/steadylab/install/image_transport:/home/song/zed/install/zed_ros2:/home/song/zed/install/zed_multi_camera:/home/song/zed/install/zed_display_rviz2:/home/song/zed/install/zed_wrapper:/home/song/zed/install/zed_tutorial_video:/home/song/zed/install/zed_tutorial_pos_tracking:/home/song/zed/install/zed_tutorial_depth:/home/song/zed/install/zed_topic_benchmark_interfaces:/home/song/zed/install/zed_rgb_convert:/home/song/zed/install/zed_components:/home/song/zed/install/rviz_plugin_zed_od:/home/song/zed/install/zed_interfaces:/home/song/zed/install/image_common:/home/song/zed/install/image_transport:/home/song/zed/install/camera_info_manager:/home/song/zed/install/camera_calibration_parsers:/home/song/zed/install/steadylab:/opt/ros/foxy CONDA_PROMPT_MODIFIER=(base) LD_LIBRARY_PATH=/home/song/steadylab/install/zed_components/lib:/home/song/steadylab/install/zed_interfaces/lib:/home/song/steadylab/install/image_transport/lib:/home/song/zed/install/zed_topic_benchmark_interfaces/lib:/home/song/zed/install/zed_rgb_convert/lib:/home/song/zed/install/zed_components/lib:/home/song/zed/install/rviz_plugin_zed_od/lib:/home/song/zed/install/zed_interfaces/lib:/home/song/zed/install/image_transport/lib:/home/song/zed/install/camera_info_manager/lib:/home/song/zed/install/camera_calibration_parsers/lib:/opt/ros/foxy/opt/yaml_cpp_vendor/lib:/opt/ros/foxy/opt/rviz_ogre_vendor/lib:/opt/ros/foxy/lib/x86_64-linux-gnu:/opt/ros/foxy/lib:/usr/local/cuda-11.8/lib64 PYTHONPATH=/home/song/steadylab/install/zed_interfaces/lib/python3.9/site-packages:${PYTHONPATH} /home/song/.local/bin/cmake --build /home/song/steadylab/build/zed_wrapper -- -j20 -l20
[4.258s] Invoking command in '/home/song/steadylab/build/zed_wrapper': AMENT_PREFIX_PATH=/home/song/steadylab/install/zed_components:/home/song/steadylab/install/zed_interfaces:/home/song/steadylab/install/image_transport:${AMENT_PREFIX_PATH} CMAKE_PREFIX_PATH=/home/song/steadylab/install/zed_components:/home/song/steadylab/install/zed_interfaces:/home/song/steadylab/install/image_transport:/home/song/zed/install/zed_ros2:/home/song/zed/install/zed_multi_camera:/home/song/zed/install/zed_display_rviz2:/home/song/zed/install/zed_wrapper:/home/song/zed/install/zed_tutorial_video:/home/song/zed/install/zed_tutorial_pos_tracking:/home/song/zed/install/zed_tutorial_depth:/home/song/zed/install/zed_topic_benchmark_interfaces:/home/song/zed/install/zed_rgb_convert:/home/song/zed/install/zed_components:/home/song/zed/install/rviz_plugin_zed_od:/home/song/zed/install/zed_interfaces:/home/song/zed/install/image_common:/home/song/zed/install/image_transport:/home/song/zed/install/camera_info_manager:/home/song/zed/install/camera_calibration_parsers:/home/song/zed/install/steadylab:/opt/ros/foxy CONDA_PROMPT_MODIFIER=(base) LD_LIBRARY_PATH=/home/song/steadylab/install/zed_components/lib:/home/song/steadylab/install/zed_interfaces/lib:/home/song/steadylab/install/image_transport/lib:/home/song/zed/install/zed_topic_benchmark_interfaces/lib:/home/song/zed/install/zed_rgb_convert/lib:/home/song/zed/install/zed_components/lib:/home/song/zed/install/rviz_plugin_zed_od/lib:/home/song/zed/install/zed_interfaces/lib:/home/song/zed/install/image_transport/lib:/home/song/zed/install/camera_info_manager/lib:/home/song/zed/install/camera_calibration_parsers/lib:/opt/ros/foxy/opt/yaml_cpp_vendor/lib:/opt/ros/foxy/opt/rviz_ogre_vendor/lib:/opt/ros/foxy/lib/x86_64-linux-gnu:/opt/ros/foxy/lib:/usr/local/cuda-11.8/lib64 PYTHONPATH=/home/song/steadylab/install/zed_interfaces/lib/python3.9/site-packages:${PYTHONPATH} /home/song/.local/bin/cmake --install /home/song/steadylab/build/zed_wrapper
[4.273s] -- Install configuration: "Release"
[4.273s] -- Execute custom install script
[4.273s] -- Symlinking: /home/song/steadylab/install/zed_wrapper/lib/zed_wrapper/zed_wrapper
[4.275s] -- Symlinking: /home/song/steadylab/install/zed_wrapper/share/zed_wrapper/config/common.yaml
[4.276s] -- Symlinking: /home/song/steadylab/install/zed_wrapper/share/zed_wrapper/config/zed.yaml
[4.278s] -- Symlinking: /home/song/steadylab/install/zed_wrapper/share/zed_wrapper/config/zed2.yaml
[4.279s] -- Symlinking: /home/song/steadylab/install/zed_wrapper/share/zed_wrapper/config/zed2i.yaml
[4.281s] -- Symlinking: /home/song/steadylab/install/zed_wrapper/share/zed_wrapper/config/zedm.yaml
[4.282s] -- Symlinking: /home/song/steadylab/install/zed_wrapper/share/zed_wrapper/config/zedx.yaml
[4.284s] -- Symlinking: /home/song/steadylab/install/zed_wrapper/share/zed_wrapper/config/zedxm.yaml
[4.285s] -- Symlinking: /home/song/steadylab/install/zed_wrapper/share/zed_wrapper/urdf/include/materials.urdf.xacro
[4.287s] -- Symlinking: /home/song/steadylab/install/zed_wrapper/share/zed_wrapper/urdf/zed_descr.urdf.xacro
[4.288s] -- Symlinking: /home/song/steadylab/install/zed_wrapper/share/zed_wrapper/urdf/zed_macro.urdf.xacro
[4.290s] -- Symlinking: /home/song/steadylab/install/zed_wrapper/share/zed_wrapper/launch/include/zed_camera.launch.py
[4.291s] -- Symlinking: /home/song/steadylab/install/zed_wrapper/share/zed_wrapper/launch/zed.launch.py
[4.292s] -- Symlinking: /home/song/steadylab/install/zed_wrapper/share/zed_wrapper/launch/zed2.launch.py
[4.294s] -- Symlinking: /home/song/steadylab/install/zed_wrapper/share/zed_wrapper/launch/zed2i.launch.py
[4.295s] -- Symlinking: /home/song/steadylab/install/zed_wrapper/share/zed_wrapper/launch/zedm.launch.py
[4.297s] -- Symlinking: /home/song/steadylab/install/zed_wrapper/share/zed_wrapper/launch/zedx.launch.py
[4.298s] -- Symlinking: /home/song/steadylab/install/zed_wrapper/share/zed_wrapper/launch/zedxm.launch.py
[4.299s] -- Symlinking: /home/song/steadylab/install/zed_wrapper/share/ament_index/resource_index/package_run_dependencies/zed_wrapper
[4.301s] -- Symlinking: /home/song/steadylab/install/zed_wrapper/share/ament_index/resource_index/parent_prefix_path/zed_wrapper
[4.302s] -- Symlinking: /home/song/steadylab/install/zed_wrapper/share/zed_wrapper/environment/ament_prefix_path.sh
[4.304s] -- Symlinking: /home/song/steadylab/install/zed_wrapper/share/zed_wrapper/environment/ament_prefix_path.dsv
[4.305s] -- Symlinking: /home/song/steadylab/install/zed_wrapper/share/zed_wrapper/environment/path.sh
[4.307s] -- Symlinking: /home/song/steadylab/install/zed_wrapper/share/zed_wrapper/environment/path.dsv
[4.308s] -- Symlinking: /home/song/steadylab/install/zed_wrapper/share/zed_wrapper/local_setup.bash
[4.310s] -- Symlinking: /home/song/steadylab/install/zed_wrapper/share/zed_wrapper/local_setup.sh
[4.311s] -- Symlinking: /home/song/steadylab/install/zed_wrapper/share/zed_wrapper/local_setup.zsh
[4.312s] -- Symlinking: /home/song/steadylab/install/zed_wrapper/share/zed_wrapper/local_setup.dsv
[4.314s] -- Symlinking: /home/song/steadylab/install/zed_wrapper/share/zed_wrapper/package.dsv
[4.315s] -- Symlinking: /home/song/steadylab/install/zed_wrapper/share/ament_index/resource_index/packages/zed_wrapper
[4.316s] -- Symlinking: /home/song/steadylab/install/zed_wrapper/share/zed_wrapper/cmake/zed_wrapperConfig.cmake
[4.318s] -- Symlinking: /home/song/steadylab/install/zed_wrapper/share/zed_wrapper/cmake/zed_wrapperConfig-version.cmake
[4.319s] -- Symlinking: /home/song/steadylab/install/zed_wrapper/share/zed_wrapper/package.xml
[4.325s] Invoked command in '/home/song/steadylab/build/zed_wrapper' returned '0': AMENT_PREFIX_PATH=/home/song/steadylab/install/zed_components:/home/song/steadylab/install/zed_interfaces:/home/song/steadylab/install/image_transport:${AMENT_PREFIX_PATH} CMAKE_PREFIX_PATH=/home/song/steadylab/install/zed_components:/home/song/steadylab/install/zed_interfaces:/home/song/steadylab/install/image_transport:/home/song/zed/install/zed_ros2:/home/song/zed/install/zed_multi_camera:/home/song/zed/install/zed_display_rviz2:/home/song/zed/install/zed_wrapper:/home/song/zed/install/zed_tutorial_video:/home/song/zed/install/zed_tutorial_pos_tracking:/home/song/zed/install/zed_tutorial_depth:/home/song/zed/install/zed_topic_benchmark_interfaces:/home/song/zed/install/zed_rgb_convert:/home/song/zed/install/zed_components:/home/song/zed/install/rviz_plugin_zed_od:/home/song/zed/install/zed_interfaces:/home/song/zed/install/image_common:/home/song/zed/install/image_transport:/home/song/zed/install/camera_info_manager:/home/song/zed/install/camera_calibration_parsers:/home/song/zed/install/steadylab:/opt/ros/foxy CONDA_PROMPT_MODIFIER=(base) LD_LIBRARY_PATH=/home/song/steadylab/install/zed_components/lib:/home/song/steadylab/install/zed_interfaces/lib:/home/song/steadylab/install/image_transport/lib:/home/song/zed/install/zed_topic_benchmark_interfaces/lib:/home/song/zed/install/zed_rgb_convert/lib:/home/song/zed/install/zed_components/lib:/home/song/zed/install/rviz_plugin_zed_od/lib:/home/song/zed/install/zed_interfaces/lib:/home/song/zed/install/image_transport/lib:/home/song/zed/install/camera_info_manager/lib:/home/song/zed/install/camera_calibration_parsers/lib:/opt/ros/foxy/opt/yaml_cpp_vendor/lib:/opt/ros/foxy/opt/rviz_ogre_vendor/lib:/opt/ros/foxy/lib/x86_64-linux-gnu:/opt/ros/foxy/lib:/usr/local/cuda-11.8/lib64 PYTHONPATH=/home/song/steadylab/install/zed_interfaces/lib/python3.9/site-packages:${PYTHONPATH} /home/song/.local/bin/cmake --install /home/song/steadylab/build/zed_wrapper
