[0.040s] Invoking command in '/home/song/steadylab/src/build/zed_interfaces': CMAKE_PREFIX_PATH=${CMAKE_PREFIX_PATH}:/home/song/steadylab/install/yo:/home/song/steadylab/install/steadylab:/opt/ros/foxy CONDA_PROMPT_MODIFIER=(base) /usr/bin/cmake /home/song/steadylab/src/zed-ros2-wrapper/zed-ros2-interfaces -DCMAKE_BUILD_TYPE=Release -DAMENT_CMAKE_SYMLINK_INSTALL=1 -DCMAKE_INSTALL_PREFIX=/home/song/steadylab/src/install/zed_interfaces
[0.322s] -- The C compiler identification is GNU 9.4.0
[0.323s] -- The CXX compiler identification is GNU 9.4.0
[0.323s] -- Check for working C compiler: /usr/bin/cc
[0.324s] -- Check for working C compiler: /usr/bin/cc -- works
[0.325s] -- Detecting C compiler ABI info
[0.325s] -- Detecting C compiler ABI info - done
[0.326s] -- Detecting C compile features
[0.327s] -- Detecting C compile features - done
[0.327s] -- Check for working CXX compiler: /usr/bin/c++
[0.327s] -- Check for working CXX compiler: /usr/bin/c++ -- works
[0.328s] -- Detecting CXX compiler ABI info
[0.328s] -- Detecting CXX compiler ABI info - done
[0.328s] -- Detecting CXX compile features
[0.328s] -- Detecting CXX compile features - done
[0.328s] -- Found ament_cmake_auto: 0.9.12 (/opt/ros/foxy/share/ament_cmake_auto/cmake)
[0.342s] -- Found PythonInterp: /home/song/anaconda3/bin/python3 (found suitable version "3.9.13", minimum required is "3") 
[0.342s] -- Using PYTHON_EXECUTABLE: /home/song/anaconda3/bin/python3
[0.451s] -- Override CMake install command with custom implementation using symlinks instead of copying resources
[0.557s] -- Using all available rosidl_typesupport_c: rosidl_typesupport_fastrtps_c;rosidl_typesupport_introspection_c
[0.561s] -- Found rosidl_adapter: 1.3.1 (/opt/ros/foxy/share/rosidl_adapter/cmake)
[0.622s] -- Found OpenSSL: /usr/lib/x86_64-linux-gnu/libcrypto.so (found version "1.1.1f")  
[0.647s] -- Found FastRTPS: /opt/ros/foxy/include  
[0.728s] -- Using all available rosidl_typesupport_cpp: rosidl_typesupport_fastrtps_cpp;rosidl_typesupport_introspection_cpp
[0.905s] -- Found ament_lint_auto: 0.9.8 (/opt/ros/foxy/share/ament_lint_auto/cmake)
[0.937s] -- Found PythonInterp: /home/song/anaconda3/bin/python3 (found version "3.9.13") 
[1.086s] -- Found ament_cmake_ros: 0.9.2 (/opt/ros/foxy/share/ament_cmake_ros/cmake)
[1.299s] -- Using all available rosidl_typesupport_c: rosidl_typesupport_fastrtps_c;rosidl_typesupport_introspection_c
[1.374s] -- Using all available rosidl_typesupport_cpp: rosidl_typesupport_fastrtps_cpp;rosidl_typesupport_introspection_cpp
[1.396s] -- Found PythonInterp: /home/song/anaconda3/bin/python3 (found suitable version "3.9.13", minimum required is "3.5") 
[1.398s] -- Found python_cmake_module: 0.8.1 (/opt/ros/foxy/share/python_cmake_module/cmake)
[1.420s] -- Found PythonLibs: /home/song/anaconda3/lib/libpython3.9.so (found suitable version "3.9.13", minimum required is "3.5") 
[1.420s] -- Using PYTHON_EXECUTABLE: /home/song/anaconda3/bin/python3
[1.420s] -- Using PYTHON_INCLUDE_DIRS: /home/song/anaconda3/include/python3.9
[1.420s] -- Using PYTHON_LIBRARIES: /home/song/anaconda3/lib/libpython3.9.so
[1.437s] -- Found PythonExtra: .so  
[1.569s] -- Added test 'copyright' to check source files copyright and LICENSE
[1.570s] -- Added test 'lint_cmake' to check CMake code style
[1.571s] -- Added test 'xmllint' to check XML markup files
[1.576s] -- Configuring done
[1.589s] CMake Warning at /opt/ros/foxy/share/rosidl_generator_py/cmake/rosidl_generator_py_generate_interfaces.cmake:235 (add_library):
[1.589s]   Cannot generate a safe runtime search path for target
[1.589s]   zed_interfaces__rosidl_typesupport_fastrtps_c__pyext because files in some
[1.589s]   directories may conflict with libraries in implicit directories:
[1.590s] 
[1.590s]     runtime library [libssl.so.1.1] in /usr/lib/x86_64-linux-gnu may be hidden by files in:
[1.590s]       /home/song/anaconda3/lib
[1.590s]     runtime library [libcrypto.so.1.1] in /usr/lib/x86_64-linux-gnu may be hidden by files in:
[1.590s]       /home/song/anaconda3/lib
[1.590s] 
[1.590s]   Some of these libraries may not be found correctly.
[1.590s] Call Stack (most recent call first):
[1.590s]   /opt/ros/foxy/share/ament_cmake_core/cmake/core/ament_execute_extensions.cmake:48 (include)
[1.590s]   /opt/ros/foxy/share/rosidl_cmake/cmake/rosidl_generate_interfaces.cmake:286 (ament_execute_extensions)
[1.590s]   CMakeLists.txt:98 (rosidl_generate_interfaces)
[1.590s] 
[1.590s] 
[1.635s] -- Generating done
[1.637s] -- Build files have been written to: /home/song/steadylab/src/build/zed_interfaces
