[0.006s] Invoking command in '/home/song/zed/build/camera_info_manager': AMENT_PREFIX_PATH=/home/song/zed/install/camera_calibration_parsers:${AMENT_PREFIX_PATH} CMAKE_PREFIX_PATH=/home/song/zed/install/camera_calibration_parsers:/home/song/ros-zed/install/zed_ros2:/home/song/ros-zed/install/zed_wrapper:/home/song/ros-zed/install/zed_components:/home/song/ros-zed/install/zed_interfaces:/home/song/ros-zed/install/image_common:/home/song/ros-zed/install/image_transport:/home/song/ros-zed/install/camera_info_manager:/home/song/ros-zed/install/camera_calibration_parsers:/opt/ros/foxy CONDA_PROMPT_MODIFIER=(base) LD_LIBRARY_PATH=/home/song/zed/install/camera_calibration_parsers/lib:/home/song/ros-zed/install/zed_components/lib:/home/song/ros-zed/install/zed_interfaces/lib:/home/song/ros-zed/install/image_transport/lib:/home/song/ros-zed/install/camera_info_manager/lib:/home/song/ros-zed/install/camera_calibration_parsers/lib:/opt/ros/foxy/opt/yaml_cpp_vendor/lib:/opt/ros/foxy/opt/rviz_ogre_vendor/lib:/opt/ros/foxy/lib/x86_64-linux-gnu:/opt/ros/foxy/lib:/usr/local/cuda-11.8/lib64 /home/song/.local/bin/cmake /home/song/zed/src/image_common/camera_info_manager -DCMAKE_BUILD_TYPE=Release -DAMENT_CMAKE_SYMLINK_INSTALL=1 -DCMAKE_INSTALL_PREFIX=/home/song/zed/install/camera_info_manager
[0.025s] -- Found ament_cmake_ros: 0.9.2 (/opt/ros/foxy/share/ament_cmake_ros/cmake)
[0.042s] -- Using PYTHON_EXECUTABLE: /home/song/anaconda3/bin/python3
[0.164s] -- Override CMake install command with custom implementation using symlinks instead of copying resources
[0.169s] -- Found ament_index_cpp: 1.1.0 (/opt/ros/foxy/share/ament_index_cpp/cmake)
[0.170s] -- Found camera_calibration_parsers: 3.0.0 (/home/song/zed/install/camera_calibration_parsers/share/camera_calibration_parsers/cmake)
[0.191s] -- Using all available rosidl_typesupport_c: rosidl_typesupport_fastrtps_c;rosidl_typesupport_introspection_c
[0.193s] -- Found rosidl_adapter: 1.3.1 (/opt/ros/foxy/share/rosidl_adapter/cmake)
[0.266s] -- Using all available rosidl_typesupport_cpp: rosidl_typesupport_fastrtps_cpp;rosidl_typesupport_introspection_cpp
[0.294s] -- Found rmw_implementation_cmake: 1.0.4 (/opt/ros/foxy/share/rmw_implementation_cmake/cmake)
[0.295s] -- Using RMW implementation 'rmw_fastrtps_cpp' as default
[0.448s] -- Setting yaml-cpp_DIR to: '/opt/ros/foxy/share/yaml_cpp_vendor/cmake/../../../opt/yaml_cpp_vendor/lib/cmake/yaml-cpp'
[0.466s] -- Found ament_cmake_cpplint: 0.9.8 (/opt/ros/foxy/share/ament_cmake_cpplint/cmake)
[0.466s] -- Found ament_cmake_lint_cmake: 0.9.8 (/opt/ros/foxy/share/ament_cmake_lint_cmake/cmake)
[0.466s] -- Found ament_cmake_uncrustify: 0.9.8 (/opt/ros/foxy/share/ament_cmake_uncrustify/cmake)
[0.510s] -- Configuring done (0.5s)
[0.519s] -- Generating done (0.0s)
[0.520s] -- Build files have been written to: /home/song/zed/build/camera_info_manager
[0.527s] Invoked command in '/home/song/zed/build/camera_info_manager' returned '0': AMENT_PREFIX_PATH=/home/song/zed/install/camera_calibration_parsers:${AMENT_PREFIX_PATH} CMAKE_PREFIX_PATH=/home/song/zed/install/camera_calibration_parsers:/home/song/ros-zed/install/zed_ros2:/home/song/ros-zed/install/zed_wrapper:/home/song/ros-zed/install/zed_components:/home/song/ros-zed/install/zed_interfaces:/home/song/ros-zed/install/image_common:/home/song/ros-zed/install/image_transport:/home/song/ros-zed/install/camera_info_manager:/home/song/ros-zed/install/camera_calibration_parsers:/opt/ros/foxy CONDA_PROMPT_MODIFIER=(base) LD_LIBRARY_PATH=/home/song/zed/install/camera_calibration_parsers/lib:/home/song/ros-zed/install/zed_components/lib:/home/song/ros-zed/install/zed_interfaces/lib:/home/song/ros-zed/install/image_transport/lib:/home/song/ros-zed/install/camera_info_manager/lib:/home/song/ros-zed/install/camera_calibration_parsers/lib:/opt/ros/foxy/opt/yaml_cpp_vendor/lib:/opt/ros/foxy/opt/rviz_ogre_vendor/lib:/opt/ros/foxy/lib/x86_64-linux-gnu:/opt/ros/foxy/lib:/usr/local/cuda-11.8/lib64 /home/song/.local/bin/cmake /home/song/zed/src/image_common/camera_info_manager -DCMAKE_BUILD_TYPE=Release -DAMENT_CMAKE_SYMLINK_INSTALL=1 -DCMAKE_INSTALL_PREFIX=/home/song/zed/install/camera_info_manager
[0.529s] Invoking command in '/home/song/zed/build/camera_info_manager': AMENT_PREFIX_PATH=/home/song/zed/install/camera_calibration_parsers:${AMENT_PREFIX_PATH} CMAKE_PREFIX_PATH=/home/song/zed/install/camera_calibration_parsers:/home/song/ros-zed/install/zed_ros2:/home/song/ros-zed/install/zed_wrapper:/home/song/ros-zed/install/zed_components:/home/song/ros-zed/install/zed_interfaces:/home/song/ros-zed/install/image_common:/home/song/ros-zed/install/image_transport:/home/song/ros-zed/install/camera_info_manager:/home/song/ros-zed/install/camera_calibration_parsers:/opt/ros/foxy CONDA_PROMPT_MODIFIER=(base) LD_LIBRARY_PATH=/home/song/zed/install/camera_calibration_parsers/lib:/home/song/ros-zed/install/zed_components/lib:/home/song/ros-zed/install/zed_interfaces/lib:/home/song/ros-zed/install/image_transport/lib:/home/song/ros-zed/install/camera_info_manager/lib:/home/song/ros-zed/install/camera_calibration_parsers/lib:/opt/ros/foxy/opt/yaml_cpp_vendor/lib:/opt/ros/foxy/opt/rviz_ogre_vendor/lib:/opt/ros/foxy/lib/x86_64-linux-gnu:/opt/ros/foxy/lib:/usr/local/cuda-11.8/lib64 /home/song/.local/bin/cmake --build /home/song/zed/build/camera_info_manager -- -j20 -l20
[0.558s] [ 50%] [32mBuilding CXX object CMakeFiles/camera_info_manager.dir/src/camera_info_manager.cpp.o[0m
[2.142s] [100%] [32m[1mLinking CXX shared library libcamera_info_manager.so[0m
[2.209s] [100%] Built target camera_info_manager
[2.215s] Invoked command in '/home/song/zed/build/camera_info_manager' returned '0': AMENT_PREFIX_PATH=/home/song/zed/install/camera_calibration_parsers:${AMENT_PREFIX_PATH} CMAKE_PREFIX_PATH=/home/song/zed/install/camera_calibration_parsers:/home/song/ros-zed/install/zed_ros2:/home/song/ros-zed/install/zed_wrapper:/home/song/ros-zed/install/zed_components:/home/song/ros-zed/install/zed_interfaces:/home/song/ros-zed/install/image_common:/home/song/ros-zed/install/image_transport:/home/song/ros-zed/install/camera_info_manager:/home/song/ros-zed/install/camera_calibration_parsers:/opt/ros/foxy CONDA_PROMPT_MODIFIER=(base) LD_LIBRARY_PATH=/home/song/zed/install/camera_calibration_parsers/lib:/home/song/ros-zed/install/zed_components/lib:/home/song/ros-zed/install/zed_interfaces/lib:/home/song/ros-zed/install/image_transport/lib:/home/song/ros-zed/install/camera_info_manager/lib:/home/song/ros-zed/install/camera_calibration_parsers/lib:/opt/ros/foxy/opt/yaml_cpp_vendor/lib:/opt/ros/foxy/opt/rviz_ogre_vendor/lib:/opt/ros/foxy/lib/x86_64-linux-gnu:/opt/ros/foxy/lib:/usr/local/cuda-11.8/lib64 /home/song/.local/bin/cmake --build /home/song/zed/build/camera_info_manager -- -j20 -l20
[2.244s] Invoking command in '/home/song/zed/build/camera_info_manager': AMENT_PREFIX_PATH=/home/song/zed/install/camera_calibration_parsers:${AMENT_PREFIX_PATH} CMAKE_PREFIX_PATH=/home/song/zed/install/camera_calibration_parsers:/home/song/ros-zed/install/zed_ros2:/home/song/ros-zed/install/zed_wrapper:/home/song/ros-zed/install/zed_components:/home/song/ros-zed/install/zed_interfaces:/home/song/ros-zed/install/image_common:/home/song/ros-zed/install/image_transport:/home/song/ros-zed/install/camera_info_manager:/home/song/ros-zed/install/camera_calibration_parsers:/opt/ros/foxy CONDA_PROMPT_MODIFIER=(base) LD_LIBRARY_PATH=/home/song/zed/install/camera_calibration_parsers/lib:/home/song/ros-zed/install/zed_components/lib:/home/song/ros-zed/install/zed_interfaces/lib:/home/song/ros-zed/install/image_transport/lib:/home/song/ros-zed/install/camera_info_manager/lib:/home/song/ros-zed/install/camera_calibration_parsers/lib:/opt/ros/foxy/opt/yaml_cpp_vendor/lib:/opt/ros/foxy/opt/rviz_ogre_vendor/lib:/opt/ros/foxy/lib/x86_64-linux-gnu:/opt/ros/foxy/lib:/usr/local/cuda-11.8/lib64 /home/song/.local/bin/cmake --install /home/song/zed/build/camera_info_manager
[2.263s] -- Install configuration: "Release"
[2.263s] -- Execute custom install script
[2.263s] -- Up-to-date symlink: /home/song/zed/install/camera_info_manager/lib/libcamera_info_manager.so
[2.263s] -- Up-to-date symlink: /home/song/zed/install/camera_info_manager/include/camera_info_manager/camera_info_manager.h
[2.263s] -- Up-to-date symlink: /home/song/zed/install/camera_info_manager/include/camera_info_manager/camera_info_manager.hpp
[2.263s] -- Up-to-date symlink: /home/song/zed/install/camera_info_manager/include/camera_info_manager/visibility_control.h
[2.264s] -- Up-to-date symlink: /home/song/zed/install/camera_info_manager/share/camera_info_manager/environment/library_path.sh
[2.264s] -- Up-to-date symlink: /home/song/zed/install/camera_info_manager/share/camera_info_manager/environment/library_path.dsv
[2.264s] -- Up-to-date symlink: /home/song/zed/install/camera_info_manager/share/ament_index/resource_index/package_run_dependencies/camera_info_manager
[2.264s] -- Up-to-date symlink: /home/song/zed/install/camera_info_manager/share/ament_index/resource_index/parent_prefix_path/camera_info_manager
[2.264s] -- Up-to-date symlink: /home/song/zed/install/camera_info_manager/share/camera_info_manager/environment/ament_prefix_path.sh
[2.264s] -- Up-to-date symlink: /home/song/zed/install/camera_info_manager/share/camera_info_manager/environment/ament_prefix_path.dsv
[2.264s] -- Up-to-date symlink: /home/song/zed/install/camera_info_manager/share/camera_info_manager/environment/path.sh
[2.264s] -- Up-to-date symlink: /home/song/zed/install/camera_info_manager/share/camera_info_manager/environment/path.dsv
[2.264s] -- Up-to-date symlink: /home/song/zed/install/camera_info_manager/share/camera_info_manager/local_setup.bash
[2.265s] -- Up-to-date symlink: /home/song/zed/install/camera_info_manager/share/camera_info_manager/local_setup.sh
[2.265s] -- Up-to-date symlink: /home/song/zed/install/camera_info_manager/share/camera_info_manager/local_setup.zsh
[2.265s] -- Up-to-date symlink: /home/song/zed/install/camera_info_manager/share/camera_info_manager/local_setup.dsv
[2.265s] -- Symlinking: /home/song/zed/install/camera_info_manager/share/camera_info_manager/package.dsv
[2.266s] -- Up-to-date symlink: /home/song/zed/install/camera_info_manager/share/ament_index/resource_index/packages/camera_info_manager
[2.266s] -- Up-to-date symlink: /home/song/zed/install/camera_info_manager/share/camera_info_manager/cmake/ament_cmake_export_include_directories-extras.cmake
[2.266s] -- Up-to-date symlink: /home/song/zed/install/camera_info_manager/share/camera_info_manager/cmake/ament_cmake_export_dependencies-extras.cmake
[2.266s] -- Up-to-date symlink: /home/song/zed/install/camera_info_manager/share/camera_info_manager/cmake/ament_cmake_export_libraries-extras.cmake
[2.266s] -- Up-to-date symlink: /home/song/zed/install/camera_info_manager/share/camera_info_manager/cmake/camera_info_managerConfig.cmake
[2.266s] -- Up-to-date symlink: /home/song/zed/install/camera_info_manager/share/camera_info_manager/cmake/camera_info_managerConfig-version.cmake
[2.267s] -- Up-to-date symlink: /home/song/zed/install/camera_info_manager/share/camera_info_manager/package.xml
[2.271s] Invoked command in '/home/song/zed/build/camera_info_manager' returned '0': AMENT_PREFIX_PATH=/home/song/zed/install/camera_calibration_parsers:${AMENT_PREFIX_PATH} CMAKE_PREFIX_PATH=/home/song/zed/install/camera_calibration_parsers:/home/song/ros-zed/install/zed_ros2:/home/song/ros-zed/install/zed_wrapper:/home/song/ros-zed/install/zed_components:/home/song/ros-zed/install/zed_interfaces:/home/song/ros-zed/install/image_common:/home/song/ros-zed/install/image_transport:/home/song/ros-zed/install/camera_info_manager:/home/song/ros-zed/install/camera_calibration_parsers:/opt/ros/foxy CONDA_PROMPT_MODIFIER=(base) LD_LIBRARY_PATH=/home/song/zed/install/camera_calibration_parsers/lib:/home/song/ros-zed/install/zed_components/lib:/home/song/ros-zed/install/zed_interfaces/lib:/home/song/ros-zed/install/image_transport/lib:/home/song/ros-zed/install/camera_info_manager/lib:/home/song/ros-zed/install/camera_calibration_parsers/lib:/opt/ros/foxy/opt/yaml_cpp_vendor/lib:/opt/ros/foxy/opt/rviz_ogre_vendor/lib:/opt/ros/foxy/lib/x86_64-linux-gnu:/opt/ros/foxy/lib:/usr/local/cuda-11.8/lib64 /home/song/.local/bin/cmake --install /home/song/zed/build/camera_info_manager
