[0.013s] Invoking command in '/home/song/zed/build/zed_rgb_convert': AMENT_PREFIX_PATH=/home/song/zed/install/zed_components:/home/song/zed/install/zed_interfaces:/home/song/zed/install/image_transport:${AMENT_PREFIX_PATH} CMAKE_PREFIX_PATH=/home/song/zed/install/zed_components:/home/song/zed/install/zed_interfaces:/home/song/zed/install/image_transport:/home/song/ros-zed/install/zed_ros2:/home/song/ros-zed/install/zed_wrapper:/home/song/ros-zed/install/zed_components:/home/song/ros-zed/install/zed_interfaces:/home/song/ros-zed/install/image_common:/home/song/ros-zed/install/image_transport:/home/song/ros-zed/install/camera_info_manager:/home/song/ros-zed/install/camera_calibration_parsers:/opt/ros/foxy CONDA_PROMPT_MODIFIER=(base) LD_LIBRARY_PATH=/home/song/zed/install/zed_components/lib:/home/song/zed/install/zed_interfaces/lib:/home/song/zed/install/image_transport/lib:/home/song/ros-zed/install/zed_components/lib:/home/song/ros-zed/install/zed_interfaces/lib:/home/song/ros-zed/install/image_transport/lib:/home/song/ros-zed/install/camera_info_manager/lib:/home/song/ros-zed/install/camera_calibration_parsers/lib:/opt/ros/foxy/opt/yaml_cpp_vendor/lib:/opt/ros/foxy/opt/rviz_ogre_vendor/lib:/opt/ros/foxy/lib/x86_64-linux-gnu:/opt/ros/foxy/lib:/usr/local/cuda-11.8/lib64 PYTHONPATH=/home/song/zed/install/zed_interfaces/lib/python3.9/site-packages:${PYTHONPATH} /home/song/.local/bin/cmake /home/song/zed/src/zed-ros2-examples/tutorials/zed_rgb_convert -DCMAKE_BUILD_TYPE=Release -DAMENT_CMAKE_SYMLINK_INSTALL=1 -DCMAKE_INSTALL_PREFIX=/home/song/zed/install/zed_rgb_convert
[0.061s] -- The C compiler identification is GNU 9.4.0
[0.096s] -- The CXX compiler identification is GNU 9.4.0
[0.102s] -- Detecting C compiler ABI info
[0.144s] -- Detecting C compiler ABI info - done
[0.148s] -- Check for working C compiler: /usr/bin/cc - skipped
[0.148s] -- Detecting C compile features
[0.148s] -- Detecting C compile features - done
[0.151s] -- Detecting CXX compiler ABI info
[0.190s] -- Detecting CXX compiler ABI info - done
[0.200s] -- Check for working CXX compiler: /usr/bin/c++ - skipped
[0.200s] -- Detecting CXX compile features
[0.201s] -- Detecting CXX compile features - done
[0.212s] -- Found OpenCV: /usr (found version "4.2.0") 
[0.217s] -- Looking for sgemm_
[0.255s] -- Looking for sgemm_ - not found
[0.256s] -- Performing Test CMAKE_HAVE_LIBC_PTHREAD
[0.297s] -- Performing Test CMAKE_HAVE_LIBC_PTHREAD - Failed
[0.297s] -- Looking for pthread_create in pthreads
[0.330s] -- Looking for pthread_create in pthreads - not found
[0.331s] -- Looking for pthread_create in pthread
[0.366s] -- Looking for pthread_create in pthread - found
[0.367s] -- Found Threads: TRUE  
[0.409s] -- Looking for sgemm_
[0.462s] -- Looking for sgemm_ - found
[0.462s] -- Found BLAS: /usr/lib/x86_64-linux-gnu/libopenblas.so  
[0.482s] -- Found CUDA: /usr/local/cuda-11.8 (found suitable version "11.8", minimum required is "11") 
[0.513s] -- Found CUDA: /usr/local/cuda-11.8 (found version "11.8") 
[0.515s] -- Found ament_cmake_auto: 0.9.12 (/opt/ros/foxy/share/ament_cmake_auto/cmake)
[0.546s] -- Found PythonInterp: /home/song/anaconda3/bin/python3 (found suitable version "3.9.13", minimum required is "3") 
[0.546s] -- Using PYTHON_EXECUTABLE: /home/song/anaconda3/bin/python3
[0.689s] -- Override CMake install command with custom implementation using symlinks instead of copying resources
[0.834s] -- Using all available rosidl_typesupport_c: rosidl_typesupport_fastrtps_c;rosidl_typesupport_introspection_c
[0.845s] -- Found rosidl_adapter: 1.3.1 (/opt/ros/foxy/share/rosidl_adapter/cmake)
[0.908s] -- Found OpenSSL: /usr/lib/x86_64-linux-gnu/libcrypto.so (found version "1.1.1f")  
[0.931s] -- Found FastRTPS: /opt/ros/foxy/include  
[0.986s] -- Using all available rosidl_typesupport_cpp: rosidl_typesupport_fastrtps_cpp;rosidl_typesupport_introspection_cpp
[1.022s] -- Found rmw_implementation_cmake: 1.0.4 (/opt/ros/foxy/share/rmw_implementation_cmake/cmake)
[1.023s] -- Using RMW implementation 'rmw_fastrtps_cpp' as default
[1.457s] -- Found eigen3_cmake_module: 0.1.1 (/opt/ros/foxy/share/eigen3_cmake_module/cmake)
[1.460s] -- Found Eigen3: TRUE (found version "3.3.7") 
[2.154s] -- Found ament_lint_auto: 0.9.8 (/opt/ros/foxy/share/ament_lint_auto/cmake)
[2.403s] -- Added test 'copyright' to check source files copyright and LICENSE
[2.404s] -- Added test 'cppcheck' to perform static code analysis on C / C++ code
[2.404s] -- Configured cppcheck include dirs: /home/song/zed/src/zed-ros2-examples/tutorials/zed_rgb_convert/src/include;/home/song/zed/src/zed-ros2-examples/tutorials/zed_rgb_convert/src/component/include
[2.404s] -- Configured cppcheck exclude dirs and/or files: 
[2.405s] -- Added test 'cpplint' to check C / C++ code against the Google style
[2.405s] -- Configured cpplint exclude dirs and/or files: 
[2.405s] -- Added test 'flake8' to check Python code syntax and style conventions
[2.406s] -- Added test 'lint_cmake' to check CMake code style
[2.406s] -- Added test 'pep257' to check Python code against some of the style conventions in PEP 257
[2.407s] -- Added test 'uncrustify' to check C / C++ code style
[2.407s] -- Configured uncrustify additional arguments: 
[2.407s] -- Added test 'xmllint' to check XML markup files
[2.410s] -- Configuring done (2.4s)
[2.438s] -- Generating done (0.0s)
[2.439s] -- Build files have been written to: /home/song/zed/build/zed_rgb_convert
[2.452s] Invoked command in '/home/song/zed/build/zed_rgb_convert' returned '0': AMENT_PREFIX_PATH=/home/song/zed/install/zed_components:/home/song/zed/install/zed_interfaces:/home/song/zed/install/image_transport:${AMENT_PREFIX_PATH} CMAKE_PREFIX_PATH=/home/song/zed/install/zed_components:/home/song/zed/install/zed_interfaces:/home/song/zed/install/image_transport:/home/song/ros-zed/install/zed_ros2:/home/song/ros-zed/install/zed_wrapper:/home/song/ros-zed/install/zed_components:/home/song/ros-zed/install/zed_interfaces:/home/song/ros-zed/install/image_common:/home/song/ros-zed/install/image_transport:/home/song/ros-zed/install/camera_info_manager:/home/song/ros-zed/install/camera_calibration_parsers:/opt/ros/foxy CONDA_PROMPT_MODIFIER=(base) LD_LIBRARY_PATH=/home/song/zed/install/zed_components/lib:/home/song/zed/install/zed_interfaces/lib:/home/song/zed/install/image_transport/lib:/home/song/ros-zed/install/zed_components/lib:/home/song/ros-zed/install/zed_interfaces/lib:/home/song/ros-zed/install/image_transport/lib:/home/song/ros-zed/install/camera_info_manager/lib:/home/song/ros-zed/install/camera_calibration_parsers/lib:/opt/ros/foxy/opt/yaml_cpp_vendor/lib:/opt/ros/foxy/opt/rviz_ogre_vendor/lib:/opt/ros/foxy/lib/x86_64-linux-gnu:/opt/ros/foxy/lib:/usr/local/cuda-11.8/lib64 PYTHONPATH=/home/song/zed/install/zed_interfaces/lib/python3.9/site-packages:${PYTHONPATH} /home/song/.local/bin/cmake /home/song/zed/src/zed-ros2-examples/tutorials/zed_rgb_convert -DCMAKE_BUILD_TYPE=Release -DAMENT_CMAKE_SYMLINK_INSTALL=1 -DCMAKE_INSTALL_PREFIX=/home/song/zed/install/zed_rgb_convert
[2.455s] Invoking command in '/home/song/zed/build/zed_rgb_convert': AMENT_PREFIX_PATH=/home/song/zed/install/zed_components:/home/song/zed/install/zed_interfaces:/home/song/zed/install/image_transport:${AMENT_PREFIX_PATH} CMAKE_PREFIX_PATH=/home/song/zed/install/zed_components:/home/song/zed/install/zed_interfaces:/home/song/zed/install/image_transport:/home/song/ros-zed/install/zed_ros2:/home/song/ros-zed/install/zed_wrapper:/home/song/ros-zed/install/zed_components:/home/song/ros-zed/install/zed_interfaces:/home/song/ros-zed/install/image_common:/home/song/ros-zed/install/image_transport:/home/song/ros-zed/install/camera_info_manager:/home/song/ros-zed/install/camera_calibration_parsers:/opt/ros/foxy CONDA_PROMPT_MODIFIER=(base) LD_LIBRARY_PATH=/home/song/zed/install/zed_components/lib:/home/song/zed/install/zed_interfaces/lib:/home/song/zed/install/image_transport/lib:/home/song/ros-zed/install/zed_components/lib:/home/song/ros-zed/install/zed_interfaces/lib:/home/song/ros-zed/install/image_transport/lib:/home/song/ros-zed/install/camera_info_manager/lib:/home/song/ros-zed/install/camera_calibration_parsers/lib:/opt/ros/foxy/opt/yaml_cpp_vendor/lib:/opt/ros/foxy/opt/rviz_ogre_vendor/lib:/opt/ros/foxy/lib/x86_64-linux-gnu:/opt/ros/foxy/lib:/usr/local/cuda-11.8/lib64 PYTHONPATH=/home/song/zed/install/zed_interfaces/lib/python3.9/site-packages:${PYTHONPATH} /home/song/.local/bin/cmake --build /home/song/zed/build/zed_rgb_convert -- -j20 -l20
[2.498s] [ 25%] [32mBuilding CXX object CMakeFiles/zed_rgb_convert_component.dir/src/component/src/zed_rgb_convert_component.cpp.o[0m
[5.185s] [ 50%] [32m[1mLinking CXX shared library libzed_rgb_convert_component.so[0m
[5.320s] [ 50%] Built target zed_rgb_convert_component
[5.327s] [ 75%] [32mBuilding CXX object CMakeFiles/zed_rgb_convert.dir/src/container/zed_rgb_convert.cpp.o[0m
[6.153s] In file included from [01m[K/home/song/zed/install/zed_components/include/zed_components/zed_camera_component.hpp:19[m[K,
[6.153s]                  from [01m[K/home/song/zed/src/zed-ros2-examples/tutorials/zed_rgb_convert/src/container/zed_rgb_convert.cpp:17[m[K:
[6.153s] [01m[K/usr/local/zed/include/sl/Fusion.hpp:68:64:[m[K [01;36m[Knote: [m[K#pragma message: ~ FUSION SDK is distributed in Early Access ~
[6.153s]    68 | #pragma message("~ FUSION SDK is distributed in Early Access ~"[01;36m[K)[m[K
[6.153s]       |                                                                [01;36m[K^[m[K
[7.267s] [100%] [32m[1mLinking CXX executable zed_rgb_convert[0m
[7.435s] [100%] Built target zed_rgb_convert
[7.442s] Invoked command in '/home/song/zed/build/zed_rgb_convert' returned '0': AMENT_PREFIX_PATH=/home/song/zed/install/zed_components:/home/song/zed/install/zed_interfaces:/home/song/zed/install/image_transport:${AMENT_PREFIX_PATH} CMAKE_PREFIX_PATH=/home/song/zed/install/zed_components:/home/song/zed/install/zed_interfaces:/home/song/zed/install/image_transport:/home/song/ros-zed/install/zed_ros2:/home/song/ros-zed/install/zed_wrapper:/home/song/ros-zed/install/zed_components:/home/song/ros-zed/install/zed_interfaces:/home/song/ros-zed/install/image_common:/home/song/ros-zed/install/image_transport:/home/song/ros-zed/install/camera_info_manager:/home/song/ros-zed/install/camera_calibration_parsers:/opt/ros/foxy CONDA_PROMPT_MODIFIER=(base) LD_LIBRARY_PATH=/home/song/zed/install/zed_components/lib:/home/song/zed/install/zed_interfaces/lib:/home/song/zed/install/image_transport/lib:/home/song/ros-zed/install/zed_components/lib:/home/song/ros-zed/install/zed_interfaces/lib:/home/song/ros-zed/install/image_transport/lib:/home/song/ros-zed/install/camera_info_manager/lib:/home/song/ros-zed/install/camera_calibration_parsers/lib:/opt/ros/foxy/opt/yaml_cpp_vendor/lib:/opt/ros/foxy/opt/rviz_ogre_vendor/lib:/opt/ros/foxy/lib/x86_64-linux-gnu:/opt/ros/foxy/lib:/usr/local/cuda-11.8/lib64 PYTHONPATH=/home/song/zed/install/zed_interfaces/lib/python3.9/site-packages:${PYTHONPATH} /home/song/.local/bin/cmake --build /home/song/zed/build/zed_rgb_convert -- -j20 -l20
[7.472s] Invoking command in '/home/song/zed/build/zed_rgb_convert': AMENT_PREFIX_PATH=/home/song/zed/install/zed_components:/home/song/zed/install/zed_interfaces:/home/song/zed/install/image_transport:${AMENT_PREFIX_PATH} CMAKE_PREFIX_PATH=/home/song/zed/install/zed_components:/home/song/zed/install/zed_interfaces:/home/song/zed/install/image_transport:/home/song/ros-zed/install/zed_ros2:/home/song/ros-zed/install/zed_wrapper:/home/song/ros-zed/install/zed_components:/home/song/ros-zed/install/zed_interfaces:/home/song/ros-zed/install/image_common:/home/song/ros-zed/install/image_transport:/home/song/ros-zed/install/camera_info_manager:/home/song/ros-zed/install/camera_calibration_parsers:/opt/ros/foxy CONDA_PROMPT_MODIFIER=(base) LD_LIBRARY_PATH=/home/song/zed/install/zed_components/lib:/home/song/zed/install/zed_interfaces/lib:/home/song/zed/install/image_transport/lib:/home/song/ros-zed/install/zed_components/lib:/home/song/ros-zed/install/zed_interfaces/lib:/home/song/ros-zed/install/image_transport/lib:/home/song/ros-zed/install/camera_info_manager/lib:/home/song/ros-zed/install/camera_calibration_parsers/lib:/opt/ros/foxy/opt/yaml_cpp_vendor/lib:/opt/ros/foxy/opt/rviz_ogre_vendor/lib:/opt/ros/foxy/lib/x86_64-linux-gnu:/opt/ros/foxy/lib:/usr/local/cuda-11.8/lib64 PYTHONPATH=/home/song/zed/install/zed_interfaces/lib/python3.9/site-packages:${PYTHONPATH} /home/song/.local/bin/cmake --install /home/song/zed/build/zed_rgb_convert
[7.488s] -- Install configuration: "Release"
[7.488s] -- Execute custom install script
[7.488s] -- Symlinking: /home/song/zed/install/zed_rgb_convert/lib/zed_rgb_convert/zed_rgb_convert
[7.490s] -- Symlinking: /home/song/zed/install/zed_rgb_convert/lib/libzed_rgb_convert_component.so
[7.491s] -- Symlinking: /home/song/zed/install/zed_rgb_convert/include/zed_rgb_convert//cvt_visibility_control.hpp
[7.493s] -- Symlinking: /home/song/zed/install/zed_rgb_convert/share/zed_rgb_convert/launch/zed_rgb_convert.launch.py
[7.495s] -- Symlinking: /home/song/zed/install/zed_rgb_convert/share/zed_rgb_convert/environment/library_path.sh
[7.496s] -- Symlinking: /home/song/zed/install/zed_rgb_convert/share/zed_rgb_convert/environment/library_path.dsv
[7.498s] -- Symlinking: /home/song/zed/install/zed_rgb_convert/share/ament_index/resource_index/package_run_dependencies/zed_rgb_convert
[7.499s] -- Symlinking: /home/song/zed/install/zed_rgb_convert/share/ament_index/resource_index/parent_prefix_path/zed_rgb_convert
[7.501s] -- Symlinking: /home/song/zed/install/zed_rgb_convert/share/zed_rgb_convert/environment/ament_prefix_path.sh
[7.502s] -- Symlinking: /home/song/zed/install/zed_rgb_convert/share/zed_rgb_convert/environment/ament_prefix_path.dsv
[7.504s] -- Symlinking: /home/song/zed/install/zed_rgb_convert/share/zed_rgb_convert/environment/path.sh
[7.505s] -- Symlinking: /home/song/zed/install/zed_rgb_convert/share/zed_rgb_convert/environment/path.dsv
[7.507s] -- Symlinking: /home/song/zed/install/zed_rgb_convert/share/zed_rgb_convert/local_setup.bash
[7.508s] -- Symlinking: /home/song/zed/install/zed_rgb_convert/share/zed_rgb_convert/local_setup.sh
[7.509s] -- Symlinking: /home/song/zed/install/zed_rgb_convert/share/zed_rgb_convert/local_setup.zsh
[7.511s] -- Symlinking: /home/song/zed/install/zed_rgb_convert/share/zed_rgb_convert/local_setup.dsv
[7.512s] -- Symlinking: /home/song/zed/install/zed_rgb_convert/share/zed_rgb_convert/package.dsv
[7.514s] -- Symlinking: /home/song/zed/install/zed_rgb_convert/share/ament_index/resource_index/packages/zed_rgb_convert
[7.515s] -- Symlinking: /home/song/zed/install/zed_rgb_convert/share/ament_index/resource_index/rclcpp_components/zed_rgb_convert
[7.517s] -- Symlinking: /home/song/zed/install/zed_rgb_convert/share/zed_rgb_convert/cmake/ament_cmake_export_include_directories-extras.cmake
[7.518s] -- Symlinking: /home/song/zed/install/zed_rgb_convert/share/zed_rgb_convert/cmake/ament_cmake_export_libraries-extras.cmake
[7.520s] -- Symlinking: /home/song/zed/install/zed_rgb_convert/share/zed_rgb_convert/cmake/ament_cmake_export_dependencies-extras.cmake
[7.521s] -- Symlinking: /home/song/zed/install/zed_rgb_convert/share/zed_rgb_convert/cmake/zed_rgb_convertConfig.cmake
[7.522s] -- Symlinking: /home/song/zed/install/zed_rgb_convert/share/zed_rgb_convert/cmake/zed_rgb_convertConfig-version.cmake
[7.524s] -- Symlinking: /home/song/zed/install/zed_rgb_convert/share/zed_rgb_convert/package.xml
[7.530s] Invoked command in '/home/song/zed/build/zed_rgb_convert' returned '0': AMENT_PREFIX_PATH=/home/song/zed/install/zed_components:/home/song/zed/install/zed_interfaces:/home/song/zed/install/image_transport:${AMENT_PREFIX_PATH} CMAKE_PREFIX_PATH=/home/song/zed/install/zed_components:/home/song/zed/install/zed_interfaces:/home/song/zed/install/image_transport:/home/song/ros-zed/install/zed_ros2:/home/song/ros-zed/install/zed_wrapper:/home/song/ros-zed/install/zed_components:/home/song/ros-zed/install/zed_interfaces:/home/song/ros-zed/install/image_common:/home/song/ros-zed/install/image_transport:/home/song/ros-zed/install/camera_info_manager:/home/song/ros-zed/install/camera_calibration_parsers:/opt/ros/foxy CONDA_PROMPT_MODIFIER=(base) LD_LIBRARY_PATH=/home/song/zed/install/zed_components/lib:/home/song/zed/install/zed_interfaces/lib:/home/song/zed/install/image_transport/lib:/home/song/ros-zed/install/zed_components/lib:/home/song/ros-zed/install/zed_interfaces/lib:/home/song/ros-zed/install/image_transport/lib:/home/song/ros-zed/install/camera_info_manager/lib:/home/song/ros-zed/install/camera_calibration_parsers/lib:/opt/ros/foxy/opt/yaml_cpp_vendor/lib:/opt/ros/foxy/opt/rviz_ogre_vendor/lib:/opt/ros/foxy/lib/x86_64-linux-gnu:/opt/ros/foxy/lib:/usr/local/cuda-11.8/lib64 PYTHONPATH=/home/song/zed/install/zed_interfaces/lib/python3.9/site-packages:${PYTHONPATH} /home/song/.local/bin/cmake --install /home/song/zed/build/zed_rgb_convert
