[0.015s] Invoking command in '/home/song/zed/build/zed_components': CMAKE_PREFIX_PATH=/home/song/zed/install/zed_interfaces:/home/song/zed/install/image_transport:/home/song/zed/install/zed_ros2:/home/song/zed/install/zed_multi_camera:/home/song/zed/install/zed_display_rviz2:/home/song/zed/install/zed_wrapper:/home/song/zed/install/zed_tutorial_video:/home/song/zed/install/zed_tutorial_pos_tracking:/home/song/zed/install/zed_tutorial_depth:/home/song/zed/install/zed_topic_benchmark_interfaces:/home/song/zed/install/zed_rgb_convert:/home/song/zed/install/zed_components:/home/song/zed/install/rviz_plugin_zed_od:/home/song/zed/install/image_common:/home/song/zed/install/camera_info_manager:/home/song/zed/install/camera_calibration_parsers:/opt/ros/foxy CONDA_PROMPT_MODIFIER=(base) LD_LIBRARY_PATH=/home/song/zed/install/zed_interfaces/lib:/home/song/zed/install/image_transport/lib:/usr/local/cuda-11.8/lib64:/home/song/zed/install/zed_topic_benchmark_interfaces/lib:/home/song/zed/install/zed_rgb_convert/lib:/home/song/zed/install/zed_components/lib:/home/song/zed/install/rviz_plugin_zed_od/lib:/home/song/zed/install/camera_info_manager/lib:/home/song/zed/install/camera_calibration_parsers/lib:/opt/ros/foxy/opt/yaml_cpp_vendor/lib:/opt/ros/foxy/opt/rviz_ogre_vendor/lib:/opt/ros/foxy/lib/x86_64-linux-gnu:/opt/ros/foxy/lib:/usr/local/cuda-11.8/lib64 /home/song/.local/bin/cmake /home/song/zed/src/zed-ros2-wrapper/zed_components -DCMAKE_INSTALL_PREFIX=/home/song/zed/install/zed_components
[0.077s] -- Found CUDA: /usr/local/cuda-11.8 (found suitable version "11.8", minimum required is "11") 
[0.186s] -- Found CUDA: /usr/local/cuda-11.8 (found version "11.8") 
[0.187s] -- Found ament_cmake_auto: 0.9.12 (/opt/ros/foxy/share/ament_cmake_auto/cmake)
[0.207s] -- Using PYTHON_EXECUTABLE: /home/song/anaconda3/bin/python3
[0.353s] -- Override CMake install command with custom implementation using symlinks instead of copying resources
[0.422s] -- Using all available rosidl_typesupport_c: rosidl_typesupport_fastrtps_c;rosidl_typesupport_introspection_c
[0.424s] -- Found rosidl_adapter: 1.3.1 (/opt/ros/foxy/share/rosidl_adapter/cmake)
[0.509s] -- Using all available rosidl_typesupport_cpp: rosidl_typesupport_fastrtps_cpp;rosidl_typesupport_introspection_cpp
[0.691s] -- Found rmw_implementation_cmake: 1.0.4 (/opt/ros/foxy/share/rmw_implementation_cmake/cmake)
[0.692s] -- Using RMW implementation 'rmw_fastrtps_cpp' as default
[1.199s] -- Found eigen3_cmake_module: 0.1.1 (/opt/ros/foxy/share/eigen3_cmake_module/cmake)
[1.440s] -- Found ament_lint_auto: 0.9.8 (/opt/ros/foxy/share/ament_lint_auto/cmake)
[1.454s] -- Added test 'copyright' to check source files copyright and LICENSE
[1.455s] -- Added test 'cppcheck' to perform static code analysis on C / C++ code
[1.455s] -- Configured cppcheck include dirs: /home/song/zed/src/zed-ros2-wrapper/zed_components/src/include;/home/song/zed/src/zed-ros2-wrapper/zed_components/src/zed_camera/include;/home/song/zed/src/zed-ros2-wrapper/zed_components/src/tools/include
[1.455s] -- Configured cppcheck exclude dirs and/or files: 
[1.455s] -- Added test 'lint_cmake' to check CMake code style
[1.456s] -- Added test 'uncrustify' to check C / C++ code style
[1.456s] -- Configured uncrustify additional arguments: 
[1.456s] -- Added test 'xmllint' to check XML markup files
[1.459s] -- Configuring done (1.4s)
[1.476s] -- Generating done (0.0s)
[1.477s] -- Build files have been written to: /home/song/zed/build/zed_components
[1.487s] Invoked command in '/home/song/zed/build/zed_components' returned '0': CMAKE_PREFIX_PATH=/home/song/zed/install/zed_interfaces:/home/song/zed/install/image_transport:/home/song/zed/install/zed_ros2:/home/song/zed/install/zed_multi_camera:/home/song/zed/install/zed_display_rviz2:/home/song/zed/install/zed_wrapper:/home/song/zed/install/zed_tutorial_video:/home/song/zed/install/zed_tutorial_pos_tracking:/home/song/zed/install/zed_tutorial_depth:/home/song/zed/install/zed_topic_benchmark_interfaces:/home/song/zed/install/zed_rgb_convert:/home/song/zed/install/zed_components:/home/song/zed/install/rviz_plugin_zed_od:/home/song/zed/install/image_common:/home/song/zed/install/camera_info_manager:/home/song/zed/install/camera_calibration_parsers:/opt/ros/foxy CONDA_PROMPT_MODIFIER=(base) LD_LIBRARY_PATH=/home/song/zed/install/zed_interfaces/lib:/home/song/zed/install/image_transport/lib:/usr/local/cuda-11.8/lib64:/home/song/zed/install/zed_topic_benchmark_interfaces/lib:/home/song/zed/install/zed_rgb_convert/lib:/home/song/zed/install/zed_components/lib:/home/song/zed/install/rviz_plugin_zed_od/lib:/home/song/zed/install/camera_info_manager/lib:/home/song/zed/install/camera_calibration_parsers/lib:/opt/ros/foxy/opt/yaml_cpp_vendor/lib:/opt/ros/foxy/opt/rviz_ogre_vendor/lib:/opt/ros/foxy/lib/x86_64-linux-gnu:/opt/ros/foxy/lib:/usr/local/cuda-11.8/lib64 /home/song/.local/bin/cmake /home/song/zed/src/zed-ros2-wrapper/zed_components -DCMAKE_INSTALL_PREFIX=/home/song/zed/install/zed_components
[1.489s] Invoking command in '/home/song/zed/build/zed_components': CMAKE_PREFIX_PATH=/home/song/zed/install/zed_interfaces:/home/song/zed/install/image_transport:/home/song/zed/install/zed_ros2:/home/song/zed/install/zed_multi_camera:/home/song/zed/install/zed_display_rviz2:/home/song/zed/install/zed_wrapper:/home/song/zed/install/zed_tutorial_video:/home/song/zed/install/zed_tutorial_pos_tracking:/home/song/zed/install/zed_tutorial_depth:/home/song/zed/install/zed_topic_benchmark_interfaces:/home/song/zed/install/zed_rgb_convert:/home/song/zed/install/zed_components:/home/song/zed/install/rviz_plugin_zed_od:/home/song/zed/install/image_common:/home/song/zed/install/camera_info_manager:/home/song/zed/install/camera_calibration_parsers:/opt/ros/foxy CONDA_PROMPT_MODIFIER=(base) LD_LIBRARY_PATH=/home/song/zed/install/zed_interfaces/lib:/home/song/zed/install/image_transport/lib:/usr/local/cuda-11.8/lib64:/home/song/zed/install/zed_topic_benchmark_interfaces/lib:/home/song/zed/install/zed_rgb_convert/lib:/home/song/zed/install/zed_components/lib:/home/song/zed/install/rviz_plugin_zed_od/lib:/home/song/zed/install/camera_info_manager/lib:/home/song/zed/install/camera_calibration_parsers/lib:/opt/ros/foxy/opt/yaml_cpp_vendor/lib:/opt/ros/foxy/opt/rviz_ogre_vendor/lib:/opt/ros/foxy/lib/x86_64-linux-gnu:/opt/ros/foxy/lib:/usr/local/cuda-11.8/lib64 /home/song/.local/bin/cmake --build /home/song/zed/build/zed_components -- -j20 -l20
[1.530s] [100%] Built target zed_camera_component
[1.535s] Invoked command in '/home/song/zed/build/zed_components' returned '0': CMAKE_PREFIX_PATH=/home/song/zed/install/zed_interfaces:/home/song/zed/install/image_transport:/home/song/zed/install/zed_ros2:/home/song/zed/install/zed_multi_camera:/home/song/zed/install/zed_display_rviz2:/home/song/zed/install/zed_wrapper:/home/song/zed/install/zed_tutorial_video:/home/song/zed/install/zed_tutorial_pos_tracking:/home/song/zed/install/zed_tutorial_depth:/home/song/zed/install/zed_topic_benchmark_interfaces:/home/song/zed/install/zed_rgb_convert:/home/song/zed/install/zed_components:/home/song/zed/install/rviz_plugin_zed_od:/home/song/zed/install/image_common:/home/song/zed/install/camera_info_manager:/home/song/zed/install/camera_calibration_parsers:/opt/ros/foxy CONDA_PROMPT_MODIFIER=(base) LD_LIBRARY_PATH=/home/song/zed/install/zed_interfaces/lib:/home/song/zed/install/image_transport/lib:/usr/local/cuda-11.8/lib64:/home/song/zed/install/zed_topic_benchmark_interfaces/lib:/home/song/zed/install/zed_rgb_convert/lib:/home/song/zed/install/zed_components/lib:/home/song/zed/install/rviz_plugin_zed_od/lib:/home/song/zed/install/camera_info_manager/lib:/home/song/zed/install/camera_calibration_parsers/lib:/opt/ros/foxy/opt/yaml_cpp_vendor/lib:/opt/ros/foxy/opt/rviz_ogre_vendor/lib:/opt/ros/foxy/lib/x86_64-linux-gnu:/opt/ros/foxy/lib:/usr/local/cuda-11.8/lib64 /home/song/.local/bin/cmake --build /home/song/zed/build/zed_components -- -j20 -l20
[1.569s] Invoking command in '/home/song/zed/build/zed_components': CMAKE_PREFIX_PATH=/home/song/zed/install/zed_interfaces:/home/song/zed/install/image_transport:/home/song/zed/install/zed_ros2:/home/song/zed/install/zed_multi_camera:/home/song/zed/install/zed_display_rviz2:/home/song/zed/install/zed_wrapper:/home/song/zed/install/zed_tutorial_video:/home/song/zed/install/zed_tutorial_pos_tracking:/home/song/zed/install/zed_tutorial_depth:/home/song/zed/install/zed_topic_benchmark_interfaces:/home/song/zed/install/zed_rgb_convert:/home/song/zed/install/zed_components:/home/song/zed/install/rviz_plugin_zed_od:/home/song/zed/install/image_common:/home/song/zed/install/camera_info_manager:/home/song/zed/install/camera_calibration_parsers:/opt/ros/foxy CONDA_PROMPT_MODIFIER=(base) LD_LIBRARY_PATH=/home/song/zed/install/zed_interfaces/lib:/home/song/zed/install/image_transport/lib:/usr/local/cuda-11.8/lib64:/home/song/zed/install/zed_topic_benchmark_interfaces/lib:/home/song/zed/install/zed_rgb_convert/lib:/home/song/zed/install/zed_components/lib:/home/song/zed/install/rviz_plugin_zed_od/lib:/home/song/zed/install/camera_info_manager/lib:/home/song/zed/install/camera_calibration_parsers/lib:/opt/ros/foxy/opt/yaml_cpp_vendor/lib:/opt/ros/foxy/opt/rviz_ogre_vendor/lib:/opt/ros/foxy/lib/x86_64-linux-gnu:/opt/ros/foxy/lib:/usr/local/cuda-11.8/lib64 /home/song/.local/bin/cmake --install /home/song/zed/build/zed_components
[1.586s] -- Install configuration: "Release"
[1.586s] -- Execute custom install script
[1.586s] -- Up-to-date symlink: /home/song/zed/install/zed_components/lib/libzed_camera_component.so
[1.586s] -- Up-to-date symlink: /home/song/zed/install/zed_components/include/zed_components//cost_traversability.hpp
[1.587s] -- Up-to-date symlink: /home/song/zed/install/zed_components/include/zed_components//sl_types.hpp
[1.587s] -- Up-to-date symlink: /home/song/zed/install/zed_components/include/zed_components//zed_camera_component.hpp
[1.587s] -- Up-to-date symlink: /home/song/zed/install/zed_components/include/zed_components//sl_logging.hpp
[1.587s] -- Up-to-date symlink: /home/song/zed/install/zed_components/include/zed_components//sl_tools.hpp
[1.587s] -- Up-to-date symlink: /home/song/zed/install/zed_components/include/zed_components//sl_win_avg.hpp
[1.587s] -- Up-to-date symlink: /home/song/zed/install/zed_components/include/zed_components//visibility_control.hpp
[1.587s] -- Up-to-date symlink: /home/song/zed/install/zed_components/share/zed_components/environment/library_path.sh
[1.587s] -- Up-to-date symlink: /home/song/zed/install/zed_components/share/zed_components/environment/library_path.dsv
[1.587s] -- Up-to-date symlink: /home/song/zed/install/zed_components/share/ament_index/resource_index/package_run_dependencies/zed_components
[1.587s] -- Up-to-date symlink: /home/song/zed/install/zed_components/share/ament_index/resource_index/parent_prefix_path/zed_components
[1.587s] -- Up-to-date symlink: /home/song/zed/install/zed_components/share/zed_components/environment/ament_prefix_path.sh
[1.587s] -- Up-to-date symlink: /home/song/zed/install/zed_components/share/zed_components/environment/ament_prefix_path.dsv
[1.587s] -- Up-to-date symlink: /home/song/zed/install/zed_components/share/zed_components/environment/path.sh
[1.587s] -- Up-to-date symlink: /home/song/zed/install/zed_components/share/zed_components/environment/path.dsv
[1.587s] -- Up-to-date symlink: /home/song/zed/install/zed_components/share/zed_components/local_setup.bash
[1.588s] -- Up-to-date symlink: /home/song/zed/install/zed_components/share/zed_components/local_setup.sh
[1.588s] -- Up-to-date symlink: /home/song/zed/install/zed_components/share/zed_components/local_setup.zsh
[1.588s] -- Up-to-date symlink: /home/song/zed/install/zed_components/share/zed_components/local_setup.dsv
[1.588s] -- Symlinking: /home/song/zed/install/zed_components/share/zed_components/package.dsv
[1.590s] -- Up-to-date symlink: /home/song/zed/install/zed_components/share/ament_index/resource_index/packages/zed_components
[1.590s] -- Up-to-date symlink: /home/song/zed/install/zed_components/share/ament_index/resource_index/rclcpp_components/zed_components
[1.590s] -- Up-to-date symlink: /home/song/zed/install/zed_components/share/zed_components/cmake/ament_cmake_export_include_directories-extras.cmake
[1.590s] -- Up-to-date symlink: /home/song/zed/install/zed_components/share/zed_components/cmake/ament_cmake_export_libraries-extras.cmake
[1.590s] -- Up-to-date symlink: /home/song/zed/install/zed_components/share/zed_components/cmake/ament_cmake_export_dependencies-extras.cmake
[1.590s] -- Up-to-date symlink: /home/song/zed/install/zed_components/share/zed_components/cmake/zed_componentsConfig.cmake
[1.590s] -- Up-to-date symlink: /home/song/zed/install/zed_components/share/zed_components/cmake/zed_componentsConfig-version.cmake
[1.590s] -- Up-to-date symlink: /home/song/zed/install/zed_components/share/zed_components/package.xml
[1.594s] Invoked command in '/home/song/zed/build/zed_components' returned '0': CMAKE_PREFIX_PATH=/home/song/zed/install/zed_interfaces:/home/song/zed/install/image_transport:/home/song/zed/install/zed_ros2:/home/song/zed/install/zed_multi_camera:/home/song/zed/install/zed_display_rviz2:/home/song/zed/install/zed_wrapper:/home/song/zed/install/zed_tutorial_video:/home/song/zed/install/zed_tutorial_pos_tracking:/home/song/zed/install/zed_tutorial_depth:/home/song/zed/install/zed_topic_benchmark_interfaces:/home/song/zed/install/zed_rgb_convert:/home/song/zed/install/zed_components:/home/song/zed/install/rviz_plugin_zed_od:/home/song/zed/install/image_common:/home/song/zed/install/camera_info_manager:/home/song/zed/install/camera_calibration_parsers:/opt/ros/foxy CONDA_PROMPT_MODIFIER=(base) LD_LIBRARY_PATH=/home/song/zed/install/zed_interfaces/lib:/home/song/zed/install/image_transport/lib:/usr/local/cuda-11.8/lib64:/home/song/zed/install/zed_topic_benchmark_interfaces/lib:/home/song/zed/install/zed_rgb_convert/lib:/home/song/zed/install/zed_components/lib:/home/song/zed/install/rviz_plugin_zed_od/lib:/home/song/zed/install/camera_info_manager/lib:/home/song/zed/install/camera_calibration_parsers/lib:/opt/ros/foxy/opt/yaml_cpp_vendor/lib:/opt/ros/foxy/opt/rviz_ogre_vendor/lib:/opt/ros/foxy/lib/x86_64-linux-gnu:/opt/ros/foxy/lib:/usr/local/cuda-11.8/lib64 /home/song/.local/bin/cmake --install /home/song/zed/build/zed_components
