[0.444s] Invoking command in '/home/song/zed/build/steadylab': CONDA_PROMPT_MODIFIER=(base) PYTHONPATH=/home/song/zed/build/steadylab/prefix_override:/home/song/zed/install/steadylab/lib/python3.8/site-packages:${PYTHONPATH} /usr/bin/python3 setup.py develop --editable --build-directory /home/song/zed/build/steadylab/build --no-deps install_data
[0.565s] running develop
[0.630s] running egg_info
[0.630s] creating steadylab.egg-info
[0.630s] writing steadylab.egg-info/PKG-INFO
[0.630s] writing dependency_links to steadylab.egg-info/dependency_links.txt
[0.630s] writing entry points to steadylab.egg-info/entry_points.txt
[0.630s] writing requirements to steadylab.egg-info/requires.txt
[0.631s] writing top-level names to steadylab.egg-info/top_level.txt
[0.631s] writing manifest file 'steadylab.egg-info/SOURCES.txt'
[0.649s] reading manifest file 'steadylab.egg-info/SOURCES.txt'
[0.649s] writing manifest file 'steadylab.egg-info/SOURCES.txt'
[0.667s] running build_ext
[0.668s] Creating /home/song/zed/install/steadylab/lib/python3.8/site-packages/site.py
[0.669s] Creating /home/song/zed/install/steadylab/lib/python3.8/site-packages/steadylab.egg-link (link to .)
[0.669s] Installing sub_zed_left_image script to /home/song/zed/install/steadylab/lib/steadylab
[0.669s] 
[0.669s] Installed /home/song/zed/build/steadylab
[0.669s] running install_data
[0.669s] creating /home/song/zed/install/steadylab/share/ament_index
[0.669s] creating /home/song/zed/install/steadylab/share/ament_index/resource_index
[0.669s] creating /home/song/zed/install/steadylab/share/ament_index/resource_index/packages
[0.669s] copying resource/steadylab -> /home/song/zed/install/steadylab/share/ament_index/resource_index/packages
[0.670s] copying package.xml -> /home/song/zed/install/steadylab/share/steadylab
[0.693s] Invoked command in '/home/song/zed/build/steadylab' returned '0': CONDA_PROMPT_MODIFIER=(base) PYTHONPATH=/home/song/zed/build/steadylab/prefix_override:/home/song/zed/install/steadylab/lib/python3.8/site-packages:${PYTHONPATH} /usr/bin/python3 setup.py develop --editable --build-directory /home/song/zed/build/steadylab/build --no-deps install_data
