[0.030s] Invoking command in '/home/song/zed/build/zed_display_rviz2': CMAKE_PREFIX_PATH=/home/song/zed/install/zed_wrapper:/home/song/zed/install/zed_components:/home/song/zed/install/zed_interfaces:/home/song/zed/install/image_transport:/home/song/zed/install/zed_ros2:/home/song/zed/install/zed_multi_camera:/home/song/zed/install/zed_display_rviz2:/home/song/zed/install/zed_tutorial_video:/home/song/zed/install/zed_tutorial_pos_tracking:/home/song/zed/install/zed_tutorial_depth:/home/song/zed/install/zed_topic_benchmark_interfaces:/home/song/zed/install/zed_rgb_convert:/home/song/zed/install/rviz_plugin_zed_od:/home/song/zed/install/image_common:/home/song/zed/install/camera_info_manager:/home/song/zed/install/camera_calibration_parsers:/opt/ros/foxy CONDA_PROMPT_MODIFIER=(base) LD_LIBRARY_PATH=/home/song/zed/install/zed_components/lib:/home/song/zed/install/zed_interfaces/lib:/home/song/zed/install/image_transport/lib:/usr/local/cuda-11.8/lib64:/home/song/zed/install/zed_topic_benchmark_interfaces/lib:/home/song/zed/install/zed_rgb_convert/lib:/home/song/zed/install/rviz_plugin_zed_od/lib:/home/song/zed/install/camera_info_manager/lib:/home/song/zed/install/camera_calibration_parsers/lib:/opt/ros/foxy/opt/yaml_cpp_vendor/lib:/opt/ros/foxy/opt/rviz_ogre_vendor/lib:/opt/ros/foxy/lib/x86_64-linux-gnu:/opt/ros/foxy/lib:/usr/local/cuda-11.8/lib64 /home/song/.local/bin/cmake /home/song/zed/src/zed-ros2-examples/zed_display_rviz2 -DCMAKE_INSTALL_PREFIX=/home/song/zed/install/zed_display_rviz2
[0.052s] -- Found ament_cmake_auto: 0.9.12 (/opt/ros/foxy/share/ament_cmake_auto/cmake)
[0.069s] -- Using PYTHON_EXECUTABLE: /home/song/anaconda3/bin/python3
[0.203s] -- Override CMake install command with custom implementation using symlinks instead of copying resources
[0.253s] -- Found ament_lint_auto: 0.9.8 (/opt/ros/foxy/share/ament_lint_auto/cmake)
[0.267s] -- Added test 'copyright' to check source files copyright and LICENSE
[0.269s] -- Added test 'flake8' to check Python code syntax and style conventions
[0.269s] -- Added test 'lint_cmake' to check CMake code style
[0.269s] -- Added test 'pep257' to check Python code against some of the style conventions in PEP 257
[0.270s] -- Added test 'xmllint' to check XML markup files
[0.271s] -- Configuring done (0.2s)
[0.276s] -- Generating done (0.0s)
[0.277s] -- Build files have been written to: /home/song/zed/build/zed_display_rviz2
[0.279s] Invoked command in '/home/song/zed/build/zed_display_rviz2' returned '0': CMAKE_PREFIX_PATH=/home/song/zed/install/zed_wrapper:/home/song/zed/install/zed_components:/home/song/zed/install/zed_interfaces:/home/song/zed/install/image_transport:/home/song/zed/install/zed_ros2:/home/song/zed/install/zed_multi_camera:/home/song/zed/install/zed_display_rviz2:/home/song/zed/install/zed_tutorial_video:/home/song/zed/install/zed_tutorial_pos_tracking:/home/song/zed/install/zed_tutorial_depth:/home/song/zed/install/zed_topic_benchmark_interfaces:/home/song/zed/install/zed_rgb_convert:/home/song/zed/install/rviz_plugin_zed_od:/home/song/zed/install/image_common:/home/song/zed/install/camera_info_manager:/home/song/zed/install/camera_calibration_parsers:/opt/ros/foxy CONDA_PROMPT_MODIFIER=(base) LD_LIBRARY_PATH=/home/song/zed/install/zed_components/lib:/home/song/zed/install/zed_interfaces/lib:/home/song/zed/install/image_transport/lib:/usr/local/cuda-11.8/lib64:/home/song/zed/install/zed_topic_benchmark_interfaces/lib:/home/song/zed/install/zed_rgb_convert/lib:/home/song/zed/install/rviz_plugin_zed_od/lib:/home/song/zed/install/camera_info_manager/lib:/home/song/zed/install/camera_calibration_parsers/lib:/opt/ros/foxy/opt/yaml_cpp_vendor/lib:/opt/ros/foxy/opt/rviz_ogre_vendor/lib:/opt/ros/foxy/lib/x86_64-linux-gnu:/opt/ros/foxy/lib:/usr/local/cuda-11.8/lib64 /home/song/.local/bin/cmake /home/song/zed/src/zed-ros2-examples/zed_display_rviz2 -DCMAKE_INSTALL_PREFIX=/home/song/zed/install/zed_display_rviz2
[0.282s] Invoking command in '/home/song/zed/build/zed_display_rviz2': CMAKE_PREFIX_PATH=/home/song/zed/install/zed_wrapper:/home/song/zed/install/zed_components:/home/song/zed/install/zed_interfaces:/home/song/zed/install/image_transport:/home/song/zed/install/zed_ros2:/home/song/zed/install/zed_multi_camera:/home/song/zed/install/zed_display_rviz2:/home/song/zed/install/zed_tutorial_video:/home/song/zed/install/zed_tutorial_pos_tracking:/home/song/zed/install/zed_tutorial_depth:/home/song/zed/install/zed_topic_benchmark_interfaces:/home/song/zed/install/zed_rgb_convert:/home/song/zed/install/rviz_plugin_zed_od:/home/song/zed/install/image_common:/home/song/zed/install/camera_info_manager:/home/song/zed/install/camera_calibration_parsers:/opt/ros/foxy CONDA_PROMPT_MODIFIER=(base) LD_LIBRARY_PATH=/home/song/zed/install/zed_components/lib:/home/song/zed/install/zed_interfaces/lib:/home/song/zed/install/image_transport/lib:/usr/local/cuda-11.8/lib64:/home/song/zed/install/zed_topic_benchmark_interfaces/lib:/home/song/zed/install/zed_rgb_convert/lib:/home/song/zed/install/rviz_plugin_zed_od/lib:/home/song/zed/install/camera_info_manager/lib:/home/song/zed/install/camera_calibration_parsers/lib:/opt/ros/foxy/opt/yaml_cpp_vendor/lib:/opt/ros/foxy/opt/rviz_ogre_vendor/lib:/opt/ros/foxy/lib/x86_64-linux-gnu:/opt/ros/foxy/lib:/usr/local/cuda-11.8/lib64 /home/song/.local/bin/cmake --build /home/song/zed/build/zed_display_rviz2 -- -j20 -l20
[0.308s] Invoked command in '/home/song/zed/build/zed_display_rviz2' returned '0': CMAKE_PREFIX_PATH=/home/song/zed/install/zed_wrapper:/home/song/zed/install/zed_components:/home/song/zed/install/zed_interfaces:/home/song/zed/install/image_transport:/home/song/zed/install/zed_ros2:/home/song/zed/install/zed_multi_camera:/home/song/zed/install/zed_display_rviz2:/home/song/zed/install/zed_tutorial_video:/home/song/zed/install/zed_tutorial_pos_tracking:/home/song/zed/install/zed_tutorial_depth:/home/song/zed/install/zed_topic_benchmark_interfaces:/home/song/zed/install/zed_rgb_convert:/home/song/zed/install/rviz_plugin_zed_od:/home/song/zed/install/image_common:/home/song/zed/install/camera_info_manager:/home/song/zed/install/camera_calibration_parsers:/opt/ros/foxy CONDA_PROMPT_MODIFIER=(base) LD_LIBRARY_PATH=/home/song/zed/install/zed_components/lib:/home/song/zed/install/zed_interfaces/lib:/home/song/zed/install/image_transport/lib:/usr/local/cuda-11.8/lib64:/home/song/zed/install/zed_topic_benchmark_interfaces/lib:/home/song/zed/install/zed_rgb_convert/lib:/home/song/zed/install/rviz_plugin_zed_od/lib:/home/song/zed/install/camera_info_manager/lib:/home/song/zed/install/camera_calibration_parsers/lib:/opt/ros/foxy/opt/yaml_cpp_vendor/lib:/opt/ros/foxy/opt/rviz_ogre_vendor/lib:/opt/ros/foxy/lib/x86_64-linux-gnu:/opt/ros/foxy/lib:/usr/local/cuda-11.8/lib64 /home/song/.local/bin/cmake --build /home/song/zed/build/zed_display_rviz2 -- -j20 -l20
[0.338s] Invoking command in '/home/song/zed/build/zed_display_rviz2': CMAKE_PREFIX_PATH=/home/song/zed/install/zed_wrapper:/home/song/zed/install/zed_components:/home/song/zed/install/zed_interfaces:/home/song/zed/install/image_transport:/home/song/zed/install/zed_ros2:/home/song/zed/install/zed_multi_camera:/home/song/zed/install/zed_display_rviz2:/home/song/zed/install/zed_tutorial_video:/home/song/zed/install/zed_tutorial_pos_tracking:/home/song/zed/install/zed_tutorial_depth:/home/song/zed/install/zed_topic_benchmark_interfaces:/home/song/zed/install/zed_rgb_convert:/home/song/zed/install/rviz_plugin_zed_od:/home/song/zed/install/image_common:/home/song/zed/install/camera_info_manager:/home/song/zed/install/camera_calibration_parsers:/opt/ros/foxy CONDA_PROMPT_MODIFIER=(base) LD_LIBRARY_PATH=/home/song/zed/install/zed_components/lib:/home/song/zed/install/zed_interfaces/lib:/home/song/zed/install/image_transport/lib:/usr/local/cuda-11.8/lib64:/home/song/zed/install/zed_topic_benchmark_interfaces/lib:/home/song/zed/install/zed_rgb_convert/lib:/home/song/zed/install/rviz_plugin_zed_od/lib:/home/song/zed/install/camera_info_manager/lib:/home/song/zed/install/camera_calibration_parsers/lib:/opt/ros/foxy/opt/yaml_cpp_vendor/lib:/opt/ros/foxy/opt/rviz_ogre_vendor/lib:/opt/ros/foxy/lib/x86_64-linux-gnu:/opt/ros/foxy/lib:/usr/local/cuda-11.8/lib64 /home/song/.local/bin/cmake --install /home/song/zed/build/zed_display_rviz2
[0.354s] -- Install configuration: "Release"
[0.354s] -- Execute custom install script
[0.355s] -- Up-to-date symlink: /home/song/zed/install/zed_display_rviz2/share/zed_display_rviz2/launch/display_zed.launch.py
[0.355s] -- Up-to-date symlink: /home/song/zed/install/zed_display_rviz2/share/zed_display_rviz2/launch/display_zed2.launch.py
[0.355s] -- Up-to-date symlink: /home/song/zed/install/zed_display_rviz2/share/zed_display_rviz2/launch/display_zed2i.launch.py
[0.355s] -- Up-to-date symlink: /home/song/zed/install/zed_display_rviz2/share/zed_display_rviz2/launch/display_zedm.launch.py
[0.355s] -- Up-to-date symlink: /home/song/zed/install/zed_display_rviz2/share/zed_display_rviz2/launch/display_zedx.launch.py
[0.355s] -- Up-to-date symlink: /home/song/zed/install/zed_display_rviz2/share/zed_display_rviz2/launch/display_zedxm.launch.py
[0.355s] -- Up-to-date symlink: /home/song/zed/install/zed_display_rviz2/share/zed_display_rviz2/rviz2/zed.rviz
[0.355s] -- Up-to-date symlink: /home/song/zed/install/zed_display_rviz2/share/zed_display_rviz2/rviz2/zed2.rviz
[0.355s] -- Up-to-date symlink: /home/song/zed/install/zed_display_rviz2/share/zed_display_rviz2/rviz2/zed2i.rviz
[0.355s] -- Up-to-date symlink: /home/song/zed/install/zed_display_rviz2/share/zed_display_rviz2/rviz2/zedm.rviz
[0.355s] -- Up-to-date symlink: /home/song/zed/install/zed_display_rviz2/share/zed_display_rviz2/rviz2/zedx.rviz
[0.355s] -- Up-to-date symlink: /home/song/zed/install/zed_display_rviz2/share/zed_display_rviz2/rviz2/zedxm.rviz
[0.355s] -- Up-to-date symlink: /home/song/zed/install/zed_display_rviz2/share/ament_index/resource_index/package_run_dependencies/zed_display_rviz2
[0.356s] -- Up-to-date symlink: /home/song/zed/install/zed_display_rviz2/share/ament_index/resource_index/parent_prefix_path/zed_display_rviz2
[0.356s] -- Up-to-date symlink: /home/song/zed/install/zed_display_rviz2/share/zed_display_rviz2/environment/ament_prefix_path.sh
[0.356s] -- Up-to-date symlink: /home/song/zed/install/zed_display_rviz2/share/zed_display_rviz2/environment/ament_prefix_path.dsv
[0.356s] -- Up-to-date symlink: /home/song/zed/install/zed_display_rviz2/share/zed_display_rviz2/environment/path.sh
[0.356s] -- Up-to-date symlink: /home/song/zed/install/zed_display_rviz2/share/zed_display_rviz2/environment/path.dsv
[0.356s] -- Up-to-date symlink: /home/song/zed/install/zed_display_rviz2/share/zed_display_rviz2/local_setup.bash
[0.356s] -- Up-to-date symlink: /home/song/zed/install/zed_display_rviz2/share/zed_display_rviz2/local_setup.sh
[0.356s] -- Up-to-date symlink: /home/song/zed/install/zed_display_rviz2/share/zed_display_rviz2/local_setup.zsh
[0.357s] -- Up-to-date symlink: /home/song/zed/install/zed_display_rviz2/share/zed_display_rviz2/local_setup.dsv
[0.357s] -- Symlinking: /home/song/zed/install/zed_display_rviz2/share/zed_display_rviz2/package.dsv
[0.362s] -- Up-to-date symlink: /home/song/zed/install/zed_display_rviz2/share/ament_index/resource_index/packages/zed_display_rviz2
[0.362s] -- Up-to-date symlink: /home/song/zed/install/zed_display_rviz2/share/zed_display_rviz2/cmake/zed_display_rviz2Config.cmake
[0.362s] -- Up-to-date symlink: /home/song/zed/install/zed_display_rviz2/share/zed_display_rviz2/cmake/zed_display_rviz2Config-version.cmake
[0.362s] -- Up-to-date symlink: /home/song/zed/install/zed_display_rviz2/share/zed_display_rviz2/package.xml
[0.371s] Invoked command in '/home/song/zed/build/zed_display_rviz2' returned '0': CMAKE_PREFIX_PATH=/home/song/zed/install/zed_wrapper:/home/song/zed/install/zed_components:/home/song/zed/install/zed_interfaces:/home/song/zed/install/image_transport:/home/song/zed/install/zed_ros2:/home/song/zed/install/zed_multi_camera:/home/song/zed/install/zed_display_rviz2:/home/song/zed/install/zed_tutorial_video:/home/song/zed/install/zed_tutorial_pos_tracking:/home/song/zed/install/zed_tutorial_depth:/home/song/zed/install/zed_topic_benchmark_interfaces:/home/song/zed/install/zed_rgb_convert:/home/song/zed/install/rviz_plugin_zed_od:/home/song/zed/install/image_common:/home/song/zed/install/camera_info_manager:/home/song/zed/install/camera_calibration_parsers:/opt/ros/foxy CONDA_PROMPT_MODIFIER=(base) LD_LIBRARY_PATH=/home/song/zed/install/zed_components/lib:/home/song/zed/install/zed_interfaces/lib:/home/song/zed/install/image_transport/lib:/usr/local/cuda-11.8/lib64:/home/song/zed/install/zed_topic_benchmark_interfaces/lib:/home/song/zed/install/zed_rgb_convert/lib:/home/song/zed/install/rviz_plugin_zed_od/lib:/home/song/zed/install/camera_info_manager/lib:/home/song/zed/install/camera_calibration_parsers/lib:/opt/ros/foxy/opt/yaml_cpp_vendor/lib:/opt/ros/foxy/opt/rviz_ogre_vendor/lib:/opt/ros/foxy/lib/x86_64-linux-gnu:/opt/ros/foxy/lib:/usr/local/cuda-11.8/lib64 /home/song/.local/bin/cmake --install /home/song/zed/build/zed_display_rviz2
