[0.154s] Invoking command in '/home/song/steadylab/build/zed_tutorial_depth': CMAKE_PREFIX_PATH=${CMAKE_PREFIX_PATH}:/home/song/zed/install/steadylab:/opt/ros/foxy CONDA_PROMPT_MODIFIER=(base) /home/song/.local/bin/cmake /home/song/steadylab/src/zed-ros2-examples/tutorials/zed_depth_tutorial -DAMENT_CMAKE_SYMLINK_INSTALL=1 -DCMAKE_INSTALL_PREFIX=/home/song/steadylab/install/zed_tutorial_depth
[0.199s] -- The C compiler identification is GNU 9.4.0
[0.255s] -- The CXX compiler identification is GNU 9.4.0
[0.263s] -- Detecting C compiler ABI info
[0.301s] -- Detecting C compiler ABI info - done
[0.312s] -- Check for working C compiler: /usr/bin/cc - skipped
[0.313s] -- Detecting C compile features
[0.313s] -- Detecting C compile features - done
[0.317s] -- Detecting CXX compiler ABI info
[0.363s] -- Detecting CXX compiler ABI info - done
[0.370s] -- Check for working CXX compiler: /usr/bin/c++ - skipped
[0.371s] -- Detecting CXX compile features
[0.371s] -- Detecting CXX compile features - done
[0.372s] -- Found ament_cmake_auto: 0.9.12 (/opt/ros/foxy/share/ament_cmake_auto/cmake)
[0.392s] -- Found PythonInterp: /home/song/anaconda3/bin/python3 (found suitable version "3.9.13", minimum required is "3") 
[0.392s] -- Using PYTHON_EXECUTABLE: /home/song/anaconda3/bin/python3
[0.529s] -- Override CMake install command with custom implementation using symlinks instead of copying resources
[0.620s] -- Using all available rosidl_typesupport_c: rosidl_typesupport_fastrtps_c;rosidl_typesupport_introspection_c
[0.624s] -- Found rosidl_adapter: 1.3.1 (/opt/ros/foxy/share/rosidl_adapter/cmake)
[0.672s] -- Found OpenSSL: /usr/lib/x86_64-linux-gnu/libcrypto.so (found version "1.1.1f")  
[0.706s] -- Found FastRTPS: /opt/ros/foxy/include  
[0.786s] -- Using all available rosidl_typesupport_cpp: rosidl_typesupport_fastrtps_cpp;rosidl_typesupport_introspection_cpp
[0.831s] -- Found rmw_implementation_cmake: 1.0.4 (/opt/ros/foxy/share/rmw_implementation_cmake/cmake)
[0.833s] -- Using RMW implementation 'rmw_fastrtps_cpp' as default
[0.833s] -- Performing Test CMAKE_HAVE_LIBC_PTHREAD
[0.874s] -- Performing Test CMAKE_HAVE_LIBC_PTHREAD - Failed
[0.874s] -- Looking for pthread_create in pthreads
[0.905s] -- Looking for pthread_create in pthreads - not found
[0.905s] -- Looking for pthread_create in pthread
[0.943s] -- Looking for pthread_create in pthread - found
[0.944s] -- Found Threads: TRUE  
[1.103s] -- Found ament_lint_auto: 0.9.8 (/opt/ros/foxy/share/ament_lint_auto/cmake)
[1.122s] -- Added test 'copyright' to check source files copyright and LICENSE
[1.122s] -- Added test 'cppcheck' to perform static code analysis on C / C++ code
[1.122s] -- Configured cppcheck include dirs: 
[1.122s] -- Configured cppcheck exclude dirs and/or files: 
[1.123s] -- Added test 'cpplint' to check C / C++ code against the Google style
[1.123s] -- Configured cpplint exclude dirs and/or files: 
[1.123s] -- Added test 'lint_cmake' to check CMake code style
[1.124s] -- Added test 'uncrustify' to check C / C++ code style
[1.124s] -- Configured uncrustify additional arguments: 
[1.124s] -- Added test 'xmllint' to check XML markup files
[1.125s] -- Configuring done (1.0s)
[1.131s] -- Generating done (0.0s)
[1.132s] -- Build files have been written to: /home/song/steadylab/build/zed_tutorial_depth
[1.145s] Invoked command in '/home/song/steadylab/build/zed_tutorial_depth' returned '0': CMAKE_PREFIX_PATH=${CMAKE_PREFIX_PATH}:/home/song/zed/install/steadylab:/opt/ros/foxy CONDA_PROMPT_MODIFIER=(base) /home/song/.local/bin/cmake /home/song/steadylab/src/zed-ros2-examples/tutorials/zed_depth_tutorial -DAMENT_CMAKE_SYMLINK_INSTALL=1 -DCMAKE_INSTALL_PREFIX=/home/song/steadylab/install/zed_tutorial_depth
[1.146s] Invoking command in '/home/song/steadylab/build/zed_tutorial_depth': CMAKE_PREFIX_PATH=${CMAKE_PREFIX_PATH}:/home/song/zed/install/steadylab:/opt/ros/foxy CONDA_PROMPT_MODIFIER=(base) /home/song/.local/bin/cmake --build /home/song/steadylab/build/zed_tutorial_depth -- -j20 -l20
[1.173s] [ 50%] [32mBuilding CXX object CMakeFiles/zed_tutorial_depth.dir/src/zed_depth_sub_tutorial.cpp.o[0m
[7.053s] [100%] [32m[1mLinking CXX executable zed_tutorial_depth[0m
[7.123s] [100%] Built target zed_tutorial_depth
[7.128s] Invoked command in '/home/song/steadylab/build/zed_tutorial_depth' returned '0': CMAKE_PREFIX_PATH=${CMAKE_PREFIX_PATH}:/home/song/zed/install/steadylab:/opt/ros/foxy CONDA_PROMPT_MODIFIER=(base) /home/song/.local/bin/cmake --build /home/song/steadylab/build/zed_tutorial_depth -- -j20 -l20
[7.161s] Invoking command in '/home/song/steadylab/build/zed_tutorial_depth': CMAKE_PREFIX_PATH=${CMAKE_PREFIX_PATH}:/home/song/zed/install/steadylab:/opt/ros/foxy CONDA_PROMPT_MODIFIER=(base) /home/song/.local/bin/cmake --install /home/song/steadylab/build/zed_tutorial_depth
[7.177s] -- Install configuration: "Release"
[7.178s] -- Execute custom install script
[7.178s] -- Symlinking: /home/song/steadylab/install/zed_tutorial_depth/lib/zed_tutorial_depth/zed_tutorial_depth
[7.180s] -- Symlinking: /home/song/steadylab/install/zed_tutorial_depth/share/ament_index/resource_index/package_run_dependencies/zed_tutorial_depth
[7.182s] -- Symlinking: /home/song/steadylab/install/zed_tutorial_depth/share/ament_index/resource_index/parent_prefix_path/zed_tutorial_depth
[7.183s] -- Symlinking: /home/song/steadylab/install/zed_tutorial_depth/share/zed_tutorial_depth/environment/ament_prefix_path.sh
[7.185s] -- Symlinking: /home/song/steadylab/install/zed_tutorial_depth/share/zed_tutorial_depth/environment/ament_prefix_path.dsv
[7.187s] -- Symlinking: /home/song/steadylab/install/zed_tutorial_depth/share/zed_tutorial_depth/environment/path.sh
[7.188s] -- Symlinking: /home/song/steadylab/install/zed_tutorial_depth/share/zed_tutorial_depth/environment/path.dsv
[7.190s] -- Symlinking: /home/song/steadylab/install/zed_tutorial_depth/share/zed_tutorial_depth/local_setup.bash
[7.192s] -- Symlinking: /home/song/steadylab/install/zed_tutorial_depth/share/zed_tutorial_depth/local_setup.sh
[7.194s] -- Symlinking: /home/song/steadylab/install/zed_tutorial_depth/share/zed_tutorial_depth/local_setup.zsh
[7.195s] -- Symlinking: /home/song/steadylab/install/zed_tutorial_depth/share/zed_tutorial_depth/local_setup.dsv
[7.197s] -- Symlinking: /home/song/steadylab/install/zed_tutorial_depth/share/zed_tutorial_depth/package.dsv
[7.199s] -- Symlinking: /home/song/steadylab/install/zed_tutorial_depth/share/ament_index/resource_index/packages/zed_tutorial_depth
[7.200s] -- Symlinking: /home/song/steadylab/install/zed_tutorial_depth/share/zed_tutorial_depth/cmake/zed_tutorial_depthConfig.cmake
[7.202s] -- Symlinking: /home/song/steadylab/install/zed_tutorial_depth/share/zed_tutorial_depth/cmake/zed_tutorial_depthConfig-version.cmake
[7.204s] -- Symlinking: /home/song/steadylab/install/zed_tutorial_depth/share/zed_tutorial_depth/package.xml
[7.212s] Invoked command in '/home/song/steadylab/build/zed_tutorial_depth' returned '0': CMAKE_PREFIX_PATH=${CMAKE_PREFIX_PATH}:/home/song/zed/install/steadylab:/opt/ros/foxy CONDA_PROMPT_MODIFIER=(base) /home/song/.local/bin/cmake --install /home/song/steadylab/build/zed_tutorial_depth
