[35m[1mScanning dependencies of target serial_communication__cpp[0m
[  2%] [34m[1mGenerating C code for ROS interfaces[0m
[  5%] [34m[1mGenerating C++ code for ROS interfaces[0m
[35m[1mScanning dependencies of target serial_communication__rosidl_generator_c[0m
[  7%] [32mBuilding C object CMakeFiles/serial_communication__rosidl_generator_c.dir/rosidl_generator_c/serial_communication/msg/detail/write_car__functions.c.o[0m
[ 10%] [32mBuilding C object CMakeFiles/serial_communication__rosidl_generator_c.dir/rosidl_generator_c/serial_communication/msg/detail/read_car__functions.c.o[0m
[ 10%] Built target serial_communication__cpp
[ 12%] [34m[1mGenerating C++ type support for eProsima Fast-RTPS[0m
[ 15%] [34m[1mGenerating C++ type support dispatch for ROS interfaces[0m
[ 17%] [34m[1mGenerating C++ introspection for ROS interfaces[0m
[ 20%] [32m[1mLinking C shared library libserial_communication__rosidl_generator_c.so[0m
[ 20%] Built target serial_communication__rosidl_generator_c
[ 23%] [34m[1mGenerating C introspection for ROS interfaces[0m
[ 25%] [34m[1mGenerating C type support dispatch for ROS interfaces[0m
[35m[1mScanning dependencies of target serial_communication__rosidl_typesupport_fastrtps_cpp[0m
[ 28%] [32mBuilding CXX object CMakeFiles/serial_communication__rosidl_typesupport_fastrtps_cpp.dir/rosidl_typesupport_fastrtps_cpp/serial_communication/msg/detail/dds_fastrtps/write_car__type_support.cpp.o[0m
[ 30%] [32mBuilding CXX object CMakeFiles/serial_communication__rosidl_typesupport_fastrtps_cpp.dir/rosidl_typesupport_fastrtps_cpp/serial_communication/msg/detail/dds_fastrtps/read_car__type_support.cpp.o[0m
[35m[1mScanning dependencies of target serial_communication__rosidl_typesupport_introspection_cpp[0m
[35m[1mScanning dependencies of target serial_communication__rosidl_typesupport_cpp[0m
[ 33%] [32mBuilding CXX object CMakeFiles/serial_communication__rosidl_typesupport_introspection_cpp.dir/rosidl_typesupport_introspection_cpp/serial_communication/msg/detail/write_car__type_support.cpp.o[0m
[ 35%] [32mBuilding CXX object CMakeFiles/serial_communication__rosidl_typesupport_introspection_cpp.dir/rosidl_typesupport_introspection_cpp/serial_communication/msg/detail/read_car__type_support.cpp.o[0m
[ 38%] [32mBuilding CXX object CMakeFiles/serial_communication__rosidl_typesupport_cpp.dir/rosidl_typesupport_cpp/serial_communication/msg/write_car__type_support.cpp.o[0m
[ 41%] [32mBuilding CXX object CMakeFiles/serial_communication__rosidl_typesupport_cpp.dir/rosidl_typesupport_cpp/serial_communication/msg/read_car__type_support.cpp.o[0m
[35m[1mScanning dependencies of target serial_communication__rosidl_typesupport_introspection_c[0m
[ 43%] [32mBuilding C object CMakeFiles/serial_communication__rosidl_typesupport_introspection_c.dir/rosidl_typesupport_introspection_c/serial_communication/msg/detail/write_car__type_support.c.o[0m
[ 46%] [32mBuilding C object CMakeFiles/serial_communication__rosidl_typesupport_introspection_c.dir/rosidl_typesupport_introspection_c/serial_communication/msg/detail/read_car__type_support.c.o[0m
[ 48%] [32m[1mLinking C shared library libserial_communication__rosidl_typesupport_introspection_c.so[0m
[35m[1mScanning dependencies of target serial_communication__rosidl_typesupport_c[0m
[ 51%] [32mBuilding CXX object CMakeFiles/serial_communication__rosidl_typesupport_c.dir/rosidl_typesupport_c/serial_communication/msg/write_car__type_support.cpp.o[0m
[ 53%] [32mBuilding CXX object CMakeFiles/serial_communication__rosidl_typesupport_c.dir/rosidl_typesupport_c/serial_communication/msg/read_car__type_support.cpp.o[0m
[ 53%] Built target serial_communication__rosidl_typesupport_introspection_c
[ 56%] [32m[1mLinking CXX shared library libserial_communication__rosidl_typesupport_fastrtps_cpp.so[0m
[ 58%] [32m[1mLinking CXX shared library libserial_communication__rosidl_typesupport_c.so[0m
[ 61%] [32m[1mLinking CXX shared library libserial_communication__rosidl_typesupport_cpp.so[0m
[ 61%] Built target serial_communication__rosidl_typesupport_c
[ 61%] Built target serial_communication__rosidl_typesupport_fastrtps_cpp
[ 64%] [32m[1mLinking CXX shared library libserial_communication__rosidl_typesupport_introspection_cpp.so[0m
[ 66%] [34m[1mGenerating C type support for eProsima Fast-RTPS[0m
[ 66%] Built target serial_communication__rosidl_typesupport_cpp
[ 66%] Built target serial_communication__rosidl_typesupport_introspection_cpp
[35m[1mScanning dependencies of target serial_communication__rosidl_typesupport_fastrtps_c[0m
[ 71%] [32mBuilding CXX object CMakeFiles/serial_communication__rosidl_typesupport_fastrtps_c.dir/rosidl_typesupport_fastrtps_c/serial_communication/msg/detail/write_car__type_support_c.cpp.o[0m
[ 71%] [32mBuilding CXX object CMakeFiles/serial_communication__rosidl_typesupport_fastrtps_c.dir/rosidl_typesupport_fastrtps_c/serial_communication/msg/detail/read_car__type_support_c.cpp.o[0m
[ 74%] [32m[1mLinking CXX shared library libserial_communication__rosidl_typesupport_fastrtps_c.so[0m
[ 74%] Built target serial_communication__rosidl_typesupport_fastrtps_c
[35m[1mScanning dependencies of target serial_communication[0m
[ 74%] Built target serial_communication
[35m[1mScanning dependencies of target serial_communication__py[0m
[ 76%] [34m[1mGenerating Python code for ROS interfaces[0m
