[0.008s] Invoking command in '/home/song/zed/build/zed_components': AMENT_PREFIX_PATH=/home/song/zed/install/zed_interfaces:/home/song/zed/install/image_transport:${AMENT_PREFIX_PATH} CMAKE_PREFIX_PATH=/home/song/zed/install/zed_interfaces:/home/song/zed/install/image_transport:/home/song/ros-zed/install/zed_ros2:/home/song/ros-zed/install/zed_wrapper:/home/song/ros-zed/install/zed_components:/home/song/ros-zed/install/zed_interfaces:/home/song/ros-zed/install/image_common:/home/song/ros-zed/install/image_transport:/home/song/ros-zed/install/camera_info_manager:/home/song/ros-zed/install/camera_calibration_parsers:/opt/ros/foxy CONDA_PROMPT_MODIFIER=(base) LD_LIBRARY_PATH=/home/song/zed/install/zed_interfaces/lib:/home/song/zed/install/image_transport/lib:/home/song/ros-zed/install/zed_components/lib:/home/song/ros-zed/install/zed_interfaces/lib:/home/song/ros-zed/install/image_transport/lib:/home/song/ros-zed/install/camera_info_manager/lib:/home/song/ros-zed/install/camera_calibration_parsers/lib:/opt/ros/foxy/opt/yaml_cpp_vendor/lib:/opt/ros/foxy/opt/rviz_ogre_vendor/lib:/opt/ros/foxy/lib/x86_64-linux-gnu:/opt/ros/foxy/lib:/usr/local/cuda-11.8/lib64 PYTHONPATH=/home/song/zed/install/zed_interfaces/lib/python3.9/site-packages:${PYTHONPATH} /home/song/.local/bin/cmake /home/song/zed/src/zed-ros2-wrapper/zed_components -DCMAKE_BUILD_TYPE=Release -DAMENT_CMAKE_SYMLINK_INSTALL=1 -DCMAKE_INSTALL_PREFIX=/home/song/zed/install/zed_components
[0.050s] -- The C compiler identification is GNU 9.4.0
[0.080s] -- The CXX compiler identification is GNU 9.4.0
[0.085s] -- Detecting C compiler ABI info
[0.117s] -- Detecting C compiler ABI info - done
[0.122s] -- Check for working C compiler: /usr/bin/cc - skipped
[0.123s] -- Detecting C compile features
[0.123s] -- Detecting C compile features - done
[0.125s] -- Detecting CXX compiler ABI info
[0.162s] -- Detecting CXX compiler ABI info - done
[0.168s] -- Check for working CXX compiler: /usr/bin/c++ - skipped
[0.168s] -- Detecting CXX compile features
[0.168s] -- Detecting CXX compile features - done
[0.172s] -- Looking for sgemm_
[0.203s] -- Looking for sgemm_ - not found
[0.203s] -- Performing Test CMAKE_HAVE_LIBC_PTHREAD
[0.236s] -- Performing Test CMAKE_HAVE_LIBC_PTHREAD - Failed
[0.236s] -- Looking for pthread_create in pthreads
[0.262s] -- Looking for pthread_create in pthreads - not found
[0.262s] -- Looking for pthread_create in pthread
[0.294s] -- Looking for pthread_create in pthread - found
[0.294s] -- Found Threads: TRUE  
[0.321s] -- Looking for sgemm_
[0.369s] -- Looking for sgemm_ - found
[0.370s] -- Found BLAS: /usr/lib/x86_64-linux-gnu/libopenblas.so  
[0.383s] -- Found CUDA: /usr/local/cuda-11.8 (found suitable version "11.8", minimum required is "11") 
[0.403s] -- Found CUDA: /usr/local/cuda-11.8 (found version "11.8") 
[0.404s] -- Found ament_cmake_auto: 0.9.12 (/opt/ros/foxy/share/ament_cmake_auto/cmake)
[0.422s] -- Found PythonInterp: /home/song/anaconda3/bin/python3 (found suitable version "3.9.13", minimum required is "3") 
[0.422s] -- Using PYTHON_EXECUTABLE: /home/song/anaconda3/bin/python3
[0.542s] -- Override CMake install command with custom implementation using symlinks instead of copying resources
[0.606s] -- Using all available rosidl_typesupport_c: rosidl_typesupport_fastrtps_c;rosidl_typesupport_introspection_c
[0.610s] -- Found rosidl_adapter: 1.3.1 (/opt/ros/foxy/share/rosidl_adapter/cmake)
[0.652s] -- Found OpenSSL: /usr/lib/x86_64-linux-gnu/libcrypto.so (found version "1.1.1f")  
[0.668s] -- Found FastRTPS: /opt/ros/foxy/include  
[0.714s] -- Using all available rosidl_typesupport_cpp: rosidl_typesupport_fastrtps_cpp;rosidl_typesupport_introspection_cpp
[0.901s] -- Found rmw_implementation_cmake: 1.0.4 (/opt/ros/foxy/share/rmw_implementation_cmake/cmake)
[0.902s] -- Using RMW implementation 'rmw_fastrtps_cpp' as default
[1.413s] -- Found eigen3_cmake_module: 0.1.1 (/opt/ros/foxy/share/eigen3_cmake_module/cmake)
[1.416s] -- Found Eigen3: TRUE (found version "3.3.7") 
[1.656s] -- Found ament_lint_auto: 0.9.8 (/opt/ros/foxy/share/ament_lint_auto/cmake)
[1.673s] -- Added test 'copyright' to check source files copyright and LICENSE
[1.674s] -- Added test 'cppcheck' to perform static code analysis on C / C++ code
[1.674s] -- Configured cppcheck include dirs: /home/song/zed/src/zed-ros2-wrapper/zed_components/src/include;/home/song/zed/src/zed-ros2-wrapper/zed_components/src/zed_camera/include;/home/song/zed/src/zed-ros2-wrapper/zed_components/src/tools/include
[1.674s] -- Configured cppcheck exclude dirs and/or files: 
[1.675s] -- Added test 'lint_cmake' to check CMake code style
[1.676s] -- Added test 'uncrustify' to check C / C++ code style
[1.676s] -- Configured uncrustify additional arguments: 
[1.676s] -- Added test 'xmllint' to check XML markup files
[1.678s] -- Configuring done (1.7s)
[1.692s] -- Generating done (0.0s)
[1.693s] -- Build files have been written to: /home/song/zed/build/zed_components
[1.704s] Invoked command in '/home/song/zed/build/zed_components' returned '0': AMENT_PREFIX_PATH=/home/song/zed/install/zed_interfaces:/home/song/zed/install/image_transport:${AMENT_PREFIX_PATH} CMAKE_PREFIX_PATH=/home/song/zed/install/zed_interfaces:/home/song/zed/install/image_transport:/home/song/ros-zed/install/zed_ros2:/home/song/ros-zed/install/zed_wrapper:/home/song/ros-zed/install/zed_components:/home/song/ros-zed/install/zed_interfaces:/home/song/ros-zed/install/image_common:/home/song/ros-zed/install/image_transport:/home/song/ros-zed/install/camera_info_manager:/home/song/ros-zed/install/camera_calibration_parsers:/opt/ros/foxy CONDA_PROMPT_MODIFIER=(base) LD_LIBRARY_PATH=/home/song/zed/install/zed_interfaces/lib:/home/song/zed/install/image_transport/lib:/home/song/ros-zed/install/zed_components/lib:/home/song/ros-zed/install/zed_interfaces/lib:/home/song/ros-zed/install/image_transport/lib:/home/song/ros-zed/install/camera_info_manager/lib:/home/song/ros-zed/install/camera_calibration_parsers/lib:/opt/ros/foxy/opt/yaml_cpp_vendor/lib:/opt/ros/foxy/opt/rviz_ogre_vendor/lib:/opt/ros/foxy/lib/x86_64-linux-gnu:/opt/ros/foxy/lib:/usr/local/cuda-11.8/lib64 PYTHONPATH=/home/song/zed/install/zed_interfaces/lib/python3.9/site-packages:${PYTHONPATH} /home/song/.local/bin/cmake /home/song/zed/src/zed-ros2-wrapper/zed_components -DCMAKE_BUILD_TYPE=Release -DAMENT_CMAKE_SYMLINK_INSTALL=1 -DCMAKE_INSTALL_PREFIX=/home/song/zed/install/zed_components
[1.704s] Invoking command in '/home/song/zed/build/zed_components': AMENT_PREFIX_PATH=/home/song/zed/install/zed_interfaces:/home/song/zed/install/image_transport:${AMENT_PREFIX_PATH} CMAKE_PREFIX_PATH=/home/song/zed/install/zed_interfaces:/home/song/zed/install/image_transport:/home/song/ros-zed/install/zed_ros2:/home/song/ros-zed/install/zed_wrapper:/home/song/ros-zed/install/zed_components:/home/song/ros-zed/install/zed_interfaces:/home/song/ros-zed/install/image_common:/home/song/ros-zed/install/image_transport:/home/song/ros-zed/install/camera_info_manager:/home/song/ros-zed/install/camera_calibration_parsers:/opt/ros/foxy CONDA_PROMPT_MODIFIER=(base) LD_LIBRARY_PATH=/home/song/zed/install/zed_interfaces/lib:/home/song/zed/install/image_transport/lib:/home/song/ros-zed/install/zed_components/lib:/home/song/ros-zed/install/zed_interfaces/lib:/home/song/ros-zed/install/image_transport/lib:/home/song/ros-zed/install/camera_info_manager/lib:/home/song/ros-zed/install/camera_calibration_parsers/lib:/opt/ros/foxy/opt/yaml_cpp_vendor/lib:/opt/ros/foxy/opt/rviz_ogre_vendor/lib:/opt/ros/foxy/lib/x86_64-linux-gnu:/opt/ros/foxy/lib:/usr/local/cuda-11.8/lib64 PYTHONPATH=/home/song/zed/install/zed_interfaces/lib/python3.9/site-packages:${PYTHONPATH} /home/song/.local/bin/cmake --build /home/song/zed/build/zed_components -- -j20 -l20
[1.731s] [ 25%] [32mBuilding CXX object CMakeFiles/zed_camera_component.dir/src/tools/src/sl_tools.cpp.o[0m
[1.731s] [ 50%] [32mBuilding CXX object CMakeFiles/zed_camera_component.dir/src/tools/src/sl_win_avg.cpp.o[0m
[1.731s] [ 75%] [32mBuilding CXX object CMakeFiles/zed_camera_component.dir/src/zed_camera/src/zed_camera_component.cpp.o[0m
[2.118s] In file included from [01m[K/home/song/zed/src/zed-ros2-wrapper/zed_components/src/zed_camera/include/zed_camera_component.hpp:19[m[K,
[2.118s]                  from [01m[K/home/song/zed/src/zed-ros2-wrapper/zed_components/src/zed_camera/src/zed_camera_component.cpp:20[m[K:
[2.118s] [01m[K/usr/local/zed/include/sl/Fusion.hpp:68:64:[m[K [01;36m[Knote: [m[K#pragma message: ~ FUSION SDK is distributed in Early Access ~
[2.118s]    68 | #pragma message("~ FUSION SDK is distributed in Early Access ~"[01;36m[K)[m[K
[2.118s]       |                                                                [01;36m[K^[m[K
[28.404s] [100%] [32m[1mLinking CXX shared library libzed_camera_component.so[0m
[28.622s] [100%] Built target zed_camera_component
[28.629s] Invoked command in '/home/song/zed/build/zed_components' returned '0': AMENT_PREFIX_PATH=/home/song/zed/install/zed_interfaces:/home/song/zed/install/image_transport:${AMENT_PREFIX_PATH} CMAKE_PREFIX_PATH=/home/song/zed/install/zed_interfaces:/home/song/zed/install/image_transport:/home/song/ros-zed/install/zed_ros2:/home/song/ros-zed/install/zed_wrapper:/home/song/ros-zed/install/zed_components:/home/song/ros-zed/install/zed_interfaces:/home/song/ros-zed/install/image_common:/home/song/ros-zed/install/image_transport:/home/song/ros-zed/install/camera_info_manager:/home/song/ros-zed/install/camera_calibration_parsers:/opt/ros/foxy CONDA_PROMPT_MODIFIER=(base) LD_LIBRARY_PATH=/home/song/zed/install/zed_interfaces/lib:/home/song/zed/install/image_transport/lib:/home/song/ros-zed/install/zed_components/lib:/home/song/ros-zed/install/zed_interfaces/lib:/home/song/ros-zed/install/image_transport/lib:/home/song/ros-zed/install/camera_info_manager/lib:/home/song/ros-zed/install/camera_calibration_parsers/lib:/opt/ros/foxy/opt/yaml_cpp_vendor/lib:/opt/ros/foxy/opt/rviz_ogre_vendor/lib:/opt/ros/foxy/lib/x86_64-linux-gnu:/opt/ros/foxy/lib:/usr/local/cuda-11.8/lib64 PYTHONPATH=/home/song/zed/install/zed_interfaces/lib/python3.9/site-packages:${PYTHONPATH} /home/song/.local/bin/cmake --build /home/song/zed/build/zed_components -- -j20 -l20
[28.655s] Invoking command in '/home/song/zed/build/zed_components': AMENT_PREFIX_PATH=/home/song/zed/install/zed_interfaces:/home/song/zed/install/image_transport:${AMENT_PREFIX_PATH} CMAKE_PREFIX_PATH=/home/song/zed/install/zed_interfaces:/home/song/zed/install/image_transport:/home/song/ros-zed/install/zed_ros2:/home/song/ros-zed/install/zed_wrapper:/home/song/ros-zed/install/zed_components:/home/song/ros-zed/install/zed_interfaces:/home/song/ros-zed/install/image_common:/home/song/ros-zed/install/image_transport:/home/song/ros-zed/install/camera_info_manager:/home/song/ros-zed/install/camera_calibration_parsers:/opt/ros/foxy CONDA_PROMPT_MODIFIER=(base) LD_LIBRARY_PATH=/home/song/zed/install/zed_interfaces/lib:/home/song/zed/install/image_transport/lib:/home/song/ros-zed/install/zed_components/lib:/home/song/ros-zed/install/zed_interfaces/lib:/home/song/ros-zed/install/image_transport/lib:/home/song/ros-zed/install/camera_info_manager/lib:/home/song/ros-zed/install/camera_calibration_parsers/lib:/opt/ros/foxy/opt/yaml_cpp_vendor/lib:/opt/ros/foxy/opt/rviz_ogre_vendor/lib:/opt/ros/foxy/lib/x86_64-linux-gnu:/opt/ros/foxy/lib:/usr/local/cuda-11.8/lib64 PYTHONPATH=/home/song/zed/install/zed_interfaces/lib/python3.9/site-packages:${PYTHONPATH} /home/song/.local/bin/cmake --install /home/song/zed/build/zed_components
[28.670s] -- Install configuration: "Release"
[28.670s] -- Execute custom install script
[28.670s] -- Symlinking: /home/song/zed/install/zed_components/lib/libzed_camera_component.so
[28.672s] -- Symlinking: /home/song/zed/install/zed_components/include/zed_components//cost_traversability.hpp
[28.674s] -- Symlinking: /home/song/zed/install/zed_components/include/zed_components//sl_types.hpp
[28.675s] -- Symlinking: /home/song/zed/install/zed_components/include/zed_components//zed_camera_component.hpp
[28.676s] -- Symlinking: /home/song/zed/install/zed_components/include/zed_components//sl_logging.hpp
[28.678s] -- Symlinking: /home/song/zed/install/zed_components/include/zed_components//sl_tools.hpp
[28.679s] -- Symlinking: /home/song/zed/install/zed_components/include/zed_components//sl_win_avg.hpp
[28.681s] -- Symlinking: /home/song/zed/install/zed_components/include/zed_components//visibility_control.hpp
[28.682s] -- Symlinking: /home/song/zed/install/zed_components/share/zed_components/environment/library_path.sh
[28.683s] -- Symlinking: /home/song/zed/install/zed_components/share/zed_components/environment/library_path.dsv
[28.685s] -- Symlinking: /home/song/zed/install/zed_components/share/ament_index/resource_index/package_run_dependencies/zed_components
[28.686s] -- Symlinking: /home/song/zed/install/zed_components/share/ament_index/resource_index/parent_prefix_path/zed_components
[28.687s] -- Symlinking: /home/song/zed/install/zed_components/share/zed_components/environment/ament_prefix_path.sh
[28.689s] -- Symlinking: /home/song/zed/install/zed_components/share/zed_components/environment/ament_prefix_path.dsv
[28.690s] -- Symlinking: /home/song/zed/install/zed_components/share/zed_components/environment/path.sh
[28.691s] -- Symlinking: /home/song/zed/install/zed_components/share/zed_components/environment/path.dsv
[28.693s] -- Symlinking: /home/song/zed/install/zed_components/share/zed_components/local_setup.bash
[28.694s] -- Symlinking: /home/song/zed/install/zed_components/share/zed_components/local_setup.sh
[28.695s] -- Symlinking: /home/song/zed/install/zed_components/share/zed_components/local_setup.zsh
[28.697s] -- Symlinking: /home/song/zed/install/zed_components/share/zed_components/local_setup.dsv
[28.698s] -- Symlinking: /home/song/zed/install/zed_components/share/zed_components/package.dsv
[28.700s] -- Symlinking: /home/song/zed/install/zed_components/share/ament_index/resource_index/packages/zed_components
[28.701s] -- Symlinking: /home/song/zed/install/zed_components/share/ament_index/resource_index/rclcpp_components/zed_components
[28.703s] -- Symlinking: /home/song/zed/install/zed_components/share/zed_components/cmake/ament_cmake_export_include_directories-extras.cmake
[28.704s] -- Symlinking: /home/song/zed/install/zed_components/share/zed_components/cmake/ament_cmake_export_libraries-extras.cmake
[28.705s] -- Symlinking: /home/song/zed/install/zed_components/share/zed_components/cmake/ament_cmake_export_dependencies-extras.cmake
[28.707s] -- Symlinking: /home/song/zed/install/zed_components/share/zed_components/cmake/zed_componentsConfig.cmake
[28.708s] -- Symlinking: /home/song/zed/install/zed_components/share/zed_components/cmake/zed_componentsConfig-version.cmake
[28.710s] -- Symlinking: /home/song/zed/install/zed_components/share/zed_components/package.xml
[28.715s] Invoked command in '/home/song/zed/build/zed_components' returned '0': AMENT_PREFIX_PATH=/home/song/zed/install/zed_interfaces:/home/song/zed/install/image_transport:${AMENT_PREFIX_PATH} CMAKE_PREFIX_PATH=/home/song/zed/install/zed_interfaces:/home/song/zed/install/image_transport:/home/song/ros-zed/install/zed_ros2:/home/song/ros-zed/install/zed_wrapper:/home/song/ros-zed/install/zed_components:/home/song/ros-zed/install/zed_interfaces:/home/song/ros-zed/install/image_common:/home/song/ros-zed/install/image_transport:/home/song/ros-zed/install/camera_info_manager:/home/song/ros-zed/install/camera_calibration_parsers:/opt/ros/foxy CONDA_PROMPT_MODIFIER=(base) LD_LIBRARY_PATH=/home/song/zed/install/zed_interfaces/lib:/home/song/zed/install/image_transport/lib:/home/song/ros-zed/install/zed_components/lib:/home/song/ros-zed/install/zed_interfaces/lib:/home/song/ros-zed/install/image_transport/lib:/home/song/ros-zed/install/camera_info_manager/lib:/home/song/ros-zed/install/camera_calibration_parsers/lib:/opt/ros/foxy/opt/yaml_cpp_vendor/lib:/opt/ros/foxy/opt/rviz_ogre_vendor/lib:/opt/ros/foxy/lib/x86_64-linux-gnu:/opt/ros/foxy/lib:/usr/local/cuda-11.8/lib64 PYTHONPATH=/home/song/zed/install/zed_interfaces/lib/python3.9/site-packages:${PYTHONPATH} /home/song/.local/bin/cmake --install /home/song/zed/build/zed_components
