[0.011s] Invoking command in '/home/song/zed/build/zed_wrapper': CMAKE_PREFIX_PATH=/home/song/zed/install/zed_components:/home/song/zed/install/zed_interfaces:/home/song/zed/install/image_transport:/home/song/zed/install/zed_ros2:/home/song/zed/install/zed_multi_camera:/home/song/zed/install/zed_display_rviz2:/home/song/zed/install/zed_wrapper:/home/song/zed/install/zed_tutorial_video:/home/song/zed/install/zed_tutorial_pos_tracking:/home/song/zed/install/zed_tutorial_depth:/home/song/zed/install/zed_topic_benchmark_interfaces:/home/song/zed/install/zed_rgb_convert:/home/song/zed/install/rviz_plugin_zed_od:/home/song/zed/install/image_common:/home/song/zed/install/camera_info_manager:/home/song/zed/install/camera_calibration_parsers:/home/song/zed/install/steadylab:/opt/ros/foxy CONDA_PROMPT_MODIFIER=(base) LD_LIBRARY_PATH=/home/song/zed/install/zed_components/lib:/home/song/zed/install/zed_interfaces/lib:/home/song/zed/install/image_transport/lib:/home/song/zed/install/zed_topic_benchmark_interfaces/lib:/home/song/zed/install/zed_rgb_convert/lib:/home/song/zed/install/rviz_plugin_zed_od/lib:/home/song/zed/install/camera_info_manager/lib:/home/song/zed/install/camera_calibration_parsers/lib:/opt/ros/foxy/opt/yaml_cpp_vendor/lib:/opt/ros/foxy/opt/rviz_ogre_vendor/lib:/opt/ros/foxy/lib/x86_64-linux-gnu:/opt/ros/foxy/lib:/usr/local/cuda-11.8/lib64 /home/song/.local/bin/cmake /home/song/zed/src/zed-ros2-wrapper/zed_wrapper -DAMENT_CMAKE_SYMLINK_INSTALL=1 -DCMAKE_INSTALL_PREFIX=/home/song/zed/install/zed_wrapper
[0.065s] -- Found CUDA: /usr/local/cuda-11.8 (found suitable version "11.8", minimum required is "11") 
[0.085s] -- Found CUDA: /usr/local/cuda-11.8 (found version "11.8") 
[0.085s] -- Found ament_cmake_auto: 0.9.12 (/opt/ros/foxy/share/ament_cmake_auto/cmake)
[0.101s] -- Using PYTHON_EXECUTABLE: /home/song/anaconda3/bin/python3
[0.225s] -- Override CMake install command with custom implementation using symlinks instead of copying resources
[0.286s] -- Using all available rosidl_typesupport_c: rosidl_typesupport_fastrtps_c;rosidl_typesupport_introspection_c
[0.288s] -- Found rosidl_adapter: 1.3.1 (/opt/ros/foxy/share/rosidl_adapter/cmake)
[0.360s] -- Using all available rosidl_typesupport_cpp: rosidl_typesupport_fastrtps_cpp;rosidl_typesupport_introspection_cpp
[0.386s] -- Found rmw_implementation_cmake: 1.0.4 (/opt/ros/foxy/share/rmw_implementation_cmake/cmake)
[0.388s] -- Using RMW implementation 'rmw_fastrtps_cpp' as default
[0.756s] -- Found eigen3_cmake_module: 0.1.1 (/opt/ros/foxy/share/eigen3_cmake_module/cmake)
[1.343s] -- Found ament_lint_auto: 0.9.8 (/opt/ros/foxy/share/ament_lint_auto/cmake)
[1.583s] -- Added test 'copyright' to check source files copyright and LICENSE
[1.584s] -- Added test 'cppcheck' to perform static code analysis on C / C++ code
[1.584s] -- Configured cppcheck include dirs: /home/song/zed/src/zed-ros2-wrapper/zed_wrapper/src
[1.584s] -- Configured cppcheck exclude dirs and/or files: 
[1.584s] -- Added test 'lint_cmake' to check CMake code style
[1.584s] -- Added test 'pep257' to check Python code against some of the style conventions in PEP 257
[1.585s] -- Added test 'uncrustify' to check C / C++ code style
[1.585s] -- Configured uncrustify additional arguments: 
[1.585s] -- Added test 'xmllint' to check XML markup files
[1.585s] -- Configuring done (1.6s)
[1.603s] -- Generating done (0.0s)
[1.604s] -- Build files have been written to: /home/song/zed/build/zed_wrapper
[1.614s] Invoked command in '/home/song/zed/build/zed_wrapper' returned '0': CMAKE_PREFIX_PATH=/home/song/zed/install/zed_components:/home/song/zed/install/zed_interfaces:/home/song/zed/install/image_transport:/home/song/zed/install/zed_ros2:/home/song/zed/install/zed_multi_camera:/home/song/zed/install/zed_display_rviz2:/home/song/zed/install/zed_wrapper:/home/song/zed/install/zed_tutorial_video:/home/song/zed/install/zed_tutorial_pos_tracking:/home/song/zed/install/zed_tutorial_depth:/home/song/zed/install/zed_topic_benchmark_interfaces:/home/song/zed/install/zed_rgb_convert:/home/song/zed/install/rviz_plugin_zed_od:/home/song/zed/install/image_common:/home/song/zed/install/camera_info_manager:/home/song/zed/install/camera_calibration_parsers:/home/song/zed/install/steadylab:/opt/ros/foxy CONDA_PROMPT_MODIFIER=(base) LD_LIBRARY_PATH=/home/song/zed/install/zed_components/lib:/home/song/zed/install/zed_interfaces/lib:/home/song/zed/install/image_transport/lib:/home/song/zed/install/zed_topic_benchmark_interfaces/lib:/home/song/zed/install/zed_rgb_convert/lib:/home/song/zed/install/rviz_plugin_zed_od/lib:/home/song/zed/install/camera_info_manager/lib:/home/song/zed/install/camera_calibration_parsers/lib:/opt/ros/foxy/opt/yaml_cpp_vendor/lib:/opt/ros/foxy/opt/rviz_ogre_vendor/lib:/opt/ros/foxy/lib/x86_64-linux-gnu:/opt/ros/foxy/lib:/usr/local/cuda-11.8/lib64 /home/song/.local/bin/cmake /home/song/zed/src/zed-ros2-wrapper/zed_wrapper -DAMENT_CMAKE_SYMLINK_INSTALL=1 -DCMAKE_INSTALL_PREFIX=/home/song/zed/install/zed_wrapper
[1.615s] Invoking command in '/home/song/zed/build/zed_wrapper': CMAKE_PREFIX_PATH=/home/song/zed/install/zed_components:/home/song/zed/install/zed_interfaces:/home/song/zed/install/image_transport:/home/song/zed/install/zed_ros2:/home/song/zed/install/zed_multi_camera:/home/song/zed/install/zed_display_rviz2:/home/song/zed/install/zed_wrapper:/home/song/zed/install/zed_tutorial_video:/home/song/zed/install/zed_tutorial_pos_tracking:/home/song/zed/install/zed_tutorial_depth:/home/song/zed/install/zed_topic_benchmark_interfaces:/home/song/zed/install/zed_rgb_convert:/home/song/zed/install/rviz_plugin_zed_od:/home/song/zed/install/image_common:/home/song/zed/install/camera_info_manager:/home/song/zed/install/camera_calibration_parsers:/home/song/zed/install/steadylab:/opt/ros/foxy CONDA_PROMPT_MODIFIER=(base) LD_LIBRARY_PATH=/home/song/zed/install/zed_components/lib:/home/song/zed/install/zed_interfaces/lib:/home/song/zed/install/image_transport/lib:/home/song/zed/install/zed_topic_benchmark_interfaces/lib:/home/song/zed/install/zed_rgb_convert/lib:/home/song/zed/install/rviz_plugin_zed_od/lib:/home/song/zed/install/camera_info_manager/lib:/home/song/zed/install/camera_calibration_parsers/lib:/opt/ros/foxy/opt/yaml_cpp_vendor/lib:/opt/ros/foxy/opt/rviz_ogre_vendor/lib:/opt/ros/foxy/lib/x86_64-linux-gnu:/opt/ros/foxy/lib:/usr/local/cuda-11.8/lib64 /home/song/.local/bin/cmake --build /home/song/zed/build/zed_wrapper -- -j20 -l20
[1.648s] [100%] Built target zed_wrapper
[1.653s] Invoked command in '/home/song/zed/build/zed_wrapper' returned '0': CMAKE_PREFIX_PATH=/home/song/zed/install/zed_components:/home/song/zed/install/zed_interfaces:/home/song/zed/install/image_transport:/home/song/zed/install/zed_ros2:/home/song/zed/install/zed_multi_camera:/home/song/zed/install/zed_display_rviz2:/home/song/zed/install/zed_wrapper:/home/song/zed/install/zed_tutorial_video:/home/song/zed/install/zed_tutorial_pos_tracking:/home/song/zed/install/zed_tutorial_depth:/home/song/zed/install/zed_topic_benchmark_interfaces:/home/song/zed/install/zed_rgb_convert:/home/song/zed/install/rviz_plugin_zed_od:/home/song/zed/install/image_common:/home/song/zed/install/camera_info_manager:/home/song/zed/install/camera_calibration_parsers:/home/song/zed/install/steadylab:/opt/ros/foxy CONDA_PROMPT_MODIFIER=(base) LD_LIBRARY_PATH=/home/song/zed/install/zed_components/lib:/home/song/zed/install/zed_interfaces/lib:/home/song/zed/install/image_transport/lib:/home/song/zed/install/zed_topic_benchmark_interfaces/lib:/home/song/zed/install/zed_rgb_convert/lib:/home/song/zed/install/rviz_plugin_zed_od/lib:/home/song/zed/install/camera_info_manager/lib:/home/song/zed/install/camera_calibration_parsers/lib:/opt/ros/foxy/opt/yaml_cpp_vendor/lib:/opt/ros/foxy/opt/rviz_ogre_vendor/lib:/opt/ros/foxy/lib/x86_64-linux-gnu:/opt/ros/foxy/lib:/usr/local/cuda-11.8/lib64 /home/song/.local/bin/cmake --build /home/song/zed/build/zed_wrapper -- -j20 -l20
[1.681s] Invoking command in '/home/song/zed/build/zed_wrapper': CMAKE_PREFIX_PATH=/home/song/zed/install/zed_components:/home/song/zed/install/zed_interfaces:/home/song/zed/install/image_transport:/home/song/zed/install/zed_ros2:/home/song/zed/install/zed_multi_camera:/home/song/zed/install/zed_display_rviz2:/home/song/zed/install/zed_wrapper:/home/song/zed/install/zed_tutorial_video:/home/song/zed/install/zed_tutorial_pos_tracking:/home/song/zed/install/zed_tutorial_depth:/home/song/zed/install/zed_topic_benchmark_interfaces:/home/song/zed/install/zed_rgb_convert:/home/song/zed/install/rviz_plugin_zed_od:/home/song/zed/install/image_common:/home/song/zed/install/camera_info_manager:/home/song/zed/install/camera_calibration_parsers:/home/song/zed/install/steadylab:/opt/ros/foxy CONDA_PROMPT_MODIFIER=(base) LD_LIBRARY_PATH=/home/song/zed/install/zed_components/lib:/home/song/zed/install/zed_interfaces/lib:/home/song/zed/install/image_transport/lib:/home/song/zed/install/zed_topic_benchmark_interfaces/lib:/home/song/zed/install/zed_rgb_convert/lib:/home/song/zed/install/rviz_plugin_zed_od/lib:/home/song/zed/install/camera_info_manager/lib:/home/song/zed/install/camera_calibration_parsers/lib:/opt/ros/foxy/opt/yaml_cpp_vendor/lib:/opt/ros/foxy/opt/rviz_ogre_vendor/lib:/opt/ros/foxy/lib/x86_64-linux-gnu:/opt/ros/foxy/lib:/usr/local/cuda-11.8/lib64 /home/song/.local/bin/cmake --install /home/song/zed/build/zed_wrapper
[1.697s] -- Install configuration: "Release"
[1.697s] -- Execute custom install script
[1.698s] -- Up-to-date symlink: /home/song/zed/install/zed_wrapper/lib/zed_wrapper/zed_wrapper
[1.698s] -- Up-to-date symlink: /home/song/zed/install/zed_wrapper/share/zed_wrapper/config/common.yaml
[1.698s] -- Up-to-date symlink: /home/song/zed/install/zed_wrapper/share/zed_wrapper/config/zed.yaml
[1.698s] -- Up-to-date symlink: /home/song/zed/install/zed_wrapper/share/zed_wrapper/config/zed2.yaml
[1.698s] -- Up-to-date symlink: /home/song/zed/install/zed_wrapper/share/zed_wrapper/config/zed2i.yaml
[1.698s] -- Up-to-date symlink: /home/song/zed/install/zed_wrapper/share/zed_wrapper/config/zedm.yaml
[1.698s] -- Up-to-date symlink: /home/song/zed/install/zed_wrapper/share/zed_wrapper/config/zedx.yaml
[1.698s] -- Up-to-date symlink: /home/song/zed/install/zed_wrapper/share/zed_wrapper/config/zedxm.yaml
[1.698s] -- Up-to-date symlink: /home/song/zed/install/zed_wrapper/share/zed_wrapper/urdf/include/materials.urdf.xacro
[1.698s] -- Up-to-date symlink: /home/song/zed/install/zed_wrapper/share/zed_wrapper/urdf/zed_descr.urdf.xacro
[1.698s] -- Up-to-date symlink: /home/song/zed/install/zed_wrapper/share/zed_wrapper/urdf/zed_macro.urdf.xacro
[1.698s] -- Up-to-date symlink: /home/song/zed/install/zed_wrapper/share/zed_wrapper/launch/include/zed_camera.launch.py
[1.698s] -- Up-to-date symlink: /home/song/zed/install/zed_wrapper/share/zed_wrapper/launch/zed.launch.py
[1.698s] -- Up-to-date symlink: /home/song/zed/install/zed_wrapper/share/zed_wrapper/launch/zed2.launch.py
[1.698s] -- Up-to-date symlink: /home/song/zed/install/zed_wrapper/share/zed_wrapper/launch/zed2i.launch.py
[1.698s] -- Up-to-date symlink: /home/song/zed/install/zed_wrapper/share/zed_wrapper/launch/zedm.launch.py
[1.698s] -- Up-to-date symlink: /home/song/zed/install/zed_wrapper/share/zed_wrapper/launch/zedx.launch.py
[1.699s] -- Up-to-date symlink: /home/song/zed/install/zed_wrapper/share/zed_wrapper/launch/zedxm.launch.py
[1.699s] -- Up-to-date symlink: /home/song/zed/install/zed_wrapper/share/ament_index/resource_index/package_run_dependencies/zed_wrapper
[1.699s] -- Up-to-date symlink: /home/song/zed/install/zed_wrapper/share/ament_index/resource_index/parent_prefix_path/zed_wrapper
[1.699s] -- Up-to-date symlink: /home/song/zed/install/zed_wrapper/share/zed_wrapper/environment/ament_prefix_path.sh
[1.699s] -- Up-to-date symlink: /home/song/zed/install/zed_wrapper/share/zed_wrapper/environment/ament_prefix_path.dsv
[1.699s] -- Up-to-date symlink: /home/song/zed/install/zed_wrapper/share/zed_wrapper/environment/path.sh
[1.699s] -- Up-to-date symlink: /home/song/zed/install/zed_wrapper/share/zed_wrapper/environment/path.dsv
[1.699s] -- Up-to-date symlink: /home/song/zed/install/zed_wrapper/share/zed_wrapper/local_setup.bash
[1.699s] -- Up-to-date symlink: /home/song/zed/install/zed_wrapper/share/zed_wrapper/local_setup.sh
[1.699s] -- Up-to-date symlink: /home/song/zed/install/zed_wrapper/share/zed_wrapper/local_setup.zsh
[1.699s] -- Up-to-date symlink: /home/song/zed/install/zed_wrapper/share/zed_wrapper/local_setup.dsv
[1.699s] -- Symlinking: /home/song/zed/install/zed_wrapper/share/zed_wrapper/package.dsv
[1.701s] -- Up-to-date symlink: /home/song/zed/install/zed_wrapper/share/ament_index/resource_index/packages/zed_wrapper
[1.701s] -- Up-to-date symlink: /home/song/zed/install/zed_wrapper/share/zed_wrapper/cmake/zed_wrapperConfig.cmake
[1.701s] -- Up-to-date symlink: /home/song/zed/install/zed_wrapper/share/zed_wrapper/cmake/zed_wrapperConfig-version.cmake
[1.701s] -- Up-to-date symlink: /home/song/zed/install/zed_wrapper/share/zed_wrapper/package.xml
[1.704s] Invoked command in '/home/song/zed/build/zed_wrapper' returned '0': CMAKE_PREFIX_PATH=/home/song/zed/install/zed_components:/home/song/zed/install/zed_interfaces:/home/song/zed/install/image_transport:/home/song/zed/install/zed_ros2:/home/song/zed/install/zed_multi_camera:/home/song/zed/install/zed_display_rviz2:/home/song/zed/install/zed_wrapper:/home/song/zed/install/zed_tutorial_video:/home/song/zed/install/zed_tutorial_pos_tracking:/home/song/zed/install/zed_tutorial_depth:/home/song/zed/install/zed_topic_benchmark_interfaces:/home/song/zed/install/zed_rgb_convert:/home/song/zed/install/rviz_plugin_zed_od:/home/song/zed/install/image_common:/home/song/zed/install/camera_info_manager:/home/song/zed/install/camera_calibration_parsers:/home/song/zed/install/steadylab:/opt/ros/foxy CONDA_PROMPT_MODIFIER=(base) LD_LIBRARY_PATH=/home/song/zed/install/zed_components/lib:/home/song/zed/install/zed_interfaces/lib:/home/song/zed/install/image_transport/lib:/home/song/zed/install/zed_topic_benchmark_interfaces/lib:/home/song/zed/install/zed_rgb_convert/lib:/home/song/zed/install/rviz_plugin_zed_od/lib:/home/song/zed/install/camera_info_manager/lib:/home/song/zed/install/camera_calibration_parsers/lib:/opt/ros/foxy/opt/yaml_cpp_vendor/lib:/opt/ros/foxy/opt/rviz_ogre_vendor/lib:/opt/ros/foxy/lib/x86_64-linux-gnu:/opt/ros/foxy/lib:/usr/local/cuda-11.8/lib64 /home/song/.local/bin/cmake --install /home/song/zed/build/zed_wrapper
