[0.173s] Invoking command in '/home/song/zed/build/zed_tutorial_depth': CMAKE_PREFIX_PATH=${CMAKE_PREFIX_PATH}:/opt/ros/foxy CONDA_PROMPT_MODIFIER=(base) /home/song/.local/bin/cmake /home/song/zed/src/zed-ros2-examples/tutorials/zed_depth_tutorial -DCMAKE_INSTALL_PREFIX=/home/song/zed/install/zed_tutorial_depth
[0.197s] -- Found ament_cmake_auto: 0.9.12 (/opt/ros/foxy/share/ament_cmake_auto/cmake)
[0.226s] -- Using PYTHON_EXECUTABLE: /home/song/anaconda3/bin/python3
[0.468s] -- Override CMake install command with custom implementation using symlinks instead of copying resources
[0.557s] -- Using all available rosidl_typesupport_c: rosidl_typesupport_fastrtps_c;rosidl_typesupport_introspection_c
[0.560s] -- Found rosidl_adapter: 1.3.1 (/opt/ros/foxy/share/rosidl_adapter/cmake)
[0.691s] -- Using all available rosidl_typesupport_cpp: rosidl_typesupport_fastrtps_cpp;rosidl_typesupport_introspection_cpp
[0.741s] -- Found rmw_implementation_cmake: 1.0.4 (/opt/ros/foxy/share/rmw_implementation_cmake/cmake)
[0.742s] -- Using RMW implementation 'rmw_fastrtps_cpp' as default
[0.990s] -- Found ament_lint_auto: 0.9.8 (/opt/ros/foxy/share/ament_lint_auto/cmake)
[1.006s] -- Added test 'copyright' to check source files copyright and LICENSE
[1.007s] -- Added test 'cppcheck' to perform static code analysis on C / C++ code
[1.007s] -- Configured cppcheck include dirs: 
[1.007s] -- Configured cppcheck exclude dirs and/or files: 
[1.007s] -- Added test 'cpplint' to check C / C++ code against the Google style
[1.007s] -- Configured cpplint exclude dirs and/or files: 
[1.008s] -- Added test 'lint_cmake' to check CMake code style
[1.008s] -- Added test 'uncrustify' to check C / C++ code style
[1.009s] -- Configured uncrustify additional arguments: 
[1.009s] -- Added test 'xmllint' to check XML markup files
[1.010s] -- Configuring done (0.8s)
[1.023s] -- Generating done (0.0s)
[1.024s] -- Build files have been written to: /home/song/zed/build/zed_tutorial_depth
[1.032s] Invoked command in '/home/song/zed/build/zed_tutorial_depth' returned '0': CMAKE_PREFIX_PATH=${CMAKE_PREFIX_PATH}:/opt/ros/foxy CONDA_PROMPT_MODIFIER=(base) /home/song/.local/bin/cmake /home/song/zed/src/zed-ros2-examples/tutorials/zed_depth_tutorial -DCMAKE_INSTALL_PREFIX=/home/song/zed/install/zed_tutorial_depth
[1.034s] Invoking command in '/home/song/zed/build/zed_tutorial_depth': CMAKE_PREFIX_PATH=${CMAKE_PREFIX_PATH}:/opt/ros/foxy CONDA_PROMPT_MODIFIER=(base) /home/song/.local/bin/cmake --build /home/song/zed/build/zed_tutorial_depth -- -j20 -l20
[1.072s] [100%] Built target zed_tutorial_depth
[1.077s] Invoked command in '/home/song/zed/build/zed_tutorial_depth' returned '0': CMAKE_PREFIX_PATH=${CMAKE_PREFIX_PATH}:/opt/ros/foxy CONDA_PROMPT_MODIFIER=(base) /home/song/.local/bin/cmake --build /home/song/zed/build/zed_tutorial_depth -- -j20 -l20
[1.118s] Invoking command in '/home/song/zed/build/zed_tutorial_depth': CMAKE_PREFIX_PATH=${CMAKE_PREFIX_PATH}:/opt/ros/foxy CONDA_PROMPT_MODIFIER=(base) /home/song/.local/bin/cmake --install /home/song/zed/build/zed_tutorial_depth
[1.140s] -- Install configuration: "Release"
[1.140s] -- Execute custom install script
[1.140s] -- Up-to-date symlink: /home/song/zed/install/zed_tutorial_depth/lib/zed_tutorial_depth/zed_tutorial_depth
[1.140s] -- Up-to-date symlink: /home/song/zed/install/zed_tutorial_depth/share/ament_index/resource_index/package_run_dependencies/zed_tutorial_depth
[1.140s] -- Up-to-date symlink: /home/song/zed/install/zed_tutorial_depth/share/ament_index/resource_index/parent_prefix_path/zed_tutorial_depth
[1.140s] -- Up-to-date symlink: /home/song/zed/install/zed_tutorial_depth/share/zed_tutorial_depth/environment/ament_prefix_path.sh
[1.140s] -- Up-to-date symlink: /home/song/zed/install/zed_tutorial_depth/share/zed_tutorial_depth/environment/ament_prefix_path.dsv
[1.140s] -- Up-to-date symlink: /home/song/zed/install/zed_tutorial_depth/share/zed_tutorial_depth/environment/path.sh
[1.140s] -- Up-to-date symlink: /home/song/zed/install/zed_tutorial_depth/share/zed_tutorial_depth/environment/path.dsv
[1.140s] -- Up-to-date symlink: /home/song/zed/install/zed_tutorial_depth/share/zed_tutorial_depth/local_setup.bash
[1.140s] -- Up-to-date symlink: /home/song/zed/install/zed_tutorial_depth/share/zed_tutorial_depth/local_setup.sh
[1.140s] -- Up-to-date symlink: /home/song/zed/install/zed_tutorial_depth/share/zed_tutorial_depth/local_setup.zsh
[1.140s] -- Up-to-date symlink: /home/song/zed/install/zed_tutorial_depth/share/zed_tutorial_depth/local_setup.dsv
[1.141s] -- Symlinking: /home/song/zed/install/zed_tutorial_depth/share/zed_tutorial_depth/package.dsv
[1.141s] -- Up-to-date symlink: /home/song/zed/install/zed_tutorial_depth/share/ament_index/resource_index/packages/zed_tutorial_depth
[1.141s] -- Up-to-date symlink: /home/song/zed/install/zed_tutorial_depth/share/zed_tutorial_depth/cmake/zed_tutorial_depthConfig.cmake
[1.141s] -- Up-to-date symlink: /home/song/zed/install/zed_tutorial_depth/share/zed_tutorial_depth/cmake/zed_tutorial_depthConfig-version.cmake
[1.141s] -- Up-to-date symlink: /home/song/zed/install/zed_tutorial_depth/share/zed_tutorial_depth/package.xml
[1.165s] Invoked command in '/home/song/zed/build/zed_tutorial_depth' returned '0': CMAKE_PREFIX_PATH=${CMAKE_PREFIX_PATH}:/opt/ros/foxy CONDA_PROMPT_MODIFIER=(base) /home/song/.local/bin/cmake --install /home/song/zed/build/zed_tutorial_depth
