running develop
running egg_info
writing ../build/steadylab/steadylab.egg-info/PKG-INFO
writing dependency_links to ../build/steadylab/steadylab.egg-info/dependency_links.txt
writing entry points to ../build/steadylab/steadylab.egg-info/entry_points.txt
writing requirements to ../build/steadylab/steadylab.egg-info/requires.txt
writing top-level names to ../build/steadylab/steadylab.egg-info/top_level.txt
reading manifest file '../build/steadylab/steadylab.egg-info/SOURCES.txt'
writing manifest file '../build/steadylab/steadylab.egg-info/SOURCES.txt'
running build
running build_py
running install
running install_lib
running install_data
copying launch/data_hub.launch.py -> /home/song/steadylab/src/install/steadylab/share/steadylab
copying launch/steadylab.launch.py -> /home/song/steadylab/src/install/steadylab/share/steadylab
running install_egg_info
removing '/home/song/steadylab/src/install/steadylab/lib/python3.8/site-packages/steadylab-0.0.0-py3.8.egg-info' (and everything under it)
Copying ../build/steadylab/steadylab.egg-info to /home/song/steadylab/src/install/steadylab/lib/python3.8/site-packages/steadylab-0.0.0-py3.8.egg-info
running install_scripts
Installing comm script to /home/song/steadylab/src/install/steadylab/lib/steadylab
Installing data_hub script to /home/song/steadylab/src/install/steadylab/lib/steadylab
Installing depth script to /home/song/steadylab/src/install/steadylab/lib/steadylab
Installing keyboard_erp script to /home/song/steadylab/src/install/steadylab/lib/steadylab
Installing main_status script to /home/song/steadylab/src/install/steadylab/lib/steadylab
Installing serial script to /home/song/steadylab/src/install/steadylab/lib/steadylab
Installing state script to /home/song/steadylab/src/install/steadylab/lib/steadylab
Installing yolo script to /home/song/steadylab/src/install/steadylab/lib/steadylab
Installing zed_depth script to /home/song/steadylab/src/install/steadylab/lib/steadylab
Installing zed_image script to /home/song/steadylab/src/install/steadylab/lib/steadylab
Installing zed_imu script to /home/song/steadylab/src/install/steadylab/lib/steadylab
Installing zed_path_map script to /home/song/steadylab/src/install/steadylab/lib/steadylab
Installing zed_pointcloud script to /home/song/steadylab/src/install/steadylab/lib/steadylab
Installing zed_pose script to /home/song/steadylab/src/install/steadylab/lib/steadylab
Installing zed_tf script to /home/song/steadylab/src/install/steadylab/lib/steadylab
writing list of installed files to '/home/song/steadylab/src/build/steadylab/install.log'
