[0.165s] Invoking command in '/home/song/steadylab/build/zed_tutorial_depth': CMAKE_PREFIX_PATH=${CMAKE_PREFIX_PATH}:/home/song/zed/install/steadylab:/opt/ros/foxy CONDA_PROMPT_MODIFIER=(base) /home/song/.local/bin/cmake --build /home/song/steadylab/build/zed_tutorial_depth -- -j20 -l20
[0.195s] [100%] Built target zed_tutorial_depth
[0.201s] Invoked command in '/home/song/steadylab/build/zed_tutorial_depth' returned '0': CMAKE_PREFIX_PATH=${CMAKE_PREFIX_PATH}:/home/song/zed/install/steadylab:/opt/ros/foxy CONDA_PROMPT_MODIFIER=(base) /home/song/.local/bin/cmake --build /home/song/steadylab/build/zed_tutorial_depth -- -j20 -l20
[0.258s] Invoking command in '/home/song/steadylab/build/zed_tutorial_depth': CMAKE_PREFIX_PATH=${CMAKE_PREFIX_PATH}:/home/song/zed/install/steadylab:/opt/ros/foxy CONDA_PROMPT_MODIFIER=(base) /home/song/.local/bin/cmake --install /home/song/steadylab/build/zed_tutorial_depth
[0.296s] -- Install configuration: "Release"
[0.297s] -- Execute custom install script
[0.298s] -- Up-to-date symlink: /home/song/steadylab/install/zed_tutorial_depth/lib/zed_tutorial_depth/zed_tutorial_depth
[0.299s] -- Up-to-date symlink: /home/song/steadylab/install/zed_tutorial_depth/share/ament_index/resource_index/package_run_dependencies/zed_tutorial_depth
[0.300s] -- Up-to-date symlink: /home/song/steadylab/install/zed_tutorial_depth/share/ament_index/resource_index/parent_prefix_path/zed_tutorial_depth
[0.300s] -- Up-to-date symlink: /home/song/steadylab/install/zed_tutorial_depth/share/zed_tutorial_depth/environment/ament_prefix_path.sh
[0.300s] -- Up-to-date symlink: /home/song/steadylab/install/zed_tutorial_depth/share/zed_tutorial_depth/environment/ament_prefix_path.dsv
[0.300s] -- Up-to-date symlink: /home/song/steadylab/install/zed_tutorial_depth/share/zed_tutorial_depth/environment/path.sh
[0.300s] -- Up-to-date symlink: /home/song/steadylab/install/zed_tutorial_depth/share/zed_tutorial_depth/environment/path.dsv
[0.301s] -- Up-to-date symlink: /home/song/steadylab/install/zed_tutorial_depth/share/zed_tutorial_depth/local_setup.bash
[0.302s] -- Up-to-date symlink: /home/song/steadylab/install/zed_tutorial_depth/share/zed_tutorial_depth/local_setup.sh
[0.303s] -- Up-to-date symlink: /home/song/steadylab/install/zed_tutorial_depth/share/zed_tutorial_depth/local_setup.zsh
[0.303s] -- Up-to-date symlink: /home/song/steadylab/install/zed_tutorial_depth/share/zed_tutorial_depth/local_setup.dsv
[0.303s] -- Symlinking: /home/song/steadylab/install/zed_tutorial_depth/share/zed_tutorial_depth/package.dsv
[0.304s] -- Up-to-date symlink: /home/song/steadylab/install/zed_tutorial_depth/share/ament_index/resource_index/packages/zed_tutorial_depth
[0.305s] -- Up-to-date symlink: /home/song/steadylab/install/zed_tutorial_depth/share/zed_tutorial_depth/cmake/zed_tutorial_depthConfig.cmake
[0.305s] -- Up-to-date symlink: /home/song/steadylab/install/zed_tutorial_depth/share/zed_tutorial_depth/cmake/zed_tutorial_depthConfig-version.cmake
[0.305s] -- Up-to-date symlink: /home/song/steadylab/install/zed_tutorial_depth/share/zed_tutorial_depth/package.xml
[0.331s] Invoked command in '/home/song/steadylab/build/zed_tutorial_depth' returned '0': CMAKE_PREFIX_PATH=${CMAKE_PREFIX_PATH}:/home/song/zed/install/steadylab:/opt/ros/foxy CONDA_PROMPT_MODIFIER=(base) /home/song/.local/bin/cmake --install /home/song/steadylab/build/zed_tutorial_depth
