[0.009s] Invoking command in '/home/song/zed/build/zed_components': AMENT_PREFIX_PATH=/home/song/zed/install/zed_interfaces:/home/song/zed/install/image_transport:${AMENT_PREFIX_PATH} CMAKE_PREFIX_PATH=/home/song/zed/install/zed_interfaces:/home/song/zed/install/image_transport:/home/song/ros-zed/install/zed_ros2:/home/song/ros-zed/install/zed_wrapper:/home/song/ros-zed/install/zed_components:/home/song/ros-zed/install/zed_interfaces:/home/song/ros-zed/install/image_common:/home/song/ros-zed/install/image_transport:/home/song/ros-zed/install/camera_info_manager:/home/song/ros-zed/install/camera_calibration_parsers:/opt/ros/foxy CONDA_PROMPT_MODIFIER=(base) LD_LIBRARY_PATH=/home/song/zed/install/zed_interfaces/lib:/home/song/zed/install/image_transport/lib:/home/song/ros-zed/install/zed_components/lib:/home/song/ros-zed/install/zed_interfaces/lib:/home/song/ros-zed/install/image_transport/lib:/home/song/ros-zed/install/camera_info_manager/lib:/home/song/ros-zed/install/camera_calibration_parsers/lib:/opt/ros/foxy/opt/yaml_cpp_vendor/lib:/opt/ros/foxy/opt/rviz_ogre_vendor/lib:/opt/ros/foxy/lib/x86_64-linux-gnu:/opt/ros/foxy/lib:/usr/local/cuda-11.8/lib64 PYTHONPATH=/home/song/zed/install/zed_interfaces/lib/python3.9/site-packages:${PYTHONPATH} /home/song/.local/bin/cmake --build /home/song/zed/build/zed_components -- -j20 -l20
[0.042s] [100%] Built target zed_camera_component
[0.047s] Invoked command in '/home/song/zed/build/zed_components' returned '0': AMENT_PREFIX_PATH=/home/song/zed/install/zed_interfaces:/home/song/zed/install/image_transport:${AMENT_PREFIX_PATH} CMAKE_PREFIX_PATH=/home/song/zed/install/zed_interfaces:/home/song/zed/install/image_transport:/home/song/ros-zed/install/zed_ros2:/home/song/ros-zed/install/zed_wrapper:/home/song/ros-zed/install/zed_components:/home/song/ros-zed/install/zed_interfaces:/home/song/ros-zed/install/image_common:/home/song/ros-zed/install/image_transport:/home/song/ros-zed/install/camera_info_manager:/home/song/ros-zed/install/camera_calibration_parsers:/opt/ros/foxy CONDA_PROMPT_MODIFIER=(base) LD_LIBRARY_PATH=/home/song/zed/install/zed_interfaces/lib:/home/song/zed/install/image_transport/lib:/home/song/ros-zed/install/zed_components/lib:/home/song/ros-zed/install/zed_interfaces/lib:/home/song/ros-zed/install/image_transport/lib:/home/song/ros-zed/install/camera_info_manager/lib:/home/song/ros-zed/install/camera_calibration_parsers/lib:/opt/ros/foxy/opt/yaml_cpp_vendor/lib:/opt/ros/foxy/opt/rviz_ogre_vendor/lib:/opt/ros/foxy/lib/x86_64-linux-gnu:/opt/ros/foxy/lib:/usr/local/cuda-11.8/lib64 PYTHONPATH=/home/song/zed/install/zed_interfaces/lib/python3.9/site-packages:${PYTHONPATH} /home/song/.local/bin/cmake --build /home/song/zed/build/zed_components -- -j20 -l20
[0.078s] Invoking command in '/home/song/zed/build/zed_components': AMENT_PREFIX_PATH=/home/song/zed/install/zed_interfaces:/home/song/zed/install/image_transport:${AMENT_PREFIX_PATH} CMAKE_PREFIX_PATH=/home/song/zed/install/zed_interfaces:/home/song/zed/install/image_transport:/home/song/ros-zed/install/zed_ros2:/home/song/ros-zed/install/zed_wrapper:/home/song/ros-zed/install/zed_components:/home/song/ros-zed/install/zed_interfaces:/home/song/ros-zed/install/image_common:/home/song/ros-zed/install/image_transport:/home/song/ros-zed/install/camera_info_manager:/home/song/ros-zed/install/camera_calibration_parsers:/opt/ros/foxy CONDA_PROMPT_MODIFIER=(base) LD_LIBRARY_PATH=/home/song/zed/install/zed_interfaces/lib:/home/song/zed/install/image_transport/lib:/home/song/ros-zed/install/zed_components/lib:/home/song/ros-zed/install/zed_interfaces/lib:/home/song/ros-zed/install/image_transport/lib:/home/song/ros-zed/install/camera_info_manager/lib:/home/song/ros-zed/install/camera_calibration_parsers/lib:/opt/ros/foxy/opt/yaml_cpp_vendor/lib:/opt/ros/foxy/opt/rviz_ogre_vendor/lib:/opt/ros/foxy/lib/x86_64-linux-gnu:/opt/ros/foxy/lib:/usr/local/cuda-11.8/lib64 PYTHONPATH=/home/song/zed/install/zed_interfaces/lib/python3.9/site-packages:${PYTHONPATH} /home/song/.local/bin/cmake --install /home/song/zed/build/zed_components
[0.093s] -- Install configuration: "Release"
[0.093s] -- Execute custom install script
[0.094s] -- Up-to-date symlink: /home/song/zed/install/zed_components/lib/libzed_camera_component.so
[0.094s] -- Up-to-date symlink: /home/song/zed/install/zed_components/include/zed_components//cost_traversability.hpp
[0.094s] -- Up-to-date symlink: /home/song/zed/install/zed_components/include/zed_components//sl_types.hpp
[0.094s] -- Up-to-date symlink: /home/song/zed/install/zed_components/include/zed_components//zed_camera_component.hpp
[0.094s] -- Up-to-date symlink: /home/song/zed/install/zed_components/include/zed_components//sl_logging.hpp
[0.094s] -- Up-to-date symlink: /home/song/zed/install/zed_components/include/zed_components//sl_tools.hpp
[0.094s] -- Up-to-date symlink: /home/song/zed/install/zed_components/include/zed_components//sl_win_avg.hpp
[0.094s] -- Up-to-date symlink: /home/song/zed/install/zed_components/include/zed_components//visibility_control.hpp
[0.094s] -- Up-to-date symlink: /home/song/zed/install/zed_components/share/zed_components/environment/library_path.sh
[0.094s] -- Up-to-date symlink: /home/song/zed/install/zed_components/share/zed_components/environment/library_path.dsv
[0.094s] -- Up-to-date symlink: /home/song/zed/install/zed_components/share/ament_index/resource_index/package_run_dependencies/zed_components
[0.094s] -- Up-to-date symlink: /home/song/zed/install/zed_components/share/ament_index/resource_index/parent_prefix_path/zed_components
[0.095s] -- Up-to-date symlink: /home/song/zed/install/zed_components/share/zed_components/environment/ament_prefix_path.sh
[0.095s] -- Up-to-date symlink: /home/song/zed/install/zed_components/share/zed_components/environment/ament_prefix_path.dsv
[0.095s] -- Up-to-date symlink: /home/song/zed/install/zed_components/share/zed_components/environment/path.sh
[0.095s] -- Up-to-date symlink: /home/song/zed/install/zed_components/share/zed_components/environment/path.dsv
[0.095s] -- Up-to-date symlink: /home/song/zed/install/zed_components/share/zed_components/local_setup.bash
[0.095s] -- Up-to-date symlink: /home/song/zed/install/zed_components/share/zed_components/local_setup.sh
[0.095s] -- Up-to-date symlink: /home/song/zed/install/zed_components/share/zed_components/local_setup.zsh
[0.095s] -- Up-to-date symlink: /home/song/zed/install/zed_components/share/zed_components/local_setup.dsv
[0.095s] -- Symlinking: /home/song/zed/install/zed_components/share/zed_components/package.dsv
[0.099s] -- Up-to-date symlink: /home/song/zed/install/zed_components/share/ament_index/resource_index/packages/zed_components
[0.099s] -- Up-to-date symlink: /home/song/zed/install/zed_components/share/ament_index/resource_index/rclcpp_components/zed_components
[0.099s] -- Up-to-date symlink: /home/song/zed/install/zed_components/share/zed_components/cmake/ament_cmake_export_include_directories-extras.cmake
[0.099s] -- Up-to-date symlink: /home/song/zed/install/zed_components/share/zed_components/cmake/ament_cmake_export_libraries-extras.cmake
[0.099s] -- Up-to-date symlink: /home/song/zed/install/zed_components/share/zed_components/cmake/ament_cmake_export_dependencies-extras.cmake
[0.099s] -- Up-to-date symlink: /home/song/zed/install/zed_components/share/zed_components/cmake/zed_componentsConfig.cmake
[0.099s] -- Up-to-date symlink: /home/song/zed/install/zed_components/share/zed_components/cmake/zed_componentsConfig-version.cmake
[0.099s] -- Up-to-date symlink: /home/song/zed/install/zed_components/share/zed_components/package.xml
[0.102s] Invoked command in '/home/song/zed/build/zed_components' returned '0': AMENT_PREFIX_PATH=/home/song/zed/install/zed_interfaces:/home/song/zed/install/image_transport:${AMENT_PREFIX_PATH} CMAKE_PREFIX_PATH=/home/song/zed/install/zed_interfaces:/home/song/zed/install/image_transport:/home/song/ros-zed/install/zed_ros2:/home/song/ros-zed/install/zed_wrapper:/home/song/ros-zed/install/zed_components:/home/song/ros-zed/install/zed_interfaces:/home/song/ros-zed/install/image_common:/home/song/ros-zed/install/image_transport:/home/song/ros-zed/install/camera_info_manager:/home/song/ros-zed/install/camera_calibration_parsers:/opt/ros/foxy CONDA_PROMPT_MODIFIER=(base) LD_LIBRARY_PATH=/home/song/zed/install/zed_interfaces/lib:/home/song/zed/install/image_transport/lib:/home/song/ros-zed/install/zed_components/lib:/home/song/ros-zed/install/zed_interfaces/lib:/home/song/ros-zed/install/image_transport/lib:/home/song/ros-zed/install/camera_info_manager/lib:/home/song/ros-zed/install/camera_calibration_parsers/lib:/opt/ros/foxy/opt/yaml_cpp_vendor/lib:/opt/ros/foxy/opt/rviz_ogre_vendor/lib:/opt/ros/foxy/lib/x86_64-linux-gnu:/opt/ros/foxy/lib:/usr/local/cuda-11.8/lib64 PYTHONPATH=/home/song/zed/install/zed_interfaces/lib/python3.9/site-packages:${PYTHONPATH} /home/song/.local/bin/cmake --install /home/song/zed/build/zed_components
