[0.038s] Invoking command in '/home/song/steadylab/src/build/camera_calibration_parsers': CMAKE_PREFIX_PATH=${CMAKE_PREFIX_PATH}:/home/song/steadylab/install/yo:/home/song/steadylab/install/steadylab:/opt/ros/foxy CONDA_PROMPT_MODIFIER=(base) /usr/bin/cmake /home/song/steadylab/src/image_common/camera_calibration_parsers -DCMAKE_BUILD_TYPE=Release -DAMENT_CMAKE_SYMLINK_INSTALL=1 -DCMAKE_INSTALL_PREFIX=/home/song/steadylab/src/install/camera_calibration_parsers
[0.323s] -- The C compiler identification is GNU 9.4.0
[0.324s] -- The CXX compiler identification is GNU 9.4.0
[0.324s] -- Check for working C compiler: /usr/bin/cc
[0.324s] -- Check for working C compiler: /usr/bin/cc -- works
[0.324s] -- Detecting C compiler ABI info
[0.324s] -- Detecting C compiler ABI info - done
[0.324s] -- Detecting C compile features
[0.324s] -- Detecting C compile features - done
[0.324s] -- Check for working CXX compiler: /usr/bin/c++
[0.324s] -- Check for working CXX compiler: /usr/bin/c++ -- works
[0.324s] -- Detecting CXX compiler ABI info
[0.324s] -- Detecting CXX compiler ABI info - done
[0.324s] -- Detecting CXX compile features
[0.324s] -- Detecting CXX compile features - done
[0.324s] -- Found ament_cmake_ros: 0.9.2 (/opt/ros/foxy/share/ament_cmake_ros/cmake)
[0.339s] -- Found PythonInterp: /home/song/anaconda3/bin/python3 (found suitable version "3.9.13", minimum required is "3") 
[0.339s] -- Using PYTHON_EXECUTABLE: /home/song/anaconda3/bin/python3
[0.493s] -- Override CMake install command with custom implementation using symlinks instead of copying resources
[0.515s] -- Found rclcpp: 2.4.3 (/opt/ros/foxy/share/rclcpp/cmake)
[0.563s] -- Using all available rosidl_typesupport_c: rosidl_typesupport_fastrtps_c;rosidl_typesupport_introspection_c
[0.569s] -- Found rosidl_adapter: 1.3.1 (/opt/ros/foxy/share/rosidl_adapter/cmake)
[0.641s] -- Found OpenSSL: /usr/lib/x86_64-linux-gnu/libcrypto.so (found version "1.1.1f")  
[0.663s] -- Found FastRTPS: /opt/ros/foxy/include  
[0.727s] -- Using all available rosidl_typesupport_cpp: rosidl_typesupport_fastrtps_cpp;rosidl_typesupport_introspection_cpp
[0.788s] -- Found rmw_implementation_cmake: 1.0.4 (/opt/ros/foxy/share/rmw_implementation_cmake/cmake)
[0.791s] -- Using RMW implementation 'rmw_fastrtps_cpp' as default
[0.792s] -- Looking for pthread.h
[0.857s] -- Looking for pthread.h - found
[0.857s] -- Performing Test CMAKE_HAVE_LIBC_PTHREAD
[0.908s] -- Performing Test CMAKE_HAVE_LIBC_PTHREAD - Failed
[0.908s] -- Looking for pthread_create in pthreads
[0.952s] -- Looking for pthread_create in pthreads - not found
[0.952s] -- Looking for pthread_create in pthread
[1.006s] -- Looking for pthread_create in pthread - found
[1.008s] -- Found Threads: TRUE  
[1.114s] -- Found sensor_msgs: 2.0.5 (/opt/ros/foxy/share/sensor_msgs/cmake)
[1.194s] -- Found yaml_cpp_vendor: 7.0.3 (/opt/ros/foxy/share/yaml_cpp_vendor/cmake)
[1.194s] -- Setting yaml-cpp_DIR to: '/opt/ros/foxy/share/yaml_cpp_vendor/cmake/../../../opt/yaml_cpp_vendor/lib/cmake/yaml-cpp'
[1.198s] -- Found ament_cmake_cppcheck: 0.9.8 (/opt/ros/foxy/share/ament_cmake_cppcheck/cmake)
[1.199s] -- Found ament_cmake_cpplint: 0.9.8 (/opt/ros/foxy/share/ament_cmake_cpplint/cmake)
[1.200s] -- Found ament_cmake_lint_cmake: 0.9.8 (/opt/ros/foxy/share/ament_cmake_lint_cmake/cmake)
[1.201s] -- Found ament_cmake_uncrustify: 0.9.8 (/opt/ros/foxy/share/ament_cmake_uncrustify/cmake)
[1.203s] -- Found gtest sources under '/opt/ros/foxy/src/gtest_vendor': C++ tests using 'Google Test' will be built
[1.205s] -- Check if compiler accepts -pthread
[1.251s] -- Check if compiler accepts -pthread - yes
[1.308s] -- Configuring done
[1.322s] -- Generating done
[1.323s] -- Build files have been written to: /home/song/steadylab/src/build/camera_calibration_parsers
