[0.009s] Invoking command in '/home/song/zed/build/image_transport': CMAKE_PREFIX_PATH=${CMAKE_PREFIX_PATH}:/opt/ros/foxy CONDA_PROMPT_MODIFIER=(base) /home/song/.local/bin/cmake /home/song/zed/src/image_common/image_transport -DAMENT_CMAKE_SYMLINK_INSTALL=1 -DCMAKE_INSTALL_PREFIX=/home/song/zed/install/image_transport
[0.049s] -- The C compiler identification is GNU 9.4.0
[0.080s] -- The CXX compiler identification is GNU 9.4.0
[0.086s] -- Detecting C compiler ABI info
[0.117s] -- Detecting C compiler ABI info - done
[0.124s] -- Check for working C compiler: /usr/bin/cc - skipped
[0.124s] -- Detecting C compile features
[0.124s] -- Detecting C compile features - done
[0.126s] -- Detecting CXX compiler ABI info
[0.164s] -- Detecting CXX compiler ABI info - done
[0.171s] -- Check for working CXX compiler: /usr/bin/c++ - skipped
[0.171s] -- Detecting CXX compile features
[0.171s] -- Detecting CXX compile features - done
[0.172s] -- Found ament_cmake_ros: 0.9.2 (/opt/ros/foxy/share/ament_cmake_ros/cmake)
[0.192s] -- Found PythonInterp: /home/song/anaconda3/bin/python3 (found suitable version "3.9.13", minimum required is "3") 
[0.192s] -- Using PYTHON_EXECUTABLE: /home/song/anaconda3/bin/python3
[0.311s] -- Override CMake install command with custom implementation using symlinks instead of copying resources
[0.323s] -- Found message_filters: 3.2.7 (/opt/ros/foxy/share/message_filters/cmake)
[0.325s] -- Found pluginlib: 2.5.4 (/opt/ros/foxy/share/pluginlib/cmake)
[0.350s] -- Found rclcpp: 2.4.3 (/opt/ros/foxy/share/rclcpp/cmake)
[0.367s] -- Using all available rosidl_typesupport_c: rosidl_typesupport_fastrtps_c;rosidl_typesupport_introspection_c
[0.371s] -- Found rosidl_adapter: 1.3.1 (/opt/ros/foxy/share/rosidl_adapter/cmake)
[0.413s] -- Found OpenSSL: /usr/lib/x86_64-linux-gnu/libcrypto.so (found version "1.1.1f")  
[0.432s] -- Found FastRTPS: /opt/ros/foxy/include  
[0.476s] -- Using all available rosidl_typesupport_cpp: rosidl_typesupport_fastrtps_cpp;rosidl_typesupport_introspection_cpp
[0.507s] -- Found rmw_implementation_cmake: 1.0.4 (/opt/ros/foxy/share/rmw_implementation_cmake/cmake)
[0.508s] -- Using RMW implementation 'rmw_fastrtps_cpp' as default
[0.508s] -- Performing Test CMAKE_HAVE_LIBC_PTHREAD
[0.542s] -- Performing Test CMAKE_HAVE_LIBC_PTHREAD - Failed
[0.542s] -- Looking for pthread_create in pthreads
[0.568s] -- Looking for pthread_create in pthreads - not found
[0.568s] -- Looking for pthread_create in pthread
[0.602s] -- Looking for pthread_create in pthread - found
[0.603s] -- Found Threads: TRUE  
[0.681s] -- Found sensor_msgs: 2.0.5 (/opt/ros/foxy/share/sensor_msgs/cmake)
[0.745s] -- Found gtest sources under '/opt/ros/foxy/src/gtest_vendor': C++ tests using 'Google Test' will be built
[0.746s] -- Check if compiler accepts -pthread
[0.780s] -- Check if compiler accepts -pthread - yes
[0.830s] -- Configuring done (0.8s)
[0.853s] -- Generating done (0.0s)
[0.854s] -- Build files have been written to: /home/song/zed/build/image_transport
[0.861s] Invoked command in '/home/song/zed/build/image_transport' returned '0': CMAKE_PREFIX_PATH=${CMAKE_PREFIX_PATH}:/opt/ros/foxy CONDA_PROMPT_MODIFIER=(base) /home/song/.local/bin/cmake /home/song/zed/src/image_common/image_transport -DAMENT_CMAKE_SYMLINK_INSTALL=1 -DCMAKE_INSTALL_PREFIX=/home/song/zed/install/image_transport
[0.862s] Invoking command in '/home/song/zed/build/image_transport': CMAKE_PREFIX_PATH=${CMAKE_PREFIX_PATH}:/opt/ros/foxy CONDA_PROMPT_MODIFIER=(base) /home/song/.local/bin/cmake --build /home/song/zed/build/image_transport -- -j20 -l20
[0.891s] [  3%] [32mBuilding CXX object CMakeFiles/image_transport.dir/src/camera_common.cpp.o[0m
[0.892s] [  6%] [32mBuilding CXX object CMakeFiles/image_transport.dir/src/publisher.cpp.o[0m
[0.892s] [ 10%] [32mBuilding CXX object CMakeFiles/image_transport.dir/src/subscriber.cpp.o[0m
[0.892s] [ 13%] [32mBuilding CXX object CMakeFiles/image_transport.dir/src/single_subscriber_publisher.cpp.o[0m
[0.892s] [ 16%] [32mBuilding CXX object CMakeFiles/image_transport.dir/src/camera_publisher.cpp.o[0m
[0.892s] [ 23%] [32mBuilding CXX object gtest/CMakeFiles/gtest_main.dir/src/gtest_main.cc.o[0m
[0.892s] [ 23%] [32mBuilding CXX object CMakeFiles/image_transport.dir/src/camera_subscriber.cpp.o[0m
[0.893s] [ 26%] [32mBuilding CXX object CMakeFiles/image_transport.dir/src/image_transport.cpp.o[0m
[0.893s] [ 30%] [32mBuilding CXX object gtest/CMakeFiles/gtest.dir/src/gtest-all.cc.o[0m
[1.625s] [ 33%] [32m[1mLinking CXX static library libgtest_main.a[0m
[1.634s] [ 33%] Built target gtest_main
[2.973s] [ 36%] [32m[1mLinking CXX static library libgtest.a[0m
[2.994s] [ 36%] Built target gtest
[5.419s] [ 40%] [32m[1mLinking CXX shared library libimage_transport.so[0m
[5.653s] [ 40%] Built target image_transport
[5.659s] [ 43%] [32mBuilding CXX object CMakeFiles/image_transport_plugins.dir/src/manifest.cpp.o[0m
[5.659s] [ 50%] [32mBuilding CXX object CMakeFiles/image_transport-camera_common.dir/test/test_camera_common.cpp.o[0m
[5.659s] [ 50%] [32mBuilding CXX object CMakeFiles/list_transports.dir/src/list_transports.cpp.o[0m
[5.659s] [ 53%] [32mBuilding CXX object CMakeFiles/image_transport-publisher.dir/test/test_publisher.cpp.o[0m
[5.659s] [ 56%] [32mBuilding CXX object CMakeFiles/image_transport-subscriber.dir/test/test_subscriber.cpp.o[0m
[5.660s] [ 60%] [32mBuilding CXX object CMakeFiles/republish.dir/src/republish.cpp.o[0m
[5.660s] [ 63%] [32mBuilding CXX object CMakeFiles/image_transport-remapping.dir/test/test_remapping.cpp.o[0m
[5.660s] [ 66%] [32mBuilding CXX object CMakeFiles/image_transport-message_passing.dir/test/test_message_passing.cpp.o[0m
[5.660s] [ 70%] [32mBuilding CXX object CMakeFiles/image_transport-single_subscriber_publisher.dir/test/test_single_subscriber_publisher.cpp.o[0m
[6.086s] [ 73%] [32m[1mLinking CXX executable image_transport-camera_common[0m
[6.240s] [ 73%] Built target image_transport-camera_common
[7.025s] [ 76%] [32m[1mLinking CXX executable image_transport-publisher[0m
[7.140s] [ 80%] [32m[1mLinking CXX executable image_transport-remapping[0m
[7.201s] [ 80%] Built target image_transport-publisher
[7.310s] [ 80%] Built target image_transport-remapping
[7.440s] [ 83%] [32m[1mLinking CXX executable image_transport-message_passing[0m
[7.604s] [ 83%] Built target image_transport-message_passing
[7.643s] [ 86%] [32m[1mLinking CXX executable image_transport-single_subscriber_publisher[0m
[7.764s] [ 90%] [32m[1mLinking CXX executable image_transport-subscriber[0m
[7.803s] [ 90%] Built target image_transport-single_subscriber_publisher
[7.918s] [ 90%] Built target image_transport-subscriber
[8.206s] [ 93%] [32m[1mLinking CXX executable list_transports[0m
[8.336s] [ 93%] Built target list_transports
[8.472s] [ 96%] [32m[1mLinking CXX shared library libimage_transport_plugins.so[0m
[8.518s] [100%] [32m[1mLinking CXX executable republish[0m
[8.602s] [100%] Built target image_transport_plugins
[8.656s] [100%] Built target republish
[8.663s] Invoked command in '/home/song/zed/build/image_transport' returned '0': CMAKE_PREFIX_PATH=${CMAKE_PREFIX_PATH}:/opt/ros/foxy CONDA_PROMPT_MODIFIER=(base) /home/song/.local/bin/cmake --build /home/song/zed/build/image_transport -- -j20 -l20
[8.705s] Invoking command in '/home/song/zed/build/image_transport': CMAKE_PREFIX_PATH=${CMAKE_PREFIX_PATH}:/opt/ros/foxy CONDA_PROMPT_MODIFIER=(base) /home/song/.local/bin/cmake --install /home/song/zed/build/image_transport
[8.719s] -- Install configuration: ""
[8.719s] -- Execute custom install script
[8.720s] -- Symlinking: /home/song/zed/install/image_transport/share/image_transport//default_plugins.xml
[8.721s] -- Symlinking: /home/song/zed/install/image_transport/lib/libimage_transport.so
[8.723s] -- Symlinking: /home/song/zed/install/image_transport/lib/libimage_transport_plugins.so
[8.725s] -- Symlinking: /home/song/zed/install/image_transport/lib/image_transport/list_transports
[8.726s] -- Symlinking: /home/song/zed/install/image_transport/lib/image_transport/republish
[8.728s] -- Symlinking: /home/song/zed/install/image_transport/include/image_transport/camera_common.h
[8.729s] -- Symlinking: /home/song/zed/install/image_transport/include/image_transport/camera_common.hpp
[8.730s] -- Symlinking: /home/song/zed/install/image_transport/include/image_transport/camera_publisher.h
[8.732s] -- Symlinking: /home/song/zed/install/image_transport/include/image_transport/camera_publisher.hpp
[8.733s] -- Symlinking: /home/song/zed/install/image_transport/include/image_transport/camera_subscriber.h
[8.735s] -- Symlinking: /home/song/zed/install/image_transport/include/image_transport/camera_subscriber.hpp
[8.736s] -- Symlinking: /home/song/zed/install/image_transport/include/image_transport/exception.h
[8.737s] -- Symlinking: /home/song/zed/install/image_transport/include/image_transport/exception.hpp
[8.739s] -- Symlinking: /home/song/zed/install/image_transport/include/image_transport/image_transport.h
[8.740s] -- Symlinking: /home/song/zed/install/image_transport/include/image_transport/image_transport.hpp
[8.741s] -- Symlinking: /home/song/zed/install/image_transport/include/image_transport/loader_fwds.h
[8.743s] -- Symlinking: /home/song/zed/install/image_transport/include/image_transport/loader_fwds.hpp
[8.744s] -- Symlinking: /home/song/zed/install/image_transport/include/image_transport/publisher.h
[8.745s] -- Symlinking: /home/song/zed/install/image_transport/include/image_transport/publisher.hpp
[8.746s] -- Symlinking: /home/song/zed/install/image_transport/include/image_transport/publisher_plugin.h
[8.748s] -- Symlinking: /home/song/zed/install/image_transport/include/image_transport/publisher_plugin.hpp
[8.749s] -- Symlinking: /home/song/zed/install/image_transport/include/image_transport/raw_publisher.h
[8.751s] -- Symlinking: /home/song/zed/install/image_transport/include/image_transport/raw_publisher.hpp
[8.752s] -- Symlinking: /home/song/zed/install/image_transport/include/image_transport/raw_subscriber.h
[8.753s] -- Symlinking: /home/song/zed/install/image_transport/include/image_transport/raw_subscriber.hpp
[8.754s] -- Symlinking: /home/song/zed/install/image_transport/include/image_transport/simple_publisher_plugin.h
[8.756s] -- Symlinking: /home/song/zed/install/image_transport/include/image_transport/simple_publisher_plugin.hpp
[8.757s] -- Symlinking: /home/song/zed/install/image_transport/include/image_transport/simple_subscriber_plugin.h
[8.758s] -- Symlinking: /home/song/zed/install/image_transport/include/image_transport/simple_subscriber_plugin.hpp
[8.760s] -- Symlinking: /home/song/zed/install/image_transport/include/image_transport/single_subscriber_publisher.h
[8.761s] -- Symlinking: /home/song/zed/install/image_transport/include/image_transport/single_subscriber_publisher.hpp
[8.762s] -- Symlinking: /home/song/zed/install/image_transport/include/image_transport/subscriber.h
[8.763s] -- Symlinking: /home/song/zed/install/image_transport/include/image_transport/subscriber.hpp
[8.765s] -- Symlinking: /home/song/zed/install/image_transport/include/image_transport/subscriber_filter.h
[8.766s] -- Symlinking: /home/song/zed/install/image_transport/include/image_transport/subscriber_filter.hpp
[8.767s] -- Symlinking: /home/song/zed/install/image_transport/include/image_transport/subscriber_plugin.h
[8.769s] -- Symlinking: /home/song/zed/install/image_transport/include/image_transport/subscriber_plugin.hpp
[8.770s] -- Symlinking: /home/song/zed/install/image_transport/include/image_transport/transport_hints.h
[8.771s] -- Symlinking: /home/song/zed/install/image_transport/include/image_transport/transport_hints.hpp
[8.773s] -- Symlinking: /home/song/zed/install/image_transport/include/image_transport/visibility_control.hpp
[8.774s] -- Symlinking: /home/song/zed/install/image_transport/share/image_transport/environment/library_path.sh
[8.775s] -- Symlinking: /home/song/zed/install/image_transport/share/image_transport/environment/library_path.dsv
[8.777s] -- Symlinking: /home/song/zed/install/image_transport/share/ament_index/resource_index/package_run_dependencies/image_transport
[8.778s] -- Symlinking: /home/song/zed/install/image_transport/share/ament_index/resource_index/parent_prefix_path/image_transport
[8.779s] -- Symlinking: /home/song/zed/install/image_transport/share/image_transport/environment/ament_prefix_path.sh
[8.781s] -- Symlinking: /home/song/zed/install/image_transport/share/image_transport/environment/ament_prefix_path.dsv
[8.782s] -- Symlinking: /home/song/zed/install/image_transport/share/image_transport/environment/path.sh
[8.783s] -- Symlinking: /home/song/zed/install/image_transport/share/image_transport/environment/path.dsv
[8.785s] -- Symlinking: /home/song/zed/install/image_transport/share/image_transport/local_setup.bash
[8.786s] -- Symlinking: /home/song/zed/install/image_transport/share/image_transport/local_setup.sh
[8.787s] -- Symlinking: /home/song/zed/install/image_transport/share/image_transport/local_setup.zsh
[8.789s] -- Symlinking: /home/song/zed/install/image_transport/share/image_transport/local_setup.dsv
[8.790s] -- Symlinking: /home/song/zed/install/image_transport/share/image_transport/package.dsv
[8.792s] -- Symlinking: /home/song/zed/install/image_transport/share/ament_index/resource_index/packages/image_transport
[8.793s] -- Symlinking: /home/song/zed/install/image_transport/share/ament_index/resource_index/image_transport__pluginlib__plugin/image_transport
[8.795s] -- Symlinking: /home/song/zed/install/image_transport/share/image_transport/cmake/ament_cmake_export_include_directories-extras.cmake
[8.796s] -- Symlinking: /home/song/zed/install/image_transport/share/image_transport/cmake/ament_cmake_export_libraries-extras.cmake
[8.798s] -- Symlinking: /home/song/zed/install/image_transport/share/image_transport/cmake/ament_cmake_export_dependencies-extras.cmake
[8.799s] -- Symlinking: /home/song/zed/install/image_transport/share/image_transport/cmake/image_transportConfig.cmake
[8.800s] -- Symlinking: /home/song/zed/install/image_transport/share/image_transport/cmake/image_transportConfig-version.cmake
[8.802s] -- Symlinking: /home/song/zed/install/image_transport/share/image_transport/package.xml
[8.807s] Invoked command in '/home/song/zed/build/image_transport' returned '0': CMAKE_PREFIX_PATH=${CMAKE_PREFIX_PATH}:/opt/ros/foxy CONDA_PROMPT_MODIFIER=(base) /home/song/.local/bin/cmake --install /home/song/zed/build/image_transport
