[0.024s] Invoking command in '/home/song/steadylab/build/rviz_plugin_zed_od': AMENT_PREFIX_PATH=/home/song/steadylab/install/zed_interfaces:${AMENT_PREFIX_PATH} CMAKE_PREFIX_PATH=/home/song/steadylab/install/zed_interfaces:/home/song/zed/install/zed_ros2:/home/song/zed/install/zed_multi_camera:/home/song/zed/install/zed_display_rviz2:/home/song/zed/install/zed_wrapper:/home/song/zed/install/zed_tutorial_video:/home/song/zed/install/zed_tutorial_pos_tracking:/home/song/zed/install/zed_tutorial_depth:/home/song/zed/install/zed_topic_benchmark_interfaces:/home/song/zed/install/zed_rgb_convert:/home/song/zed/install/zed_components:/home/song/zed/install/rviz_plugin_zed_od:/home/song/zed/install/zed_interfaces:/home/song/zed/install/image_common:/home/song/zed/install/image_transport:/home/song/zed/install/camera_info_manager:/home/song/zed/install/camera_calibration_parsers:/home/song/zed/install/steadylab:/opt/ros/foxy CONDA_PROMPT_MODIFIER=(base) LD_LIBRARY_PATH=/home/song/steadylab/install/zed_interfaces/lib:/home/song/zed/install/zed_topic_benchmark_interfaces/lib:/home/song/zed/install/zed_rgb_convert/lib:/home/song/zed/install/zed_components/lib:/home/song/zed/install/rviz_plugin_zed_od/lib:/home/song/zed/install/zed_interfaces/lib:/home/song/zed/install/image_transport/lib:/home/song/zed/install/camera_info_manager/lib:/home/song/zed/install/camera_calibration_parsers/lib:/opt/ros/foxy/opt/yaml_cpp_vendor/lib:/opt/ros/foxy/opt/rviz_ogre_vendor/lib:/opt/ros/foxy/lib/x86_64-linux-gnu:/opt/ros/foxy/lib:/usr/local/cuda-11.8/lib64 PYTHONPATH=/home/song/steadylab/install/zed_interfaces/lib/python3.9/site-packages:${PYTHONPATH} /home/song/.local/bin/cmake /home/song/steadylab/src/zed-ros2-examples/rviz-plugin-zed-od -DAMENT_CMAKE_SYMLINK_INSTALL=1 -DCMAKE_INSTALL_PREFIX=/home/song/steadylab/install/rviz_plugin_zed_od
[0.066s] -- The C compiler identification is GNU 9.4.0
[0.100s] -- The CXX compiler identification is GNU 9.4.0
[0.107s] -- Detecting C compiler ABI info
[0.141s] -- Detecting C compiler ABI info - done
[0.148s] -- Check for working C compiler: /usr/bin/cc - skipped
[0.148s] -- Detecting C compile features
[0.148s] -- Detecting C compile features - done
[0.150s] -- Detecting CXX compiler ABI info
[0.189s] -- Detecting CXX compiler ABI info - done
[0.198s] -- Check for working CXX compiler: /usr/bin/c++ - skipped
[0.198s] -- Detecting CXX compile features
[0.199s] -- Detecting CXX compile features - done
[0.199s] -- Enabling tests requiring a display
[0.199s] -- Found ament_cmake_auto: 0.9.12 (/opt/ros/foxy/share/ament_cmake_auto/cmake)
[0.218s] -- Found PythonInterp: /home/song/anaconda3/bin/python3 (found suitable version "3.9.13", minimum required is "3") 
[0.218s] -- Using PYTHON_EXECUTABLE: /home/song/anaconda3/bin/python3
[0.349s] -- Override CMake install command with custom implementation using symlinks instead of copying resources
[0.414s] -- Setting OGRE_DIR to: '/opt/ros/foxy/share/rviz_ogre_vendor/cmake/../../../opt/rviz_ogre_vendor/lib/OGRE/cmake'
[0.415s] -- Found OGRE
[0.415s] --   static     : OFF
[0.415s] --   components : HLMS;MeshLodGenerator;Overlay;Paging;Property;RTShaderSystem;Terrain;Volume
[0.415s] --   plugins    : Plugin_BSPSceneManager;Plugin_OctreeSceneManager;Plugin_PCZSceneManager;Plugin_ParticleFX;RenderSystem_GL;RenderSystem_GL3Plus;Codec_STBI
[0.415s] --   media      : /opt/ros/foxy/opt/rviz_ogre_vendor/share/OGRE/Media
[0.415s] -- OGRE_LIBRARIES: OgreHLMS;OgreMeshLodGenerator;OgreOverlay;OgrePaging;OgreProperty;OgreRTShaderSystem;OgreTerrain;OgreVolume;OgreMain
[0.415s] -- OGRE_LIBRARY_DIRS: /opt/ros/foxy/opt/rviz_ogre_vendor/lib
[0.415s] -- OGRE_PLUGINS: Plugin_BSPSceneManager;Plugin_OctreeSceneManager;Plugin_PCZSceneManager;Plugin_ParticleFX;RenderSystem_GL;RenderSystem_GL3Plus;Codec_STBI
[0.415s] -- OGRE_PLUGIN_DIR: /opt/ros/foxy/opt/rviz_ogre_vendor/lib/OGRE
[0.416s] -- rviz_ogre_vendor::OgreOverlay for IMPORTED_LOCATION_RELEASE: /opt/ros/foxy/opt/rviz_ogre_vendor/lib/libOgreOverlay.so
[0.416s] -- rviz_ogre_vendor::OgreOverlay for IMPORTED_LOCATION_DEBUG: /opt/ros/foxy/opt/rviz_ogre_vendor/lib/libOgreOverlay.so
[0.416s] -- rviz_ogre_vendor::OgreMain for IMPORTED_LOCATION_RELEASE: /opt/ros/foxy/opt/rviz_ogre_vendor/lib/libOgreMain.so
[0.416s] -- rviz_ogre_vendor::OgreMain for IMPORTED_LOCATION_DEBUG: /opt/ros/foxy/opt/rviz_ogre_vendor/lib/libOgreMain.so
[0.423s] -- Could not find freeimage library
[0.449s] -- Found ZLIB: /usr/lib/x86_64-linux-gnu/libz.so (found version "1.2.11")  
[0.457s] -- Found OpenGL: /usr/lib/x86_64-linux-gnu/libOpenGL.so   
[0.534s] -- Found X11: /usr/include   
[0.534s] -- Looking for XOpenDisplay in /usr/lib/x86_64-linux-gnu/libX11.so;/usr/lib/x86_64-linux-gnu/libXext.so
[0.569s] -- Looking for XOpenDisplay in /usr/lib/x86_64-linux-gnu/libX11.so;/usr/lib/x86_64-linux-gnu/libXext.so - found
[0.569s] -- Looking for gethostbyname
[0.603s] -- Looking for gethostbyname - found
[0.603s] -- Looking for connect
[0.637s] -- Looking for connect - found
[0.638s] -- Looking for remove
[0.670s] -- Looking for remove - found
[0.670s] -- Looking for shmat
[0.703s] -- Looking for shmat - found
[0.703s] -- Looking for IceConnectionNumber in ICE
[0.736s] -- Looking for IceConnectionNumber in ICE - found
[0.738s] -- rviz_ogre_vendor::RenderSystem_GL for IMPORTED_LOCATION_RELEASE: _render_system_gl_static_library_abs-NOTFOUND
[0.738s] -- rviz_ogre_vendor::RenderSystem_GL for IMPORTED_LOCATION_DEBUG: _render_system_gl_static_library_abs-NOTFOUND
[0.751s] -- Using all available rosidl_typesupport_c: rosidl_typesupport_fastrtps_c;rosidl_typesupport_introspection_c
[0.755s] -- Found rosidl_adapter: 1.3.1 (/opt/ros/foxy/share/rosidl_adapter/cmake)
[0.800s] -- Found OpenSSL: /usr/lib/x86_64-linux-gnu/libcrypto.so (found version "1.1.1f")  
[0.818s] -- Found FastRTPS: /opt/ros/foxy/include  
[0.867s] -- Using all available rosidl_typesupport_cpp: rosidl_typesupport_fastrtps_cpp;rosidl_typesupport_introspection_cpp
[1.030s] -- Found rviz_common: 8.2.8 (/opt/ros/foxy/share/rviz_common/cmake)
[1.058s] -- library: libassimp.so.5
[1.111s] -- library: /usr/lib/x86_64-linux-gnu/libcurl.so
[1.159s] -- Found rmw_implementation_cmake: 1.0.4 (/opt/ros/foxy/share/rmw_implementation_cmake/cmake)
[1.160s] -- Using RMW implementation 'rmw_fastrtps_cpp' as default
[1.160s] -- Performing Test CMAKE_HAVE_LIBC_PTHREAD
[1.196s] -- Performing Test CMAKE_HAVE_LIBC_PTHREAD - Failed
[1.196s] -- Looking for pthread_create in pthreads
[1.223s] -- Looking for pthread_create in pthreads - not found
[1.223s] -- Looking for pthread_create in pthread
[1.258s] -- Looking for pthread_create in pthread - found
[1.259s] -- Found Threads: TRUE  
[1.405s] -- Found Eigen3: TRUE (found version "3.3.7") 
[1.642s] -- Setting yaml-cpp_DIR to: '/opt/ros/foxy/share/yaml_cpp_vendor/cmake/../../../opt/yaml_cpp_vendor/lib/cmake/yaml-cpp'
[1.646s] -- Found ament_lint_auto: 0.9.8 (/opt/ros/foxy/share/ament_lint_auto/cmake)
[1.666s] -- Added test 'copyright' to check source files copyright and LICENSE
[1.667s] -- Added test 'cppcheck' to perform static code analysis on C / C++ code
[1.667s] -- Configured cppcheck include dirs: /home/song/steadylab/src/zed-ros2-examples/rviz-plugin-zed-od/src/include;/home/song/steadylab/src/zed-ros2-examples/rviz-plugin-zed-od/src/plugin/include;$<BUILD_INTERFACE:/home/song/steadylab/src/zed-ros2-examples/rviz-plugin-zed-od/include>
[1.667s] -- Configured cppcheck exclude dirs and/or files: 
[1.668s] -- Added test 'cpplint' to check C / C++ code against the Google style
[1.668s] -- Configured cpplint exclude dirs and/or files: 
[1.669s] -- Added test 'lint_cmake' to check CMake code style
[1.669s] -- Added test 'uncrustify' to check C / C++ code style
[1.670s] -- Configured uncrustify additional arguments: 
[1.670s] -- Added test 'xmllint' to check XML markup files
[1.672s] -- Configuring done (1.6s)
[1.709s] [33mCMake Warning at CMakeLists.txt:138 (add_library):
[1.709s]   Cannot generate a safe runtime search path for target rviz_plugin_zed_od
[1.709s]   because files in some directories may conflict with libraries in implicit
[1.709s]   directories:
[1.709s] 
[1.710s]     runtime library [libfreetype.so.6] in /usr/lib/x86_64-linux-gnu may be hidden by files in:
[1.710s]       /home/song/anaconda3/lib
[1.710s]     runtime library [libz.so.1] in /usr/lib/x86_64-linux-gnu may be hidden by files in:
[1.710s]       /home/song/anaconda3/lib
[1.710s]     runtime library [libcurl.so.4] in /usr/lib/x86_64-linux-gnu may be hidden by files in:
[1.710s]       /home/song/anaconda3/lib
[1.710s] 
[1.710s]   Some of these libraries may not be found correctly.
[1.710s] 
[1.710s] [0m
[1.710s] -- Generating done (0.0s)
[1.712s] -- Build files have been written to: /home/song/steadylab/build/rviz_plugin_zed_od
[1.722s] Invoked command in '/home/song/steadylab/build/rviz_plugin_zed_od' returned '0': AMENT_PREFIX_PATH=/home/song/steadylab/install/zed_interfaces:${AMENT_PREFIX_PATH} CMAKE_PREFIX_PATH=/home/song/steadylab/install/zed_interfaces:/home/song/zed/install/zed_ros2:/home/song/zed/install/zed_multi_camera:/home/song/zed/install/zed_display_rviz2:/home/song/zed/install/zed_wrapper:/home/song/zed/install/zed_tutorial_video:/home/song/zed/install/zed_tutorial_pos_tracking:/home/song/zed/install/zed_tutorial_depth:/home/song/zed/install/zed_topic_benchmark_interfaces:/home/song/zed/install/zed_rgb_convert:/home/song/zed/install/zed_components:/home/song/zed/install/rviz_plugin_zed_od:/home/song/zed/install/zed_interfaces:/home/song/zed/install/image_common:/home/song/zed/install/image_transport:/home/song/zed/install/camera_info_manager:/home/song/zed/install/camera_calibration_parsers:/home/song/zed/install/steadylab:/opt/ros/foxy CONDA_PROMPT_MODIFIER=(base) LD_LIBRARY_PATH=/home/song/steadylab/install/zed_interfaces/lib:/home/song/zed/install/zed_topic_benchmark_interfaces/lib:/home/song/zed/install/zed_rgb_convert/lib:/home/song/zed/install/zed_components/lib:/home/song/zed/install/rviz_plugin_zed_od/lib:/home/song/zed/install/zed_interfaces/lib:/home/song/zed/install/image_transport/lib:/home/song/zed/install/camera_info_manager/lib:/home/song/zed/install/camera_calibration_parsers/lib:/opt/ros/foxy/opt/yaml_cpp_vendor/lib:/opt/ros/foxy/opt/rviz_ogre_vendor/lib:/opt/ros/foxy/lib/x86_64-linux-gnu:/opt/ros/foxy/lib:/usr/local/cuda-11.8/lib64 PYTHONPATH=/home/song/steadylab/install/zed_interfaces/lib/python3.9/site-packages:${PYTHONPATH} /home/song/.local/bin/cmake /home/song/steadylab/src/zed-ros2-examples/rviz-plugin-zed-od -DAMENT_CMAKE_SYMLINK_INSTALL=1 -DCMAKE_INSTALL_PREFIX=/home/song/steadylab/install/rviz_plugin_zed_od
[1.723s] Invoking command in '/home/song/steadylab/build/rviz_plugin_zed_od': AMENT_PREFIX_PATH=/home/song/steadylab/install/zed_interfaces:${AMENT_PREFIX_PATH} CMAKE_PREFIX_PATH=/home/song/steadylab/install/zed_interfaces:/home/song/zed/install/zed_ros2:/home/song/zed/install/zed_multi_camera:/home/song/zed/install/zed_display_rviz2:/home/song/zed/install/zed_wrapper:/home/song/zed/install/zed_tutorial_video:/home/song/zed/install/zed_tutorial_pos_tracking:/home/song/zed/install/zed_tutorial_depth:/home/song/zed/install/zed_topic_benchmark_interfaces:/home/song/zed/install/zed_rgb_convert:/home/song/zed/install/zed_components:/home/song/zed/install/rviz_plugin_zed_od:/home/song/zed/install/zed_interfaces:/home/song/zed/install/image_common:/home/song/zed/install/image_transport:/home/song/zed/install/camera_info_manager:/home/song/zed/install/camera_calibration_parsers:/home/song/zed/install/steadylab:/opt/ros/foxy CONDA_PROMPT_MODIFIER=(base) LD_LIBRARY_PATH=/home/song/steadylab/install/zed_interfaces/lib:/home/song/zed/install/zed_topic_benchmark_interfaces/lib:/home/song/zed/install/zed_rgb_convert/lib:/home/song/zed/install/zed_components/lib:/home/song/zed/install/rviz_plugin_zed_od/lib:/home/song/zed/install/zed_interfaces/lib:/home/song/zed/install/image_transport/lib:/home/song/zed/install/camera_info_manager/lib:/home/song/zed/install/camera_calibration_parsers/lib:/opt/ros/foxy/opt/yaml_cpp_vendor/lib:/opt/ros/foxy/opt/rviz_ogre_vendor/lib:/opt/ros/foxy/lib/x86_64-linux-gnu:/opt/ros/foxy/lib:/usr/local/cuda-11.8/lib64 PYTHONPATH=/home/song/steadylab/install/zed_interfaces/lib/python3.9/site-packages:${PYTHONPATH} /home/song/.local/bin/cmake --build /home/song/steadylab/build/rviz_plugin_zed_od -- -j20 -l20
[1.752s] [ 20%] [34m[1mAutomatic MOC and UIC for target rviz_plugin_zed_od[0m
[2.054s] [ 20%] Built target rviz_plugin_zed_od_autogen
[2.059s] [ 40%] [32mBuilding CXX object CMakeFiles/rviz_plugin_zed_od.dir/rviz_plugin_zed_od_autogen/mocs_compilation.cpp.o[0m
[2.059s] [ 60%] [32mBuilding CXX object CMakeFiles/rviz_plugin_zed_od.dir/src/plugin/src/zed_od_display.cpp.o[0m
[2.060s] [ 80%] [32mBuilding CXX object CMakeFiles/rviz_plugin_zed_od.dir/src/plugin/src/zed_od_info.cpp.o[0m
[6.955s] [100%] [32m[1mLinking CXX shared library librviz_plugin_zed_od.so[0m
[7.622s] [100%] Built target rviz_plugin_zed_od
[7.629s] Invoked command in '/home/song/steadylab/build/rviz_plugin_zed_od' returned '0': AMENT_PREFIX_PATH=/home/song/steadylab/install/zed_interfaces:${AMENT_PREFIX_PATH} CMAKE_PREFIX_PATH=/home/song/steadylab/install/zed_interfaces:/home/song/zed/install/zed_ros2:/home/song/zed/install/zed_multi_camera:/home/song/zed/install/zed_display_rviz2:/home/song/zed/install/zed_wrapper:/home/song/zed/install/zed_tutorial_video:/home/song/zed/install/zed_tutorial_pos_tracking:/home/song/zed/install/zed_tutorial_depth:/home/song/zed/install/zed_topic_benchmark_interfaces:/home/song/zed/install/zed_rgb_convert:/home/song/zed/install/zed_components:/home/song/zed/install/rviz_plugin_zed_od:/home/song/zed/install/zed_interfaces:/home/song/zed/install/image_common:/home/song/zed/install/image_transport:/home/song/zed/install/camera_info_manager:/home/song/zed/install/camera_calibration_parsers:/home/song/zed/install/steadylab:/opt/ros/foxy CONDA_PROMPT_MODIFIER=(base) LD_LIBRARY_PATH=/home/song/steadylab/install/zed_interfaces/lib:/home/song/zed/install/zed_topic_benchmark_interfaces/lib:/home/song/zed/install/zed_rgb_convert/lib:/home/song/zed/install/zed_components/lib:/home/song/zed/install/rviz_plugin_zed_od/lib:/home/song/zed/install/zed_interfaces/lib:/home/song/zed/install/image_transport/lib:/home/song/zed/install/camera_info_manager/lib:/home/song/zed/install/camera_calibration_parsers/lib:/opt/ros/foxy/opt/yaml_cpp_vendor/lib:/opt/ros/foxy/opt/rviz_ogre_vendor/lib:/opt/ros/foxy/lib/x86_64-linux-gnu:/opt/ros/foxy/lib:/usr/local/cuda-11.8/lib64 PYTHONPATH=/home/song/steadylab/install/zed_interfaces/lib/python3.9/site-packages:${PYTHONPATH} /home/song/.local/bin/cmake --build /home/song/steadylab/build/rviz_plugin_zed_od -- -j20 -l20
[7.661s] Invoking command in '/home/song/steadylab/build/rviz_plugin_zed_od': AMENT_PREFIX_PATH=/home/song/steadylab/install/zed_interfaces:${AMENT_PREFIX_PATH} CMAKE_PREFIX_PATH=/home/song/steadylab/install/zed_interfaces:/home/song/zed/install/zed_ros2:/home/song/zed/install/zed_multi_camera:/home/song/zed/install/zed_display_rviz2:/home/song/zed/install/zed_wrapper:/home/song/zed/install/zed_tutorial_video:/home/song/zed/install/zed_tutorial_pos_tracking:/home/song/zed/install/zed_tutorial_depth:/home/song/zed/install/zed_topic_benchmark_interfaces:/home/song/zed/install/zed_rgb_convert:/home/song/zed/install/zed_components:/home/song/zed/install/rviz_plugin_zed_od:/home/song/zed/install/zed_interfaces:/home/song/zed/install/image_common:/home/song/zed/install/image_transport:/home/song/zed/install/camera_info_manager:/home/song/zed/install/camera_calibration_parsers:/home/song/zed/install/steadylab:/opt/ros/foxy CONDA_PROMPT_MODIFIER=(base) LD_LIBRARY_PATH=/home/song/steadylab/install/zed_interfaces/lib:/home/song/zed/install/zed_topic_benchmark_interfaces/lib:/home/song/zed/install/zed_rgb_convert/lib:/home/song/zed/install/zed_components/lib:/home/song/zed/install/rviz_plugin_zed_od/lib:/home/song/zed/install/zed_interfaces/lib:/home/song/zed/install/image_transport/lib:/home/song/zed/install/camera_info_manager/lib:/home/song/zed/install/camera_calibration_parsers/lib:/opt/ros/foxy/opt/yaml_cpp_vendor/lib:/opt/ros/foxy/opt/rviz_ogre_vendor/lib:/opt/ros/foxy/lib/x86_64-linux-gnu:/opt/ros/foxy/lib:/usr/local/cuda-11.8/lib64 PYTHONPATH=/home/song/steadylab/install/zed_interfaces/lib/python3.9/site-packages:${PYTHONPATH} /home/song/.local/bin/cmake --install /home/song/steadylab/build/rviz_plugin_zed_od
[7.676s] -- Install configuration: ""
[7.677s] -- Execute custom install script
[7.677s] -- Symlinking: /home/song/steadylab/install/rviz_plugin_zed_od/share/rviz_plugin_zed_od//plugins_description.xml
[7.678s] -- Symlinking: /home/song/steadylab/install/rviz_plugin_zed_od/share/rviz_plugin_zed_od/environment/library_path.sh
[7.680s] -- Symlinking: /home/song/steadylab/install/rviz_plugin_zed_od/share/rviz_plugin_zed_od/environment/library_path.dsv
[7.681s] -- Symlinking: /home/song/steadylab/install/rviz_plugin_zed_od/include/rviz_plugin_zed_od//visibility_control.hpp
[7.683s] -- Symlinking: /home/song/steadylab/install/rviz_plugin_zed_od/include/rviz_plugin_zed_od//zed_body_parts.hpp
[7.684s] -- Symlinking: /home/song/steadylab/install/rviz_plugin_zed_od/include/rviz_plugin_zed_od//zed_od_display.hpp
[7.686s] -- Symlinking: /home/song/steadylab/install/rviz_plugin_zed_od/include/rviz_plugin_zed_od//zed_od_info.hpp
[7.687s] -- Symlinking: /home/song/steadylab/install/rviz_plugin_zed_od/share/rviz_plugin_zed_od/icons/ZedObjDet.png
[7.689s] -- Symlinking: /home/song/steadylab/install/rviz_plugin_zed_od/share/ament_index/resource_index/package_run_dependencies/rviz_plugin_zed_od
[7.690s] -- Symlinking: /home/song/steadylab/install/rviz_plugin_zed_od/share/ament_index/resource_index/parent_prefix_path/rviz_plugin_zed_od
[7.691s] -- Symlinking: /home/song/steadylab/install/rviz_plugin_zed_od/share/rviz_plugin_zed_od/environment/ament_prefix_path.sh
[7.693s] -- Symlinking: /home/song/steadylab/install/rviz_plugin_zed_od/share/rviz_plugin_zed_od/environment/ament_prefix_path.dsv
[7.695s] -- Symlinking: /home/song/steadylab/install/rviz_plugin_zed_od/share/rviz_plugin_zed_od/environment/path.sh
[7.696s] -- Symlinking: /home/song/steadylab/install/rviz_plugin_zed_od/share/rviz_plugin_zed_od/environment/path.dsv
[7.697s] -- Symlinking: /home/song/steadylab/install/rviz_plugin_zed_od/share/rviz_plugin_zed_od/local_setup.bash
[7.699s] -- Symlinking: /home/song/steadylab/install/rviz_plugin_zed_od/share/rviz_plugin_zed_od/local_setup.sh
[7.700s] -- Symlinking: /home/song/steadylab/install/rviz_plugin_zed_od/share/rviz_plugin_zed_od/local_setup.zsh
[7.701s] -- Symlinking: /home/song/steadylab/install/rviz_plugin_zed_od/share/rviz_plugin_zed_od/local_setup.dsv
[7.702s] -- Symlinking: /home/song/steadylab/install/rviz_plugin_zed_od/share/rviz_plugin_zed_od/package.dsv
[7.704s] -- Symlinking: /home/song/steadylab/install/rviz_plugin_zed_od/share/ament_index/resource_index/packages/rviz_plugin_zed_od
[7.705s] -- Symlinking: /home/song/steadylab/install/rviz_plugin_zed_od/share/ament_index/resource_index/rviz_common__pluginlib__plugin/rviz_plugin_zed_od
[7.707s] -- Symlinking: /home/song/steadylab/install/rviz_plugin_zed_od/share/rviz_plugin_zed_od/cmake/ament_cmake_export_include_directories-extras.cmake
[7.708s] -- Symlinking: /home/song/steadylab/install/rviz_plugin_zed_od/share/rviz_plugin_zed_od/cmake/ament_cmake_export_targets-extras.cmake
[7.709s] -- Symlinking: /home/song/steadylab/install/rviz_plugin_zed_od/share/rviz_plugin_zed_od/cmake/ament_cmake_export_dependencies-extras.cmake
[7.711s] -- Symlinking: /home/song/steadylab/install/rviz_plugin_zed_od/share/rviz_plugin_zed_od/cmake/rviz_plugin_zed_odConfig.cmake
[7.712s] -- Symlinking: /home/song/steadylab/install/rviz_plugin_zed_od/share/rviz_plugin_zed_od/cmake/rviz_plugin_zed_odConfig-version.cmake
[7.714s] -- Symlinking: /home/song/steadylab/install/rviz_plugin_zed_od/share/rviz_plugin_zed_od/package.xml
[7.715s] -- Installing: /home/song/steadylab/install/rviz_plugin_zed_od/lib/librviz_plugin_zed_od.so
[7.718s] -- Set runtime path of "/home/song/steadylab/install/rviz_plugin_zed_od/lib/librviz_plugin_zed_od.so" to ""
[7.718s] -- Installing: /home/song/steadylab/install/rviz_plugin_zed_od/share/rviz_plugin_zed_od/cmake/rviz_plugin_zed_odExport.cmake
[7.718s] -- Installing: /home/song/steadylab/install/rviz_plugin_zed_od/share/rviz_plugin_zed_od/cmake/rviz_plugin_zed_odExport-noconfig.cmake
[7.723s] Invoked command in '/home/song/steadylab/build/rviz_plugin_zed_od' returned '0': AMENT_PREFIX_PATH=/home/song/steadylab/install/zed_interfaces:${AMENT_PREFIX_PATH} CMAKE_PREFIX_PATH=/home/song/steadylab/install/zed_interfaces:/home/song/zed/install/zed_ros2:/home/song/zed/install/zed_multi_camera:/home/song/zed/install/zed_display_rviz2:/home/song/zed/install/zed_wrapper:/home/song/zed/install/zed_tutorial_video:/home/song/zed/install/zed_tutorial_pos_tracking:/home/song/zed/install/zed_tutorial_depth:/home/song/zed/install/zed_topic_benchmark_interfaces:/home/song/zed/install/zed_rgb_convert:/home/song/zed/install/zed_components:/home/song/zed/install/rviz_plugin_zed_od:/home/song/zed/install/zed_interfaces:/home/song/zed/install/image_common:/home/song/zed/install/image_transport:/home/song/zed/install/camera_info_manager:/home/song/zed/install/camera_calibration_parsers:/home/song/zed/install/steadylab:/opt/ros/foxy CONDA_PROMPT_MODIFIER=(base) LD_LIBRARY_PATH=/home/song/steadylab/install/zed_interfaces/lib:/home/song/zed/install/zed_topic_benchmark_interfaces/lib:/home/song/zed/install/zed_rgb_convert/lib:/home/song/zed/install/zed_components/lib:/home/song/zed/install/rviz_plugin_zed_od/lib:/home/song/zed/install/zed_interfaces/lib:/home/song/zed/install/image_transport/lib:/home/song/zed/install/camera_info_manager/lib:/home/song/zed/install/camera_calibration_parsers/lib:/opt/ros/foxy/opt/yaml_cpp_vendor/lib:/opt/ros/foxy/opt/rviz_ogre_vendor/lib:/opt/ros/foxy/lib/x86_64-linux-gnu:/opt/ros/foxy/lib:/usr/local/cuda-11.8/lib64 PYTHONPATH=/home/song/steadylab/install/zed_interfaces/lib/python3.9/site-packages:${PYTHONPATH} /home/song/.local/bin/cmake --install /home/song/steadylab/build/rviz_plugin_zed_od
