[35m[1mScanning dependencies of target gtest[0m
[35m[1mScanning dependencies of target gtest_main[0m
[35m[1mScanning dependencies of target camera_calibration_parsers[0m
[  7%] [32mBuilding CXX object gtest/CMakeFiles/gtest.dir/src/gtest-all.cc.o[0m
[ 14%] [32mBuilding CXX object gtest/CMakeFiles/gtest_main.dir/src/gtest_main.cc.o[0m
[ 28%] [32mBuilding CXX object CMakeFiles/camera_calibration_parsers.dir/src/parse.cpp.o[0m
[ 28%] [32mBuilding CXX object CMakeFiles/camera_calibration_parsers.dir/src/parse_ini.cpp.o[0m
[ 35%] [32mBuilding CXX object CMakeFiles/camera_calibration_parsers.dir/src/parse_yml.cpp.o[0m
[ 42%] [32m[1mLinking CXX static library libgtest_main.a[0m
[ 42%] Built target gtest_main
[ 50%] [32m[1mLinking CXX shared library libcamera_calibration_parsers.so[0m
[ 50%] Built target camera_calibration_parsers
[35m[1mScanning dependencies of target convert[0m
[ 57%] [32mBuilding CXX object CMakeFiles/convert.dir/src/convert.cpp.o[0m
[ 64%] [32m[1mLinking CXX executable convert[0m
[ 64%] Built target convert
[ 71%] [32m[1mLinking CXX static library libgtest.a[0m
[ 71%] Built target gtest
[35m[1mScanning dependencies of target camera_calibration_parsers-parse_yml[0m
[35m[1mScanning dependencies of target camera_calibration_parsers-parse_ini[0m
[ 78%] [32mBuilding CXX object CMakeFiles/camera_calibration_parsers-parse_ini.dir/test/test_parse_ini.cpp.o[0m
[ 85%] [32mBuilding CXX object CMakeFiles/camera_calibration_parsers-parse_yml.dir/test/test_parse_yml.cpp.o[0m
[ 92%] [32m[1mLinking CXX executable camera_calibration_parsers-parse_ini[0m
[100%] [32m[1mLinking CXX executable camera_calibration_parsers-parse_yml[0m
[100%] Built target camera_calibration_parsers-parse_ini
[100%] Built target camera_calibration_parsers-parse_yml
