-- The C compiler identification is GNU 9.4.0
-- The CXX compiler identification is GNU 9.4.0
-- Detecting C compiler ABI info
-- Detecting C compiler ABI info - done
-- Check for working C compiler: /usr/bin/cc - skipped
-- Detecting C compile features
-- Detecting C compile features - done
-- Detecting CXX compiler ABI info
-- Detecting CXX compiler ABI info - done
-- Check for working CXX compiler: /usr/bin/c++ - skipped
-- Detecting CXX compile features
-- Detecting CXX compile features - done
-- Found ament_cmake_auto: 0.9.12 (/opt/ros/foxy/share/ament_cmake_auto/cmake)
-- Found PythonInterp: /home/song/anaconda3/bin/python3 (found suitable version "3.9.13", minimum required is "3") 
-- Using PYTHON_EXECUTABLE: /home/song/anaconda3/bin/python3
-- Override CMake install command with custom implementation using symlinks instead of copying resources
-- Found ament_lint_auto: 0.9.8 (/opt/ros/foxy/share/ament_lint_auto/cmake)
-- Added test 'copyright' to check source files copyright and LICENSE
-- Added test 'flake8' to check Python code syntax and style conventions
-- Added test 'lint_cmake' to check CMake code style
-- Added test 'pep257' to check Python code against some of the style conventions in PEP 257
-- Added test 'xmllint' to check XML markup files
-- Configuring done (0.4s)
-- Generating done (0.0s)
-- Build files have been written to: /home/song/steadylab/build/zed_display_rviz2
-- Install configuration: ""
-- Execute custom install script
-- Symlinking: /home/song/steadylab/install/zed_display_rviz2/share/zed_display_rviz2/launch/display_zed.launch.py
-- Symlinking: /home/song/steadylab/install/zed_display_rviz2/share/zed_display_rviz2/launch/display_zed2.launch.py
-- Symlinking: /home/song/steadylab/install/zed_display_rviz2/share/zed_display_rviz2/launch/display_zed2i.launch.py
-- Symlinking: /home/song/steadylab/install/zed_display_rviz2/share/zed_display_rviz2/launch/display_zedm.launch.py
-- Symlinking: /home/song/steadylab/install/zed_display_rviz2/share/zed_display_rviz2/launch/display_zedx.launch.py
-- Symlinking: /home/song/steadylab/install/zed_display_rviz2/share/zed_display_rviz2/launch/display_zedxm.launch.py
-- Symlinking: /home/song/steadylab/install/zed_display_rviz2/share/zed_display_rviz2/rviz2/zed.rviz
-- Symlinking: /home/song/steadylab/install/zed_display_rviz2/share/zed_display_rviz2/rviz2/zed2.rviz
-- Symlinking: /home/song/steadylab/install/zed_display_rviz2/share/zed_display_rviz2/rviz2/zed2i.rviz
-- Symlinking: /home/song/steadylab/install/zed_display_rviz2/share/zed_display_rviz2/rviz2/zedm.rviz
-- Symlinking: /home/song/steadylab/install/zed_display_rviz2/share/zed_display_rviz2/rviz2/zedx.rviz
-- Symlinking: /home/song/steadylab/install/zed_display_rviz2/share/zed_display_rviz2/rviz2/zedxm.rviz
-- Symlinking: /home/song/steadylab/install/zed_display_rviz2/share/ament_index/resource_index/package_run_dependencies/zed_display_rviz2
-- Symlinking: /home/song/steadylab/install/zed_display_rviz2/share/ament_index/resource_index/parent_prefix_path/zed_display_rviz2
-- Symlinking: /home/song/steadylab/install/zed_display_rviz2/share/zed_display_rviz2/environment/ament_prefix_path.sh
-- Symlinking: /home/song/steadylab/install/zed_display_rviz2/share/zed_display_rviz2/environment/ament_prefix_path.dsv
-- Symlinking: /home/song/steadylab/install/zed_display_rviz2/share/zed_display_rviz2/environment/path.sh
-- Symlinking: /home/song/steadylab/install/zed_display_rviz2/share/zed_display_rviz2/environment/path.dsv
-- Symlinking: /home/song/steadylab/install/zed_display_rviz2/share/zed_display_rviz2/local_setup.bash
-- Symlinking: /home/song/steadylab/install/zed_display_rviz2/share/zed_display_rviz2/local_setup.sh
-- Symlinking: /home/song/steadylab/install/zed_display_rviz2/share/zed_display_rviz2/local_setup.zsh
-- Symlinking: /home/song/steadylab/install/zed_display_rviz2/share/zed_display_rviz2/local_setup.dsv
-- Symlinking: /home/song/steadylab/install/zed_display_rviz2/share/zed_display_rviz2/package.dsv
-- Symlinking: /home/song/steadylab/install/zed_display_rviz2/share/ament_index/resource_index/packages/zed_display_rviz2
-- Symlinking: /home/song/steadylab/install/zed_display_rviz2/share/zed_display_rviz2/cmake/zed_display_rviz2Config.cmake
-- Symlinking: /home/song/steadylab/install/zed_display_rviz2/share/zed_display_rviz2/cmake/zed_display_rviz2Config-version.cmake
-- Symlinking: /home/song/steadylab/install/zed_display_rviz2/share/zed_display_rviz2/package.xml
