[0.036s] Invoking command in '/home/song/zed/build/camera_calibration_parsers': CMAKE_PREFIX_PATH=${CMAKE_PREFIX_PATH}:/home/song/zed/install/steadylab:/opt/ros/foxy CONDA_PROMPT_MODIFIER=(base) /home/song/.local/bin/cmake --build /home/song/zed/build/camera_calibration_parsers -- -j20 -l20
[0.181s] [ 14%] Built target gtest_main
[0.181s] [ 28%] Built target gtest
[0.181s] [ 57%] Built target camera_calibration_parsers
[0.181s] [ 71%] Built target camera_calibration_parsers-parse_yml
[0.181s] [ 85%] Built target convert
[0.181s] [100%] Built target camera_calibration_parsers-parse_ini
[0.190s] Invoked command in '/home/song/zed/build/camera_calibration_parsers' returned '0': CMAKE_PREFIX_PATH=${CMAKE_PREFIX_PATH}:/home/song/zed/install/steadylab:/opt/ros/foxy CONDA_PROMPT_MODIFIER=(base) /home/song/.local/bin/cmake --build /home/song/zed/build/camera_calibration_parsers -- -j20 -l20
[0.260s] Invoking command in '/home/song/zed/build/camera_calibration_parsers': CMAKE_PREFIX_PATH=${CMAKE_PREFIX_PATH}:/home/song/zed/install/steadylab:/opt/ros/foxy CONDA_PROMPT_MODIFIER=(base) /home/song/.local/bin/cmake --install /home/song/zed/build/camera_calibration_parsers
[0.306s] -- Install configuration: "Release"
[0.308s] -- Execute custom install script
[0.308s] -- Up-to-date symlink: /home/song/zed/install/camera_calibration_parsers/lib/libcamera_calibration_parsers.so
[0.309s] -- Up-to-date symlink: /home/song/zed/install/camera_calibration_parsers/lib/camera_calibration_parsers/convert
[0.309s] -- Up-to-date symlink: /home/song/zed/install/camera_calibration_parsers/include/camera_calibration_parsers/parse.h
[0.309s] -- Up-to-date symlink: /home/song/zed/install/camera_calibration_parsers/include/camera_calibration_parsers/parse.hpp
[0.310s] -- Up-to-date symlink: /home/song/zed/install/camera_calibration_parsers/include/camera_calibration_parsers/parse_ini.h
[0.310s] -- Up-to-date symlink: /home/song/zed/install/camera_calibration_parsers/include/camera_calibration_parsers/parse_ini.hpp
[0.311s] -- Up-to-date symlink: /home/song/zed/install/camera_calibration_parsers/include/camera_calibration_parsers/parse_yml.h
[0.311s] -- Up-to-date symlink: /home/song/zed/install/camera_calibration_parsers/include/camera_calibration_parsers/parse_yml.hpp
[0.311s] -- Up-to-date symlink: /home/song/zed/install/camera_calibration_parsers/include/camera_calibration_parsers/visibility_control.hpp
[0.313s] -- Up-to-date symlink: /home/song/zed/install/camera_calibration_parsers/share/camera_calibration_parsers/environment/library_path.sh
[0.313s] -- Up-to-date symlink: /home/song/zed/install/camera_calibration_parsers/share/camera_calibration_parsers/environment/library_path.dsv
[0.318s] -- Up-to-date symlink: /home/song/zed/install/camera_calibration_parsers/share/ament_index/resource_index/package_run_dependencies/camera_calibration_parsers
[0.318s] -- Up-to-date symlink: /home/song/zed/install/camera_calibration_parsers/share/ament_index/resource_index/parent_prefix_path/camera_calibration_parsers
[0.319s] -- Up-to-date symlink: /home/song/zed/install/camera_calibration_parsers/share/camera_calibration_parsers/environment/ament_prefix_path.sh
[0.319s] -- Up-to-date symlink: /home/song/zed/install/camera_calibration_parsers/share/camera_calibration_parsers/environment/ament_prefix_path.dsv
[0.319s] -- Up-to-date symlink: /home/song/zed/install/camera_calibration_parsers/share/camera_calibration_parsers/environment/path.sh
[0.319s] -- Up-to-date symlink: /home/song/zed/install/camera_calibration_parsers/share/camera_calibration_parsers/environment/path.dsv
[0.319s] -- Up-to-date symlink: /home/song/zed/install/camera_calibration_parsers/share/camera_calibration_parsers/local_setup.bash
[0.320s] -- Up-to-date symlink: /home/song/zed/install/camera_calibration_parsers/share/camera_calibration_parsers/local_setup.sh
[0.320s] -- Up-to-date symlink: /home/song/zed/install/camera_calibration_parsers/share/camera_calibration_parsers/local_setup.zsh
[0.320s] -- Up-to-date symlink: /home/song/zed/install/camera_calibration_parsers/share/camera_calibration_parsers/local_setup.dsv
[0.321s] -- Symlinking: /home/song/zed/install/camera_calibration_parsers/share/camera_calibration_parsers/package.dsv
[0.322s] -- Up-to-date symlink: /home/song/zed/install/camera_calibration_parsers/share/ament_index/resource_index/packages/camera_calibration_parsers
[0.322s] -- Up-to-date symlink: /home/song/zed/install/camera_calibration_parsers/share/camera_calibration_parsers/cmake/ament_cmake_export_include_directories-extras.cmake
[0.323s] -- Up-to-date symlink: /home/song/zed/install/camera_calibration_parsers/share/camera_calibration_parsers/cmake/ament_cmake_export_libraries-extras.cmake
[0.323s] -- Up-to-date symlink: /home/song/zed/install/camera_calibration_parsers/share/camera_calibration_parsers/cmake/ament_cmake_export_dependencies-extras.cmake
[0.324s] -- Up-to-date symlink: /home/song/zed/install/camera_calibration_parsers/share/camera_calibration_parsers/cmake/camera_calibration_parsersConfig.cmake
[0.324s] -- Up-to-date symlink: /home/song/zed/install/camera_calibration_parsers/share/camera_calibration_parsers/cmake/camera_calibration_parsersConfig-version.cmake
[0.324s] -- Up-to-date symlink: /home/song/zed/install/camera_calibration_parsers/share/camera_calibration_parsers/package.xml
[0.329s] Invoked command in '/home/song/zed/build/camera_calibration_parsers' returned '0': CMAKE_PREFIX_PATH=${CMAKE_PREFIX_PATH}:/home/song/zed/install/steadylab:/opt/ros/foxy CONDA_PROMPT_MODIFIER=(base) /home/song/.local/bin/cmake --install /home/song/zed/build/camera_calibration_parsers
