[0.166s] Invoking command in '/home/song/zed/build/zed_tutorial_video': CMAKE_PREFIX_PATH=${CMAKE_PREFIX_PATH}:/home/song/zed/install/steadylab:/opt/ros/foxy CONDA_PROMPT_MODIFIER=(base) /home/song/.local/bin/cmake --build /home/song/zed/build/zed_tutorial_video -- -j20 -l20
[0.199s] [100%] Built target zed_tutorial_video
[0.204s] Invoked command in '/home/song/zed/build/zed_tutorial_video' returned '0': CMAKE_PREFIX_PATH=${CMAKE_PREFIX_PATH}:/home/song/zed/install/steadylab:/opt/ros/foxy CONDA_PROMPT_MODIFIER=(base) /home/song/.local/bin/cmake --build /home/song/zed/build/zed_tutorial_video -- -j20 -l20
[0.243s] Invoking command in '/home/song/zed/build/zed_tutorial_video': CMAKE_PREFIX_PATH=${CMAKE_PREFIX_PATH}:/home/song/zed/install/steadylab:/opt/ros/foxy CONDA_PROMPT_MODIFIER=(base) /home/song/.local/bin/cmake --install /home/song/zed/build/zed_tutorial_video
[0.291s] -- Install configuration: "Release"
[0.291s] -- Execute custom install script
[0.291s] -- Up-to-date symlink: /home/song/zed/install/zed_tutorial_video/lib/zed_tutorial_video/zed_tutorial_video
[0.291s] -- Up-to-date symlink: /home/song/zed/install/zed_tutorial_video/share/ament_index/resource_index/package_run_dependencies/zed_tutorial_video
[0.291s] -- Up-to-date symlink: /home/song/zed/install/zed_tutorial_video/share/ament_index/resource_index/parent_prefix_path/zed_tutorial_video
[0.292s] -- Up-to-date symlink: /home/song/zed/install/zed_tutorial_video/share/zed_tutorial_video/environment/ament_prefix_path.sh
[0.293s] -- Up-to-date symlink: /home/song/zed/install/zed_tutorial_video/share/zed_tutorial_video/environment/ament_prefix_path.dsv
[0.293s] -- Up-to-date symlink: /home/song/zed/install/zed_tutorial_video/share/zed_tutorial_video/environment/path.sh
[0.293s] -- Up-to-date symlink: /home/song/zed/install/zed_tutorial_video/share/zed_tutorial_video/environment/path.dsv
[0.293s] -- Up-to-date symlink: /home/song/zed/install/zed_tutorial_video/share/zed_tutorial_video/local_setup.bash
[0.293s] -- Up-to-date symlink: /home/song/zed/install/zed_tutorial_video/share/zed_tutorial_video/local_setup.sh
[0.294s] -- Up-to-date symlink: /home/song/zed/install/zed_tutorial_video/share/zed_tutorial_video/local_setup.zsh
[0.294s] -- Up-to-date symlink: /home/song/zed/install/zed_tutorial_video/share/zed_tutorial_video/local_setup.dsv
[0.294s] -- Symlinking: /home/song/zed/install/zed_tutorial_video/share/zed_tutorial_video/package.dsv
[0.294s] -- Up-to-date symlink: /home/song/zed/install/zed_tutorial_video/share/ament_index/resource_index/packages/zed_tutorial_video
[0.294s] -- Up-to-date symlink: /home/song/zed/install/zed_tutorial_video/share/zed_tutorial_video/cmake/zed_tutorial_videoConfig.cmake
[0.294s] -- Up-to-date symlink: /home/song/zed/install/zed_tutorial_video/share/zed_tutorial_video/cmake/zed_tutorial_videoConfig-version.cmake
[0.296s] -- Up-to-date symlink: /home/song/zed/install/zed_tutorial_video/share/zed_tutorial_video/package.xml
[0.317s] Invoked command in '/home/song/zed/build/zed_tutorial_video' returned '0': CMAKE_PREFIX_PATH=${CMAKE_PREFIX_PATH}:/home/song/zed/install/steadylab:/opt/ros/foxy CONDA_PROMPT_MODIFIER=(base) /home/song/.local/bin/cmake --install /home/song/zed/build/zed_tutorial_video
