[0.018s] Invoking command in '/home/song/zed/build/image_transport': CMAKE_PREFIX_PATH=${CMAKE_PREFIX_PATH}:/opt/ros/foxy CONDA_PROMPT_MODIFIER=(base) /home/song/.local/bin/cmake /home/song/zed/src/image_common/image_transport -DCMAKE_BUILD_TYPE=Release -DAMENT_CMAKE_SYMLINK_INSTALL=1 -DCMAKE_INSTALL_PREFIX=/home/song/zed/install/image_transport
[0.039s] -- Found ament_cmake_ros: 0.9.2 (/opt/ros/foxy/share/ament_cmake_ros/cmake)
[0.056s] -- Using PYTHON_EXECUTABLE: /home/song/anaconda3/bin/python3
[0.184s] -- Override CMake install command with custom implementation using symlinks instead of copying resources
[0.188s] -- Found message_filters: 3.2.7 (/opt/ros/foxy/share/message_filters/cmake)
[0.190s] -- Found pluginlib: 2.5.4 (/opt/ros/foxy/share/pluginlib/cmake)
[0.211s] -- Found rclcpp: 2.4.3 (/opt/ros/foxy/share/rclcpp/cmake)
[0.225s] -- Using all available rosidl_typesupport_c: rosidl_typesupport_fastrtps_c;rosidl_typesupport_introspection_c
[0.227s] -- Found rosidl_adapter: 1.3.1 (/opt/ros/foxy/share/rosidl_adapter/cmake)
[0.302s] -- Using all available rosidl_typesupport_cpp: rosidl_typesupport_fastrtps_cpp;rosidl_typesupport_introspection_cpp
[0.330s] -- Found rmw_implementation_cmake: 1.0.4 (/opt/ros/foxy/share/rmw_implementation_cmake/cmake)
[0.331s] -- Using RMW implementation 'rmw_fastrtps_cpp' as default
[0.409s] -- Found sensor_msgs: 2.0.5 (/opt/ros/foxy/share/sensor_msgs/cmake)
[0.475s] -- Found gtest sources under '/opt/ros/foxy/src/gtest_vendor': C++ tests using 'Google Test' will be built
[0.528s] -- Configuring done (0.5s)
[0.552s] -- Generating done (0.0s)
[0.553s] -- Build files have been written to: /home/song/zed/build/image_transport
[0.560s] Invoked command in '/home/song/zed/build/image_transport' returned '0': CMAKE_PREFIX_PATH=${CMAKE_PREFIX_PATH}:/opt/ros/foxy CONDA_PROMPT_MODIFIER=(base) /home/song/.local/bin/cmake /home/song/zed/src/image_common/image_transport -DCMAKE_BUILD_TYPE=Release -DAMENT_CMAKE_SYMLINK_INSTALL=1 -DCMAKE_INSTALL_PREFIX=/home/song/zed/install/image_transport
[0.561s] Invoking command in '/home/song/zed/build/image_transport': CMAKE_PREFIX_PATH=${CMAKE_PREFIX_PATH}:/opt/ros/foxy CONDA_PROMPT_MODIFIER=(base) /home/song/.local/bin/cmake --build /home/song/zed/build/image_transport -- -j20 -l20
[0.593s] [  3%] [32mBuilding CXX object gtest/CMakeFiles/gtest_main.dir/src/gtest_main.cc.o[0m
[0.593s] [  6%] [32mBuilding CXX object gtest/CMakeFiles/gtest.dir/src/gtest-all.cc.o[0m
[0.606s] [ 10%] [32mBuilding CXX object CMakeFiles/image_transport.dir/src/camera_common.cpp.o[0m
[0.606s] [ 13%] [32mBuilding CXX object CMakeFiles/image_transport.dir/src/publisher.cpp.o[0m
[0.607s] [ 16%] [32mBuilding CXX object CMakeFiles/image_transport.dir/src/subscriber.cpp.o[0m
[0.607s] [ 20%] [32mBuilding CXX object CMakeFiles/image_transport.dir/src/single_subscriber_publisher.cpp.o[0m
[0.607s] [ 23%] [32mBuilding CXX object CMakeFiles/image_transport.dir/src/camera_publisher.cpp.o[0m
[0.608s] [ 26%] [32mBuilding CXX object CMakeFiles/image_transport.dir/src/camera_subscriber.cpp.o[0m
[0.608s] [ 30%] [32mBuilding CXX object CMakeFiles/image_transport.dir/src/image_transport.cpp.o[0m
[1.355s] [ 33%] [32m[1mLinking CXX static library libgtest_main.a[0m
[1.368s] [ 33%] Built target gtest_main
[5.903s] [ 36%] [32m[1mLinking CXX static library libgtest.a[0m
[5.914s] [ 36%] Built target gtest
[6.454s] [ 40%] [32m[1mLinking CXX shared library libimage_transport.so[0m
[6.534s] [ 40%] Built target image_transport
[6.542s] [ 43%] [32mBuilding CXX object CMakeFiles/image_transport-camera_common.dir/test/test_camera_common.cpp.o[0m
[6.542s] [ 46%] [32mBuilding CXX object CMakeFiles/image_transport_plugins.dir/src/manifest.cpp.o[0m
[6.543s] [ 50%] [32mBuilding CXX object CMakeFiles/list_transports.dir/src/list_transports.cpp.o[0m
[6.544s] [ 53%] [32mBuilding CXX object CMakeFiles/image_transport-publisher.dir/test/test_publisher.cpp.o[0m
[6.544s] [ 56%] [32mBuilding CXX object CMakeFiles/image_transport-subscriber.dir/test/test_subscriber.cpp.o[0m
[6.544s] [ 60%] [32mBuilding CXX object CMakeFiles/republish.dir/src/republish.cpp.o[0m
[6.548s] [ 70%] [32mBuilding CXX object CMakeFiles/image_transport-single_subscriber_publisher.dir/test/test_single_subscriber_publisher.cpp.o[0m
[6.548s] [ 70%] [32mBuilding CXX object CMakeFiles/image_transport-message_passing.dir/test/test_message_passing.cpp.o[0m
[6.549s] [ 70%] [32mBuilding CXX object CMakeFiles/image_transport-remapping.dir/test/test_remapping.cpp.o[0m
[7.099s] [ 73%] [32m[1mLinking CXX executable image_transport-camera_common[0m
[7.173s] [ 73%] Built target image_transport-camera_common
[8.112s] [ 76%] [32m[1mLinking CXX executable image_transport-subscriber[0m
[8.181s] [ 80%] [32m[1mLinking CXX executable image_transport-publisher[0m
[8.203s] [ 80%] Built target image_transport-subscriber
[8.277s] [ 80%] Built target image_transport-publisher
[8.395s] [ 83%] [32m[1mLinking CXX executable image_transport-single_subscriber_publisher[0m
[8.455s] [ 86%] [32m[1mLinking CXX executable image_transport-message_passing[0m
[8.497s] [ 86%] Built target image_transport-single_subscriber_publisher
[8.542s] [ 86%] Built target image_transport-message_passing
[9.088s] [ 90%] [32m[1mLinking CXX executable image_transport-remapping[0m
[9.174s] [ 90%] Built target image_transport-remapping
[10.820s] [ 93%] [32m[1mLinking CXX shared library libimage_transport_plugins.so[0m
[10.886s] [ 93%] Built target image_transport_plugins
[11.357s] [ 96%] [32m[1mLinking CXX executable list_transports[0m
[11.420s] [ 96%] Built target list_transports
[11.822s] [100%] [32m[1mLinking CXX executable republish[0m
[11.890s] [100%] Built target republish
