-- The C compiler identification is GNU 9.4.0
-- The CXX compiler identification is GNU 9.4.0
-- Check for working C compiler: /usr/bin/cc
-- Check for working C compiler: /usr/bin/cc -- works
-- Detecting C compiler ABI info
-- Detecting C compiler ABI info - done
-- Detecting C compile features
-- Detecting C compile features - done
-- Check for working CXX compiler: /usr/bin/c++
-- Check for working CXX compiler: /usr/bin/c++ -- works
-- Detecting CXX compiler ABI info
-- Detecting CXX compiler ABI info - done
-- Detecting CXX compile features
-- Detecting CXX compile features - done
-- Found ament_cmake: 0.9.12 (/opt/ros/foxy/share/ament_cmake/cmake)
-- Found PythonInterp: /home/song/anaconda3/envs/zed/bin/python3 (found suitable version "3.8.17", minimum required is "3") 
-- Using PYTHON_EXECUTABLE: /home/song/anaconda3/envs/zed/bin/python3
-- Found rosidl_default_generators: 1.0.1 (/opt/ros/foxy/share/rosidl_default_generators/cmake)
-- Using all available rosidl_typesupport_c: rosidl_typesupport_fastrtps_c;rosidl_typesupport_introspection_c
-- Found rosidl_adapter: 1.3.1 (/opt/ros/foxy/share/rosidl_adapter/cmake)
-- Found OpenSSL: /usr/lib/x86_64-linux-gnu/libcrypto.so (found version "1.1.1f")  
-- Found FastRTPS: /opt/ros/foxy/include  
-- Using all available rosidl_typesupport_cpp: rosidl_typesupport_fastrtps_cpp;rosidl_typesupport_introspection_cpp
-- Found PythonInterp: /home/song/anaconda3/envs/zed/bin/python3 (found version "3.8.17") 
-- Found ament_cmake_ros: 0.9.2 (/opt/ros/foxy/share/ament_cmake_ros/cmake)
-- Using all available rosidl_typesupport_c: rosidl_typesupport_fastrtps_c;rosidl_typesupport_introspection_c
-- Using all available rosidl_typesupport_cpp: rosidl_typesupport_fastrtps_cpp;rosidl_typesupport_introspection_cpp
-- Found PythonInterp: /home/song/anaconda3/envs/zed/bin/python3 (found suitable version "3.8.17", minimum required is "3.5") 
-- Found python_cmake_module: 0.8.1 (/opt/ros/foxy/share/python_cmake_module/cmake)
-- Found PythonLibs: /home/song/anaconda3/envs/zed/lib/libpython3.8.so (found suitable version "3.8.17", minimum required is "3.5") 
-- Using PYTHON_EXECUTABLE: /home/song/anaconda3/envs/zed/bin/python3
-- Using PYTHON_INCLUDE_DIRS: /home/song/anaconda3/envs/zed/include/python3.8
-- Using PYTHON_LIBRARIES: /home/song/anaconda3/envs/zed/lib/libpython3.8.so
-- Found PythonExtra: .so  
-- Found ament_lint_auto: 0.9.8 (/opt/ros/foxy/share/ament_lint_auto/cmake)
-- Added test 'copyright' to check source files copyright and LICENSE
-- Added test 'lint_cmake' to check CMake code style
-- Added test 'xmllint' to check XML markup files
-- Configuring done
-- Generating done
-- Build files have been written to: /home/song/steadylab/src/build/msgs
[35m[1mScanning dependencies of target msgs__cpp[0m
[  3%] [34m[1mGenerating C code for ROS interfaces[0m
[  6%] [34m[1mGenerating C++ code for ROS interfaces[0m
[35m[1mScanning dependencies of target msgs__rosidl_generator_c[0m
[  6%] Built target msgs__cpp
[  9%] [32mBuilding C object CMakeFiles/msgs__rosidl_generator_c.dir/rosidl_generator_c/msgs/msg/detail/boxes__functions.c.o[0m
[ 16%] [34m[1mGenerating C++ type support for eProsima Fast-RTPS[0m
[ 16%] [34m[1mGenerating C++ introspection for ROS interfaces[0m
[ 19%] [34m[1mGenerating C++ type support dispatch for ROS interfaces[0m
[ 22%] [32m[1mLinking C shared library libmsgs__rosidl_generator_c.so[0m
[ 22%] Built target msgs__rosidl_generator_c
[ 29%] [34m[1mGenerating C type support dispatch for ROS interfaces[0m
[ 29%] [34m[1mGenerating C introspection for ROS interfaces[0m
[35m[1mScanning dependencies of target msgs__rosidl_typesupport_cpp[0m
[ 32%] [32mBuilding CXX object CMakeFiles/msgs__rosidl_typesupport_cpp.dir/rosidl_typesupport_cpp/msgs/msg/boxes__type_support.cpp.o[0m
[35m[1mScanning dependencies of target msgs__rosidl_typesupport_introspection_cpp[0m
[35m[1mScanning dependencies of target msgs__rosidl_typesupport_fastrtps_cpp[0m
[ 35%] [32mBuilding CXX object CMakeFiles/msgs__rosidl_typesupport_introspection_cpp.dir/rosidl_typesupport_introspection_cpp/msgs/msg/detail/boxes__type_support.cpp.o[0m
[ 38%] [32mBuilding CXX object CMakeFiles/msgs__rosidl_typesupport_fastrtps_cpp.dir/rosidl_typesupport_fastrtps_cpp/msgs/msg/detail/dds_fastrtps/boxes__type_support.cpp.o[0m
[35m[1mScanning dependencies of target msgs__rosidl_typesupport_c[0m
[ 41%] [32mBuilding CXX object CMakeFiles/msgs__rosidl_typesupport_c.dir/rosidl_typesupport_c/msgs/msg/boxes__type_support.cpp.o[0m
[35m[1mScanning dependencies of target msgs__rosidl_typesupport_introspection_c[0m
[ 45%] [32mBuilding C object CMakeFiles/msgs__rosidl_typesupport_introspection_c.dir/rosidl_typesupport_introspection_c/msgs/msg/detail/boxes__type_support.c.o[0m
[ 48%] [32m[1mLinking CXX shared library libmsgs__rosidl_typesupport_c.so[0m
[ 51%] [32m[1mLinking C shared library libmsgs__rosidl_typesupport_introspection_c.so[0m
[ 51%] Built target msgs__rosidl_typesupport_c
[ 51%] Built target msgs__rosidl_typesupport_introspection_c
[ 54%] [32m[1mLinking CXX shared library libmsgs__rosidl_typesupport_cpp.so[0m
[ 58%] [32m[1mLinking CXX shared library libmsgs__rosidl_typesupport_introspection_cpp.so[0m
[ 58%] Built target msgs__rosidl_typesupport_cpp
[ 58%] Built target msgs__rosidl_typesupport_introspection_cpp
[ 61%] [32m[1mLinking CXX shared library libmsgs__rosidl_typesupport_fastrtps_cpp.so[0m
[ 61%] Built target msgs__rosidl_typesupport_fastrtps_cpp
[ 64%] [34m[1mGenerating C type support for eProsima Fast-RTPS[0m
[35m[1mScanning dependencies of target msgs__rosidl_typesupport_fastrtps_c[0m
[ 67%] [32mBuilding CXX object CMakeFiles/msgs__rosidl_typesupport_fastrtps_c.dir/rosidl_typesupport_fastrtps_c/msgs/msg/detail/boxes__type_support_c.cpp.o[0m
[ 70%] [32m[1mLinking CXX shared library libmsgs__rosidl_typesupport_fastrtps_c.so[0m
[ 70%] Built target msgs__rosidl_typesupport_fastrtps_c
[35m[1mScanning dependencies of target msgs[0m
[ 70%] Built target msgs
[35m[1mScanning dependencies of target msgs__py[0m
[ 74%] [34m[1mGenerating Python code for ROS interfaces[0m
[ 74%] Built target msgs__py
[35m[1mScanning dependencies of target msgs__python[0m
[ 77%] [32mBuilding C object CMakeFiles/msgs__python.dir/rosidl_generator_py/msgs/msg/_boxes_s.c.o[0m
[ 80%] [32m[1mLinking C shared library rosidl_generator_py/msgs/libmsgs__python.so[0m
[ 80%] Built target msgs__python
[35m[1mScanning dependencies of target msgs__rosidl_typesupport_introspection_c__pyext[0m
[35m[1mScanning dependencies of target msgs__rosidl_typesupport_fastrtps_c__pyext[0m
[35m[1mScanning dependencies of target msgs__rosidl_typesupport_c__pyext[0m
[ 90%] [32mBuilding C object CMakeFiles/msgs__rosidl_typesupport_introspection_c__pyext.dir/rosidl_generator_py/msgs/_msgs_s.ep.rosidl_typesupport_introspection_c.c.o[0m
[ 90%] [32mBuilding C object CMakeFiles/msgs__rosidl_typesupport_c__pyext.dir/rosidl_generator_py/msgs/_msgs_s.ep.rosidl_typesupport_c.c.o[0m
[ 90%] [32mBuilding C object CMakeFiles/msgs__rosidl_typesupport_fastrtps_c__pyext.dir/rosidl_generator_py/msgs/_msgs_s.ep.rosidl_typesupport_fastrtps_c.c.o[0m
[ 96%] [32m[1mLinking C shared library rosidl_generator_py/msgs/msgs_s__rosidl_typesupport_introspection_c.cpython-38-x86_64-linux-gnu.so[0m
[ 96%] [32m[1mLinking C shared library rosidl_generator_py/msgs/msgs_s__rosidl_typesupport_c.cpython-38-x86_64-linux-gnu.so[0m
[100%] [32m[1mLinking CXX shared library rosidl_generator_py/msgs/msgs_s__rosidl_typesupport_fastrtps_c.cpython-38-x86_64-linux-gnu.so[0m
[100%] Built target msgs__rosidl_typesupport_introspection_c__pyext
[100%] Built target msgs__rosidl_typesupport_c__pyext
[100%] Built target msgs__rosidl_typesupport_fastrtps_c__pyext
-- Install configuration: ""
-- Installing: /home/song/steadylab/src/install/msgs/share/ament_index/resource_index/rosidl_interfaces/msgs
-- Installing: /home/song/steadylab/src/install/msgs/include/msgs
-- Installing: /home/song/steadylab/src/install/msgs/include/msgs/msg
-- Installing: /home/song/steadylab/src/install/msgs/include/msgs/msg/rosidl_generator_c__visibility_control.h
-- Installing: /home/song/steadylab/src/install/msgs/include/msgs/msg/boxes.h
-- Installing: /home/song/steadylab/src/install/msgs/include/msgs/msg/detail
-- Installing: /home/song/steadylab/src/install/msgs/include/msgs/msg/detail/boxes__functions.c
-- Installing: /home/song/steadylab/src/install/msgs/include/msgs/msg/detail/boxes__functions.h
-- Installing: /home/song/steadylab/src/install/msgs/include/msgs/msg/detail/boxes__struct.h
-- Installing: /home/song/steadylab/src/install/msgs/include/msgs/msg/detail/boxes__type_support.h
-- Installing: /home/song/steadylab/src/install/msgs/share/msgs/environment/library_path.sh
-- Installing: /home/song/steadylab/src/install/msgs/share/msgs/environment/library_path.dsv
-- Installing: /home/song/steadylab/src/install/msgs/lib/libmsgs__rosidl_generator_c.so
-- Set runtime path of "/home/song/steadylab/src/install/msgs/lib/libmsgs__rosidl_generator_c.so" to ""
-- Up-to-date: /home/song/steadylab/src/install/msgs/include/msgs
-- Up-to-date: /home/song/steadylab/src/install/msgs/include/msgs/msg
-- Installing: /home/song/steadylab/src/install/msgs/include/msgs/msg/rosidl_typesupport_fastrtps_c__visibility_control.h
-- Up-to-date: /home/song/steadylab/src/install/msgs/include/msgs/msg/detail
-- Installing: /home/song/steadylab/src/install/msgs/include/msgs/msg/detail/boxes__rosidl_typesupport_fastrtps_c.h
-- Installing: /home/song/steadylab/src/install/msgs/lib/libmsgs__rosidl_typesupport_fastrtps_c.so
-- Set runtime path of "/home/song/steadylab/src/install/msgs/lib/libmsgs__rosidl_typesupport_fastrtps_c.so" to ""
-- Up-to-date: /home/song/steadylab/src/install/msgs/include/msgs
-- Up-to-date: /home/song/steadylab/src/install/msgs/include/msgs/msg
-- Installing: /home/song/steadylab/src/install/msgs/include/msgs/msg/rosidl_typesupport_fastrtps_cpp__visibility_control.h
-- Up-to-date: /home/song/steadylab/src/install/msgs/include/msgs/msg/detail
-- Installing: /home/song/steadylab/src/install/msgs/include/msgs/msg/detail/boxes__rosidl_typesupport_fastrtps_cpp.hpp
-- Installing: /home/song/steadylab/src/install/msgs/include/msgs/msg/detail/dds_fastrtps
-- Installing: /home/song/steadylab/src/install/msgs/lib/libmsgs__rosidl_typesupport_fastrtps_cpp.so
-- Set runtime path of "/home/song/steadylab/src/install/msgs/lib/libmsgs__rosidl_typesupport_fastrtps_cpp.so" to ""
-- Up-to-date: /home/song/steadylab/src/install/msgs/include/msgs
-- Up-to-date: /home/song/steadylab/src/install/msgs/include/msgs/msg
-- Installing: /home/song/steadylab/src/install/msgs/include/msgs/msg/rosidl_typesupport_introspection_c__visibility_control.h
-- Up-to-date: /home/song/steadylab/src/install/msgs/include/msgs/msg/detail
-- Installing: /home/song/steadylab/src/install/msgs/include/msgs/msg/detail/boxes__type_support.c
-- Installing: /home/song/steadylab/src/install/msgs/include/msgs/msg/detail/boxes__rosidl_typesupport_introspection_c.h
-- Installing: /home/song/steadylab/src/install/msgs/lib/libmsgs__rosidl_typesupport_introspection_c.so
-- Set runtime path of "/home/song/steadylab/src/install/msgs/lib/libmsgs__rosidl_typesupport_introspection_c.so" to ""
-- Installing: /home/song/steadylab/src/install/msgs/lib/libmsgs__rosidl_typesupport_c.so
-- Set runtime path of "/home/song/steadylab/src/install/msgs/lib/libmsgs__rosidl_typesupport_c.so" to ""
-- Up-to-date: /home/song/steadylab/src/install/msgs/include/msgs
-- Up-to-date: /home/song/steadylab/src/install/msgs/include/msgs/msg
-- Installing: /home/song/steadylab/src/install/msgs/include/msgs/msg/rosidl_generator_cpp__visibility_control.hpp
-- Installing: /home/song/steadylab/src/install/msgs/include/msgs/msg/boxes.hpp
-- Up-to-date: /home/song/steadylab/src/install/msgs/include/msgs/msg/detail
-- Installing: /home/song/steadylab/src/install/msgs/include/msgs/msg/detail/boxes__traits.hpp
-- Installing: /home/song/steadylab/src/install/msgs/include/msgs/msg/detail/boxes__builder.hpp
-- Installing: /home/song/steadylab/src/install/msgs/include/msgs/msg/detail/boxes__type_support.hpp
-- Installing: /home/song/steadylab/src/install/msgs/include/msgs/msg/detail/boxes__struct.hpp
-- Up-to-date: /home/song/steadylab/src/install/msgs/include/msgs
-- Up-to-date: /home/song/steadylab/src/install/msgs/include/msgs/msg
-- Up-to-date: /home/song/steadylab/src/install/msgs/include/msgs/msg/detail
-- Installing: /home/song/steadylab/src/install/msgs/include/msgs/msg/detail/boxes__type_support.cpp
-- Installing: /home/song/steadylab/src/install/msgs/include/msgs/msg/detail/boxes__rosidl_typesupport_introspection_cpp.hpp
-- Installing: /home/song/steadylab/src/install/msgs/lib/libmsgs__rosidl_typesupport_introspection_cpp.so
-- Set runtime path of "/home/song/steadylab/src/install/msgs/lib/libmsgs__rosidl_typesupport_introspection_cpp.so" to ""
-- Installing: /home/song/steadylab/src/install/msgs/lib/libmsgs__rosidl_typesupport_cpp.so
-- Set runtime path of "/home/song/steadylab/src/install/msgs/lib/libmsgs__rosidl_typesupport_cpp.so" to ""
-- Installing: /home/song/steadylab/src/install/msgs/share/msgs/environment/pythonpath.sh
-- Installing: /home/song/steadylab/src/install/msgs/share/msgs/environment/pythonpath.dsv
-- Installing: /home/song/steadylab/src/install/msgs/lib/python3.8/site-packages/msgs/__init__.py
Compiling '/home/song/steadylab/src/install/msgs/lib/python3.8/site-packages/msgs/__init__.py'...
-- Installing: /home/song/steadylab/src/install/msgs/lib/python3.8/site-packages/msgs/msg
-- Installing: /home/song/steadylab/src/install/msgs/lib/python3.8/site-packages/msgs/msg/__init__.py
-- Installing: /home/song/steadylab/src/install/msgs/lib/python3.8/site-packages/msgs/msg/_boxes.py
-- Installing: /home/song/steadylab/src/install/msgs/lib/python3.8/site-packages/msgs/msg/_boxes_s.c
-- Installing: /home/song/steadylab/src/install/msgs/lib/python3.8/site-packages/msgs/msgs_s__rosidl_typesupport_fastrtps_c.cpython-38-x86_64-linux-gnu.so
-- Set runtime path of "/home/song/steadylab/src/install/msgs/lib/python3.8/site-packages/msgs/msgs_s__rosidl_typesupport_fastrtps_c.cpython-38-x86_64-linux-gnu.so" to ""
-- Installing: /home/song/steadylab/src/install/msgs/lib/python3.8/site-packages/msgs/msgs_s__rosidl_typesupport_introspection_c.cpython-38-x86_64-linux-gnu.so
-- Set runtime path of "/home/song/steadylab/src/install/msgs/lib/python3.8/site-packages/msgs/msgs_s__rosidl_typesupport_introspection_c.cpython-38-x86_64-linux-gnu.so" to ""
-- Installing: /home/song/steadylab/src/install/msgs/lib/python3.8/site-packages/msgs/msgs_s__rosidl_typesupport_c.cpython-38-x86_64-linux-gnu.so
-- Set runtime path of "/home/song/steadylab/src/install/msgs/lib/python3.8/site-packages/msgs/msgs_s__rosidl_typesupport_c.cpython-38-x86_64-linux-gnu.so" to ""
-- Installing: /home/song/steadylab/src/install/msgs/lib/libmsgs__python.so
-- Set runtime path of "/home/song/steadylab/src/install/msgs/lib/libmsgs__python.so" to ""
-- Installing: /home/song/steadylab/src/install/msgs/share/msgs/msg/Boxes.idl
-- Installing: /home/song/steadylab/src/install/msgs/share/msgs/msg/Boxes.msg
-- Installing: /home/song/steadylab/src/install/msgs/share/ament_index/resource_index/package_run_dependencies/msgs
-- Installing: /home/song/steadylab/src/install/msgs/share/ament_index/resource_index/parent_prefix_path/msgs
-- Installing: /home/song/steadylab/src/install/msgs/share/msgs/environment/ament_prefix_path.sh
-- Installing: /home/song/steadylab/src/install/msgs/share/msgs/environment/ament_prefix_path.dsv
-- Installing: /home/song/steadylab/src/install/msgs/share/msgs/environment/path.sh
-- Installing: /home/song/steadylab/src/install/msgs/share/msgs/environment/path.dsv
-- Installing: /home/song/steadylab/src/install/msgs/share/msgs/local_setup.bash
-- Installing: /home/song/steadylab/src/install/msgs/share/msgs/local_setup.sh
-- Installing: /home/song/steadylab/src/install/msgs/share/msgs/local_setup.zsh
-- Installing: /home/song/steadylab/src/install/msgs/share/msgs/local_setup.dsv
-- Installing: /home/song/steadylab/src/install/msgs/share/msgs/package.dsv
-- Installing: /home/song/steadylab/src/install/msgs/share/ament_index/resource_index/packages/msgs
-- Installing: /home/song/steadylab/src/install/msgs/share/msgs/cmake/msgs__rosidl_generator_cExport.cmake
-- Installing: /home/song/steadylab/src/install/msgs/share/msgs/cmake/msgs__rosidl_generator_cExport-noconfig.cmake
-- Installing: /home/song/steadylab/src/install/msgs/share/msgs/cmake/msgs__rosidl_typesupport_introspection_cExport.cmake
-- Installing: /home/song/steadylab/src/install/msgs/share/msgs/cmake/msgs__rosidl_typesupport_introspection_cExport-noconfig.cmake
-- Installing: /home/song/steadylab/src/install/msgs/share/msgs/cmake/msgs__rosidl_typesupport_cExport.cmake
-- Installing: /home/song/steadylab/src/install/msgs/share/msgs/cmake/msgs__rosidl_typesupport_cExport-noconfig.cmake
-- Installing: /home/song/steadylab/src/install/msgs/share/msgs/cmake/msgs__rosidl_generator_cppExport.cmake
-- Installing: /home/song/steadylab/src/install/msgs/share/msgs/cmake/msgs__rosidl_typesupport_introspection_cppExport.cmake
-- Installing: /home/song/steadylab/src/install/msgs/share/msgs/cmake/msgs__rosidl_typesupport_introspection_cppExport-noconfig.cmake
-- Installing: /home/song/steadylab/src/install/msgs/share/msgs/cmake/msgs__rosidl_typesupport_cppExport.cmake
-- Installing: /home/song/steadylab/src/install/msgs/share/msgs/cmake/msgs__rosidl_typesupport_cppExport-noconfig.cmake
-- Installing: /home/song/steadylab/src/install/msgs/share/msgs/cmake/rosidl_cmake-extras.cmake
-- Installing: /home/song/steadylab/src/install/msgs/share/msgs/cmake/ament_cmake_export_dependencies-extras.cmake
-- Installing: /home/song/steadylab/src/install/msgs/share/msgs/cmake/ament_cmake_export_libraries-extras.cmake
-- Installing: /home/song/steadylab/src/install/msgs/share/msgs/cmake/ament_cmake_export_targets-extras.cmake
-- Installing: /home/song/steadylab/src/install/msgs/share/msgs/cmake/ament_cmake_export_include_directories-extras.cmake
-- Installing: /home/song/steadylab/src/install/msgs/share/msgs/cmake/rosidl_cmake_export_typesupport_libraries-extras.cmake
-- Installing: /home/song/steadylab/src/install/msgs/share/msgs/cmake/rosidl_cmake_export_typesupport_targets-extras.cmake
-- Installing: /home/song/steadylab/src/install/msgs/share/msgs/cmake/msgsConfig.cmake
-- Installing: /home/song/steadylab/src/install/msgs/share/msgs/cmake/msgsConfig-version.cmake
-- Installing: /home/song/steadylab/src/install/msgs/share/msgs/package.xml
