[0.008s] Invoking command in '/home/song/steadylab/src/build/msgs': CMAKE_PREFIX_PATH=${CMAKE_PREFIX_PATH}:/home/song/steadylab/install/steadylab:/opt/ros/foxy CONDA_PROMPT_MODIFIER=(zed) /usr/bin/cmake /home/song/steadylab/src/msgs -DCMAKE_INSTALL_PREFIX=/home/song/steadylab/src/install/msgs
[0.065s] -- The C compiler identification is GNU 9.4.0
[0.099s] -- The CXX compiler identification is GNU 9.4.0
[0.102s] -- Check for working C compiler: /usr/bin/cc
[0.143s] -- Check for working C compiler: /usr/bin/cc -- works
[0.143s] -- Detecting C compiler ABI info
[0.183s] -- Detecting C compiler ABI info - done
[0.190s] -- Detecting C compile features
[0.190s] -- Detecting C compile features - done
[0.191s] -- Check for working CXX compiler: /usr/bin/c++
[0.238s] -- Check for working CXX compiler: /usr/bin/c++ -- works
[0.238s] -- Detecting CXX compiler ABI info
[0.284s] -- Detecting CXX compiler ABI info - done
[0.290s] -- Detecting CXX compile features
[0.290s] -- Detecting CXX compile features - done
[0.292s] -- Found ament_cmake: 0.9.12 (/opt/ros/foxy/share/ament_cmake/cmake)
[0.309s] -- Found PythonInterp: /home/song/anaconda3/envs/zed/bin/python3 (found suitable version "3.8.17", minimum required is "3") 
[0.309s] -- Using PYTHON_EXECUTABLE: /home/song/anaconda3/envs/zed/bin/python3
[0.390s] -- Found rosidl_default_generators: 1.0.1 (/opt/ros/foxy/share/rosidl_default_generators/cmake)
[0.393s] -- Using all available rosidl_typesupport_c: rosidl_typesupport_fastrtps_c;rosidl_typesupport_introspection_c
[0.398s] -- Found rosidl_adapter: 1.3.1 (/opt/ros/foxy/share/rosidl_adapter/cmake)
[0.456s] -- Found OpenSSL: /usr/lib/x86_64-linux-gnu/libcrypto.so (found version "1.1.1f")  
[0.472s] -- Found FastRTPS: /opt/ros/foxy/include  
[0.521s] -- Using all available rosidl_typesupport_cpp: rosidl_typesupport_fastrtps_cpp;rosidl_typesupport_introspection_cpp
[0.551s] -- Found PythonInterp: /home/song/anaconda3/envs/zed/bin/python3 (found version "3.8.17") 
[0.627s] -- Found ament_cmake_ros: 0.9.2 (/opt/ros/foxy/share/ament_cmake_ros/cmake)
[0.685s] -- Using all available rosidl_typesupport_c: rosidl_typesupport_fastrtps_c;rosidl_typesupport_introspection_c
[0.690s] -- Using all available rosidl_typesupport_cpp: rosidl_typesupport_fastrtps_cpp;rosidl_typesupport_introspection_cpp
[0.705s] -- Found PythonInterp: /home/song/anaconda3/envs/zed/bin/python3 (found suitable version "3.8.17", minimum required is "3.5") 
[0.706s] -- Found python_cmake_module: 0.8.1 (/opt/ros/foxy/share/python_cmake_module/cmake)
[0.722s] -- Found PythonLibs: /home/song/anaconda3/envs/zed/lib/libpython3.8.so (found suitable version "3.8.17", minimum required is "3.5") 
[0.722s] -- Using PYTHON_EXECUTABLE: /home/song/anaconda3/envs/zed/bin/python3
[0.722s] -- Using PYTHON_INCLUDE_DIRS: /home/song/anaconda3/envs/zed/include/python3.8
[0.722s] -- Using PYTHON_LIBRARIES: /home/song/anaconda3/envs/zed/lib/libpython3.8.so
[0.736s] -- Found PythonExtra: .so  
[0.807s] -- Found ament_lint_auto: 0.9.8 (/opt/ros/foxy/share/ament_lint_auto/cmake)
[0.820s] -- Added test 'copyright' to check source files copyright and LICENSE
[0.821s] -- Added test 'lint_cmake' to check CMake code style
[0.821s] -- Added test 'xmllint' to check XML markup files
[0.823s] -- Configuring done
[0.836s] -- Generating done
[0.838s] -- Build files have been written to: /home/song/steadylab/src/build/msgs
[0.843s] Invoked command in '/home/song/steadylab/src/build/msgs' returned '0': CMAKE_PREFIX_PATH=${CMAKE_PREFIX_PATH}:/home/song/steadylab/install/steadylab:/opt/ros/foxy CONDA_PROMPT_MODIFIER=(zed) /usr/bin/cmake /home/song/steadylab/src/msgs -DCMAKE_INSTALL_PREFIX=/home/song/steadylab/src/install/msgs
[0.845s] Invoking command in '/home/song/steadylab/src/build/msgs': CMAKE_PREFIX_PATH=${CMAKE_PREFIX_PATH}:/home/song/steadylab/install/steadylab:/opt/ros/foxy CONDA_PROMPT_MODIFIER=(zed) /usr/bin/cmake --build /home/song/steadylab/src/build/msgs -- -j20 -l20
[0.868s] [35m[1mScanning dependencies of target msgs__cpp[0m
[0.869s] [  3%] [34m[1mGenerating C code for ROS interfaces[0m
[0.874s] [  6%] [34m[1mGenerating C++ code for ROS interfaces[0m
[0.998s] [35m[1mScanning dependencies of target msgs__rosidl_generator_c[0m
[1.003s] [  6%] Built target msgs__cpp
[1.004s] [  9%] [32mBuilding C object CMakeFiles/msgs__rosidl_generator_c.dir/rosidl_generator_c/msgs/msg/detail/boxes__functions.c.o[0m
[1.010s] [ 16%] [34m[1mGenerating C++ type support for eProsima Fast-RTPS[0m
[1.010s] [ 16%] [34m[1mGenerating C++ introspection for ROS interfaces[0m
[1.010s] [ 19%] [34m[1mGenerating C++ type support dispatch for ROS interfaces[0m
[1.033s] [ 22%] [32m[1mLinking C shared library libmsgs__rosidl_generator_c.so[0m
[1.056s] [ 22%] Built target msgs__rosidl_generator_c
[1.062s] [ 29%] [34m[1mGenerating C type support dispatch for ROS interfaces[0m
[1.063s] [ 29%] [34m[1mGenerating C introspection for ROS interfaces[0m
[1.128s] [35m[1mScanning dependencies of target msgs__rosidl_typesupport_cpp[0m
[1.135s] [ 32%] [32mBuilding CXX object CMakeFiles/msgs__rosidl_typesupport_cpp.dir/rosidl_typesupport_cpp/msgs/msg/boxes__type_support.cpp.o[0m
[1.136s] [35m[1mScanning dependencies of target msgs__rosidl_typesupport_introspection_cpp[0m
[1.140s] [35m[1mScanning dependencies of target msgs__rosidl_typesupport_fastrtps_cpp[0m
[1.143s] [ 35%] [32mBuilding CXX object CMakeFiles/msgs__rosidl_typesupport_introspection_cpp.dir/rosidl_typesupport_introspection_cpp/msgs/msg/detail/boxes__type_support.cpp.o[0m
[1.150s] [ 38%] [32mBuilding CXX object CMakeFiles/msgs__rosidl_typesupport_fastrtps_cpp.dir/rosidl_typesupport_fastrtps_cpp/msgs/msg/detail/dds_fastrtps/boxes__type_support.cpp.o[0m
[1.181s] [35m[1mScanning dependencies of target msgs__rosidl_typesupport_c[0m
[1.189s] [ 41%] [32mBuilding CXX object CMakeFiles/msgs__rosidl_typesupport_c.dir/rosidl_typesupport_c/msgs/msg/boxes__type_support.cpp.o[0m
[1.193s] [35m[1mScanning dependencies of target msgs__rosidl_typesupport_introspection_c[0m
[1.201s] [ 45%] [32mBuilding C object CMakeFiles/msgs__rosidl_typesupport_introspection_c.dir/rosidl_typesupport_introspection_c/msgs/msg/detail/boxes__type_support.c.o[0m
[1.208s] [ 48%] [32m[1mLinking CXX shared library libmsgs__rosidl_typesupport_c.so[0m
[1.222s] [ 51%] [32m[1mLinking C shared library libmsgs__rosidl_typesupport_introspection_c.so[0m
[1.233s] [ 51%] Built target msgs__rosidl_typesupport_c
[1.242s] [ 51%] Built target msgs__rosidl_typesupport_introspection_c
[1.280s] [ 54%] [32m[1mLinking CXX shared library libmsgs__rosidl_typesupport_cpp.so[0m
[1.288s] [ 58%] [32m[1mLinking CXX shared library libmsgs__rosidl_typesupport_introspection_cpp.so[0m
[1.304s] [ 58%] Built target msgs__rosidl_typesupport_cpp
[1.313s] [ 58%] Built target msgs__rosidl_typesupport_introspection_cpp
[1.353s] [ 61%] [32m[1mLinking CXX shared library libmsgs__rosidl_typesupport_fastrtps_cpp.so[0m
[1.399s] [ 61%] Built target msgs__rosidl_typesupport_fastrtps_cpp
[1.405s] [ 64%] [34m[1mGenerating C type support for eProsima Fast-RTPS[0m
[1.521s] [35m[1mScanning dependencies of target msgs__rosidl_typesupport_fastrtps_c[0m
[1.529s] [ 67%] [32mBuilding CXX object CMakeFiles/msgs__rosidl_typesupport_fastrtps_c.dir/rosidl_typesupport_fastrtps_c/msgs/msg/detail/boxes__type_support_c.cpp.o[0m
[1.692s] [ 70%] [32m[1mLinking CXX shared library libmsgs__rosidl_typesupport_fastrtps_c.so[0m
[1.741s] [ 70%] Built target msgs__rosidl_typesupport_fastrtps_c
[1.747s] [35m[1mScanning dependencies of target msgs[0m
[1.754s] [ 70%] Built target msgs
[1.759s] [35m[1mScanning dependencies of target msgs__py[0m
[1.766s] [ 74%] [34m[1mGenerating Python code for ROS interfaces[0m
[2.081s] [ 74%] Built target msgs__py
[2.087s] [35m[1mScanning dependencies of target msgs__python[0m
[2.096s] [ 77%] [32mBuilding C object CMakeFiles/msgs__python.dir/rosidl_generator_py/msgs/msg/_boxes_s.c.o[0m
[2.143s] [ 80%] [32m[1mLinking C shared library rosidl_generator_py/msgs/libmsgs__python.so[0m
[2.165s] [ 80%] Built target msgs__python
[2.172s] [35m[1mScanning dependencies of target msgs__rosidl_typesupport_introspection_c__pyext[0m
[2.172s] [35m[1mScanning dependencies of target msgs__rosidl_typesupport_fastrtps_c__pyext[0m
[2.172s] [35m[1mScanning dependencies of target msgs__rosidl_typesupport_c__pyext[0m
[2.182s] [ 90%] [32mBuilding C object CMakeFiles/msgs__rosidl_typesupport_introspection_c__pyext.dir/rosidl_generator_py/msgs/_msgs_s.ep.rosidl_typesupport_introspection_c.c.o[0m
[2.182s] [ 90%] [32mBuilding C object CMakeFiles/msgs__rosidl_typesupport_c__pyext.dir/rosidl_generator_py/msgs/_msgs_s.ep.rosidl_typesupport_c.c.o[0m
[2.182s] [ 90%] [32mBuilding C object CMakeFiles/msgs__rosidl_typesupport_fastrtps_c__pyext.dir/rosidl_generator_py/msgs/_msgs_s.ep.rosidl_typesupport_fastrtps_c.c.o[0m
[2.228s] [ 96%] [32m[1mLinking C shared library rosidl_generator_py/msgs/msgs_s__rosidl_typesupport_introspection_c.cpython-38-x86_64-linux-gnu.so[0m
[2.228s] [ 96%] [32m[1mLinking C shared library rosidl_generator_py/msgs/msgs_s__rosidl_typesupport_c.cpython-38-x86_64-linux-gnu.so[0m
[2.229s] [100%] [32m[1mLinking CXX shared library rosidl_generator_py/msgs/msgs_s__rosidl_typesupport_fastrtps_c.cpython-38-x86_64-linux-gnu.so[0m
[2.250s] [100%] Built target msgs__rosidl_typesupport_introspection_c__pyext
[2.252s] [100%] Built target msgs__rosidl_typesupport_c__pyext
[2.269s] [100%] Built target msgs__rosidl_typesupport_fastrtps_c__pyext
[2.278s] Invoked command in '/home/song/steadylab/src/build/msgs' returned '0': CMAKE_PREFIX_PATH=${CMAKE_PREFIX_PATH}:/home/song/steadylab/install/steadylab:/opt/ros/foxy CONDA_PROMPT_MODIFIER=(zed) /usr/bin/cmake --build /home/song/steadylab/src/build/msgs -- -j20 -l20
[2.314s] Invoking command in '/home/song/steadylab/src/build/msgs': CMAKE_PREFIX_PATH=${CMAKE_PREFIX_PATH}:/home/song/steadylab/install/steadylab:/opt/ros/foxy CONDA_PROMPT_MODIFIER=(zed) /usr/bin/cmake --install /home/song/steadylab/src/build/msgs
[2.319s] -- Install configuration: ""
[2.320s] -- Installing: /home/song/steadylab/src/install/msgs/share/ament_index/resource_index/rosidl_interfaces/msgs
[2.320s] -- Installing: /home/song/steadylab/src/install/msgs/include/msgs
[2.320s] -- Installing: /home/song/steadylab/src/install/msgs/include/msgs/msg
[2.320s] -- Installing: /home/song/steadylab/src/install/msgs/include/msgs/msg/rosidl_generator_c__visibility_control.h
[2.320s] -- Installing: /home/song/steadylab/src/install/msgs/include/msgs/msg/boxes.h
[2.320s] -- Installing: /home/song/steadylab/src/install/msgs/include/msgs/msg/detail
[2.320s] -- Installing: /home/song/steadylab/src/install/msgs/include/msgs/msg/detail/boxes__functions.c
[2.320s] -- Installing: /home/song/steadylab/src/install/msgs/include/msgs/msg/detail/boxes__functions.h
[2.320s] -- Installing: /home/song/steadylab/src/install/msgs/include/msgs/msg/detail/boxes__struct.h
[2.320s] -- Installing: /home/song/steadylab/src/install/msgs/include/msgs/msg/detail/boxes__type_support.h
[2.320s] -- Installing: /home/song/steadylab/src/install/msgs/share/msgs/environment/library_path.sh
[2.320s] -- Installing: /home/song/steadylab/src/install/msgs/share/msgs/environment/library_path.dsv
[2.321s] -- Installing: /home/song/steadylab/src/install/msgs/lib/libmsgs__rosidl_generator_c.so
[2.321s] -- Set runtime path of "/home/song/steadylab/src/install/msgs/lib/libmsgs__rosidl_generator_c.so" to ""
[2.321s] -- Up-to-date: /home/song/steadylab/src/install/msgs/include/msgs
[2.321s] -- Up-to-date: /home/song/steadylab/src/install/msgs/include/msgs/msg
[2.321s] -- Installing: /home/song/steadylab/src/install/msgs/include/msgs/msg/rosidl_typesupport_fastrtps_c__visibility_control.h
[2.321s] -- Up-to-date: /home/song/steadylab/src/install/msgs/include/msgs/msg/detail
[2.321s] -- Installing: /home/song/steadylab/src/install/msgs/include/msgs/msg/detail/boxes__rosidl_typesupport_fastrtps_c.h
[2.321s] -- Installing: /home/song/steadylab/src/install/msgs/lib/libmsgs__rosidl_typesupport_fastrtps_c.so
[2.321s] -- Set runtime path of "/home/song/steadylab/src/install/msgs/lib/libmsgs__rosidl_typesupport_fastrtps_c.so" to ""
[2.321s] -- Up-to-date: /home/song/steadylab/src/install/msgs/include/msgs
[2.321s] -- Up-to-date: /home/song/steadylab/src/install/msgs/include/msgs/msg
[2.321s] -- Installing: /home/song/steadylab/src/install/msgs/include/msgs/msg/rosidl_typesupport_fastrtps_cpp__visibility_control.h
[2.321s] -- Up-to-date: /home/song/steadylab/src/install/msgs/include/msgs/msg/detail
[2.321s] -- Installing: /home/song/steadylab/src/install/msgs/include/msgs/msg/detail/boxes__rosidl_typesupport_fastrtps_cpp.hpp
[2.321s] -- Installing: /home/song/steadylab/src/install/msgs/include/msgs/msg/detail/dds_fastrtps
[2.321s] -- Installing: /home/song/steadylab/src/install/msgs/lib/libmsgs__rosidl_typesupport_fastrtps_cpp.so
[2.321s] -- Set runtime path of "/home/song/steadylab/src/install/msgs/lib/libmsgs__rosidl_typesupport_fastrtps_cpp.so" to ""
[2.321s] -- Up-to-date: /home/song/steadylab/src/install/msgs/include/msgs
[2.321s] -- Up-to-date: /home/song/steadylab/src/install/msgs/include/msgs/msg
[2.321s] -- Installing: /home/song/steadylab/src/install/msgs/include/msgs/msg/rosidl_typesupport_introspection_c__visibility_control.h
[2.321s] -- Up-to-date: /home/song/steadylab/src/install/msgs/include/msgs/msg/detail
[2.321s] -- Installing: /home/song/steadylab/src/install/msgs/include/msgs/msg/detail/boxes__type_support.c
[2.321s] -- Installing: /home/song/steadylab/src/install/msgs/include/msgs/msg/detail/boxes__rosidl_typesupport_introspection_c.h
[2.321s] -- Installing: /home/song/steadylab/src/install/msgs/lib/libmsgs__rosidl_typesupport_introspection_c.so
[2.321s] -- Set runtime path of "/home/song/steadylab/src/install/msgs/lib/libmsgs__rosidl_typesupport_introspection_c.so" to ""
[2.321s] -- Installing: /home/song/steadylab/src/install/msgs/lib/libmsgs__rosidl_typesupport_c.so
[2.322s] -- Set runtime path of "/home/song/steadylab/src/install/msgs/lib/libmsgs__rosidl_typesupport_c.so" to ""
[2.322s] -- Up-to-date: /home/song/steadylab/src/install/msgs/include/msgs
[2.322s] -- Up-to-date: /home/song/steadylab/src/install/msgs/include/msgs/msg
[2.322s] -- Installing: /home/song/steadylab/src/install/msgs/include/msgs/msg/rosidl_generator_cpp__visibility_control.hpp
[2.322s] -- Installing: /home/song/steadylab/src/install/msgs/include/msgs/msg/boxes.hpp
[2.322s] -- Up-to-date: /home/song/steadylab/src/install/msgs/include/msgs/msg/detail
[2.322s] -- Installing: /home/song/steadylab/src/install/msgs/include/msgs/msg/detail/boxes__traits.hpp
[2.322s] -- Installing: /home/song/steadylab/src/install/msgs/include/msgs/msg/detail/boxes__builder.hpp
[2.322s] -- Installing: /home/song/steadylab/src/install/msgs/include/msgs/msg/detail/boxes__type_support.hpp
[2.322s] -- Installing: /home/song/steadylab/src/install/msgs/include/msgs/msg/detail/boxes__struct.hpp
[2.322s] -- Up-to-date: /home/song/steadylab/src/install/msgs/include/msgs
[2.322s] -- Up-to-date: /home/song/steadylab/src/install/msgs/include/msgs/msg
[2.322s] -- Up-to-date: /home/song/steadylab/src/install/msgs/include/msgs/msg/detail
[2.322s] -- Installing: /home/song/steadylab/src/install/msgs/include/msgs/msg/detail/boxes__type_support.cpp
[2.322s] -- Installing: /home/song/steadylab/src/install/msgs/include/msgs/msg/detail/boxes__rosidl_typesupport_introspection_cpp.hpp
[2.322s] -- Installing: /home/song/steadylab/src/install/msgs/lib/libmsgs__rosidl_typesupport_introspection_cpp.so
[2.322s] -- Set runtime path of "/home/song/steadylab/src/install/msgs/lib/libmsgs__rosidl_typesupport_introspection_cpp.so" to ""
[2.322s] -- Installing: /home/song/steadylab/src/install/msgs/lib/libmsgs__rosidl_typesupport_cpp.so
[2.322s] -- Set runtime path of "/home/song/steadylab/src/install/msgs/lib/libmsgs__rosidl_typesupport_cpp.so" to ""
[2.322s] -- Installing: /home/song/steadylab/src/install/msgs/share/msgs/environment/pythonpath.sh
[2.322s] -- Installing: /home/song/steadylab/src/install/msgs/share/msgs/environment/pythonpath.dsv
[2.322s] -- Installing: /home/song/steadylab/src/install/msgs/lib/python3.8/site-packages/msgs/__init__.py
[2.340s] Compiling '/home/song/steadylab/src/install/msgs/lib/python3.8/site-packages/msgs/__init__.py'...
[2.342s] -- Installing: /home/song/steadylab/src/install/msgs/lib/python3.8/site-packages/msgs/msg
[2.342s] -- Installing: /home/song/steadylab/src/install/msgs/lib/python3.8/site-packages/msgs/msg/__init__.py
[2.342s] -- Installing: /home/song/steadylab/src/install/msgs/lib/python3.8/site-packages/msgs/msg/_boxes.py
[2.342s] -- Installing: /home/song/steadylab/src/install/msgs/lib/python3.8/site-packages/msgs/msg/_boxes_s.c
[2.342s] -- Installing: /home/song/steadylab/src/install/msgs/lib/python3.8/site-packages/msgs/msgs_s__rosidl_typesupport_fastrtps_c.cpython-38-x86_64-linux-gnu.so
[2.342s] -- Set runtime path of "/home/song/steadylab/src/install/msgs/lib/python3.8/site-packages/msgs/msgs_s__rosidl_typesupport_fastrtps_c.cpython-38-x86_64-linux-gnu.so" to ""
[2.343s] -- Installing: /home/song/steadylab/src/install/msgs/lib/python3.8/site-packages/msgs/msgs_s__rosidl_typesupport_introspection_c.cpython-38-x86_64-linux-gnu.so
[2.343s] -- Set runtime path of "/home/song/steadylab/src/install/msgs/lib/python3.8/site-packages/msgs/msgs_s__rosidl_typesupport_introspection_c.cpython-38-x86_64-linux-gnu.so" to ""
[2.343s] -- Installing: /home/song/steadylab/src/install/msgs/lib/python3.8/site-packages/msgs/msgs_s__rosidl_typesupport_c.cpython-38-x86_64-linux-gnu.so
[2.343s] -- Set runtime path of "/home/song/steadylab/src/install/msgs/lib/python3.8/site-packages/msgs/msgs_s__rosidl_typesupport_c.cpython-38-x86_64-linux-gnu.so" to ""
[2.343s] -- Installing: /home/song/steadylab/src/install/msgs/lib/libmsgs__python.so
[2.343s] -- Set runtime path of "/home/song/steadylab/src/install/msgs/lib/libmsgs__python.so" to ""
[2.343s] -- Installing: /home/song/steadylab/src/install/msgs/share/msgs/msg/Boxes.idl
[2.343s] -- Installing: /home/song/steadylab/src/install/msgs/share/msgs/msg/Boxes.msg
[2.344s] -- Installing: /home/song/steadylab/src/install/msgs/share/ament_index/resource_index/package_run_dependencies/msgs
[2.344s] -- Installing: /home/song/steadylab/src/install/msgs/share/ament_index/resource_index/parent_prefix_path/msgs
[2.344s] -- Installing: /home/song/steadylab/src/install/msgs/share/msgs/environment/ament_prefix_path.sh
[2.344s] -- Installing: /home/song/steadylab/src/install/msgs/share/msgs/environment/ament_prefix_path.dsv
[2.344s] -- Installing: /home/song/steadylab/src/install/msgs/share/msgs/environment/path.sh
[2.344s] -- Installing: /home/song/steadylab/src/install/msgs/share/msgs/environment/path.dsv
[2.344s] -- Installing: /home/song/steadylab/src/install/msgs/share/msgs/local_setup.bash
[2.344s] -- Installing: /home/song/steadylab/src/install/msgs/share/msgs/local_setup.sh
[2.344s] -- Installing: /home/song/steadylab/src/install/msgs/share/msgs/local_setup.zsh
[2.344s] -- Installing: /home/song/steadylab/src/install/msgs/share/msgs/local_setup.dsv
[2.344s] -- Installing: /home/song/steadylab/src/install/msgs/share/msgs/package.dsv
[2.344s] -- Installing: /home/song/steadylab/src/install/msgs/share/ament_index/resource_index/packages/msgs
[2.344s] -- Installing: /home/song/steadylab/src/install/msgs/share/msgs/cmake/msgs__rosidl_generator_cExport.cmake
[2.344s] -- Installing: /home/song/steadylab/src/install/msgs/share/msgs/cmake/msgs__rosidl_generator_cExport-noconfig.cmake
[2.344s] -- Installing: /home/song/steadylab/src/install/msgs/share/msgs/cmake/msgs__rosidl_typesupport_introspection_cExport.cmake
[2.344s] -- Installing: /home/song/steadylab/src/install/msgs/share/msgs/cmake/msgs__rosidl_typesupport_introspection_cExport-noconfig.cmake
[2.344s] -- Installing: /home/song/steadylab/src/install/msgs/share/msgs/cmake/msgs__rosidl_typesupport_cExport.cmake
[2.344s] -- Installing: /home/song/steadylab/src/install/msgs/share/msgs/cmake/msgs__rosidl_typesupport_cExport-noconfig.cmake
[2.344s] -- Installing: /home/song/steadylab/src/install/msgs/share/msgs/cmake/msgs__rosidl_generator_cppExport.cmake
[2.345s] -- Installing: /home/song/steadylab/src/install/msgs/share/msgs/cmake/msgs__rosidl_typesupport_introspection_cppExport.cmake
[2.345s] -- Installing: /home/song/steadylab/src/install/msgs/share/msgs/cmake/msgs__rosidl_typesupport_introspection_cppExport-noconfig.cmake
[2.345s] -- Installing: /home/song/steadylab/src/install/msgs/share/msgs/cmake/msgs__rosidl_typesupport_cppExport.cmake
[2.345s] -- Installing: /home/song/steadylab/src/install/msgs/share/msgs/cmake/msgs__rosidl_typesupport_cppExport-noconfig.cmake
[2.345s] -- Installing: /home/song/steadylab/src/install/msgs/share/msgs/cmake/rosidl_cmake-extras.cmake
[2.345s] -- Installing: /home/song/steadylab/src/install/msgs/share/msgs/cmake/ament_cmake_export_dependencies-extras.cmake
[2.345s] -- Installing: /home/song/steadylab/src/install/msgs/share/msgs/cmake/ament_cmake_export_libraries-extras.cmake
[2.345s] -- Installing: /home/song/steadylab/src/install/msgs/share/msgs/cmake/ament_cmake_export_targets-extras.cmake
[2.345s] -- Installing: /home/song/steadylab/src/install/msgs/share/msgs/cmake/ament_cmake_export_include_directories-extras.cmake
[2.345s] -- Installing: /home/song/steadylab/src/install/msgs/share/msgs/cmake/rosidl_cmake_export_typesupport_libraries-extras.cmake
[2.345s] -- Installing: /home/song/steadylab/src/install/msgs/share/msgs/cmake/rosidl_cmake_export_typesupport_targets-extras.cmake
[2.345s] -- Installing: /home/song/steadylab/src/install/msgs/share/msgs/cmake/msgsConfig.cmake
[2.345s] -- Installing: /home/song/steadylab/src/install/msgs/share/msgs/cmake/msgsConfig-version.cmake
[2.345s] -- Installing: /home/song/steadylab/src/install/msgs/share/msgs/package.xml
[2.347s] Invoked command in '/home/song/steadylab/src/build/msgs' returned '0': CMAKE_PREFIX_PATH=${CMAKE_PREFIX_PATH}:/home/song/steadylab/install/steadylab:/opt/ros/foxy CONDA_PROMPT_MODIFIER=(zed) /usr/bin/cmake --install /home/song/steadylab/src/build/msgs
