[0.008s] Invoking command in '/home/song/zed/build/image_common': AMENT_PREFIX_PATH=/home/song/zed/install/camera_info_manager:/home/song/zed/install/image_transport:/home/song/zed/install/camera_calibration_parsers:${AMENT_PREFIX_PATH} CMAKE_PREFIX_PATH=/home/song/zed/install/camera_info_manager:/home/song/zed/install/image_transport:/home/song/zed/install/camera_calibration_parsers:/home/song/ros-zed/install/zed_ros2:/home/song/ros-zed/install/zed_wrapper:/home/song/ros-zed/install/zed_components:/home/song/ros-zed/install/zed_interfaces:/home/song/ros-zed/install/image_common:/home/song/ros-zed/install/image_transport:/home/song/ros-zed/install/camera_info_manager:/home/song/ros-zed/install/camera_calibration_parsers:/opt/ros/foxy CONDA_PROMPT_MODIFIER=(base) LD_LIBRARY_PATH=/home/song/zed/install/camera_info_manager/lib:/home/song/zed/install/image_transport/lib:/home/song/zed/install/camera_calibration_parsers/lib:/home/song/ros-zed/install/zed_components/lib:/home/song/ros-zed/install/zed_interfaces/lib:/home/song/ros-zed/install/image_transport/lib:/home/song/ros-zed/install/camera_info_manager/lib:/home/song/ros-zed/install/camera_calibration_parsers/lib:/opt/ros/foxy/opt/yaml_cpp_vendor/lib:/opt/ros/foxy/opt/rviz_ogre_vendor/lib:/opt/ros/foxy/lib/x86_64-linux-gnu:/opt/ros/foxy/lib:/usr/local/cuda-11.8/lib64 /home/song/.local/bin/cmake /home/song/zed/src/image_common/image_common -DAMENT_CMAKE_SYMLINK_INSTALL=1 -DCMAKE_INSTALL_PREFIX=/home/song/zed/install/image_common
[0.048s] -- The C compiler identification is GNU 9.4.0
[0.079s] -- The CXX compiler identification is GNU 9.4.0
[0.085s] -- Detecting C compiler ABI info
[0.118s] -- Detecting C compiler ABI info - done
[0.124s] -- Check for working C compiler: /usr/bin/cc - skipped
[0.124s] -- Detecting C compile features
[0.124s] -- Detecting C compile features - done
[0.126s] -- Detecting CXX compiler ABI info
[0.163s] -- Detecting CXX compiler ABI info - done
[0.169s] -- Check for working CXX compiler: /usr/bin/c++ - skipped
[0.169s] -- Detecting CXX compile features
[0.170s] -- Detecting CXX compile features - done
[0.171s] -- Found ament_cmake: 0.9.12 (/opt/ros/foxy/share/ament_cmake/cmake)
[0.187s] -- Found PythonInterp: /home/song/anaconda3/bin/python3 (found suitable version "3.9.13", minimum required is "3") 
[0.187s] -- Using PYTHON_EXECUTABLE: /home/song/anaconda3/bin/python3
[0.305s] -- Override CMake install command with custom implementation using symlinks instead of copying resources
[0.317s] -- Found ament_lint_auto: 0.9.8 (/opt/ros/foxy/share/ament_lint_auto/cmake)
[0.365s] -- Added test 'copyright' to check source files copyright and LICENSE
[0.366s] -- Added test 'lint_cmake' to check CMake code style
[0.367s] -- Added test 'xmllint' to check XML markup files
[0.367s] -- Configuring done (0.3s)
[0.368s] -- Generating done (0.0s)
[0.369s] -- Build files have been written to: /home/song/zed/build/image_common
[0.374s] Invoked command in '/home/song/zed/build/image_common' returned '0': AMENT_PREFIX_PATH=/home/song/zed/install/camera_info_manager:/home/song/zed/install/image_transport:/home/song/zed/install/camera_calibration_parsers:${AMENT_PREFIX_PATH} CMAKE_PREFIX_PATH=/home/song/zed/install/camera_info_manager:/home/song/zed/install/image_transport:/home/song/zed/install/camera_calibration_parsers:/home/song/ros-zed/install/zed_ros2:/home/song/ros-zed/install/zed_wrapper:/home/song/ros-zed/install/zed_components:/home/song/ros-zed/install/zed_interfaces:/home/song/ros-zed/install/image_common:/home/song/ros-zed/install/image_transport:/home/song/ros-zed/install/camera_info_manager:/home/song/ros-zed/install/camera_calibration_parsers:/opt/ros/foxy CONDA_PROMPT_MODIFIER=(base) LD_LIBRARY_PATH=/home/song/zed/install/camera_info_manager/lib:/home/song/zed/install/image_transport/lib:/home/song/zed/install/camera_calibration_parsers/lib:/home/song/ros-zed/install/zed_components/lib:/home/song/ros-zed/install/zed_interfaces/lib:/home/song/ros-zed/install/image_transport/lib:/home/song/ros-zed/install/camera_info_manager/lib:/home/song/ros-zed/install/camera_calibration_parsers/lib:/opt/ros/foxy/opt/yaml_cpp_vendor/lib:/opt/ros/foxy/opt/rviz_ogre_vendor/lib:/opt/ros/foxy/lib/x86_64-linux-gnu:/opt/ros/foxy/lib:/usr/local/cuda-11.8/lib64 /home/song/.local/bin/cmake /home/song/zed/src/image_common/image_common -DAMENT_CMAKE_SYMLINK_INSTALL=1 -DCMAKE_INSTALL_PREFIX=/home/song/zed/install/image_common
[0.376s] Invoking command in '/home/song/zed/build/image_common': AMENT_PREFIX_PATH=/home/song/zed/install/camera_info_manager:/home/song/zed/install/image_transport:/home/song/zed/install/camera_calibration_parsers:${AMENT_PREFIX_PATH} CMAKE_PREFIX_PATH=/home/song/zed/install/camera_info_manager:/home/song/zed/install/image_transport:/home/song/zed/install/camera_calibration_parsers:/home/song/ros-zed/install/zed_ros2:/home/song/ros-zed/install/zed_wrapper:/home/song/ros-zed/install/zed_components:/home/song/ros-zed/install/zed_interfaces:/home/song/ros-zed/install/image_common:/home/song/ros-zed/install/image_transport:/home/song/ros-zed/install/camera_info_manager:/home/song/ros-zed/install/camera_calibration_parsers:/opt/ros/foxy CONDA_PROMPT_MODIFIER=(base) LD_LIBRARY_PATH=/home/song/zed/install/camera_info_manager/lib:/home/song/zed/install/image_transport/lib:/home/song/zed/install/camera_calibration_parsers/lib:/home/song/ros-zed/install/zed_components/lib:/home/song/ros-zed/install/zed_interfaces/lib:/home/song/ros-zed/install/image_transport/lib:/home/song/ros-zed/install/camera_info_manager/lib:/home/song/ros-zed/install/camera_calibration_parsers/lib:/opt/ros/foxy/opt/yaml_cpp_vendor/lib:/opt/ros/foxy/opt/rviz_ogre_vendor/lib:/opt/ros/foxy/lib/x86_64-linux-gnu:/opt/ros/foxy/lib:/usr/local/cuda-11.8/lib64 /home/song/.local/bin/cmake --build /home/song/zed/build/image_common -- -j20 -l20
[0.399s] Invoked command in '/home/song/zed/build/image_common' returned '0': AMENT_PREFIX_PATH=/home/song/zed/install/camera_info_manager:/home/song/zed/install/image_transport:/home/song/zed/install/camera_calibration_parsers:${AMENT_PREFIX_PATH} CMAKE_PREFIX_PATH=/home/song/zed/install/camera_info_manager:/home/song/zed/install/image_transport:/home/song/zed/install/camera_calibration_parsers:/home/song/ros-zed/install/zed_ros2:/home/song/ros-zed/install/zed_wrapper:/home/song/ros-zed/install/zed_components:/home/song/ros-zed/install/zed_interfaces:/home/song/ros-zed/install/image_common:/home/song/ros-zed/install/image_transport:/home/song/ros-zed/install/camera_info_manager:/home/song/ros-zed/install/camera_calibration_parsers:/opt/ros/foxy CONDA_PROMPT_MODIFIER=(base) LD_LIBRARY_PATH=/home/song/zed/install/camera_info_manager/lib:/home/song/zed/install/image_transport/lib:/home/song/zed/install/camera_calibration_parsers/lib:/home/song/ros-zed/install/zed_components/lib:/home/song/ros-zed/install/zed_interfaces/lib:/home/song/ros-zed/install/image_transport/lib:/home/song/ros-zed/install/camera_info_manager/lib:/home/song/ros-zed/install/camera_calibration_parsers/lib:/opt/ros/foxy/opt/yaml_cpp_vendor/lib:/opt/ros/foxy/opt/rviz_ogre_vendor/lib:/opt/ros/foxy/lib/x86_64-linux-gnu:/opt/ros/foxy/lib:/usr/local/cuda-11.8/lib64 /home/song/.local/bin/cmake --build /home/song/zed/build/image_common -- -j20 -l20
[0.424s] Invoking command in '/home/song/zed/build/image_common': AMENT_PREFIX_PATH=/home/song/zed/install/camera_info_manager:/home/song/zed/install/image_transport:/home/song/zed/install/camera_calibration_parsers:${AMENT_PREFIX_PATH} CMAKE_PREFIX_PATH=/home/song/zed/install/camera_info_manager:/home/song/zed/install/image_transport:/home/song/zed/install/camera_calibration_parsers:/home/song/ros-zed/install/zed_ros2:/home/song/ros-zed/install/zed_wrapper:/home/song/ros-zed/install/zed_components:/home/song/ros-zed/install/zed_interfaces:/home/song/ros-zed/install/image_common:/home/song/ros-zed/install/image_transport:/home/song/ros-zed/install/camera_info_manager:/home/song/ros-zed/install/camera_calibration_parsers:/opt/ros/foxy CONDA_PROMPT_MODIFIER=(base) LD_LIBRARY_PATH=/home/song/zed/install/camera_info_manager/lib:/home/song/zed/install/image_transport/lib:/home/song/zed/install/camera_calibration_parsers/lib:/home/song/ros-zed/install/zed_components/lib:/home/song/ros-zed/install/zed_interfaces/lib:/home/song/ros-zed/install/image_transport/lib:/home/song/ros-zed/install/camera_info_manager/lib:/home/song/ros-zed/install/camera_calibration_parsers/lib:/opt/ros/foxy/opt/yaml_cpp_vendor/lib:/opt/ros/foxy/opt/rviz_ogre_vendor/lib:/opt/ros/foxy/lib/x86_64-linux-gnu:/opt/ros/foxy/lib:/usr/local/cuda-11.8/lib64 /home/song/.local/bin/cmake --install /home/song/zed/build/image_common
[0.438s] -- Install configuration: ""
[0.438s] -- Execute custom install script
[0.438s] -- Symlinking: /home/song/zed/install/image_common/share/ament_index/resource_index/package_run_dependencies/image_common
[0.440s] -- Symlinking: /home/song/zed/install/image_common/share/ament_index/resource_index/parent_prefix_path/image_common
[0.442s] -- Symlinking: /home/song/zed/install/image_common/share/image_common/environment/ament_prefix_path.sh
[0.443s] -- Symlinking: /home/song/zed/install/image_common/share/image_common/environment/ament_prefix_path.dsv
[0.445s] -- Symlinking: /home/song/zed/install/image_common/share/image_common/environment/path.sh
[0.446s] -- Symlinking: /home/song/zed/install/image_common/share/image_common/environment/path.dsv
[0.447s] -- Symlinking: /home/song/zed/install/image_common/share/image_common/local_setup.bash
[0.449s] -- Symlinking: /home/song/zed/install/image_common/share/image_common/local_setup.sh
[0.450s] -- Symlinking: /home/song/zed/install/image_common/share/image_common/local_setup.zsh
[0.452s] -- Symlinking: /home/song/zed/install/image_common/share/image_common/local_setup.dsv
[0.453s] -- Symlinking: /home/song/zed/install/image_common/share/image_common/package.dsv
[0.454s] -- Symlinking: /home/song/zed/install/image_common/share/ament_index/resource_index/packages/image_common
[0.456s] -- Symlinking: /home/song/zed/install/image_common/share/image_common/cmake/image_commonConfig.cmake
[0.457s] -- Symlinking: /home/song/zed/install/image_common/share/image_common/cmake/image_commonConfig-version.cmake
[0.459s] -- Symlinking: /home/song/zed/install/image_common/share/image_common/package.xml
[0.464s] Invoked command in '/home/song/zed/build/image_common' returned '0': AMENT_PREFIX_PATH=/home/song/zed/install/camera_info_manager:/home/song/zed/install/image_transport:/home/song/zed/install/camera_calibration_parsers:${AMENT_PREFIX_PATH} CMAKE_PREFIX_PATH=/home/song/zed/install/camera_info_manager:/home/song/zed/install/image_transport:/home/song/zed/install/camera_calibration_parsers:/home/song/ros-zed/install/zed_ros2:/home/song/ros-zed/install/zed_wrapper:/home/song/ros-zed/install/zed_components:/home/song/ros-zed/install/zed_interfaces:/home/song/ros-zed/install/image_common:/home/song/ros-zed/install/image_transport:/home/song/ros-zed/install/camera_info_manager:/home/song/ros-zed/install/camera_calibration_parsers:/opt/ros/foxy CONDA_PROMPT_MODIFIER=(base) LD_LIBRARY_PATH=/home/song/zed/install/camera_info_manager/lib:/home/song/zed/install/image_transport/lib:/home/song/zed/install/camera_calibration_parsers/lib:/home/song/ros-zed/install/zed_components/lib:/home/song/ros-zed/install/zed_interfaces/lib:/home/song/ros-zed/install/image_transport/lib:/home/song/ros-zed/install/camera_info_manager/lib:/home/song/ros-zed/install/camera_calibration_parsers/lib:/opt/ros/foxy/opt/yaml_cpp_vendor/lib:/opt/ros/foxy/opt/rviz_ogre_vendor/lib:/opt/ros/foxy/lib/x86_64-linux-gnu:/opt/ros/foxy/lib:/usr/local/cuda-11.8/lib64 /home/song/.local/bin/cmake --install /home/song/zed/build/image_common
