-- The C compiler identification is GNU 9.4.0
-- The CXX compiler identification is GNU 9.4.0
-- Detecting C compiler ABI info
-- Detecting C compiler ABI info - done
-- Check for working C compiler: /usr/bin/cc - skipped
-- Detecting C compile features
-- Detecting C compile features - done
-- Detecting CXX compiler ABI info
-- Detecting CXX compiler ABI info - done
-- Check for working CXX compiler: /usr/bin/c++ - skipped
-- Detecting CXX compile features
-- Detecting CXX compile features - done
-- Found ament_cmake_auto: 0.9.12 (/opt/ros/foxy/share/ament_cmake_auto/cmake)
-- Found PythonInterp: /home/song/anaconda3/bin/python3 (found suitable version "3.9.13", minimum required is "3") 
-- Using PYTHON_EXECUTABLE: /home/song/anaconda3/bin/python3
-- Override CMake install command with custom implementation using symlinks instead of copying resources
-- Found ament_lint_auto: 0.9.8 (/opt/ros/foxy/share/ament_lint_auto/cmake)
-- Added test 'copyright' to check source files copyright and LICENSE
-- Added test 'flake8' to check Python code syntax and style conventions
-- Added test 'lint_cmake' to check CMake code style
-- Added test 'pep257' to check Python code against some of the style conventions in PEP 257
-- Added test 'xmllint' to check XML markup files
-- Configuring done (0.5s)
-- Generating done (0.0s)
-- Build files have been written to: /home/song/zed/build/zed_multi_camera
-- Install configuration: "Release"
-- Execute custom install script
-- Symlinking: /home/song/zed/install/zed_multi_camera/share/zed_multi_camera/launch/zed_multi_camera.launch.py
-- Symlinking: /home/song/zed/install/zed_multi_camera/share/ament_index/resource_index/package_run_dependencies/zed_multi_camera
-- Symlinking: /home/song/zed/install/zed_multi_camera/share/ament_index/resource_index/parent_prefix_path/zed_multi_camera
-- Symlinking: /home/song/zed/install/zed_multi_camera/share/zed_multi_camera/environment/ament_prefix_path.sh
-- Symlinking: /home/song/zed/install/zed_multi_camera/share/zed_multi_camera/environment/ament_prefix_path.dsv
-- Symlinking: /home/song/zed/install/zed_multi_camera/share/zed_multi_camera/environment/path.sh
-- Symlinking: /home/song/zed/install/zed_multi_camera/share/zed_multi_camera/environment/path.dsv
-- Symlinking: /home/song/zed/install/zed_multi_camera/share/zed_multi_camera/local_setup.bash
-- Symlinking: /home/song/zed/install/zed_multi_camera/share/zed_multi_camera/local_setup.sh
-- Symlinking: /home/song/zed/install/zed_multi_camera/share/zed_multi_camera/local_setup.zsh
-- Symlinking: /home/song/zed/install/zed_multi_camera/share/zed_multi_camera/local_setup.dsv
-- Symlinking: /home/song/zed/install/zed_multi_camera/share/zed_multi_camera/package.dsv
-- Symlinking: /home/song/zed/install/zed_multi_camera/share/ament_index/resource_index/packages/zed_multi_camera
-- Symlinking: /home/song/zed/install/zed_multi_camera/share/zed_multi_camera/cmake/zed_multi_cameraConfig.cmake
-- Symlinking: /home/song/zed/install/zed_multi_camera/share/zed_multi_camera/cmake/zed_multi_cameraConfig-version.cmake
-- Symlinking: /home/song/zed/install/zed_multi_camera/share/zed_multi_camera/package.xml
