[0.040s] Invoking command in '/home/song/steadylab/src/build/zed_interfaces': CMAKE_PREFIX_PATH=${CMAKE_PREFIX_PATH}:/home/song/steadylab/install/yo:/home/song/steadylab/install/steadylab:/opt/ros/foxy CONDA_PROMPT_MODIFIER=(zed) /usr/bin/cmake --build /home/song/steadylab/src/build/zed_interfaces -- -j20 -l20
[0.324s] [  0%] Built target zed_interfaces__cpp
[0.324s] [ 12%] Built target zed_interfaces__rosidl_generator_c
[0.324s] [ 24%] Built target zed_interfaces__rosidl_typesupport_cpp
[0.325s] [ 36%] Built target zed_interfaces__rosidl_typesupport_introspection_cpp
[0.325s] [ 48%] Built target zed_interfaces__rosidl_typesupport_fastrtps_cpp
[0.326s] [ 60%] Built target zed_interfaces__rosidl_typesupport_c
[0.326s] [ 72%] Built target zed_interfaces__rosidl_typesupport_introspection_c
[0.327s] [ 84%] Built target zed_interfaces__rosidl_typesupport_fastrtps_c
[0.328s] [ 84%] Built target zed_interfaces
[0.329s] [ 85%] [34m[1mGenerating Python code for ROS interfaces[0m
[0.394s] ImportError in template '/opt/ros/foxy/share/rosidl_generator_py/cmake/../resource/_msg.py.em': 
[0.394s] 
[0.394s] IMPORTANT: PLEASE READ THIS FOR ADVICE ON HOW TO SOLVE THIS ISSUE!
[0.394s] 
[0.394s] Importing the numpy C-extensions failed. This error can happen for
[0.394s] many reasons, often due to issues with your setup or how NumPy was
[0.394s] installed.
[0.394s] 
[0.395s] We have compiled some common reasons and troubleshooting tips at:
[0.395s] 
[0.395s]     https://numpy.org/devdocs/user/troubleshooting-importerror.html
[0.395s] 
[0.395s] Please note and check the following:
[0.395s] 
[0.395s]   * The Python version is: Python3.9 from "/home/song/anaconda3/bin/python3"
[0.395s]   * The NumPy version is: "1.23.1"
[0.395s] 
[0.395s] and make sure that they are the versions you expect.
[0.395s] Please carefully study the documentation linked above for further help.
[0.395s] 
[0.395s] Original error was: No module named 'numpy.core._multiarray_umath'
[0.395s] 
[0.395s] ImportError when expanding '_idl.py.em' into '/home/song/steadylab/src/build/zed_interfaces/rosidl_generator_py/zed_interfaces/msg/_object.py': 
[0.395s] 
[0.395s] IMPORTANT: PLEASE READ THIS FOR ADVICE ON HOW TO SOLVE THIS ISSUE!
[0.395s] 
[0.395s] Importing the numpy C-extensions failed. This error can happen for
[0.395s] many reasons, often due to issues with your setup or how NumPy was
[0.395s] installed.
[0.395s] 
[0.395s] We have compiled some common reasons and troubleshooting tips at:
[0.395s] 
[0.395s]     https://numpy.org/devdocs/user/troubleshooting-importerror.html
[0.395s] 
[0.395s] Please note and check the following:
[0.395s] 
[0.395s]   * The Python version is: Python3.9 from "/home/song/anaconda3/bin/python3"
[0.395s]   * The NumPy version is: "1.23.1"
[0.395s] 
[0.395s] and make sure that they are the versions you expect.
[0.395s] Please carefully study the documentation linked above for further help.
[0.395s] 
[0.395s] Original error was: No module named 'numpy.core._multiarray_umath'
[0.395s] 
[0.396s] Error processing idl file: /home/song/steadylab/src/build/zed_interfaces/rosidl_adapter/zed_interfaces/msg/Object.idl
[0.396s] Traceback (most recent call last):
[0.396s]   File "/opt/ros/foxy/lib/python3.8/site-packages/numpy/core/__init__.py", line 23, in <module>
[0.396s]     from . import multiarray
[0.396s]   File "/opt/ros/foxy/lib/python3.8/site-packages/numpy/core/multiarray.py", line 10, in <module>
[0.396s]     from . import overrides
[0.396s]   File "/opt/ros/foxy/lib/python3.8/site-packages/numpy/core/overrides.py", line 6, in <module>
[0.396s]     from numpy.core._multiarray_umath import (
[0.396s] ModuleNotFoundError: No module named 'numpy.core._multiarray_umath'
[0.396s] 
[0.396s] During handling of the above exception, another exception occurred:
[0.396s] 
[0.396s] Traceback (most recent call last):
[0.396s]   File "/opt/ros/foxy/share/rosidl_generator_py/cmake/../../../lib/rosidl_generator_py/rosidl_generator_py", line 40, in <module>
[0.396s]     sys.exit(main())
[0.396s]   File "/opt/ros/foxy/share/rosidl_generator_py/cmake/../../../lib/rosidl_generator_py/rosidl_generator_py", line 36, in main
[0.396s]     return generate_py(args.generator_arguments_file, args.typesupport_impls.split(';'))
[0.396s]   File "/opt/ros/foxy/lib/python3.8/site-packages/rosidl_generator_py/generate_py_impl.py", line 61, in generate_py
[0.396s]     generate_files(generator_arguments_file, mapping)
[0.396s]   File "/opt/ros/foxy/lib/python3.8/site-packages/rosidl_cmake/__init__.py", line 96, in generate_files
[0.396s]     raise(e)
[0.396s]   File "/opt/ros/foxy/lib/python3.8/site-packages/rosidl_cmake/__init__.py", line 87, in generate_files
[0.396s]     expand_template(
[0.396s]   File "/opt/ros/foxy/lib/python3.8/site-packages/rosidl_cmake/__init__.py", line 149, in expand_template
[0.396s]     interpreter.string(template_content, template_path, locals=data)
[0.396s]   File "/home/song/anaconda3/lib/python3.9/site-packages/em.py", line 2391, in string
[0.396s]     self.safe(scanner, True, locals)
[0.396s]   File "/home/song/anaconda3/lib/python3.9/site-packages/em.py", line 2401, in safe
[0.396s]     self.parse(scanner, locals)
[0.396s]   File "/home/song/anaconda3/lib/python3.9/site-packages/em.py", line 2421, in parse
[0.397s]     token.run(self, locals)
[0.397s]   File "/home/song/anaconda3/lib/python3.9/site-packages/em.py", line 1547, in run
[0.397s]     self.subrun(info[0][1], interpreter, locals)
[0.397s]   File "/home/song/anaconda3/lib/python3.9/site-packages/em.py", line 1631, in subrun
[0.397s]     token.run(interpreter, locals)
[0.397s]   File "/home/song/anaconda3/lib/python3.9/site-packages/em.py", line 1425, in run
[0.397s]     interpreter.execute(self.code, locals)
[0.397s]   File "/home/song/anaconda3/lib/python3.9/site-packages/em.py", line 2596, in execute
[0.397s]     _exec(statements, self.globals, locals)
[0.397s]   File "<string>", line 2, in <module>
[0.397s]   File "/opt/ros/foxy/lib/python3.8/site-packages/rosidl_cmake/__init__.py", line 198, in _expand_template
[0.397s]     interpreter.string(content, str(template_path), kwargs)
[0.397s]   File "/home/song/anaconda3/lib/python3.9/site-packages/em.py", line 2391, in string
[0.397s]     self.safe(scanner, True, locals)
[0.397s]   File "/home/song/anaconda3/lib/python3.9/site-packages/em.py", line 2401, in safe
[0.397s]     self.parse(scanner, locals)
[0.397s]   File "/home/song/anaconda3/lib/python3.9/site-packages/em.py", line 2421, in parse
[0.397s]     token.run(self, locals)
[0.397s]   File "/home/song/anaconda3/lib/python3.9/site-packages/em.py", line 1425, in run
[0.397s]     interpreter.execute(self.code, locals)
[0.397s]   File "/home/song/anaconda3/lib/python3.9/site-packages/em.py", line 2596, in execute
[0.397s]     _exec(statements, self.globals, locals)
[0.397s]   File "<string>", line 3, in <module>
[0.397s]   File "/opt/ros/foxy/lib/python3.8/site-packages/numpy/__init__.py", line 140, in <module>
[0.397s]     from . import core
[0.397s]   File "/opt/ros/foxy/lib/python3.8/site-packages/numpy/core/__init__.py", line 49, in <module>
[0.397s]     raise ImportError(msg)
[0.397s] ImportError: 
[0.397s] 
[0.397s] IMPORTANT: PLEASE READ THIS FOR ADVICE ON HOW TO SOLVE THIS ISSUE!
[0.397s] 
[0.397s] Importing the numpy C-extensions failed. This error can happen for
[0.397s] many reasons, often due to issues with your setup or how NumPy was
[0.397s] installed.
[0.397s] 
[0.397s] We have compiled some common reasons and troubleshooting tips at:
[0.397s] 
[0.398s]     https://numpy.org/devdocs/user/troubleshooting-importerror.html
[0.398s] 
[0.398s] Please note and check the following:
[0.398s] 
[0.398s]   * The Python version is: Python3.9 from "/home/song/anaconda3/bin/python3"
[0.398s]   * The NumPy version is: "1.23.1"
[0.398s] 
[0.398s] and make sure that they are the versions you expect.
[0.398s] Please carefully study the documentation linked above for further help.
[0.398s] 
[0.398s] Original error was: No module named 'numpy.core._multiarray_umath'
[0.398s] 
[0.403s] Exception ignored in: <function Interpreter.__del__ at 0x7f38e36463a0>
[0.403s] Traceback (most recent call last):
[0.403s]   File "/home/song/anaconda3/lib/python3.9/site-packages/em.py", line 2094, in __del__
[0.403s]   File "/home/song/anaconda3/lib/python3.9/site-packages/em.py", line 2157, in shutdown
[0.403s]   File "/home/song/anaconda3/lib/python3.9/site-packages/em.py", line 2647, in finalize
[0.403s]   File "/home/song/anaconda3/lib/python3.9/site-packages/em.py", line 2200, in push
[0.403s] AttributeError: '_io.TextIOWrapper' object has no attribute 'push'
[0.407s] make[2]: *** [zed_interfaces__py/CMakeFiles/zed_interfaces__py.dir/build.make:193: rosidl_generator_py/zed_interfaces/_zed_interfaces_s.ep.rosidl_typesupport_fastrtps_c.c] 오류 1
[0.407s] make[1]: *** [CMakeFiles/Makefile2:581: zed_interfaces__py/CMakeFiles/zed_interfaces__py.dir/all] 오류 2
[0.407s] make: *** [Makefile:141: all] 오류 2
