running develop
running egg_info
creating yo.egg-info
writing yo.egg-info/PKG-INFO
writing dependency_links to yo.egg-info/dependency_links.txt
writing entry points to yo.egg-info/entry_points.txt
writing requirements to yo.egg-info/requires.txt
writing top-level names to yo.egg-info/top_level.txt
writing manifest file 'yo.egg-info/SOURCES.txt'
reading manifest file 'yo.egg-info/SOURCES.txt'
writing manifest file 'yo.egg-info/SOURCES.txt'
running build_ext
Creating /home/song/steadylab/src/install/yo/lib/python3.8/site-packages/site.py
Creating /home/song/steadylab/src/install/yo/lib/python3.8/site-packages/yo.egg-link (link to .)
Installing realtime_bev_ros2 script to /home/song/steadylab/src/install/yo/lib/yo

Installed /home/song/steadylab/src/build/yo
running install_data
creating /home/song/steadylab/src/install/yo/share/ament_index
creating /home/song/steadylab/src/install/yo/share/ament_index/resource_index
creating /home/song/steadylab/src/install/yo/share/ament_index/resource_index/packages
copying resource/yo -> /home/song/steadylab/src/install/yo/share/ament_index/resource_index/packages
copying package.xml -> /home/song/steadylab/src/install/yo/share/yo
