[0.647s] Invoking command in '/home/song/steadylab/src/build/yo': CONDA_PROMPT_MODIFIER=(base) PYTHONPATH=/home/song/steadylab/src/build/yo/prefix_override:/home/song/steadylab/src/install/yo/lib/python3.8/site-packages:${PYTHONPATH} /usr/bin/python3 setup.py develop --editable --build-directory /home/song/steadylab/src/build/yo/build --no-deps install_data
[0.781s] running develop
[0.857s] running egg_info
[0.857s] creating yo.egg-info
[0.857s] writing yo.egg-info/PKG-INFO
[0.857s] writing dependency_links to yo.egg-info/dependency_links.txt
[0.858s] writing entry points to yo.egg-info/entry_points.txt
[0.858s] writing requirements to yo.egg-info/requires.txt
[0.858s] writing top-level names to yo.egg-info/top_level.txt
[0.858s] writing manifest file 'yo.egg-info/SOURCES.txt'
[0.879s] reading manifest file 'yo.egg-info/SOURCES.txt'
[0.879s] writing manifest file 'yo.egg-info/SOURCES.txt'
[0.900s] running build_ext
[0.901s] Creating /home/song/steadylab/src/install/yo/lib/python3.8/site-packages/site.py
[0.902s] Creating /home/song/steadylab/src/install/yo/lib/python3.8/site-packages/yo.egg-link (link to .)
[0.902s] Installing realtime_bev_ros2 script to /home/song/steadylab/src/install/yo/lib/yo
[0.903s] 
[0.903s] Installed /home/song/steadylab/src/build/yo
[0.903s] running install_data
[0.903s] creating /home/song/steadylab/src/install/yo/share/ament_index
[0.903s] creating /home/song/steadylab/src/install/yo/share/ament_index/resource_index
[0.903s] creating /home/song/steadylab/src/install/yo/share/ament_index/resource_index/packages
[0.903s] copying resource/yo -> /home/song/steadylab/src/install/yo/share/ament_index/resource_index/packages
[0.903s] copying package.xml -> /home/song/steadylab/src/install/yo/share/yo
