[0.043s] Invoking command in '/home/song/steadylab/build/image_transport': CMAKE_PREFIX_PATH=${CMAKE_PREFIX_PATH}:/home/song/zed/install/steadylab:/opt/ros/foxy CONDA_PROMPT_MODIFIER=(base) /home/song/.local/bin/cmake /home/song/steadylab/src/image_common/image_transport -DAMENT_CMAKE_SYMLINK_INSTALL=1 -DCMAKE_INSTALL_PREFIX=/home/song/steadylab/install/image_transport
[0.193s] -- The C compiler identification is GNU 9.4.0
[0.285s] -- The CXX compiler identification is GNU 9.4.0
[0.292s] -- Detecting C compiler ABI info
[0.328s] -- Detecting C compiler ABI info - done
[0.335s] -- Check for working C compiler: /usr/bin/cc - skipped
[0.335s] -- Detecting C compile features
[0.336s] -- Detecting C compile features - done
[0.338s] -- Detecting CXX compiler ABI info
[0.381s] -- Detecting CXX compiler ABI info - done
[0.390s] -- Check for working CXX compiler: /usr/bin/c++ - skipped
[0.391s] -- Detecting CXX compile features
[0.391s] -- Detecting CXX compile features - done
[0.392s] -- Found ament_cmake_ros: 0.9.2 (/opt/ros/foxy/share/ament_cmake_ros/cmake)
[0.415s] -- Found PythonInterp: /home/song/anaconda3/bin/python3 (found suitable version "3.9.13", minimum required is "3") 
[0.415s] -- Using PYTHON_EXECUTABLE: /home/song/anaconda3/bin/python3
[0.554s] -- Override CMake install command with custom implementation using symlinks instead of copying resources
[0.568s] -- Found message_filters: 3.2.7 (/opt/ros/foxy/share/message_filters/cmake)
[0.570s] -- Found pluginlib: 2.5.4 (/opt/ros/foxy/share/pluginlib/cmake)
[0.599s] -- Found rclcpp: 2.4.3 (/opt/ros/foxy/share/rclcpp/cmake)
[0.620s] -- Using all available rosidl_typesupport_c: rosidl_typesupport_fastrtps_c;rosidl_typesupport_introspection_c
[0.623s] -- Found rosidl_adapter: 1.3.1 (/opt/ros/foxy/share/rosidl_adapter/cmake)
[0.675s] -- Found OpenSSL: /usr/lib/x86_64-linux-gnu/libcrypto.so (found version "1.1.1f")  
[0.699s] -- Found FastRTPS: /opt/ros/foxy/include  
[0.751s] -- Using all available rosidl_typesupport_cpp: rosidl_typesupport_fastrtps_cpp;rosidl_typesupport_introspection_cpp
[0.784s] -- Found rmw_implementation_cmake: 1.0.4 (/opt/ros/foxy/share/rmw_implementation_cmake/cmake)
[0.785s] -- Using RMW implementation 'rmw_fastrtps_cpp' as default
[0.786s] -- Performing Test CMAKE_HAVE_LIBC_PTHREAD
[0.826s] -- Performing Test CMAKE_HAVE_LIBC_PTHREAD - Failed
[0.826s] -- Looking for pthread_create in pthreads
[0.857s] -- Looking for pthread_create in pthreads - not found
[0.857s] -- Looking for pthread_create in pthread
[0.892s] -- Looking for pthread_create in pthread - found
[0.893s] -- Found Threads: TRUE  
[0.999s] -- Found sensor_msgs: 2.0.5 (/opt/ros/foxy/share/sensor_msgs/cmake)
[1.072s] -- Found gtest sources under '/opt/ros/foxy/src/gtest_vendor': C++ tests using 'Google Test' will be built
[1.075s] -- Check if compiler accepts -pthread
[1.122s] -- Check if compiler accepts -pthread - yes
[1.184s] -- Configuring done (1.1s)
[1.209s] -- Generating done (0.0s)
[1.210s] -- Build files have been written to: /home/song/steadylab/build/image_transport
[1.222s] Invoked command in '/home/song/steadylab/build/image_transport' returned '0': CMAKE_PREFIX_PATH=${CMAKE_PREFIX_PATH}:/home/song/zed/install/steadylab:/opt/ros/foxy CONDA_PROMPT_MODIFIER=(base) /home/song/.local/bin/cmake /home/song/steadylab/src/image_common/image_transport -DAMENT_CMAKE_SYMLINK_INSTALL=1 -DCMAKE_INSTALL_PREFIX=/home/song/steadylab/install/image_transport
[1.223s] Invoking command in '/home/song/steadylab/build/image_transport': CMAKE_PREFIX_PATH=${CMAKE_PREFIX_PATH}:/home/song/zed/install/steadylab:/opt/ros/foxy CONDA_PROMPT_MODIFIER=(base) /home/song/.local/bin/cmake --build /home/song/steadylab/build/image_transport -- -j20 -l20
[1.250s] [  3%] [32mBuilding CXX object gtest/CMakeFiles/gtest.dir/src/gtest-all.cc.o[0m
[1.251s] [  6%] [32mBuilding CXX object CMakeFiles/image_transport.dir/src/single_subscriber_publisher.cpp.o[0m
[1.251s] [ 10%] [32mBuilding CXX object CMakeFiles/image_transport.dir/src/camera_common.cpp.o[0m
[1.251s] [ 13%] [32mBuilding CXX object CMakeFiles/image_transport.dir/src/publisher.cpp.o[0m
[1.251s] [ 16%] [32mBuilding CXX object CMakeFiles/image_transport.dir/src/subscriber.cpp.o[0m
[1.251s] [ 20%] [32mBuilding CXX object CMakeFiles/image_transport.dir/src/camera_publisher.cpp.o[0m
[1.251s] [ 23%] [32mBuilding CXX object CMakeFiles/image_transport.dir/src/camera_subscriber.cpp.o[0m
[1.251s] [ 26%] [32mBuilding CXX object gtest/CMakeFiles/gtest_main.dir/src/gtest_main.cc.o[0m
[1.251s] [ 30%] [32mBuilding CXX object CMakeFiles/image_transport.dir/src/image_transport.cpp.o[0m
[2.085s] [ 33%] [32m[1mLinking CXX static library libgtest_main.a[0m
[2.101s] [ 33%] Built target gtest_main
[4.987s] [ 36%] [32m[1mLinking CXX static library libgtest.a[0m
[5.094s] [ 36%] Built target gtest
[7.470s] [ 40%] [32m[1mLinking CXX shared library libimage_transport.so[0m
[7.863s] [ 40%] Built target image_transport
[7.926s] [ 43%] [32mBuilding CXX object CMakeFiles/image_transport_plugins.dir/src/manifest.cpp.o[0m
[7.926s] [ 46%] [32mBuilding CXX object CMakeFiles/list_transports.dir/src/list_transports.cpp.o[0m
[7.945s] [ 50%] [32mBuilding CXX object CMakeFiles/republish.dir/src/republish.cpp.o[0m
[7.976s] [ 53%] [32mBuilding CXX object CMakeFiles/image_transport-camera_common.dir/test/test_camera_common.cpp.o[0m
[7.991s] [ 56%] [32mBuilding CXX object CMakeFiles/image_transport-subscriber.dir/test/test_subscriber.cpp.o[0m
[7.992s] [ 60%] [32mBuilding CXX object CMakeFiles/image_transport-publisher.dir/test/test_publisher.cpp.o[0m
[8.005s] [ 63%] [32mBuilding CXX object CMakeFiles/image_transport-message_passing.dir/test/test_message_passing.cpp.o[0m
[8.018s] [ 66%] [32mBuilding CXX object CMakeFiles/image_transport-remapping.dir/test/test_remapping.cpp.o[0m
[8.045s] [ 70%] [32mBuilding CXX object CMakeFiles/image_transport-single_subscriber_publisher.dir/test/test_single_subscriber_publisher.cpp.o[0m
[8.515s] [ 73%] [32m[1mLinking CXX executable image_transport-camera_common[0m
[8.707s] [ 73%] Built target image_transport-camera_common
[9.693s] [ 76%] [32m[1mLinking CXX executable image_transport-remapping[0m
[9.874s] [ 76%] Built target image_transport-remapping
[10.051s] [ 80%] [32m[1mLinking CXX executable image_transport-publisher[0m
[10.239s] [ 80%] Built target image_transport-publisher
[10.397s] [ 83%] [32m[1mLinking CXX executable image_transport-message_passing[0m
[10.622s] [ 86%] [32m[1mLinking CXX executable image_transport-single_subscriber_publisher[0m
[10.667s] [ 86%] Built target image_transport-message_passing
[10.685s] [ 90%] [32m[1mLinking CXX executable image_transport-subscriber[0m
[10.877s] [ 90%] Built target image_transport-single_subscriber_publisher
[10.917s] [ 93%] [32m[1mLinking CXX executable list_transports[0m
[10.927s] [ 93%] Built target image_transport-subscriber
[11.066s] [ 93%] Built target list_transports
[11.277s] [ 96%] [32m[1mLinking CXX executable republish[0m
[11.428s] [ 96%] Built target republish
[11.629s] [100%] [32m[1mLinking CXX shared library libimage_transport_plugins.so[0m
[11.764s] [100%] Built target image_transport_plugins
[11.769s] Invoked command in '/home/song/steadylab/build/image_transport' returned '0': CMAKE_PREFIX_PATH=${CMAKE_PREFIX_PATH}:/home/song/zed/install/steadylab:/opt/ros/foxy CONDA_PROMPT_MODIFIER=(base) /home/song/.local/bin/cmake --build /home/song/steadylab/build/image_transport -- -j20 -l20
[11.817s] Invoking command in '/home/song/steadylab/build/image_transport': CMAKE_PREFIX_PATH=${CMAKE_PREFIX_PATH}:/home/song/zed/install/steadylab:/opt/ros/foxy CONDA_PROMPT_MODIFIER=(base) /home/song/.local/bin/cmake --install /home/song/steadylab/build/image_transport
[11.832s] -- Install configuration: ""
[11.832s] -- Execute custom install script
[11.832s] -- Symlinking: /home/song/steadylab/install/image_transport/share/image_transport//default_plugins.xml
[11.834s] -- Symlinking: /home/song/steadylab/install/image_transport/lib/libimage_transport.so
[11.835s] -- Symlinking: /home/song/steadylab/install/image_transport/lib/libimage_transport_plugins.so
[11.837s] -- Symlinking: /home/song/steadylab/install/image_transport/lib/image_transport/list_transports
[11.839s] -- Symlinking: /home/song/steadylab/install/image_transport/lib/image_transport/republish
[11.840s] -- Symlinking: /home/song/steadylab/install/image_transport/include/image_transport/camera_common.h
[11.842s] -- Symlinking: /home/song/steadylab/install/image_transport/include/image_transport/camera_common.hpp
[11.843s] -- Symlinking: /home/song/steadylab/install/image_transport/include/image_transport/camera_publisher.h
[11.844s] -- Symlinking: /home/song/steadylab/install/image_transport/include/image_transport/camera_publisher.hpp
[11.846s] -- Symlinking: /home/song/steadylab/install/image_transport/include/image_transport/camera_subscriber.h
[11.847s] -- Symlinking: /home/song/steadylab/install/image_transport/include/image_transport/camera_subscriber.hpp
[11.849s] -- Symlinking: /home/song/steadylab/install/image_transport/include/image_transport/exception.h
[11.850s] -- Symlinking: /home/song/steadylab/install/image_transport/include/image_transport/exception.hpp
[11.852s] -- Symlinking: /home/song/steadylab/install/image_transport/include/image_transport/image_transport.h
[11.853s] -- Symlinking: /home/song/steadylab/install/image_transport/include/image_transport/image_transport.hpp
[11.855s] -- Symlinking: /home/song/steadylab/install/image_transport/include/image_transport/loader_fwds.h
[11.856s] -- Symlinking: /home/song/steadylab/install/image_transport/include/image_transport/loader_fwds.hpp
[11.857s] -- Symlinking: /home/song/steadylab/install/image_transport/include/image_transport/publisher.h
[11.859s] -- Symlinking: /home/song/steadylab/install/image_transport/include/image_transport/publisher.hpp
[11.860s] -- Symlinking: /home/song/steadylab/install/image_transport/include/image_transport/publisher_plugin.h
[11.862s] -- Symlinking: /home/song/steadylab/install/image_transport/include/image_transport/publisher_plugin.hpp
[11.863s] -- Symlinking: /home/song/steadylab/install/image_transport/include/image_transport/raw_publisher.h
[11.865s] -- Symlinking: /home/song/steadylab/install/image_transport/include/image_transport/raw_publisher.hpp
[11.866s] -- Symlinking: /home/song/steadylab/install/image_transport/include/image_transport/raw_subscriber.h
[11.868s] -- Symlinking: /home/song/steadylab/install/image_transport/include/image_transport/raw_subscriber.hpp
[11.869s] -- Symlinking: /home/song/steadylab/install/image_transport/include/image_transport/simple_publisher_plugin.h
[11.870s] -- Symlinking: /home/song/steadylab/install/image_transport/include/image_transport/simple_publisher_plugin.hpp
[11.872s] -- Symlinking: /home/song/steadylab/install/image_transport/include/image_transport/simple_subscriber_plugin.h
[11.873s] -- Symlinking: /home/song/steadylab/install/image_transport/include/image_transport/simple_subscriber_plugin.hpp
[11.874s] -- Symlinking: /home/song/steadylab/install/image_transport/include/image_transport/single_subscriber_publisher.h
[11.876s] -- Symlinking: /home/song/steadylab/install/image_transport/include/image_transport/single_subscriber_publisher.hpp
[11.877s] -- Symlinking: /home/song/steadylab/install/image_transport/include/image_transport/subscriber.h
[11.878s] -- Symlinking: /home/song/steadylab/install/image_transport/include/image_transport/subscriber.hpp
[11.880s] -- Symlinking: /home/song/steadylab/install/image_transport/include/image_transport/subscriber_filter.h
[11.881s] -- Symlinking: /home/song/steadylab/install/image_transport/include/image_transport/subscriber_filter.hpp
[11.882s] -- Symlinking: /home/song/steadylab/install/image_transport/include/image_transport/subscriber_plugin.h
[11.883s] -- Symlinking: /home/song/steadylab/install/image_transport/include/image_transport/subscriber_plugin.hpp
[11.884s] -- Symlinking: /home/song/steadylab/install/image_transport/include/image_transport/transport_hints.h
[11.886s] -- Symlinking: /home/song/steadylab/install/image_transport/include/image_transport/transport_hints.hpp
[11.887s] -- Symlinking: /home/song/steadylab/install/image_transport/include/image_transport/visibility_control.hpp
[11.888s] -- Symlinking: /home/song/steadylab/install/image_transport/share/image_transport/environment/library_path.sh
[11.890s] -- Symlinking: /home/song/steadylab/install/image_transport/share/image_transport/environment/library_path.dsv
[11.891s] -- Symlinking: /home/song/steadylab/install/image_transport/share/ament_index/resource_index/package_run_dependencies/image_transport
[11.892s] -- Symlinking: /home/song/steadylab/install/image_transport/share/ament_index/resource_index/parent_prefix_path/image_transport
[11.894s] -- Symlinking: /home/song/steadylab/install/image_transport/share/image_transport/environment/ament_prefix_path.sh
[11.895s] -- Symlinking: /home/song/steadylab/install/image_transport/share/image_transport/environment/ament_prefix_path.dsv
[11.896s] -- Symlinking: /home/song/steadylab/install/image_transport/share/image_transport/environment/path.sh
[11.898s] -- Symlinking: /home/song/steadylab/install/image_transport/share/image_transport/environment/path.dsv
[11.899s] -- Symlinking: /home/song/steadylab/install/image_transport/share/image_transport/local_setup.bash
[11.900s] -- Symlinking: /home/song/steadylab/install/image_transport/share/image_transport/local_setup.sh
[11.902s] -- Symlinking: /home/song/steadylab/install/image_transport/share/image_transport/local_setup.zsh
[11.903s] -- Symlinking: /home/song/steadylab/install/image_transport/share/image_transport/local_setup.dsv
[11.905s] -- Symlinking: /home/song/steadylab/install/image_transport/share/image_transport/package.dsv
[11.907s] -- Symlinking: /home/song/steadylab/install/image_transport/share/ament_index/resource_index/packages/image_transport
[11.909s] -- Symlinking: /home/song/steadylab/install/image_transport/share/ament_index/resource_index/image_transport__pluginlib__plugin/image_transport
[11.910s] -- Symlinking: /home/song/steadylab/install/image_transport/share/image_transport/cmake/ament_cmake_export_include_directories-extras.cmake
[11.911s] -- Symlinking: /home/song/steadylab/install/image_transport/share/image_transport/cmake/ament_cmake_export_libraries-extras.cmake
[11.913s] -- Symlinking: /home/song/steadylab/install/image_transport/share/image_transport/cmake/ament_cmake_export_dependencies-extras.cmake
[11.914s] -- Symlinking: /home/song/steadylab/install/image_transport/share/image_transport/cmake/image_transportConfig.cmake
[11.915s] -- Symlinking: /home/song/steadylab/install/image_transport/share/image_transport/cmake/image_transportConfig-version.cmake
[11.917s] -- Symlinking: /home/song/steadylab/install/image_transport/share/image_transport/package.xml
[11.924s] Invoked command in '/home/song/steadylab/build/image_transport' returned '0': CMAKE_PREFIX_PATH=${CMAKE_PREFIX_PATH}:/home/song/zed/install/steadylab:/opt/ros/foxy CONDA_PROMPT_MODIFIER=(base) /home/song/.local/bin/cmake --install /home/song/steadylab/build/image_transport
