[0.024s] Invoking command in '/home/song/zed/build/zed_tutorial_pos_tracking': CMAKE_PREFIX_PATH=${CMAKE_PREFIX_PATH}:/opt/ros/foxy CONDA_PROMPT_MODIFIER=(base) /home/song/.local/bin/cmake /home/song/zed/src/zed-ros2-examples/tutorials/zed_pose_tutorial -DCMAKE_BUILD_TYPE=Release -DAMENT_CMAKE_SYMLINK_INSTALL=1 -DCMAKE_INSTALL_PREFIX=/home/song/zed/install/zed_tutorial_pos_tracking
[0.072s] -- The C compiler identification is GNU 9.4.0
[0.112s] -- The CXX compiler identification is GNU 9.4.0
[0.119s] -- Detecting C compiler ABI info
[0.158s] -- Detecting C compiler ABI info - done
[0.170s] -- Check for working C compiler: /usr/bin/cc - skipped
[0.170s] -- Detecting C compile features
[0.170s] -- Detecting C compile features - done
[0.172s] -- Detecting CXX compiler ABI info
[0.213s] -- Detecting CXX compiler ABI info - done
[0.223s] -- Check for working CXX compiler: /usr/bin/c++ - skipped
[0.223s] -- Detecting CXX compile features
[0.223s] -- Detecting CXX compile features - done
[0.225s] -- Found ament_cmake_auto: 0.9.12 (/opt/ros/foxy/share/ament_cmake_auto/cmake)
[0.247s] -- Found PythonInterp: /home/song/anaconda3/bin/python3 (found suitable version "3.9.13", minimum required is "3") 
[0.247s] -- Using PYTHON_EXECUTABLE: /home/song/anaconda3/bin/python3
[0.381s] -- Override CMake install command with custom implementation using symlinks instead of copying resources
[0.473s] -- Using all available rosidl_typesupport_c: rosidl_typesupport_fastrtps_c;rosidl_typesupport_introspection_c
[0.477s] -- Found rosidl_adapter: 1.3.1 (/opt/ros/foxy/share/rosidl_adapter/cmake)
[0.523s] -- Found OpenSSL: /usr/lib/x86_64-linux-gnu/libcrypto.so (found version "1.1.1f")  
[0.543s] -- Found FastRTPS: /opt/ros/foxy/include  
[0.604s] -- Using all available rosidl_typesupport_cpp: rosidl_typesupport_fastrtps_cpp;rosidl_typesupport_introspection_cpp
[0.655s] -- Found rmw_implementation_cmake: 1.0.4 (/opt/ros/foxy/share/rmw_implementation_cmake/cmake)
[0.656s] -- Using RMW implementation 'rmw_fastrtps_cpp' as default
[0.656s] -- Performing Test CMAKE_HAVE_LIBC_PTHREAD
[0.694s] -- Performing Test CMAKE_HAVE_LIBC_PTHREAD - Failed
[0.694s] -- Looking for pthread_create in pthreads
[0.723s] -- Looking for pthread_create in pthreads - not found
[0.723s] -- Looking for pthread_create in pthread
[0.758s] -- Looking for pthread_create in pthread - found
[0.759s] -- Found Threads: TRUE  
[1.137s] -- Found ament_lint_auto: 0.9.8 (/opt/ros/foxy/share/ament_lint_auto/cmake)
[1.156s] -- Added test 'copyright' to check source files copyright and LICENSE
[1.157s] -- Added test 'cppcheck' to perform static code analysis on C / C++ code
[1.157s] -- Configured cppcheck include dirs: 
[1.157s] -- Configured cppcheck exclude dirs and/or files: 
[1.157s] -- Added test 'cpplint' to check C / C++ code against the Google style
[1.157s] -- Configured cpplint exclude dirs and/or files: 
[1.158s] -- Added test 'lint_cmake' to check CMake code style
[1.158s] -- Added test 'uncrustify' to check C / C++ code style
[1.158s] -- Configured uncrustify additional arguments: 
[1.159s] -- Added test 'xmllint' to check XML markup files
[1.160s] -- Configuring done (1.1s)
[1.168s] -- Generating done (0.0s)
[1.169s] -- Build files have been written to: /home/song/zed/build/zed_tutorial_pos_tracking
[1.178s] Invoked command in '/home/song/zed/build/zed_tutorial_pos_tracking' returned '0': CMAKE_PREFIX_PATH=${CMAKE_PREFIX_PATH}:/opt/ros/foxy CONDA_PROMPT_MODIFIER=(base) /home/song/.local/bin/cmake /home/song/zed/src/zed-ros2-examples/tutorials/zed_pose_tutorial -DCMAKE_BUILD_TYPE=Release -DAMENT_CMAKE_SYMLINK_INSTALL=1 -DCMAKE_INSTALL_PREFIX=/home/song/zed/install/zed_tutorial_pos_tracking
[1.181s] Invoking command in '/home/song/zed/build/zed_tutorial_pos_tracking': CMAKE_PREFIX_PATH=${CMAKE_PREFIX_PATH}:/opt/ros/foxy CONDA_PROMPT_MODIFIER=(base) /home/song/.local/bin/cmake --build /home/song/zed/build/zed_tutorial_pos_tracking -- -j20 -l20
[1.209s] [ 50%] [32mBuilding CXX object CMakeFiles/zed_tutorial_pos_tracking.dir/src/zed_tutorial_pos_tracking.cpp.o[0m
[6.287s] [100%] [32m[1mLinking CXX executable zed_tutorial_pos_tracking[0m
[6.368s] [100%] Built target zed_tutorial_pos_tracking
[6.375s] Invoked command in '/home/song/zed/build/zed_tutorial_pos_tracking' returned '0': CMAKE_PREFIX_PATH=${CMAKE_PREFIX_PATH}:/opt/ros/foxy CONDA_PROMPT_MODIFIER=(base) /home/song/.local/bin/cmake --build /home/song/zed/build/zed_tutorial_pos_tracking -- -j20 -l20
[6.405s] Invoking command in '/home/song/zed/build/zed_tutorial_pos_tracking': CMAKE_PREFIX_PATH=${CMAKE_PREFIX_PATH}:/opt/ros/foxy CONDA_PROMPT_MODIFIER=(base) /home/song/.local/bin/cmake --install /home/song/zed/build/zed_tutorial_pos_tracking
[6.421s] -- Install configuration: "Release"
[6.421s] -- Execute custom install script
[6.421s] -- Symlinking: /home/song/zed/install/zed_tutorial_pos_tracking/lib/zed_tutorial_pos_tracking/zed_tutorial_pos_tracking
[6.423s] -- Symlinking: /home/song/zed/install/zed_tutorial_pos_tracking/share/ament_index/resource_index/package_run_dependencies/zed_tutorial_pos_tracking
[6.425s] -- Symlinking: /home/song/zed/install/zed_tutorial_pos_tracking/share/ament_index/resource_index/parent_prefix_path/zed_tutorial_pos_tracking
[6.426s] -- Symlinking: /home/song/zed/install/zed_tutorial_pos_tracking/share/zed_tutorial_pos_tracking/environment/ament_prefix_path.sh
[6.428s] -- Symlinking: /home/song/zed/install/zed_tutorial_pos_tracking/share/zed_tutorial_pos_tracking/environment/ament_prefix_path.dsv
[6.429s] -- Symlinking: /home/song/zed/install/zed_tutorial_pos_tracking/share/zed_tutorial_pos_tracking/environment/path.sh
[6.431s] -- Symlinking: /home/song/zed/install/zed_tutorial_pos_tracking/share/zed_tutorial_pos_tracking/environment/path.dsv
[6.432s] -- Symlinking: /home/song/zed/install/zed_tutorial_pos_tracking/share/zed_tutorial_pos_tracking/local_setup.bash
[6.434s] -- Symlinking: /home/song/zed/install/zed_tutorial_pos_tracking/share/zed_tutorial_pos_tracking/local_setup.sh
[6.436s] -- Symlinking: /home/song/zed/install/zed_tutorial_pos_tracking/share/zed_tutorial_pos_tracking/local_setup.zsh
[6.437s] -- Symlinking: /home/song/zed/install/zed_tutorial_pos_tracking/share/zed_tutorial_pos_tracking/local_setup.dsv
[6.438s] -- Symlinking: /home/song/zed/install/zed_tutorial_pos_tracking/share/zed_tutorial_pos_tracking/package.dsv
[6.440s] -- Symlinking: /home/song/zed/install/zed_tutorial_pos_tracking/share/ament_index/resource_index/packages/zed_tutorial_pos_tracking
[6.442s] -- Symlinking: /home/song/zed/install/zed_tutorial_pos_tracking/share/zed_tutorial_pos_tracking/cmake/zed_tutorial_pos_trackingConfig.cmake
[6.443s] -- Symlinking: /home/song/zed/install/zed_tutorial_pos_tracking/share/zed_tutorial_pos_tracking/cmake/zed_tutorial_pos_trackingConfig-version.cmake
[6.445s] -- Symlinking: /home/song/zed/install/zed_tutorial_pos_tracking/share/zed_tutorial_pos_tracking/package.xml
[6.451s] Invoked command in '/home/song/zed/build/zed_tutorial_pos_tracking' returned '0': CMAKE_PREFIX_PATH=${CMAKE_PREFIX_PATH}:/opt/ros/foxy CONDA_PROMPT_MODIFIER=(base) /home/song/.local/bin/cmake --install /home/song/zed/build/zed_tutorial_pos_tracking
