[0.006s] Invoking command in '/home/song/zed/build/camera_info_manager': AMENT_PREFIX_PATH=/home/song/zed/install/camera_calibration_parsers:${AMENT_PREFIX_PATH} CMAKE_PREFIX_PATH=/home/song/zed/install/camera_calibration_parsers:/home/song/ros-zed/install/zed_ros2:/home/song/ros-zed/install/zed_wrapper:/home/song/ros-zed/install/zed_components:/home/song/ros-zed/install/zed_interfaces:/home/song/ros-zed/install/image_common:/home/song/ros-zed/install/image_transport:/home/song/ros-zed/install/camera_info_manager:/home/song/ros-zed/install/camera_calibration_parsers:/opt/ros/foxy CONDA_PROMPT_MODIFIER=(base) LD_LIBRARY_PATH=/home/song/zed/install/camera_calibration_parsers/lib:/home/song/ros-zed/install/zed_components/lib:/home/song/ros-zed/install/zed_interfaces/lib:/home/song/ros-zed/install/image_transport/lib:/home/song/ros-zed/install/camera_info_manager/lib:/home/song/ros-zed/install/camera_calibration_parsers/lib:/opt/ros/foxy/opt/yaml_cpp_vendor/lib:/opt/ros/foxy/opt/rviz_ogre_vendor/lib:/opt/ros/foxy/lib/x86_64-linux-gnu:/opt/ros/foxy/lib:/usr/local/cuda-11.8/lib64 /home/song/.local/bin/cmake /home/song/zed/src/image_common/camera_info_manager -DAMENT_CMAKE_SYMLINK_INSTALL=1 -DCMAKE_INSTALL_PREFIX=/home/song/zed/install/camera_info_manager
[0.049s] -- The C compiler identification is GNU 9.4.0
[0.082s] -- The CXX compiler identification is GNU 9.4.0
[0.088s] -- Detecting C compiler ABI info
[0.121s] -- Detecting C compiler ABI info - done
[0.128s] -- Check for working C compiler: /usr/bin/cc - skipped
[0.128s] -- Detecting C compile features
[0.128s] -- Detecting C compile features - done
[0.130s] -- Detecting CXX compiler ABI info
[0.170s] -- Detecting CXX compiler ABI info - done
[0.177s] -- Check for working CXX compiler: /usr/bin/c++ - skipped
[0.177s] -- Detecting CXX compile features
[0.177s] -- Detecting CXX compile features - done
[0.179s] -- Found ament_cmake_ros: 0.9.2 (/opt/ros/foxy/share/ament_cmake_ros/cmake)
[0.200s] -- Found PythonInterp: /home/song/anaconda3/bin/python3 (found suitable version "3.9.13", minimum required is "3") 
[0.200s] -- Using PYTHON_EXECUTABLE: /home/song/anaconda3/bin/python3
[0.328s] -- Override CMake install command with custom implementation using symlinks instead of copying resources
[0.340s] -- Found ament_index_cpp: 1.1.0 (/opt/ros/foxy/share/ament_index_cpp/cmake)
[0.341s] -- Found camera_calibration_parsers: 3.0.0 (/home/song/zed/install/camera_calibration_parsers/share/camera_calibration_parsers/cmake)
[0.368s] -- Using all available rosidl_typesupport_c: rosidl_typesupport_fastrtps_c;rosidl_typesupport_introspection_c
[0.372s] -- Found rosidl_adapter: 1.3.1 (/opt/ros/foxy/share/rosidl_adapter/cmake)
[0.414s] -- Found OpenSSL: /usr/lib/x86_64-linux-gnu/libcrypto.so (found version "1.1.1f")  
[0.433s] -- Found FastRTPS: /opt/ros/foxy/include  
[0.481s] -- Using all available rosidl_typesupport_cpp: rosidl_typesupport_fastrtps_cpp;rosidl_typesupport_introspection_cpp
[0.513s] -- Found rmw_implementation_cmake: 1.0.4 (/opt/ros/foxy/share/rmw_implementation_cmake/cmake)
[0.515s] -- Using RMW implementation 'rmw_fastrtps_cpp' as default
[0.515s] -- Performing Test CMAKE_HAVE_LIBC_PTHREAD
[0.550s] -- Performing Test CMAKE_HAVE_LIBC_PTHREAD - Failed
[0.551s] -- Looking for pthread_create in pthreads
[0.578s] -- Looking for pthread_create in pthreads - not found
[0.578s] -- Looking for pthread_create in pthread
[0.612s] -- Looking for pthread_create in pthread - found
[0.613s] -- Found Threads: TRUE  
[0.767s] -- Setting yaml-cpp_DIR to: '/opt/ros/foxy/share/yaml_cpp_vendor/cmake/../../../opt/yaml_cpp_vendor/lib/cmake/yaml-cpp'
[0.784s] -- Found ament_cmake_cpplint: 0.9.8 (/opt/ros/foxy/share/ament_cmake_cpplint/cmake)
[0.785s] -- Found ament_cmake_lint_cmake: 0.9.8 (/opt/ros/foxy/share/ament_cmake_lint_cmake/cmake)
[0.786s] -- Found ament_cmake_uncrustify: 0.9.8 (/opt/ros/foxy/share/ament_cmake_uncrustify/cmake)
[0.830s] -- Configuring done (0.8s)
[0.838s] -- Generating done (0.0s)
[0.839s] -- Build files have been written to: /home/song/zed/build/camera_info_manager
[0.849s] Invoked command in '/home/song/zed/build/camera_info_manager' returned '0': AMENT_PREFIX_PATH=/home/song/zed/install/camera_calibration_parsers:${AMENT_PREFIX_PATH} CMAKE_PREFIX_PATH=/home/song/zed/install/camera_calibration_parsers:/home/song/ros-zed/install/zed_ros2:/home/song/ros-zed/install/zed_wrapper:/home/song/ros-zed/install/zed_components:/home/song/ros-zed/install/zed_interfaces:/home/song/ros-zed/install/image_common:/home/song/ros-zed/install/image_transport:/home/song/ros-zed/install/camera_info_manager:/home/song/ros-zed/install/camera_calibration_parsers:/opt/ros/foxy CONDA_PROMPT_MODIFIER=(base) LD_LIBRARY_PATH=/home/song/zed/install/camera_calibration_parsers/lib:/home/song/ros-zed/install/zed_components/lib:/home/song/ros-zed/install/zed_interfaces/lib:/home/song/ros-zed/install/image_transport/lib:/home/song/ros-zed/install/camera_info_manager/lib:/home/song/ros-zed/install/camera_calibration_parsers/lib:/opt/ros/foxy/opt/yaml_cpp_vendor/lib:/opt/ros/foxy/opt/rviz_ogre_vendor/lib:/opt/ros/foxy/lib/x86_64-linux-gnu:/opt/ros/foxy/lib:/usr/local/cuda-11.8/lib64 /home/song/.local/bin/cmake /home/song/zed/src/image_common/camera_info_manager -DAMENT_CMAKE_SYMLINK_INSTALL=1 -DCMAKE_INSTALL_PREFIX=/home/song/zed/install/camera_info_manager
[0.849s] Invoking command in '/home/song/zed/build/camera_info_manager': AMENT_PREFIX_PATH=/home/song/zed/install/camera_calibration_parsers:${AMENT_PREFIX_PATH} CMAKE_PREFIX_PATH=/home/song/zed/install/camera_calibration_parsers:/home/song/ros-zed/install/zed_ros2:/home/song/ros-zed/install/zed_wrapper:/home/song/ros-zed/install/zed_components:/home/song/ros-zed/install/zed_interfaces:/home/song/ros-zed/install/image_common:/home/song/ros-zed/install/image_transport:/home/song/ros-zed/install/camera_info_manager:/home/song/ros-zed/install/camera_calibration_parsers:/opt/ros/foxy CONDA_PROMPT_MODIFIER=(base) LD_LIBRARY_PATH=/home/song/zed/install/camera_calibration_parsers/lib:/home/song/ros-zed/install/zed_components/lib:/home/song/ros-zed/install/zed_interfaces/lib:/home/song/ros-zed/install/image_transport/lib:/home/song/ros-zed/install/camera_info_manager/lib:/home/song/ros-zed/install/camera_calibration_parsers/lib:/opt/ros/foxy/opt/yaml_cpp_vendor/lib:/opt/ros/foxy/opt/rviz_ogre_vendor/lib:/opt/ros/foxy/lib/x86_64-linux-gnu:/opt/ros/foxy/lib:/usr/local/cuda-11.8/lib64 /home/song/.local/bin/cmake --build /home/song/zed/build/camera_info_manager -- -j20 -l20
[0.876s] [ 50%] [32mBuilding CXX object CMakeFiles/camera_info_manager.dir/src/camera_info_manager.cpp.o[0m
[1.823s] [100%] [32m[1mLinking CXX shared library libcamera_info_manager.so[0m
[1.904s] [100%] Built target camera_info_manager
[1.910s] Invoked command in '/home/song/zed/build/camera_info_manager' returned '0': AMENT_PREFIX_PATH=/home/song/zed/install/camera_calibration_parsers:${AMENT_PREFIX_PATH} CMAKE_PREFIX_PATH=/home/song/zed/install/camera_calibration_parsers:/home/song/ros-zed/install/zed_ros2:/home/song/ros-zed/install/zed_wrapper:/home/song/ros-zed/install/zed_components:/home/song/ros-zed/install/zed_interfaces:/home/song/ros-zed/install/image_common:/home/song/ros-zed/install/image_transport:/home/song/ros-zed/install/camera_info_manager:/home/song/ros-zed/install/camera_calibration_parsers:/opt/ros/foxy CONDA_PROMPT_MODIFIER=(base) LD_LIBRARY_PATH=/home/song/zed/install/camera_calibration_parsers/lib:/home/song/ros-zed/install/zed_components/lib:/home/song/ros-zed/install/zed_interfaces/lib:/home/song/ros-zed/install/image_transport/lib:/home/song/ros-zed/install/camera_info_manager/lib:/home/song/ros-zed/install/camera_calibration_parsers/lib:/opt/ros/foxy/opt/yaml_cpp_vendor/lib:/opt/ros/foxy/opt/rviz_ogre_vendor/lib:/opt/ros/foxy/lib/x86_64-linux-gnu:/opt/ros/foxy/lib:/usr/local/cuda-11.8/lib64 /home/song/.local/bin/cmake --build /home/song/zed/build/camera_info_manager -- -j20 -l20
[1.937s] Invoking command in '/home/song/zed/build/camera_info_manager': AMENT_PREFIX_PATH=/home/song/zed/install/camera_calibration_parsers:${AMENT_PREFIX_PATH} CMAKE_PREFIX_PATH=/home/song/zed/install/camera_calibration_parsers:/home/song/ros-zed/install/zed_ros2:/home/song/ros-zed/install/zed_wrapper:/home/song/ros-zed/install/zed_components:/home/song/ros-zed/install/zed_interfaces:/home/song/ros-zed/install/image_common:/home/song/ros-zed/install/image_transport:/home/song/ros-zed/install/camera_info_manager:/home/song/ros-zed/install/camera_calibration_parsers:/opt/ros/foxy CONDA_PROMPT_MODIFIER=(base) LD_LIBRARY_PATH=/home/song/zed/install/camera_calibration_parsers/lib:/home/song/ros-zed/install/zed_components/lib:/home/song/ros-zed/install/zed_interfaces/lib:/home/song/ros-zed/install/image_transport/lib:/home/song/ros-zed/install/camera_info_manager/lib:/home/song/ros-zed/install/camera_calibration_parsers/lib:/opt/ros/foxy/opt/yaml_cpp_vendor/lib:/opt/ros/foxy/opt/rviz_ogre_vendor/lib:/opt/ros/foxy/lib/x86_64-linux-gnu:/opt/ros/foxy/lib:/usr/local/cuda-11.8/lib64 /home/song/.local/bin/cmake --install /home/song/zed/build/camera_info_manager
[1.953s] -- Install configuration: ""
[1.953s] -- Execute custom install script
[1.953s] -- Symlinking: /home/song/zed/install/camera_info_manager/lib/libcamera_info_manager.so
[1.955s] -- Symlinking: /home/song/zed/install/camera_info_manager/include/camera_info_manager/camera_info_manager.h
[1.957s] -- Symlinking: /home/song/zed/install/camera_info_manager/include/camera_info_manager/camera_info_manager.hpp
[1.958s] -- Symlinking: /home/song/zed/install/camera_info_manager/include/camera_info_manager/visibility_control.h
[1.960s] -- Symlinking: /home/song/zed/install/camera_info_manager/share/camera_info_manager/environment/library_path.sh
[1.961s] -- Symlinking: /home/song/zed/install/camera_info_manager/share/camera_info_manager/environment/library_path.dsv
[1.963s] -- Symlinking: /home/song/zed/install/camera_info_manager/share/ament_index/resource_index/package_run_dependencies/camera_info_manager
[1.964s] -- Symlinking: /home/song/zed/install/camera_info_manager/share/ament_index/resource_index/parent_prefix_path/camera_info_manager
[1.966s] -- Symlinking: /home/song/zed/install/camera_info_manager/share/camera_info_manager/environment/ament_prefix_path.sh
[1.967s] -- Symlinking: /home/song/zed/install/camera_info_manager/share/camera_info_manager/environment/ament_prefix_path.dsv
[1.969s] -- Symlinking: /home/song/zed/install/camera_info_manager/share/camera_info_manager/environment/path.sh
[1.971s] -- Symlinking: /home/song/zed/install/camera_info_manager/share/camera_info_manager/environment/path.dsv
[1.972s] -- Symlinking: /home/song/zed/install/camera_info_manager/share/camera_info_manager/local_setup.bash
[1.974s] -- Symlinking: /home/song/zed/install/camera_info_manager/share/camera_info_manager/local_setup.sh
[1.975s] -- Symlinking: /home/song/zed/install/camera_info_manager/share/camera_info_manager/local_setup.zsh
[1.977s] -- Symlinking: /home/song/zed/install/camera_info_manager/share/camera_info_manager/local_setup.dsv
[1.978s] -- Symlinking: /home/song/zed/install/camera_info_manager/share/camera_info_manager/package.dsv
[1.980s] -- Symlinking: /home/song/zed/install/camera_info_manager/share/ament_index/resource_index/packages/camera_info_manager
[1.981s] -- Symlinking: /home/song/zed/install/camera_info_manager/share/camera_info_manager/cmake/ament_cmake_export_include_directories-extras.cmake
[1.983s] -- Symlinking: /home/song/zed/install/camera_info_manager/share/camera_info_manager/cmake/ament_cmake_export_dependencies-extras.cmake
[1.984s] -- Symlinking: /home/song/zed/install/camera_info_manager/share/camera_info_manager/cmake/ament_cmake_export_libraries-extras.cmake
[1.985s] -- Symlinking: /home/song/zed/install/camera_info_manager/share/camera_info_manager/cmake/camera_info_managerConfig.cmake
[1.987s] -- Symlinking: /home/song/zed/install/camera_info_manager/share/camera_info_manager/cmake/camera_info_managerConfig-version.cmake
[1.988s] -- Symlinking: /home/song/zed/install/camera_info_manager/share/camera_info_manager/package.xml
[1.994s] Invoked command in '/home/song/zed/build/camera_info_manager' returned '0': AMENT_PREFIX_PATH=/home/song/zed/install/camera_calibration_parsers:${AMENT_PREFIX_PATH} CMAKE_PREFIX_PATH=/home/song/zed/install/camera_calibration_parsers:/home/song/ros-zed/install/zed_ros2:/home/song/ros-zed/install/zed_wrapper:/home/song/ros-zed/install/zed_components:/home/song/ros-zed/install/zed_interfaces:/home/song/ros-zed/install/image_common:/home/song/ros-zed/install/image_transport:/home/song/ros-zed/install/camera_info_manager:/home/song/ros-zed/install/camera_calibration_parsers:/opt/ros/foxy CONDA_PROMPT_MODIFIER=(base) LD_LIBRARY_PATH=/home/song/zed/install/camera_calibration_parsers/lib:/home/song/ros-zed/install/zed_components/lib:/home/song/ros-zed/install/zed_interfaces/lib:/home/song/ros-zed/install/image_transport/lib:/home/song/ros-zed/install/camera_info_manager/lib:/home/song/ros-zed/install/camera_calibration_parsers/lib:/opt/ros/foxy/opt/yaml_cpp_vendor/lib:/opt/ros/foxy/opt/rviz_ogre_vendor/lib:/opt/ros/foxy/lib/x86_64-linux-gnu:/opt/ros/foxy/lib:/usr/local/cuda-11.8/lib64 /home/song/.local/bin/cmake --install /home/song/zed/build/camera_info_manager
