-- The C compiler identification is GNU 9.4.0
-- The CXX compiler identification is GNU 9.4.0
-- Detecting C compiler ABI info
-- Detecting C compiler ABI info - done
-- Check for working C compiler: /usr/bin/cc - skipped
-- Detecting C compile features
-- Detecting C compile features - done
-- Detecting CXX compiler ABI info
-- Detecting CXX compiler ABI info - done
-- Check for working CXX compiler: /usr/bin/c++ - skipped
-- Detecting CXX compile features
-- Detecting CXX compile features - done
-- Found ament_cmake_auto: 0.9.12 (/opt/ros/foxy/share/ament_cmake_auto/cmake)
-- Found PythonInterp: /home/song/anaconda3/bin/python3 (found suitable version "3.9.13", minimum required is "3") 
-- Using PYTHON_EXECUTABLE: /home/song/anaconda3/bin/python3
-- Override CMake install command with custom implementation using symlinks instead of copying resources
-- Using all available rosidl_typesupport_c: rosidl_typesupport_fastrtps_c;rosidl_typesupport_introspection_c
-- Found rosidl_adapter: 1.3.1 (/opt/ros/foxy/share/rosidl_adapter/cmake)
-- Found OpenSSL: /usr/lib/x86_64-linux-gnu/libcrypto.so (found version "1.1.1f")  
-- Found FastRTPS: /opt/ros/foxy/include  
-- Using all available rosidl_typesupport_cpp: rosidl_typesupport_fastrtps_cpp;rosidl_typesupport_introspection_cpp
-- Found ament_lint_auto: 0.9.8 (/opt/ros/foxy/share/ament_lint_auto/cmake)
-- Found PythonInterp: /home/song/anaconda3/bin/python3 (found version "3.9.13") 
[31mCMake Error at /opt/ros/foxy/share/rosidl_adapter/cmake/rosidl_adapt_interfaces.cmake:60 (message):
  execute_process(/home/song/anaconda3/bin/python3 -m rosidl_adapter
  --package-name zed_interfaces --arguments-file
  /home/song/zed/build/zed_interfaces/rosidl_adapter__arguments__zed_interfaces.json
  --output-dir
  /home/song/zed/build/zed_interfaces/rosidl_adapter/zed_interfaces
  --output-file
  /home/song/zed/build/zed_interfaces/rosidl_adapter/zed_interfaces.idls)
  returned error code 1:

  Traceback (most recent call last):

    File "/home/song/anaconda3/lib/python3.9/runpy.py", line 197, in _run_module_as_main
      return _run_code(code, main_globals, None,
    File "/home/song/anaconda3/lib/python3.9/runpy.py", line 87, in _run_code
      exec(code, run_globals)
    File "/opt/ros/foxy/lib/python3.8/site-packages/rosidl_adapter/__main__.py", line 19, in <module>
      sys.exit(main())
    File "/opt/ros/foxy/lib/python3.8/site-packages/rosidl_adapter/main.py", line 53, in main
      abs_idl_file = convert_to_idl(
    File "/opt/ros/foxy/lib/python3.8/site-packages/rosidl_adapter/__init__.py", line 18, in convert_to_idl
      from rosidl_adapter.msg import convert_msg_to_idl
    File "/opt/ros/foxy/lib/python3.8/site-packages/rosidl_adapter/msg/__init__.py", line 16, in <module>
      from rosidl_adapter.resource import expand_template
    File "/opt/ros/foxy/lib/python3.8/site-packages/rosidl_adapter/resource/__init__.py", line 19, in <module>
      import em

  ModuleNotFoundError: No module named 'em'

Call Stack (most recent call first):
  /opt/ros/foxy/share/rosidl_cmake/cmake/rosidl_generate_interfaces.cmake:130 (rosidl_adapt_interfaces)
  CMakeLists.txt:98 (rosidl_generate_interfaces)

[0m
-- Configuring incomplete, errors occurred!
