[0.016s] Invoking command in '/home/song/zed/build/zed_interfaces': CMAKE_PREFIX_PATH=${CMAKE_PREFIX_PATH}:/opt/ros/foxy CONDA_PROMPT_MODIFIER=(base) /home/song/.local/bin/cmake /home/song/zed/src/zed-ros2-wrapper/zed-ros2-interfaces -DCMAKE_BUILD_TYPE=Release -DAMENT_CMAKE_SYMLINK_INSTALL=1 -DCMAKE_INSTALL_PREFIX=/home/song/zed/install/zed_interfaces
[0.057s] -- The C compiler identification is GNU 9.4.0
[0.089s] -- The CXX compiler identification is GNU 9.4.0
[0.095s] -- Detecting C compiler ABI info
[0.130s] -- Detecting C compiler ABI info - done
[0.136s] -- Check for working C compiler: /usr/bin/cc - skipped
[0.136s] -- Detecting C compile features
[0.136s] -- Detecting C compile features - done
[0.139s] -- Detecting CXX compiler ABI info
[0.179s] -- Detecting CXX compiler ABI info - done
[0.187s] -- Check for working CXX compiler: /usr/bin/c++ - skipped
[0.187s] -- Detecting CXX compile features
[0.187s] -- Detecting CXX compile features - done
[0.188s] -- Found ament_cmake_auto: 0.9.12 (/opt/ros/foxy/share/ament_cmake_auto/cmake)
[0.206s] -- Found PythonInterp: /home/song/anaconda3/bin/python3 (found suitable version "3.9.13", minimum required is "3") 
[0.206s] -- Using PYTHON_EXECUTABLE: /home/song/anaconda3/bin/python3
[0.329s] -- Override CMake install command with custom implementation using symlinks instead of copying resources
[0.397s] -- Using all available rosidl_typesupport_c: rosidl_typesupport_fastrtps_c;rosidl_typesupport_introspection_c
[0.400s] -- Found rosidl_adapter: 1.3.1 (/opt/ros/foxy/share/rosidl_adapter/cmake)
[0.442s] -- Found OpenSSL: /usr/lib/x86_64-linux-gnu/libcrypto.so (found version "1.1.1f")  
[0.461s] -- Found FastRTPS: /opt/ros/foxy/include  
[0.509s] -- Using all available rosidl_typesupport_cpp: rosidl_typesupport_fastrtps_cpp;rosidl_typesupport_introspection_cpp
[0.600s] -- Found ament_lint_auto: 0.9.8 (/opt/ros/foxy/share/ament_lint_auto/cmake)
[0.640s] -- Found PythonInterp: /home/song/anaconda3/bin/python3 (found version "3.9.13") 
[0.689s] [31mCMake Error at /opt/ros/foxy/share/rosidl_adapter/cmake/rosidl_adapt_interfaces.cmake:60 (message):
[0.689s]   execute_process(/home/song/anaconda3/bin/python3 -m rosidl_adapter
[0.689s]   --package-name zed_interfaces --arguments-file
[0.689s]   /home/song/zed/build/zed_interfaces/rosidl_adapter__arguments__zed_interfaces.json
[0.689s]   --output-dir
[0.689s]   /home/song/zed/build/zed_interfaces/rosidl_adapter/zed_interfaces
[0.689s]   --output-file
[0.689s]   /home/song/zed/build/zed_interfaces/rosidl_adapter/zed_interfaces.idls)
[0.689s]   returned error code 1:
[0.689s] 
[0.689s]   Traceback (most recent call last):
[0.689s] 
[0.689s]     File "/home/song/anaconda3/lib/python3.9/runpy.py", line 197, in _run_module_as_main
[0.690s]       return _run_code(code, main_globals, None,
[0.690s]     File "/home/song/anaconda3/lib/python3.9/runpy.py", line 87, in _run_code
[0.690s]       exec(code, run_globals)
[0.690s]     File "/opt/ros/foxy/lib/python3.8/site-packages/rosidl_adapter/__main__.py", line 19, in <module>
[0.690s]       sys.exit(main())
[0.690s]     File "/opt/ros/foxy/lib/python3.8/site-packages/rosidl_adapter/main.py", line 53, in main
[0.690s]       abs_idl_file = convert_to_idl(
[0.690s]     File "/opt/ros/foxy/lib/python3.8/site-packages/rosidl_adapter/__init__.py", line 18, in convert_to_idl
[0.690s]       from rosidl_adapter.msg import convert_msg_to_idl
[0.690s]     File "/opt/ros/foxy/lib/python3.8/site-packages/rosidl_adapter/msg/__init__.py", line 16, in <module>
[0.690s]       from rosidl_adapter.resource import expand_template
[0.690s]     File "/opt/ros/foxy/lib/python3.8/site-packages/rosidl_adapter/resource/__init__.py", line 19, in <module>
[0.690s]       import em
[0.690s] 
[0.690s]   ModuleNotFoundError: No module named 'em'
[0.690s] 
[0.690s] Call Stack (most recent call first):
[0.690s]   /opt/ros/foxy/share/rosidl_cmake/cmake/rosidl_generate_interfaces.cmake:130 (rosidl_adapt_interfaces)
[0.690s]   CMakeLists.txt:98 (rosidl_generate_interfaces)
[0.690s] 
[0.690s] [0m
[0.691s] -- Configuring incomplete, errors occurred!
[0.700s] Invoked command in '/home/song/zed/build/zed_interfaces' returned '1': CMAKE_PREFIX_PATH=${CMAKE_PREFIX_PATH}:/opt/ros/foxy CONDA_PROMPT_MODIFIER=(base) /home/song/.local/bin/cmake /home/song/zed/src/zed-ros2-wrapper/zed-ros2-interfaces -DCMAKE_BUILD_TYPE=Release -DAMENT_CMAKE_SYMLINK_INSTALL=1 -DCMAKE_INSTALL_PREFIX=/home/song/zed/install/zed_interfaces
