[35m[1mScanning dependencies of target gtest[0m
[35m[1mScanning dependencies of target gtest_main[0m
[35m[1mScanning dependencies of target image_transport[0m
[  3%] [32mBuilding CXX object gtest/CMakeFiles/gtest.dir/src/gtest-all.cc.o[0m
[  6%] [32mBuilding CXX object gtest/CMakeFiles/gtest_main.dir/src/gtest_main.cc.o[0m
[ 10%] [32mBuilding CXX object CMakeFiles/image_transport.dir/src/camera_common.cpp.o[0m
[ 13%] [32mBuilding CXX object CMakeFiles/image_transport.dir/src/publisher.cpp.o[0m
[ 16%] [32mBuilding CXX object CMakeFiles/image_transport.dir/src/subscriber.cpp.o[0m
[ 20%] [32mBuilding CXX object CMakeFiles/image_transport.dir/src/single_subscriber_publisher.cpp.o[0m
[ 23%] [32mBuilding CXX object CMakeFiles/image_transport.dir/src/camera_subscriber.cpp.o[0m
[ 26%] [32mBuilding CXX object CMakeFiles/image_transport.dir/src/image_transport.cpp.o[0m
[ 30%] [32mBuilding CXX object CMakeFiles/image_transport.dir/src/camera_publisher.cpp.o[0m
[ 33%] [32m[1mLinking CXX static library libgtest_main.a[0m
[ 33%] Built target gtest_main
[ 36%] [32m[1mLinking CXX static library libgtest.a[0m
[ 36%] Built target gtest
[ 40%] [32m[1mLinking CXX shared library libimage_transport.so[0m
[ 40%] Built target image_transport
[35m[1mScanning dependencies of target republish[0m
[35m[1mScanning dependencies of target image_transport_plugins[0m
[35m[1mScanning dependencies of target image_transport-remapping[0m
[35m[1mScanning dependencies of target list_transports[0m
[35m[1mScanning dependencies of target image_transport-camera_common[0m
[35m[1mScanning dependencies of target image_transport-subscriber[0m
[35m[1mScanning dependencies of target image_transport-single_subscriber_publisher[0m
[35m[1mScanning dependencies of target image_transport-publisher[0m
[35m[1mScanning dependencies of target image_transport-message_passing[0m
[ 43%] [32mBuilding CXX object CMakeFiles/image_transport-camera_common.dir/test/test_camera_common.cpp.o[0m
[ 50%] [32mBuilding CXX object CMakeFiles/list_transports.dir/src/list_transports.cpp.o[0m
[ 50%] [32mBuilding CXX object CMakeFiles/image_transport_plugins.dir/src/manifest.cpp.o[0m
[ 53%] [32mBuilding CXX object CMakeFiles/republish.dir/src/republish.cpp.o[0m
[ 56%] [32mBuilding CXX object CMakeFiles/image_transport-remapping.dir/test/test_remapping.cpp.o[0m
[ 60%] [32mBuilding CXX object CMakeFiles/image_transport-subscriber.dir/test/test_subscriber.cpp.o[0m
[ 63%] [32mBuilding CXX object CMakeFiles/image_transport-single_subscriber_publisher.dir/test/test_single_subscriber_publisher.cpp.o[0m
[ 70%] [32mBuilding CXX object CMakeFiles/image_transport-publisher.dir/test/test_publisher.cpp.o[0m
[ 70%] [32mBuilding CXX object CMakeFiles/image_transport-message_passing.dir/test/test_message_passing.cpp.o[0m
[ 73%] [32m[1mLinking CXX executable image_transport-camera_common[0m
[ 73%] Built target image_transport-camera_common
[ 76%] [32m[1mLinking CXX executable image_transport-subscriber[0m
[ 76%] Built target image_transport-subscriber
[ 80%] [32m[1mLinking CXX executable image_transport-publisher[0m
[ 83%] [32m[1mLinking CXX executable image_transport-remapping[0m
[ 83%] Built target image_transport-publisher
[ 83%] Built target image_transport-remapping
[ 86%] [32m[1mLinking CXX executable image_transport-single_subscriber_publisher[0m
[ 86%] Built target image_transport-single_subscriber_publisher
[ 90%] [32m[1mLinking CXX executable image_transport-message_passing[0m
[ 90%] Built target image_transport-message_passing
[ 93%] [32m[1mLinking CXX shared library libimage_transport_plugins.so[0m
[ 93%] Built target image_transport_plugins
[ 96%] [32m[1mLinking CXX executable republish[0m
[100%] [32m[1mLinking CXX executable list_transports[0m
[100%] Built target republish
[100%] Built target list_transports
