[0.045s] Invoking command in '/home/song/steadylab/src/build/image_transport': CMAKE_PREFIX_PATH=${CMAKE_PREFIX_PATH}:/home/song/steadylab/install/yo:/home/song/steadylab/install/steadylab:/opt/ros/foxy CONDA_PROMPT_MODIFIER=(base) /usr/bin/cmake --build /home/song/steadylab/src/build/image_transport -- -j20 -l20
[0.662s] [35m[1mScanning dependencies of target gtest[0m
[0.662s] [35m[1mScanning dependencies of target gtest_main[0m
[0.662s] [35m[1mScanning dependencies of target image_transport[0m
[0.663s] [  3%] [32mBuilding CXX object gtest/CMakeFiles/gtest.dir/src/gtest-all.cc.o[0m
[0.663s] [  6%] [32mBuilding CXX object gtest/CMakeFiles/gtest_main.dir/src/gtest_main.cc.o[0m
[0.663s] [ 10%] [32mBuilding CXX object CMakeFiles/image_transport.dir/src/camera_common.cpp.o[0m
[0.663s] [ 13%] [32mBuilding CXX object CMakeFiles/image_transport.dir/src/publisher.cpp.o[0m
[0.663s] [ 16%] [32mBuilding CXX object CMakeFiles/image_transport.dir/src/subscriber.cpp.o[0m
[0.663s] [ 20%] [32mBuilding CXX object CMakeFiles/image_transport.dir/src/single_subscriber_publisher.cpp.o[0m
[0.663s] [ 23%] [32mBuilding CXX object CMakeFiles/image_transport.dir/src/camera_subscriber.cpp.o[0m
[0.663s] [ 26%] [32mBuilding CXX object CMakeFiles/image_transport.dir/src/image_transport.cpp.o[0m
[0.663s] [ 30%] [32mBuilding CXX object CMakeFiles/image_transport.dir/src/camera_publisher.cpp.o[0m
[1.065s] [ 33%] [32m[1mLinking CXX static library libgtest_main.a[0m
[1.211s] [ 33%] Built target gtest_main
[8.878s] [ 36%] [32m[1mLinking CXX static library libgtest.a[0m
[8.926s] [ 36%] Built target gtest
[10.786s] [ 40%] [32m[1mLinking CXX shared library libimage_transport.so[0m
[10.879s] [ 40%] Built target image_transport
[10.886s] [35m[1mScanning dependencies of target republish[0m
[10.886s] [35m[1mScanning dependencies of target image_transport_plugins[0m
[10.886s] [35m[1mScanning dependencies of target image_transport-remapping[0m
[10.886s] [35m[1mScanning dependencies of target list_transports[0m
[10.886s] [35m[1mScanning dependencies of target image_transport-camera_common[0m
[10.886s] [35m[1mScanning dependencies of target image_transport-subscriber[0m
[10.890s] [35m[1mScanning dependencies of target image_transport-single_subscriber_publisher[0m
[10.890s] [35m[1mScanning dependencies of target image_transport-publisher[0m
[10.890s] [35m[1mScanning dependencies of target image_transport-message_passing[0m
[10.895s] [ 43%] [32mBuilding CXX object CMakeFiles/image_transport-camera_common.dir/test/test_camera_common.cpp.o[0m
[10.908s] [ 50%] [32mBuilding CXX object CMakeFiles/list_transports.dir/src/list_transports.cpp.o[0m
[10.908s] [ 50%] [32mBuilding CXX object CMakeFiles/image_transport_plugins.dir/src/manifest.cpp.o[0m
[10.909s] [ 53%] [32mBuilding CXX object CMakeFiles/republish.dir/src/republish.cpp.o[0m
[10.910s] [ 56%] [32mBuilding CXX object CMakeFiles/image_transport-remapping.dir/test/test_remapping.cpp.o[0m
[10.912s] [ 60%] [32mBuilding CXX object CMakeFiles/image_transport-subscriber.dir/test/test_subscriber.cpp.o[0m
[10.926s] [ 63%] [32mBuilding CXX object CMakeFiles/image_transport-single_subscriber_publisher.dir/test/test_single_subscriber_publisher.cpp.o[0m
[10.929s] [ 70%] [32mBuilding CXX object CMakeFiles/image_transport-publisher.dir/test/test_publisher.cpp.o[0m
[10.929s] [ 70%] [32mBuilding CXX object CMakeFiles/image_transport-message_passing.dir/test/test_message_passing.cpp.o[0m
[11.535s] [ 73%] [32m[1mLinking CXX executable image_transport-camera_common[0m
[11.626s] [ 73%] Built target image_transport-camera_common
[12.634s] [ 76%] [32m[1mLinking CXX executable image_transport-subscriber[0m
[12.780s] [ 76%] Built target image_transport-subscriber
[12.939s] [ 80%] [32m[1mLinking CXX executable image_transport-publisher[0m
[12.967s] [ 83%] [32m[1mLinking CXX executable image_transport-remapping[0m
[13.046s] [ 83%] Built target image_transport-publisher
[13.072s] [ 83%] Built target image_transport-remapping
[13.545s] [ 86%] [32m[1mLinking CXX executable image_transport-single_subscriber_publisher[0m
[13.645s] [ 86%] Built target image_transport-single_subscriber_publisher
[13.663s] [ 90%] [32m[1mLinking CXX executable image_transport-message_passing[0m
[13.759s] [ 90%] Built target image_transport-message_passing
[15.285s] [ 93%] [32m[1mLinking CXX shared library libimage_transport_plugins.so[0m
[15.369s] [ 93%] Built target image_transport_plugins
[16.043s] [ 96%] [32m[1mLinking CXX executable republish[0m
[16.055s] [100%] [32m[1mLinking CXX executable list_transports[0m
[16.124s] [100%] Built target republish
[16.132s] [100%] Built target list_transports
