[0.018s] Invoking command in '/home/song/zed/build/zed_rgb_convert': CMAKE_PREFIX_PATH=/home/song/zed/install/zed_components:/home/song/zed/install/zed_interfaces:/home/song/zed/install/image_transport:/home/song/zed/install/zed_ros2:/home/song/zed/install/zed_multi_camera:/home/song/zed/install/zed_display_rviz2:/home/song/zed/install/zed_wrapper:/home/song/zed/install/zed_tutorial_video:/home/song/zed/install/zed_tutorial_pos_tracking:/home/song/zed/install/zed_tutorial_depth:/home/song/zed/install/zed_topic_benchmark_interfaces:/home/song/zed/install/zed_rgb_convert:/home/song/zed/install/rviz_plugin_zed_od:/home/song/zed/install/image_common:/home/song/zed/install/camera_info_manager:/home/song/zed/install/camera_calibration_parsers:/home/song/zed/install/steadylab:/opt/ros/foxy CONDA_PROMPT_MODIFIER=(base) LD_LIBRARY_PATH=/home/song/zed/install/zed_components/lib:/home/song/zed/install/zed_interfaces/lib:/home/song/zed/install/image_transport/lib:/home/song/zed/install/zed_topic_benchmark_interfaces/lib:/home/song/zed/install/zed_rgb_convert/lib:/home/song/zed/install/rviz_plugin_zed_od/lib:/home/song/zed/install/camera_info_manager/lib:/home/song/zed/install/camera_calibration_parsers/lib:/opt/ros/foxy/opt/yaml_cpp_vendor/lib:/opt/ros/foxy/opt/rviz_ogre_vendor/lib:/opt/ros/foxy/lib/x86_64-linux-gnu:/opt/ros/foxy/lib:/usr/local/cuda-11.8/lib64 /home/song/.local/bin/cmake --build /home/song/zed/build/zed_rgb_convert -- -j20 -l20
[0.050s] [ 50%] Built target zed_rgb_convert_component
[0.060s] [100%] Built target zed_rgb_convert
[0.066s] Invoked command in '/home/song/zed/build/zed_rgb_convert' returned '0': CMAKE_PREFIX_PATH=/home/song/zed/install/zed_components:/home/song/zed/install/zed_interfaces:/home/song/zed/install/image_transport:/home/song/zed/install/zed_ros2:/home/song/zed/install/zed_multi_camera:/home/song/zed/install/zed_display_rviz2:/home/song/zed/install/zed_wrapper:/home/song/zed/install/zed_tutorial_video:/home/song/zed/install/zed_tutorial_pos_tracking:/home/song/zed/install/zed_tutorial_depth:/home/song/zed/install/zed_topic_benchmark_interfaces:/home/song/zed/install/zed_rgb_convert:/home/song/zed/install/rviz_plugin_zed_od:/home/song/zed/install/image_common:/home/song/zed/install/camera_info_manager:/home/song/zed/install/camera_calibration_parsers:/home/song/zed/install/steadylab:/opt/ros/foxy CONDA_PROMPT_MODIFIER=(base) LD_LIBRARY_PATH=/home/song/zed/install/zed_components/lib:/home/song/zed/install/zed_interfaces/lib:/home/song/zed/install/image_transport/lib:/home/song/zed/install/zed_topic_benchmark_interfaces/lib:/home/song/zed/install/zed_rgb_convert/lib:/home/song/zed/install/rviz_plugin_zed_od/lib:/home/song/zed/install/camera_info_manager/lib:/home/song/zed/install/camera_calibration_parsers/lib:/opt/ros/foxy/opt/yaml_cpp_vendor/lib:/opt/ros/foxy/opt/rviz_ogre_vendor/lib:/opt/ros/foxy/lib/x86_64-linux-gnu:/opt/ros/foxy/lib:/usr/local/cuda-11.8/lib64 /home/song/.local/bin/cmake --build /home/song/zed/build/zed_rgb_convert -- -j20 -l20
[0.097s] Invoking command in '/home/song/zed/build/zed_rgb_convert': CMAKE_PREFIX_PATH=/home/song/zed/install/zed_components:/home/song/zed/install/zed_interfaces:/home/song/zed/install/image_transport:/home/song/zed/install/zed_ros2:/home/song/zed/install/zed_multi_camera:/home/song/zed/install/zed_display_rviz2:/home/song/zed/install/zed_wrapper:/home/song/zed/install/zed_tutorial_video:/home/song/zed/install/zed_tutorial_pos_tracking:/home/song/zed/install/zed_tutorial_depth:/home/song/zed/install/zed_topic_benchmark_interfaces:/home/song/zed/install/zed_rgb_convert:/home/song/zed/install/rviz_plugin_zed_od:/home/song/zed/install/image_common:/home/song/zed/install/camera_info_manager:/home/song/zed/install/camera_calibration_parsers:/home/song/zed/install/steadylab:/opt/ros/foxy CONDA_PROMPT_MODIFIER=(base) LD_LIBRARY_PATH=/home/song/zed/install/zed_components/lib:/home/song/zed/install/zed_interfaces/lib:/home/song/zed/install/image_transport/lib:/home/song/zed/install/zed_topic_benchmark_interfaces/lib:/home/song/zed/install/zed_rgb_convert/lib:/home/song/zed/install/rviz_plugin_zed_od/lib:/home/song/zed/install/camera_info_manager/lib:/home/song/zed/install/camera_calibration_parsers/lib:/opt/ros/foxy/opt/yaml_cpp_vendor/lib:/opt/ros/foxy/opt/rviz_ogre_vendor/lib:/opt/ros/foxy/lib/x86_64-linux-gnu:/opt/ros/foxy/lib:/usr/local/cuda-11.8/lib64 /home/song/.local/bin/cmake --install /home/song/zed/build/zed_rgb_convert
[0.115s] -- Install configuration: "Release"
[0.116s] -- Execute custom install script
[0.117s] -- Up-to-date symlink: /home/song/zed/install/zed_rgb_convert/lib/zed_rgb_convert/zed_rgb_convert
[0.117s] -- Up-to-date symlink: /home/song/zed/install/zed_rgb_convert/lib/libzed_rgb_convert_component.so
[0.117s] -- Up-to-date symlink: /home/song/zed/install/zed_rgb_convert/include/zed_rgb_convert//cvt_visibility_control.hpp
[0.117s] -- Up-to-date symlink: /home/song/zed/install/zed_rgb_convert/share/zed_rgb_convert/launch/zed_rgb_convert.launch.py
[0.117s] -- Up-to-date symlink: /home/song/zed/install/zed_rgb_convert/share/zed_rgb_convert/environment/library_path.sh
[0.117s] -- Up-to-date symlink: /home/song/zed/install/zed_rgb_convert/share/zed_rgb_convert/environment/library_path.dsv
[0.117s] -- Up-to-date symlink: /home/song/zed/install/zed_rgb_convert/share/ament_index/resource_index/package_run_dependencies/zed_rgb_convert
[0.117s] -- Up-to-date symlink: /home/song/zed/install/zed_rgb_convert/share/ament_index/resource_index/parent_prefix_path/zed_rgb_convert
[0.117s] -- Up-to-date symlink: /home/song/zed/install/zed_rgb_convert/share/zed_rgb_convert/environment/ament_prefix_path.sh
[0.117s] -- Up-to-date symlink: /home/song/zed/install/zed_rgb_convert/share/zed_rgb_convert/environment/ament_prefix_path.dsv
[0.117s] -- Up-to-date symlink: /home/song/zed/install/zed_rgb_convert/share/zed_rgb_convert/environment/path.sh
[0.117s] -- Up-to-date symlink: /home/song/zed/install/zed_rgb_convert/share/zed_rgb_convert/environment/path.dsv
[0.117s] -- Up-to-date symlink: /home/song/zed/install/zed_rgb_convert/share/zed_rgb_convert/local_setup.bash
[0.117s] -- Up-to-date symlink: /home/song/zed/install/zed_rgb_convert/share/zed_rgb_convert/local_setup.sh
[0.117s] -- Up-to-date symlink: /home/song/zed/install/zed_rgb_convert/share/zed_rgb_convert/local_setup.zsh
[0.118s] -- Up-to-date symlink: /home/song/zed/install/zed_rgb_convert/share/zed_rgb_convert/local_setup.dsv
[0.118s] -- Symlinking: /home/song/zed/install/zed_rgb_convert/share/zed_rgb_convert/package.dsv
[0.118s] -- Up-to-date symlink: /home/song/zed/install/zed_rgb_convert/share/ament_index/resource_index/packages/zed_rgb_convert
[0.119s] -- Up-to-date symlink: /home/song/zed/install/zed_rgb_convert/share/ament_index/resource_index/rclcpp_components/zed_rgb_convert
[0.119s] -- Up-to-date symlink: /home/song/zed/install/zed_rgb_convert/share/zed_rgb_convert/cmake/ament_cmake_export_include_directories-extras.cmake
[0.119s] -- Up-to-date symlink: /home/song/zed/install/zed_rgb_convert/share/zed_rgb_convert/cmake/ament_cmake_export_libraries-extras.cmake
[0.119s] -- Up-to-date symlink: /home/song/zed/install/zed_rgb_convert/share/zed_rgb_convert/cmake/ament_cmake_export_dependencies-extras.cmake
[0.119s] -- Up-to-date symlink: /home/song/zed/install/zed_rgb_convert/share/zed_rgb_convert/cmake/zed_rgb_convertConfig.cmake
[0.119s] -- Up-to-date symlink: /home/song/zed/install/zed_rgb_convert/share/zed_rgb_convert/cmake/zed_rgb_convertConfig-version.cmake
[0.119s] -- Up-to-date symlink: /home/song/zed/install/zed_rgb_convert/share/zed_rgb_convert/package.xml
[0.123s] Invoked command in '/home/song/zed/build/zed_rgb_convert' returned '0': CMAKE_PREFIX_PATH=/home/song/zed/install/zed_components:/home/song/zed/install/zed_interfaces:/home/song/zed/install/image_transport:/home/song/zed/install/zed_ros2:/home/song/zed/install/zed_multi_camera:/home/song/zed/install/zed_display_rviz2:/home/song/zed/install/zed_wrapper:/home/song/zed/install/zed_tutorial_video:/home/song/zed/install/zed_tutorial_pos_tracking:/home/song/zed/install/zed_tutorial_depth:/home/song/zed/install/zed_topic_benchmark_interfaces:/home/song/zed/install/zed_rgb_convert:/home/song/zed/install/rviz_plugin_zed_od:/home/song/zed/install/image_common:/home/song/zed/install/camera_info_manager:/home/song/zed/install/camera_calibration_parsers:/home/song/zed/install/steadylab:/opt/ros/foxy CONDA_PROMPT_MODIFIER=(base) LD_LIBRARY_PATH=/home/song/zed/install/zed_components/lib:/home/song/zed/install/zed_interfaces/lib:/home/song/zed/install/image_transport/lib:/home/song/zed/install/zed_topic_benchmark_interfaces/lib:/home/song/zed/install/zed_rgb_convert/lib:/home/song/zed/install/rviz_plugin_zed_od/lib:/home/song/zed/install/camera_info_manager/lib:/home/song/zed/install/camera_calibration_parsers/lib:/opt/ros/foxy/opt/yaml_cpp_vendor/lib:/opt/ros/foxy/opt/rviz_ogre_vendor/lib:/opt/ros/foxy/lib/x86_64-linux-gnu:/opt/ros/foxy/lib:/usr/local/cuda-11.8/lib64 /home/song/.local/bin/cmake --install /home/song/zed/build/zed_rgb_convert
