[0.011s] Invoking command in '/home/song/zed/build/rviz_plugin_zed_od': AMENT_PREFIX_PATH=/home/song/zed/install/zed_interfaces:${AMENT_PREFIX_PATH} CMAKE_PREFIX_PATH=/home/song/zed/install/zed_interfaces:/home/song/ros-zed/install/zed_ros2:/home/song/ros-zed/install/zed_wrapper:/home/song/ros-zed/install/zed_components:/home/song/ros-zed/install/zed_interfaces:/home/song/ros-zed/install/image_common:/home/song/ros-zed/install/image_transport:/home/song/ros-zed/install/camera_info_manager:/home/song/ros-zed/install/camera_calibration_parsers:/opt/ros/foxy CONDA_PROMPT_MODIFIER=(base) LD_LIBRARY_PATH=/home/song/zed/install/zed_interfaces/lib:/home/song/ros-zed/install/zed_components/lib:/home/song/ros-zed/install/zed_interfaces/lib:/home/song/ros-zed/install/image_transport/lib:/home/song/ros-zed/install/camera_info_manager/lib:/home/song/ros-zed/install/camera_calibration_parsers/lib:/opt/ros/foxy/opt/yaml_cpp_vendor/lib:/opt/ros/foxy/opt/rviz_ogre_vendor/lib:/opt/ros/foxy/lib/x86_64-linux-gnu:/opt/ros/foxy/lib:/usr/local/cuda-11.8/lib64 PYTHONPATH=/home/song/zed/install/zed_interfaces/lib/python3.9/site-packages:${PYTHONPATH} /home/song/.local/bin/cmake /home/song/zed/src/zed-ros2-examples/rviz-plugin-zed-od -DCMAKE_BUILD_TYPE=Release -DAMENT_CMAKE_SYMLINK_INSTALL=1 -DCMAKE_INSTALL_PREFIX=/home/song/zed/install/rviz_plugin_zed_od
[0.054s] -- The C compiler identification is GNU 9.4.0
[0.088s] -- The CXX compiler identification is GNU 9.4.0
[0.094s] -- Detecting C compiler ABI info
[0.126s] -- Detecting C compiler ABI info - done
[0.137s] -- Check for working C compiler: /usr/bin/cc - skipped
[0.137s] -- Detecting C compile features
[0.138s] -- Detecting C compile features - done
[0.140s] -- Detecting CXX compiler ABI info
[0.180s] -- Detecting CXX compiler ABI info - done
[0.192s] -- Check for working CXX compiler: /usr/bin/c++ - skipped
[0.192s] -- Detecting CXX compile features
[0.192s] -- Detecting CXX compile features - done
[0.193s] -- Enabling tests requiring a display
[0.194s] -- Found ament_cmake_auto: 0.9.12 (/opt/ros/foxy/share/ament_cmake_auto/cmake)
[0.215s] -- Found PythonInterp: /home/song/anaconda3/bin/python3 (found suitable version "3.9.13", minimum required is "3") 
[0.215s] -- Using PYTHON_EXECUTABLE: /home/song/anaconda3/bin/python3
[0.351s] -- Override CMake install command with custom implementation using symlinks instead of copying resources
[0.442s] -- Setting OGRE_DIR to: '/opt/ros/foxy/share/rviz_ogre_vendor/cmake/../../../opt/rviz_ogre_vendor/lib/OGRE/cmake'
[0.445s] -- Found OGRE
[0.445s] --   static     : OFF
[0.445s] --   components : HLMS;MeshLodGenerator;Overlay;Paging;Property;RTShaderSystem;Terrain;Volume
[0.445s] --   plugins    : Plugin_BSPSceneManager;Plugin_OctreeSceneManager;Plugin_PCZSceneManager;Plugin_ParticleFX;RenderSystem_GL;RenderSystem_GL3Plus;Codec_STBI
[0.445s] --   media      : /opt/ros/foxy/opt/rviz_ogre_vendor/share/OGRE/Media
[0.445s] -- OGRE_LIBRARIES: OgreHLMS;OgreMeshLodGenerator;OgreOverlay;OgrePaging;OgreProperty;OgreRTShaderSystem;OgreTerrain;OgreVolume;OgreMain
[0.445s] -- OGRE_LIBRARY_DIRS: /opt/ros/foxy/opt/rviz_ogre_vendor/lib
[0.445s] -- OGRE_PLUGINS: Plugin_BSPSceneManager;Plugin_OctreeSceneManager;Plugin_PCZSceneManager;Plugin_ParticleFX;RenderSystem_GL;RenderSystem_GL3Plus;Codec_STBI
[0.445s] -- OGRE_PLUGIN_DIR: /opt/ros/foxy/opt/rviz_ogre_vendor/lib/OGRE
[0.446s] -- rviz_ogre_vendor::OgreOverlay for IMPORTED_LOCATION_RELEASE: /opt/ros/foxy/opt/rviz_ogre_vendor/lib/libOgreOverlay.so
[0.446s] -- rviz_ogre_vendor::OgreOverlay for IMPORTED_LOCATION_DEBUG: /opt/ros/foxy/opt/rviz_ogre_vendor/lib/libOgreOverlay.so
[0.446s] -- rviz_ogre_vendor::OgreMain for IMPORTED_LOCATION_RELEASE: /opt/ros/foxy/opt/rviz_ogre_vendor/lib/libOgreMain.so
[0.446s] -- rviz_ogre_vendor::OgreMain for IMPORTED_LOCATION_DEBUG: /opt/ros/foxy/opt/rviz_ogre_vendor/lib/libOgreMain.so
[0.459s] -- Could not find freeimage library
[0.505s] -- Found ZLIB: /usr/lib/x86_64-linux-gnu/libz.so (found version "1.2.11")  
[0.514s] -- Found OpenGL: /usr/lib/x86_64-linux-gnu/libOpenGL.so   
[0.632s] -- Found X11: /usr/include   
[0.632s] -- Looking for XOpenDisplay in /usr/lib/x86_64-linux-gnu/libX11.so;/usr/lib/x86_64-linux-gnu/libXext.so
[0.673s] -- Looking for XOpenDisplay in /usr/lib/x86_64-linux-gnu/libX11.so;/usr/lib/x86_64-linux-gnu/libXext.so - found
[0.673s] -- Looking for gethostbyname
[0.718s] -- Looking for gethostbyname - found
[0.719s] -- Looking for connect
[0.767s] -- Looking for connect - found
[0.767s] -- Looking for remove
[0.817s] -- Looking for remove - found
[0.818s] -- Looking for shmat
[0.863s] -- Looking for shmat - found
[0.863s] -- Looking for IceConnectionNumber in ICE
[0.911s] -- Looking for IceConnectionNumber in ICE - found
[0.913s] -- rviz_ogre_vendor::RenderSystem_GL for IMPORTED_LOCATION_RELEASE: _render_system_gl_static_library_abs-NOTFOUND
[0.913s] -- rviz_ogre_vendor::RenderSystem_GL for IMPORTED_LOCATION_DEBUG: _render_system_gl_static_library_abs-NOTFOUND
[0.936s] -- Using all available rosidl_typesupport_c: rosidl_typesupport_fastrtps_c;rosidl_typesupport_introspection_c
[0.942s] -- Found rosidl_adapter: 1.3.1 (/opt/ros/foxy/share/rosidl_adapter/cmake)
[0.998s] -- Found OpenSSL: /usr/lib/x86_64-linux-gnu/libcrypto.so (found version "1.1.1f")  
[1.020s] -- Found FastRTPS: /opt/ros/foxy/include  
[1.095s] -- Using all available rosidl_typesupport_cpp: rosidl_typesupport_fastrtps_cpp;rosidl_typesupport_introspection_cpp
[1.380s] -- Found rviz_common: 8.2.8 (/opt/ros/foxy/share/rviz_common/cmake)
[1.423s] -- library: libassimp.so.5
[1.491s] -- library: /usr/lib/x86_64-linux-gnu/libcurl.so
[1.542s] -- Found rmw_implementation_cmake: 1.0.4 (/opt/ros/foxy/share/rmw_implementation_cmake/cmake)
[1.543s] -- Using RMW implementation 'rmw_fastrtps_cpp' as default
[1.543s] -- Performing Test CMAKE_HAVE_LIBC_PTHREAD
[1.581s] -- Performing Test CMAKE_HAVE_LIBC_PTHREAD - Failed
[1.581s] -- Looking for pthread_create in pthreads
[1.611s] -- Looking for pthread_create in pthreads - not found
[1.611s] -- Looking for pthread_create in pthread
[1.648s] -- Looking for pthread_create in pthread - found
[1.649s] -- Found Threads: TRUE  
[1.805s] -- Found Eigen3: TRUE (found version "3.3.7") 
[2.107s] -- Setting yaml-cpp_DIR to: '/opt/ros/foxy/share/yaml_cpp_vendor/cmake/../../../opt/yaml_cpp_vendor/lib/cmake/yaml-cpp'
[2.113s] -- Found ament_lint_auto: 0.9.8 (/opt/ros/foxy/share/ament_lint_auto/cmake)
[2.135s] -- Added test 'copyright' to check source files copyright and LICENSE
[2.136s] -- Added test 'cppcheck' to perform static code analysis on C / C++ code
[2.136s] -- Configured cppcheck include dirs: /home/song/zed/src/zed-ros2-examples/rviz-plugin-zed-od/src/include;/home/song/zed/src/zed-ros2-examples/rviz-plugin-zed-od/src/plugin/include;$<BUILD_INTERFACE:/home/song/zed/src/zed-ros2-examples/rviz-plugin-zed-od/include>
[2.136s] -- Configured cppcheck exclude dirs and/or files: 
[2.137s] -- Added test 'cpplint' to check C / C++ code against the Google style
[2.137s] -- Configured cpplint exclude dirs and/or files: 
[2.138s] -- Added test 'lint_cmake' to check CMake code style
[2.138s] -- Added test 'uncrustify' to check C / C++ code style
[2.138s] -- Configured uncrustify additional arguments: 
[2.139s] -- Added test 'xmllint' to check XML markup files
[2.141s] -- Configuring done (2.1s)
[2.224s] [33mCMake Warning at CMakeLists.txt:138 (add_library):
[2.224s]   Cannot generate a safe runtime search path for target rviz_plugin_zed_od
[2.225s]   because files in some directories may conflict with libraries in implicit
[2.225s]   directories:
[2.225s] 
[2.225s]     runtime library [libfreetype.so.6] in /usr/lib/x86_64-linux-gnu may be hidden by files in:
[2.225s]       /home/song/anaconda3/lib
[2.225s]     runtime library [libz.so.1] in /usr/lib/x86_64-linux-gnu may be hidden by files in:
[2.225s]       /home/song/anaconda3/lib
[2.225s]     runtime library [libcurl.so.4] in /usr/lib/x86_64-linux-gnu may be hidden by files in:
[2.225s]       /home/song/anaconda3/lib
[2.225s] 
[2.225s]   Some of these libraries may not be found correctly.
[2.225s] 
[2.225s] [0m
[2.226s] -- Generating done (0.0s)
[2.229s] -- Build files have been written to: /home/song/zed/build/rviz_plugin_zed_od
[2.243s] Invoked command in '/home/song/zed/build/rviz_plugin_zed_od' returned '0': AMENT_PREFIX_PATH=/home/song/zed/install/zed_interfaces:${AMENT_PREFIX_PATH} CMAKE_PREFIX_PATH=/home/song/zed/install/zed_interfaces:/home/song/ros-zed/install/zed_ros2:/home/song/ros-zed/install/zed_wrapper:/home/song/ros-zed/install/zed_components:/home/song/ros-zed/install/zed_interfaces:/home/song/ros-zed/install/image_common:/home/song/ros-zed/install/image_transport:/home/song/ros-zed/install/camera_info_manager:/home/song/ros-zed/install/camera_calibration_parsers:/opt/ros/foxy CONDA_PROMPT_MODIFIER=(base) LD_LIBRARY_PATH=/home/song/zed/install/zed_interfaces/lib:/home/song/ros-zed/install/zed_components/lib:/home/song/ros-zed/install/zed_interfaces/lib:/home/song/ros-zed/install/image_transport/lib:/home/song/ros-zed/install/camera_info_manager/lib:/home/song/ros-zed/install/camera_calibration_parsers/lib:/opt/ros/foxy/opt/yaml_cpp_vendor/lib:/opt/ros/foxy/opt/rviz_ogre_vendor/lib:/opt/ros/foxy/lib/x86_64-linux-gnu:/opt/ros/foxy/lib:/usr/local/cuda-11.8/lib64 PYTHONPATH=/home/song/zed/install/zed_interfaces/lib/python3.9/site-packages:${PYTHONPATH} /home/song/.local/bin/cmake /home/song/zed/src/zed-ros2-examples/rviz-plugin-zed-od -DCMAKE_BUILD_TYPE=Release -DAMENT_CMAKE_SYMLINK_INSTALL=1 -DCMAKE_INSTALL_PREFIX=/home/song/zed/install/rviz_plugin_zed_od
[2.246s] Invoking command in '/home/song/zed/build/rviz_plugin_zed_od': AMENT_PREFIX_PATH=/home/song/zed/install/zed_interfaces:${AMENT_PREFIX_PATH} CMAKE_PREFIX_PATH=/home/song/zed/install/zed_interfaces:/home/song/ros-zed/install/zed_ros2:/home/song/ros-zed/install/zed_wrapper:/home/song/ros-zed/install/zed_components:/home/song/ros-zed/install/zed_interfaces:/home/song/ros-zed/install/image_common:/home/song/ros-zed/install/image_transport:/home/song/ros-zed/install/camera_info_manager:/home/song/ros-zed/install/camera_calibration_parsers:/opt/ros/foxy CONDA_PROMPT_MODIFIER=(base) LD_LIBRARY_PATH=/home/song/zed/install/zed_interfaces/lib:/home/song/ros-zed/install/zed_components/lib:/home/song/ros-zed/install/zed_interfaces/lib:/home/song/ros-zed/install/image_transport/lib:/home/song/ros-zed/install/camera_info_manager/lib:/home/song/ros-zed/install/camera_calibration_parsers/lib:/opt/ros/foxy/opt/yaml_cpp_vendor/lib:/opt/ros/foxy/opt/rviz_ogre_vendor/lib:/opt/ros/foxy/lib/x86_64-linux-gnu:/opt/ros/foxy/lib:/usr/local/cuda-11.8/lib64 PYTHONPATH=/home/song/zed/install/zed_interfaces/lib/python3.9/site-packages:${PYTHONPATH} /home/song/.local/bin/cmake --build /home/song/zed/build/rviz_plugin_zed_od -- -j20 -l20
[2.289s] [ 20%] [34m[1mAutomatic MOC and UIC for target rviz_plugin_zed_od[0m
[2.586s] [ 20%] Built target rviz_plugin_zed_od_autogen
[2.593s] [ 40%] [32mBuilding CXX object CMakeFiles/rviz_plugin_zed_od.dir/rviz_plugin_zed_od_autogen/mocs_compilation.cpp.o[0m
[2.593s] [ 60%] [32mBuilding CXX object CMakeFiles/rviz_plugin_zed_od.dir/src/plugin/src/zed_od_display.cpp.o[0m
[2.593s] [ 80%] [32mBuilding CXX object CMakeFiles/rviz_plugin_zed_od.dir/src/plugin/src/zed_od_info.cpp.o[0m
[8.941s] [100%] [32m[1mLinking CXX shared library librviz_plugin_zed_od.so[0m
[9.387s] [100%] Built target rviz_plugin_zed_od
[9.394s] Invoked command in '/home/song/zed/build/rviz_plugin_zed_od' returned '0': AMENT_PREFIX_PATH=/home/song/zed/install/zed_interfaces:${AMENT_PREFIX_PATH} CMAKE_PREFIX_PATH=/home/song/zed/install/zed_interfaces:/home/song/ros-zed/install/zed_ros2:/home/song/ros-zed/install/zed_wrapper:/home/song/ros-zed/install/zed_components:/home/song/ros-zed/install/zed_interfaces:/home/song/ros-zed/install/image_common:/home/song/ros-zed/install/image_transport:/home/song/ros-zed/install/camera_info_manager:/home/song/ros-zed/install/camera_calibration_parsers:/opt/ros/foxy CONDA_PROMPT_MODIFIER=(base) LD_LIBRARY_PATH=/home/song/zed/install/zed_interfaces/lib:/home/song/ros-zed/install/zed_components/lib:/home/song/ros-zed/install/zed_interfaces/lib:/home/song/ros-zed/install/image_transport/lib:/home/song/ros-zed/install/camera_info_manager/lib:/home/song/ros-zed/install/camera_calibration_parsers/lib:/opt/ros/foxy/opt/yaml_cpp_vendor/lib:/opt/ros/foxy/opt/rviz_ogre_vendor/lib:/opt/ros/foxy/lib/x86_64-linux-gnu:/opt/ros/foxy/lib:/usr/local/cuda-11.8/lib64 PYTHONPATH=/home/song/zed/install/zed_interfaces/lib/python3.9/site-packages:${PYTHONPATH} /home/song/.local/bin/cmake --build /home/song/zed/build/rviz_plugin_zed_od -- -j20 -l20
[9.423s] Invoking command in '/home/song/zed/build/rviz_plugin_zed_od': AMENT_PREFIX_PATH=/home/song/zed/install/zed_interfaces:${AMENT_PREFIX_PATH} CMAKE_PREFIX_PATH=/home/song/zed/install/zed_interfaces:/home/song/ros-zed/install/zed_ros2:/home/song/ros-zed/install/zed_wrapper:/home/song/ros-zed/install/zed_components:/home/song/ros-zed/install/zed_interfaces:/home/song/ros-zed/install/image_common:/home/song/ros-zed/install/image_transport:/home/song/ros-zed/install/camera_info_manager:/home/song/ros-zed/install/camera_calibration_parsers:/opt/ros/foxy CONDA_PROMPT_MODIFIER=(base) LD_LIBRARY_PATH=/home/song/zed/install/zed_interfaces/lib:/home/song/ros-zed/install/zed_components/lib:/home/song/ros-zed/install/zed_interfaces/lib:/home/song/ros-zed/install/image_transport/lib:/home/song/ros-zed/install/camera_info_manager/lib:/home/song/ros-zed/install/camera_calibration_parsers/lib:/opt/ros/foxy/opt/yaml_cpp_vendor/lib:/opt/ros/foxy/opt/rviz_ogre_vendor/lib:/opt/ros/foxy/lib/x86_64-linux-gnu:/opt/ros/foxy/lib:/usr/local/cuda-11.8/lib64 PYTHONPATH=/home/song/zed/install/zed_interfaces/lib/python3.9/site-packages:${PYTHONPATH} /home/song/.local/bin/cmake --install /home/song/zed/build/rviz_plugin_zed_od
[9.437s] -- Install configuration: "Release"
[9.437s] -- Execute custom install script
[9.438s] -- Symlinking: /home/song/zed/install/rviz_plugin_zed_od/share/rviz_plugin_zed_od//plugins_description.xml
[9.439s] -- Symlinking: /home/song/zed/install/rviz_plugin_zed_od/share/rviz_plugin_zed_od/environment/library_path.sh
[9.441s] -- Symlinking: /home/song/zed/install/rviz_plugin_zed_od/share/rviz_plugin_zed_od/environment/library_path.dsv
[9.442s] -- Symlinking: /home/song/zed/install/rviz_plugin_zed_od/include/rviz_plugin_zed_od//visibility_control.hpp
[9.444s] -- Symlinking: /home/song/zed/install/rviz_plugin_zed_od/include/rviz_plugin_zed_od//zed_body_parts.hpp
[9.445s] -- Symlinking: /home/song/zed/install/rviz_plugin_zed_od/include/rviz_plugin_zed_od//zed_od_display.hpp
[9.447s] -- Symlinking: /home/song/zed/install/rviz_plugin_zed_od/include/rviz_plugin_zed_od//zed_od_info.hpp
[9.448s] -- Symlinking: /home/song/zed/install/rviz_plugin_zed_od/share/rviz_plugin_zed_od/icons/ZedObjDet.png
[9.450s] -- Symlinking: /home/song/zed/install/rviz_plugin_zed_od/share/ament_index/resource_index/package_run_dependencies/rviz_plugin_zed_od
[9.451s] -- Symlinking: /home/song/zed/install/rviz_plugin_zed_od/share/ament_index/resource_index/parent_prefix_path/rviz_plugin_zed_od
[9.453s] -- Symlinking: /home/song/zed/install/rviz_plugin_zed_od/share/rviz_plugin_zed_od/environment/ament_prefix_path.sh
[9.454s] -- Symlinking: /home/song/zed/install/rviz_plugin_zed_od/share/rviz_plugin_zed_od/environment/ament_prefix_path.dsv
[9.455s] -- Symlinking: /home/song/zed/install/rviz_plugin_zed_od/share/rviz_plugin_zed_od/environment/path.sh
[9.457s] -- Symlinking: /home/song/zed/install/rviz_plugin_zed_od/share/rviz_plugin_zed_od/environment/path.dsv
[9.458s] -- Symlinking: /home/song/zed/install/rviz_plugin_zed_od/share/rviz_plugin_zed_od/local_setup.bash
[9.460s] -- Symlinking: /home/song/zed/install/rviz_plugin_zed_od/share/rviz_plugin_zed_od/local_setup.sh
[9.461s] -- Symlinking: /home/song/zed/install/rviz_plugin_zed_od/share/rviz_plugin_zed_od/local_setup.zsh
[9.462s] -- Symlinking: /home/song/zed/install/rviz_plugin_zed_od/share/rviz_plugin_zed_od/local_setup.dsv
[9.464s] -- Symlinking: /home/song/zed/install/rviz_plugin_zed_od/share/rviz_plugin_zed_od/package.dsv
[9.465s] -- Symlinking: /home/song/zed/install/rviz_plugin_zed_od/share/ament_index/resource_index/packages/rviz_plugin_zed_od
[9.466s] -- Symlinking: /home/song/zed/install/rviz_plugin_zed_od/share/ament_index/resource_index/rviz_common__pluginlib__plugin/rviz_plugin_zed_od
[9.468s] -- Symlinking: /home/song/zed/install/rviz_plugin_zed_od/share/rviz_plugin_zed_od/cmake/ament_cmake_export_include_directories-extras.cmake
[9.469s] -- Symlinking: /home/song/zed/install/rviz_plugin_zed_od/share/rviz_plugin_zed_od/cmake/ament_cmake_export_targets-extras.cmake
[9.470s] -- Symlinking: /home/song/zed/install/rviz_plugin_zed_od/share/rviz_plugin_zed_od/cmake/ament_cmake_export_dependencies-extras.cmake
[9.472s] -- Symlinking: /home/song/zed/install/rviz_plugin_zed_od/share/rviz_plugin_zed_od/cmake/rviz_plugin_zed_odConfig.cmake
[9.473s] -- Symlinking: /home/song/zed/install/rviz_plugin_zed_od/share/rviz_plugin_zed_od/cmake/rviz_plugin_zed_odConfig-version.cmake
[9.474s] -- Symlinking: /home/song/zed/install/rviz_plugin_zed_od/share/rviz_plugin_zed_od/package.xml
[9.476s] -- Installing: /home/song/zed/install/rviz_plugin_zed_od/lib/librviz_plugin_zed_od.so
[9.476s] -- Set runtime path of "/home/song/zed/install/rviz_plugin_zed_od/lib/librviz_plugin_zed_od.so" to ""
[9.476s] -- Installing: /home/song/zed/install/rviz_plugin_zed_od/share/rviz_plugin_zed_od/cmake/rviz_plugin_zed_odExport.cmake
[9.477s] -- Installing: /home/song/zed/install/rviz_plugin_zed_od/share/rviz_plugin_zed_od/cmake/rviz_plugin_zed_odExport-release.cmake
[9.481s] Invoked command in '/home/song/zed/build/rviz_plugin_zed_od' returned '0': AMENT_PREFIX_PATH=/home/song/zed/install/zed_interfaces:${AMENT_PREFIX_PATH} CMAKE_PREFIX_PATH=/home/song/zed/install/zed_interfaces:/home/song/ros-zed/install/zed_ros2:/home/song/ros-zed/install/zed_wrapper:/home/song/ros-zed/install/zed_components:/home/song/ros-zed/install/zed_interfaces:/home/song/ros-zed/install/image_common:/home/song/ros-zed/install/image_transport:/home/song/ros-zed/install/camera_info_manager:/home/song/ros-zed/install/camera_calibration_parsers:/opt/ros/foxy CONDA_PROMPT_MODIFIER=(base) LD_LIBRARY_PATH=/home/song/zed/install/zed_interfaces/lib:/home/song/ros-zed/install/zed_components/lib:/home/song/ros-zed/install/zed_interfaces/lib:/home/song/ros-zed/install/image_transport/lib:/home/song/ros-zed/install/camera_info_manager/lib:/home/song/ros-zed/install/camera_calibration_parsers/lib:/opt/ros/foxy/opt/yaml_cpp_vendor/lib:/opt/ros/foxy/opt/rviz_ogre_vendor/lib:/opt/ros/foxy/lib/x86_64-linux-gnu:/opt/ros/foxy/lib:/usr/local/cuda-11.8/lib64 PYTHONPATH=/home/song/zed/install/zed_interfaces/lib/python3.9/site-packages:${PYTHONPATH} /home/song/.local/bin/cmake --install /home/song/zed/build/rviz_plugin_zed_od
