[0.008s] Invoking command in '/home/song/steadylab/src/build/steadylab': CMAKE_PREFIX_PATH=${CMAKE_PREFIX_PATH}:/home/song/steadylab/install/yo:/home/song/steadylab/install/steadylab:/opt/ros/foxy CONDA_PROMPT_MODIFIER=(zed) /usr/bin/cmake /home/song/steadylab/src/steadylab -DCMAKE_INSTALL_PREFIX=/home/song/steadylab/src/install/steadylab
[0.070s] -- The C compiler identification is GNU 9.4.0
[0.105s] -- The CXX compiler identification is GNU 9.4.0
[0.108s] -- Check for working C compiler: /usr/bin/cc
[0.149s] -- Check for working C compiler: /usr/bin/cc -- works
[0.150s] -- Detecting C compiler ABI info
[0.190s] -- Detecting C compiler ABI info - done
[0.197s] -- Detecting C compile features
[0.197s] -- Detecting C compile features - done
[0.199s] -- Check for working CXX compiler: /usr/bin/c++
[0.245s] -- Check for working CXX compiler: /usr/bin/c++ -- works
[0.245s] -- Detecting CXX compiler ABI info
[0.292s] -- Detecting CXX compiler ABI info - done
[0.299s] -- Detecting CXX compile features
[0.299s] -- Detecting CXX compile features - done
[0.300s] -- Found rosidl_default_generators: 1.0.1 (/opt/ros/foxy/share/rosidl_default_generators/cmake)
[0.302s] -- Found ament_cmake_core: 0.9.12 (/opt/ros/foxy/share/ament_cmake_core/cmake)
[0.318s] -- Found PythonInterp: /home/song/anaconda3/envs/zed/bin/python3 (found suitable version "3.8.17", minimum required is "3") 
[0.318s] -- Using PYTHON_EXECUTABLE: /home/song/anaconda3/envs/zed/bin/python3
[0.385s] -- Using all available rosidl_typesupport_c: rosidl_typesupport_fastrtps_c;rosidl_typesupport_introspection_c
[0.391s] -- Found rosidl_adapter: 1.3.1 (/opt/ros/foxy/share/rosidl_adapter/cmake)
[0.467s] -- Found OpenSSL: /usr/lib/x86_64-linux-gnu/libcrypto.so (found version "1.1.1f")  
[0.484s] -- Found FastRTPS: /opt/ros/foxy/include  
[0.535s] -- Using all available rosidl_typesupport_cpp: rosidl_typesupport_fastrtps_cpp;rosidl_typesupport_introspection_cpp
[0.553s] -- Found rclpy: 1.0.13 (/opt/ros/foxy/share/rclpy/cmake)
[0.554s] -- Found std_msgs: 2.0.5 (/opt/ros/foxy/share/std_msgs/cmake)
[0.574s] -- Found ament_lint_auto: 0.9.8 (/opt/ros/foxy/share/ament_lint_auto/cmake)
[0.630s] -- Added test 'copyright' to check source files copyright and LICENSE
[0.632s] -- Added test 'flake8' to check Python code syntax and style conventions
[0.633s] -- Added test 'lint_cmake' to check CMake code style
[0.633s] -- Added test 'pep257' to check Python code against some of the style conventions in PEP 257
[0.635s] -- Added test 'xmllint' to check XML markup files
[0.636s] -- Configuring done
[0.637s] -- Generating done
[0.638s] -- Build files have been written to: /home/song/steadylab/src/build/steadylab
[0.645s] Invoked command in '/home/song/steadylab/src/build/steadylab' returned '0': CMAKE_PREFIX_PATH=${CMAKE_PREFIX_PATH}:/home/song/steadylab/install/yo:/home/song/steadylab/install/steadylab:/opt/ros/foxy CONDA_PROMPT_MODIFIER=(zed) /usr/bin/cmake /home/song/steadylab/src/steadylab -DCMAKE_INSTALL_PREFIX=/home/song/steadylab/src/install/steadylab
[0.645s] Invoking command in '/home/song/steadylab/src/build/steadylab': CMAKE_PREFIX_PATH=${CMAKE_PREFIX_PATH}:/home/song/steadylab/install/yo:/home/song/steadylab/install/steadylab:/opt/ros/foxy CONDA_PROMPT_MODIFIER=(zed) /usr/bin/cmake --build /home/song/steadylab/src/build/steadylab -- -j20 -l20
[0.672s] Invoked command in '/home/song/steadylab/src/build/steadylab' returned '0': CMAKE_PREFIX_PATH=${CMAKE_PREFIX_PATH}:/home/song/steadylab/install/yo:/home/song/steadylab/install/steadylab:/opt/ros/foxy CONDA_PROMPT_MODIFIER=(zed) /usr/bin/cmake --build /home/song/steadylab/src/build/steadylab -- -j20 -l20
[0.694s] Invoking command in '/home/song/steadylab/src/build/steadylab': CMAKE_PREFIX_PATH=${CMAKE_PREFIX_PATH}:/home/song/steadylab/install/yo:/home/song/steadylab/install/steadylab:/opt/ros/foxy CONDA_PROMPT_MODIFIER=(zed) /usr/bin/cmake --install /home/song/steadylab/src/build/steadylab
[0.700s] -- Install configuration: ""
[0.701s] CMake Error at cmake_install.cmake:41 (file):
[0.701s]   file INSTALL cannot find
[0.701s]   "/home/song/steadylab/src/steadylab/src/serial_node.py": No such file or
[0.701s]   directory.
[0.702s] 
[0.702s] 
[0.702s] Invoked command in '/home/song/steadylab/src/build/steadylab' returned '1': CMAKE_PREFIX_PATH=${CMAKE_PREFIX_PATH}:/home/song/steadylab/install/yo:/home/song/steadylab/install/steadylab:/opt/ros/foxy CONDA_PROMPT_MODIFIER=(zed) /usr/bin/cmake --install /home/song/steadylab/src/build/steadylab
