[0.011s] Invoking command in '/home/song/steadylab/build/zed_rgb_convert': AMENT_PREFIX_PATH=/home/song/steadylab/install/zed_components:/home/song/steadylab/install/zed_interfaces:/home/song/steadylab/install/image_transport:${AMENT_PREFIX_PATH} CMAKE_PREFIX_PATH=/home/song/steadylab/install/zed_components:/home/song/steadylab/install/zed_interfaces:/home/song/steadylab/install/image_transport:/home/song/zed/install/zed_ros2:/home/song/zed/install/zed_multi_camera:/home/song/zed/install/zed_display_rviz2:/home/song/zed/install/zed_wrapper:/home/song/zed/install/zed_tutorial_video:/home/song/zed/install/zed_tutorial_pos_tracking:/home/song/zed/install/zed_tutorial_depth:/home/song/zed/install/zed_topic_benchmark_interfaces:/home/song/zed/install/zed_rgb_convert:/home/song/zed/install/zed_components:/home/song/zed/install/rviz_plugin_zed_od:/home/song/zed/install/zed_interfaces:/home/song/zed/install/image_common:/home/song/zed/install/image_transport:/home/song/zed/install/camera_info_manager:/home/song/zed/install/camera_calibration_parsers:/home/song/zed/install/steadylab:/opt/ros/foxy CONDA_PROMPT_MODIFIER=(base) LD_LIBRARY_PATH=/home/song/steadylab/install/zed_components/lib:/home/song/steadylab/install/zed_interfaces/lib:/home/song/steadylab/install/image_transport/lib:/home/song/zed/install/zed_topic_benchmark_interfaces/lib:/home/song/zed/install/zed_rgb_convert/lib:/home/song/zed/install/zed_components/lib:/home/song/zed/install/rviz_plugin_zed_od/lib:/home/song/zed/install/zed_interfaces/lib:/home/song/zed/install/image_transport/lib:/home/song/zed/install/camera_info_manager/lib:/home/song/zed/install/camera_calibration_parsers/lib:/opt/ros/foxy/opt/yaml_cpp_vendor/lib:/opt/ros/foxy/opt/rviz_ogre_vendor/lib:/opt/ros/foxy/lib/x86_64-linux-gnu:/opt/ros/foxy/lib:/usr/local/cuda-11.8/lib64 PYTHONPATH=/home/song/steadylab/install/zed_interfaces/lib/python3.9/site-packages:${PYTHONPATH} /home/song/.local/bin/cmake /home/song/steadylab/src/zed-ros2-examples/tutorials/zed_rgb_convert -DAMENT_CMAKE_SYMLINK_INSTALL=1 -DCMAKE_INSTALL_PREFIX=/home/song/steadylab/install/zed_rgb_convert
[0.053s] -- The C compiler identification is GNU 9.4.0
[0.085s] -- The CXX compiler identification is GNU 9.4.0
[0.093s] -- Detecting C compiler ABI info
[0.128s] -- Detecting C compiler ABI info - done
[0.135s] -- Check for working C compiler: /usr/bin/cc - skipped
[0.136s] -- Detecting C compile features
[0.136s] -- Detecting C compile features - done
[0.138s] -- Detecting CXX compiler ABI info
[0.176s] -- Detecting CXX compiler ABI info - done
[0.183s] -- Check for working CXX compiler: /usr/bin/c++ - skipped
[0.183s] -- Detecting CXX compile features
[0.184s] -- Detecting CXX compile features - done
[0.191s] -- Found OpenCV: /usr (found version "4.2.0") 
[0.194s] -- Looking for sgemm_
[0.227s] -- Looking for sgemm_ - not found
[0.228s] -- Performing Test CMAKE_HAVE_LIBC_PTHREAD
[0.265s] -- Performing Test CMAKE_HAVE_LIBC_PTHREAD - Failed
[0.265s] -- Looking for pthread_create in pthreads
[0.294s] -- Looking for pthread_create in pthreads - not found
[0.294s] -- Looking for pthread_create in pthread
[0.326s] -- Looking for pthread_create in pthread - found
[0.327s] -- Found Threads: TRUE  
[0.359s] -- Looking for sgemm_
[0.411s] -- Looking for sgemm_ - found
[0.412s] -- Found BLAS: /usr/lib/x86_64-linux-gnu/libopenblas.so  
[0.426s] -- Found CUDA: /usr/local/cuda-11.8 (found suitable version "11.8", minimum required is "11") 
[0.446s] -- Found CUDA: /usr/local/cuda-11.8 (found version "11.8") 
[0.448s] -- Found ament_cmake_auto: 0.9.12 (/opt/ros/foxy/share/ament_cmake_auto/cmake)
[0.467s] -- Found PythonInterp: /home/song/anaconda3/bin/python3 (found suitable version "3.9.13", minimum required is "3") 
[0.467s] -- Using PYTHON_EXECUTABLE: /home/song/anaconda3/bin/python3
[0.603s] -- Override CMake install command with custom implementation using symlinks instead of copying resources
[0.680s] -- Using all available rosidl_typesupport_c: rosidl_typesupport_fastrtps_c;rosidl_typesupport_introspection_c
[0.684s] -- Found rosidl_adapter: 1.3.1 (/opt/ros/foxy/share/rosidl_adapter/cmake)
[0.730s] -- Found OpenSSL: /usr/lib/x86_64-linux-gnu/libcrypto.so (found version "1.1.1f")  
[0.748s] -- Found FastRTPS: /opt/ros/foxy/include  
[0.796s] -- Using all available rosidl_typesupport_cpp: rosidl_typesupport_fastrtps_cpp;rosidl_typesupport_introspection_cpp
[0.828s] -- Found rmw_implementation_cmake: 1.0.4 (/opt/ros/foxy/share/rmw_implementation_cmake/cmake)
[0.829s] -- Using RMW implementation 'rmw_fastrtps_cpp' as default
[1.230s] -- Found eigen3_cmake_module: 0.1.1 (/opt/ros/foxy/share/eigen3_cmake_module/cmake)
[1.233s] -- Found Eigen3: TRUE (found version "3.3.7") 
[1.874s] -- Found ament_lint_auto: 0.9.8 (/opt/ros/foxy/share/ament_lint_auto/cmake)
[2.114s] -- Added test 'copyright' to check source files copyright and LICENSE
[2.115s] -- Added test 'cppcheck' to perform static code analysis on C / C++ code
[2.116s] -- Configured cppcheck include dirs: /home/song/steadylab/src/zed-ros2-examples/tutorials/zed_rgb_convert/src/include;/home/song/steadylab/src/zed-ros2-examples/tutorials/zed_rgb_convert/src/component/include
[2.116s] -- Configured cppcheck exclude dirs and/or files: 
[2.116s] -- Added test 'cpplint' to check C / C++ code against the Google style
[2.116s] -- Configured cpplint exclude dirs and/or files: 
[2.117s] -- Added test 'flake8' to check Python code syntax and style conventions
[2.117s] -- Added test 'lint_cmake' to check CMake code style
[2.118s] -- Added test 'pep257' to check Python code against some of the style conventions in PEP 257
[2.119s] -- Added test 'uncrustify' to check C / C++ code style
[2.119s] -- Configured uncrustify additional arguments: 
[2.119s] -- Added test 'xmllint' to check XML markup files
[2.122s] -- Configuring done (2.1s)
[2.149s] -- Generating done (0.0s)
[2.151s] -- Build files have been written to: /home/song/steadylab/build/zed_rgb_convert
[2.163s] Invoked command in '/home/song/steadylab/build/zed_rgb_convert' returned '0': AMENT_PREFIX_PATH=/home/song/steadylab/install/zed_components:/home/song/steadylab/install/zed_interfaces:/home/song/steadylab/install/image_transport:${AMENT_PREFIX_PATH} CMAKE_PREFIX_PATH=/home/song/steadylab/install/zed_components:/home/song/steadylab/install/zed_interfaces:/home/song/steadylab/install/image_transport:/home/song/zed/install/zed_ros2:/home/song/zed/install/zed_multi_camera:/home/song/zed/install/zed_display_rviz2:/home/song/zed/install/zed_wrapper:/home/song/zed/install/zed_tutorial_video:/home/song/zed/install/zed_tutorial_pos_tracking:/home/song/zed/install/zed_tutorial_depth:/home/song/zed/install/zed_topic_benchmark_interfaces:/home/song/zed/install/zed_rgb_convert:/home/song/zed/install/zed_components:/home/song/zed/install/rviz_plugin_zed_od:/home/song/zed/install/zed_interfaces:/home/song/zed/install/image_common:/home/song/zed/install/image_transport:/home/song/zed/install/camera_info_manager:/home/song/zed/install/camera_calibration_parsers:/home/song/zed/install/steadylab:/opt/ros/foxy CONDA_PROMPT_MODIFIER=(base) LD_LIBRARY_PATH=/home/song/steadylab/install/zed_components/lib:/home/song/steadylab/install/zed_interfaces/lib:/home/song/steadylab/install/image_transport/lib:/home/song/zed/install/zed_topic_benchmark_interfaces/lib:/home/song/zed/install/zed_rgb_convert/lib:/home/song/zed/install/zed_components/lib:/home/song/zed/install/rviz_plugin_zed_od/lib:/home/song/zed/install/zed_interfaces/lib:/home/song/zed/install/image_transport/lib:/home/song/zed/install/camera_info_manager/lib:/home/song/zed/install/camera_calibration_parsers/lib:/opt/ros/foxy/opt/yaml_cpp_vendor/lib:/opt/ros/foxy/opt/rviz_ogre_vendor/lib:/opt/ros/foxy/lib/x86_64-linux-gnu:/opt/ros/foxy/lib:/usr/local/cuda-11.8/lib64 PYTHONPATH=/home/song/steadylab/install/zed_interfaces/lib/python3.9/site-packages:${PYTHONPATH} /home/song/.local/bin/cmake /home/song/steadylab/src/zed-ros2-examples/tutorials/zed_rgb_convert -DAMENT_CMAKE_SYMLINK_INSTALL=1 -DCMAKE_INSTALL_PREFIX=/home/song/steadylab/install/zed_rgb_convert
[2.165s] Invoking command in '/home/song/steadylab/build/zed_rgb_convert': AMENT_PREFIX_PATH=/home/song/steadylab/install/zed_components:/home/song/steadylab/install/zed_interfaces:/home/song/steadylab/install/image_transport:${AMENT_PREFIX_PATH} CMAKE_PREFIX_PATH=/home/song/steadylab/install/zed_components:/home/song/steadylab/install/zed_interfaces:/home/song/steadylab/install/image_transport:/home/song/zed/install/zed_ros2:/home/song/zed/install/zed_multi_camera:/home/song/zed/install/zed_display_rviz2:/home/song/zed/install/zed_wrapper:/home/song/zed/install/zed_tutorial_video:/home/song/zed/install/zed_tutorial_pos_tracking:/home/song/zed/install/zed_tutorial_depth:/home/song/zed/install/zed_topic_benchmark_interfaces:/home/song/zed/install/zed_rgb_convert:/home/song/zed/install/zed_components:/home/song/zed/install/rviz_plugin_zed_od:/home/song/zed/install/zed_interfaces:/home/song/zed/install/image_common:/home/song/zed/install/image_transport:/home/song/zed/install/camera_info_manager:/home/song/zed/install/camera_calibration_parsers:/home/song/zed/install/steadylab:/opt/ros/foxy CONDA_PROMPT_MODIFIER=(base) LD_LIBRARY_PATH=/home/song/steadylab/install/zed_components/lib:/home/song/steadylab/install/zed_interfaces/lib:/home/song/steadylab/install/image_transport/lib:/home/song/zed/install/zed_topic_benchmark_interfaces/lib:/home/song/zed/install/zed_rgb_convert/lib:/home/song/zed/install/zed_components/lib:/home/song/zed/install/rviz_plugin_zed_od/lib:/home/song/zed/install/zed_interfaces/lib:/home/song/zed/install/image_transport/lib:/home/song/zed/install/camera_info_manager/lib:/home/song/zed/install/camera_calibration_parsers/lib:/opt/ros/foxy/opt/yaml_cpp_vendor/lib:/opt/ros/foxy/opt/rviz_ogre_vendor/lib:/opt/ros/foxy/lib/x86_64-linux-gnu:/opt/ros/foxy/lib:/usr/local/cuda-11.8/lib64 PYTHONPATH=/home/song/steadylab/install/zed_interfaces/lib/python3.9/site-packages:${PYTHONPATH} /home/song/.local/bin/cmake --build /home/song/steadylab/build/zed_rgb_convert -- -j20 -l20
[2.195s] [ 25%] [32mBuilding CXX object CMakeFiles/zed_rgb_convert_component.dir/src/component/src/zed_rgb_convert_component.cpp.o[0m
[4.572s] [ 50%] [32m[1mLinking CXX shared library libzed_rgb_convert_component.so[0m
[4.768s] [ 50%] Built target zed_rgb_convert_component
[4.773s] [ 75%] [32mBuilding CXX object CMakeFiles/zed_rgb_convert.dir/src/container/zed_rgb_convert.cpp.o[0m
[5.571s] In file included from [01m[K/home/song/steadylab/install/zed_components/include/zed_components/zed_camera_component.hpp:19[m[K,
[5.571s]                  from [01m[K/home/song/steadylab/src/zed-ros2-examples/tutorials/zed_rgb_convert/src/container/zed_rgb_convert.cpp:17[m[K:
[5.571s] [01m[K/usr/local/zed/include/sl/Fusion.hpp:68:64:[m[K [01;36m[Knote: [m[K#pragma message: ~ FUSION SDK is distributed in Early Access ~
[5.571s]    68 | #pragma message("~ FUSION SDK is distributed in Early Access ~"[01;36m[K)[m[K
[5.571s]       |                                                                [01;36m[K^[m[K
[6.637s] [100%] [32m[1mLinking CXX executable zed_rgb_convert[0m
[6.807s] [100%] Built target zed_rgb_convert
[6.812s] Invoked command in '/home/song/steadylab/build/zed_rgb_convert' returned '0': AMENT_PREFIX_PATH=/home/song/steadylab/install/zed_components:/home/song/steadylab/install/zed_interfaces:/home/song/steadylab/install/image_transport:${AMENT_PREFIX_PATH} CMAKE_PREFIX_PATH=/home/song/steadylab/install/zed_components:/home/song/steadylab/install/zed_interfaces:/home/song/steadylab/install/image_transport:/home/song/zed/install/zed_ros2:/home/song/zed/install/zed_multi_camera:/home/song/zed/install/zed_display_rviz2:/home/song/zed/install/zed_wrapper:/home/song/zed/install/zed_tutorial_video:/home/song/zed/install/zed_tutorial_pos_tracking:/home/song/zed/install/zed_tutorial_depth:/home/song/zed/install/zed_topic_benchmark_interfaces:/home/song/zed/install/zed_rgb_convert:/home/song/zed/install/zed_components:/home/song/zed/install/rviz_plugin_zed_od:/home/song/zed/install/zed_interfaces:/home/song/zed/install/image_common:/home/song/zed/install/image_transport:/home/song/zed/install/camera_info_manager:/home/song/zed/install/camera_calibration_parsers:/home/song/zed/install/steadylab:/opt/ros/foxy CONDA_PROMPT_MODIFIER=(base) LD_LIBRARY_PATH=/home/song/steadylab/install/zed_components/lib:/home/song/steadylab/install/zed_interfaces/lib:/home/song/steadylab/install/image_transport/lib:/home/song/zed/install/zed_topic_benchmark_interfaces/lib:/home/song/zed/install/zed_rgb_convert/lib:/home/song/zed/install/zed_components/lib:/home/song/zed/install/rviz_plugin_zed_od/lib:/home/song/zed/install/zed_interfaces/lib:/home/song/zed/install/image_transport/lib:/home/song/zed/install/camera_info_manager/lib:/home/song/zed/install/camera_calibration_parsers/lib:/opt/ros/foxy/opt/yaml_cpp_vendor/lib:/opt/ros/foxy/opt/rviz_ogre_vendor/lib:/opt/ros/foxy/lib/x86_64-linux-gnu:/opt/ros/foxy/lib:/usr/local/cuda-11.8/lib64 PYTHONPATH=/home/song/steadylab/install/zed_interfaces/lib/python3.9/site-packages:${PYTHONPATH} /home/song/.local/bin/cmake --build /home/song/steadylab/build/zed_rgb_convert -- -j20 -l20
[6.841s] Invoking command in '/home/song/steadylab/build/zed_rgb_convert': AMENT_PREFIX_PATH=/home/song/steadylab/install/zed_components:/home/song/steadylab/install/zed_interfaces:/home/song/steadylab/install/image_transport:${AMENT_PREFIX_PATH} CMAKE_PREFIX_PATH=/home/song/steadylab/install/zed_components:/home/song/steadylab/install/zed_interfaces:/home/song/steadylab/install/image_transport:/home/song/zed/install/zed_ros2:/home/song/zed/install/zed_multi_camera:/home/song/zed/install/zed_display_rviz2:/home/song/zed/install/zed_wrapper:/home/song/zed/install/zed_tutorial_video:/home/song/zed/install/zed_tutorial_pos_tracking:/home/song/zed/install/zed_tutorial_depth:/home/song/zed/install/zed_topic_benchmark_interfaces:/home/song/zed/install/zed_rgb_convert:/home/song/zed/install/zed_components:/home/song/zed/install/rviz_plugin_zed_od:/home/song/zed/install/zed_interfaces:/home/song/zed/install/image_common:/home/song/zed/install/image_transport:/home/song/zed/install/camera_info_manager:/home/song/zed/install/camera_calibration_parsers:/home/song/zed/install/steadylab:/opt/ros/foxy CONDA_PROMPT_MODIFIER=(base) LD_LIBRARY_PATH=/home/song/steadylab/install/zed_components/lib:/home/song/steadylab/install/zed_interfaces/lib:/home/song/steadylab/install/image_transport/lib:/home/song/zed/install/zed_topic_benchmark_interfaces/lib:/home/song/zed/install/zed_rgb_convert/lib:/home/song/zed/install/zed_components/lib:/home/song/zed/install/rviz_plugin_zed_od/lib:/home/song/zed/install/zed_interfaces/lib:/home/song/zed/install/image_transport/lib:/home/song/zed/install/camera_info_manager/lib:/home/song/zed/install/camera_calibration_parsers/lib:/opt/ros/foxy/opt/yaml_cpp_vendor/lib:/opt/ros/foxy/opt/rviz_ogre_vendor/lib:/opt/ros/foxy/lib/x86_64-linux-gnu:/opt/ros/foxy/lib:/usr/local/cuda-11.8/lib64 PYTHONPATH=/home/song/steadylab/install/zed_interfaces/lib/python3.9/site-packages:${PYTHONPATH} /home/song/.local/bin/cmake --install /home/song/steadylab/build/zed_rgb_convert
[6.858s] -- Install configuration: "Release"
[6.859s] -- Execute custom install script
[6.859s] -- Symlinking: /home/song/steadylab/install/zed_rgb_convert/lib/zed_rgb_convert/zed_rgb_convert
[6.861s] -- Symlinking: /home/song/steadylab/install/zed_rgb_convert/lib/libzed_rgb_convert_component.so
[6.863s] -- Symlinking: /home/song/steadylab/install/zed_rgb_convert/include/zed_rgb_convert//cvt_visibility_control.hpp
[6.864s] -- Symlinking: /home/song/steadylab/install/zed_rgb_convert/share/zed_rgb_convert/launch/zed_rgb_convert.launch.py
[6.865s] -- Symlinking: /home/song/steadylab/install/zed_rgb_convert/share/zed_rgb_convert/environment/library_path.sh
[6.867s] -- Symlinking: /home/song/steadylab/install/zed_rgb_convert/share/zed_rgb_convert/environment/library_path.dsv
[6.868s] -- Symlinking: /home/song/steadylab/install/zed_rgb_convert/share/ament_index/resource_index/package_run_dependencies/zed_rgb_convert
[6.869s] -- Symlinking: /home/song/steadylab/install/zed_rgb_convert/share/ament_index/resource_index/parent_prefix_path/zed_rgb_convert
[6.870s] -- Symlinking: /home/song/steadylab/install/zed_rgb_convert/share/zed_rgb_convert/environment/ament_prefix_path.sh
[6.872s] -- Symlinking: /home/song/steadylab/install/zed_rgb_convert/share/zed_rgb_convert/environment/ament_prefix_path.dsv
[6.873s] -- Symlinking: /home/song/steadylab/install/zed_rgb_convert/share/zed_rgb_convert/environment/path.sh
[6.874s] -- Symlinking: /home/song/steadylab/install/zed_rgb_convert/share/zed_rgb_convert/environment/path.dsv
[6.876s] -- Symlinking: /home/song/steadylab/install/zed_rgb_convert/share/zed_rgb_convert/local_setup.bash
[6.877s] -- Symlinking: /home/song/steadylab/install/zed_rgb_convert/share/zed_rgb_convert/local_setup.sh
[6.878s] -- Symlinking: /home/song/steadylab/install/zed_rgb_convert/share/zed_rgb_convert/local_setup.zsh
[6.879s] -- Symlinking: /home/song/steadylab/install/zed_rgb_convert/share/zed_rgb_convert/local_setup.dsv
[6.880s] -- Symlinking: /home/song/steadylab/install/zed_rgb_convert/share/zed_rgb_convert/package.dsv
[6.882s] -- Symlinking: /home/song/steadylab/install/zed_rgb_convert/share/ament_index/resource_index/packages/zed_rgb_convert
[6.883s] -- Symlinking: /home/song/steadylab/install/zed_rgb_convert/share/ament_index/resource_index/rclcpp_components/zed_rgb_convert
[6.884s] -- Symlinking: /home/song/steadylab/install/zed_rgb_convert/share/zed_rgb_convert/cmake/ament_cmake_export_include_directories-extras.cmake
[6.885s] -- Symlinking: /home/song/steadylab/install/zed_rgb_convert/share/zed_rgb_convert/cmake/ament_cmake_export_libraries-extras.cmake
[6.886s] -- Symlinking: /home/song/steadylab/install/zed_rgb_convert/share/zed_rgb_convert/cmake/ament_cmake_export_dependencies-extras.cmake
[6.888s] -- Symlinking: /home/song/steadylab/install/zed_rgb_convert/share/zed_rgb_convert/cmake/zed_rgb_convertConfig.cmake
[6.889s] -- Symlinking: /home/song/steadylab/install/zed_rgb_convert/share/zed_rgb_convert/cmake/zed_rgb_convertConfig-version.cmake
[6.890s] -- Symlinking: /home/song/steadylab/install/zed_rgb_convert/share/zed_rgb_convert/package.xml
[6.896s] Invoked command in '/home/song/steadylab/build/zed_rgb_convert' returned '0': AMENT_PREFIX_PATH=/home/song/steadylab/install/zed_components:/home/song/steadylab/install/zed_interfaces:/home/song/steadylab/install/image_transport:${AMENT_PREFIX_PATH} CMAKE_PREFIX_PATH=/home/song/steadylab/install/zed_components:/home/song/steadylab/install/zed_interfaces:/home/song/steadylab/install/image_transport:/home/song/zed/install/zed_ros2:/home/song/zed/install/zed_multi_camera:/home/song/zed/install/zed_display_rviz2:/home/song/zed/install/zed_wrapper:/home/song/zed/install/zed_tutorial_video:/home/song/zed/install/zed_tutorial_pos_tracking:/home/song/zed/install/zed_tutorial_depth:/home/song/zed/install/zed_topic_benchmark_interfaces:/home/song/zed/install/zed_rgb_convert:/home/song/zed/install/zed_components:/home/song/zed/install/rviz_plugin_zed_od:/home/song/zed/install/zed_interfaces:/home/song/zed/install/image_common:/home/song/zed/install/image_transport:/home/song/zed/install/camera_info_manager:/home/song/zed/install/camera_calibration_parsers:/home/song/zed/install/steadylab:/opt/ros/foxy CONDA_PROMPT_MODIFIER=(base) LD_LIBRARY_PATH=/home/song/steadylab/install/zed_components/lib:/home/song/steadylab/install/zed_interfaces/lib:/home/song/steadylab/install/image_transport/lib:/home/song/zed/install/zed_topic_benchmark_interfaces/lib:/home/song/zed/install/zed_rgb_convert/lib:/home/song/zed/install/zed_components/lib:/home/song/zed/install/rviz_plugin_zed_od/lib:/home/song/zed/install/zed_interfaces/lib:/home/song/zed/install/image_transport/lib:/home/song/zed/install/camera_info_manager/lib:/home/song/zed/install/camera_calibration_parsers/lib:/opt/ros/foxy/opt/yaml_cpp_vendor/lib:/opt/ros/foxy/opt/rviz_ogre_vendor/lib:/opt/ros/foxy/lib/x86_64-linux-gnu:/opt/ros/foxy/lib:/usr/local/cuda-11.8/lib64 PYTHONPATH=/home/song/steadylab/install/zed_interfaces/lib/python3.9/site-packages:${PYTHONPATH} /home/song/.local/bin/cmake --install /home/song/steadylab/build/zed_rgb_convert
