[0.015s] Invoking command in '/home/song/zed/build/zed_rgb_convert': AMENT_PREFIX_PATH=/home/song/zed/install/zed_components:/home/song/zed/install/zed_interfaces:/home/song/zed/install/image_transport:${AMENT_PREFIX_PATH} CMAKE_PREFIX_PATH=/home/song/zed/install/zed_components:/home/song/zed/install/zed_interfaces:/home/song/zed/install/image_transport:/home/song/ros-zed/install/zed_ros2:/home/song/ros-zed/install/zed_wrapper:/home/song/ros-zed/install/zed_components:/home/song/ros-zed/install/zed_interfaces:/home/song/ros-zed/install/image_common:/home/song/ros-zed/install/image_transport:/home/song/ros-zed/install/camera_info_manager:/home/song/ros-zed/install/camera_calibration_parsers:/opt/ros/foxy CONDA_PROMPT_MODIFIER=(base) LD_LIBRARY_PATH=/home/song/zed/install/zed_components/lib:/home/song/zed/install/zed_interfaces/lib:/home/song/zed/install/image_transport/lib:/home/song/ros-zed/install/zed_components/lib:/home/song/ros-zed/install/zed_interfaces/lib:/home/song/ros-zed/install/image_transport/lib:/home/song/ros-zed/install/camera_info_manager/lib:/home/song/ros-zed/install/camera_calibration_parsers/lib:/opt/ros/foxy/opt/yaml_cpp_vendor/lib:/opt/ros/foxy/opt/rviz_ogre_vendor/lib:/opt/ros/foxy/lib/x86_64-linux-gnu:/opt/ros/foxy/lib:/usr/local/cuda-11.8/lib64 PYTHONPATH=/home/song/zed/install/zed_interfaces/lib/python3.9/site-packages:${PYTHONPATH} /home/song/.local/bin/cmake --build /home/song/zed/build/zed_rgb_convert -- -j20 -l20
[0.042s] [ 50%] Built target zed_rgb_convert_component
[0.053s] [100%] Built target zed_rgb_convert
[0.060s] Invoked command in '/home/song/zed/build/zed_rgb_convert' returned '0': AMENT_PREFIX_PATH=/home/song/zed/install/zed_components:/home/song/zed/install/zed_interfaces:/home/song/zed/install/image_transport:${AMENT_PREFIX_PATH} CMAKE_PREFIX_PATH=/home/song/zed/install/zed_components:/home/song/zed/install/zed_interfaces:/home/song/zed/install/image_transport:/home/song/ros-zed/install/zed_ros2:/home/song/ros-zed/install/zed_wrapper:/home/song/ros-zed/install/zed_components:/home/song/ros-zed/install/zed_interfaces:/home/song/ros-zed/install/image_common:/home/song/ros-zed/install/image_transport:/home/song/ros-zed/install/camera_info_manager:/home/song/ros-zed/install/camera_calibration_parsers:/opt/ros/foxy CONDA_PROMPT_MODIFIER=(base) LD_LIBRARY_PATH=/home/song/zed/install/zed_components/lib:/home/song/zed/install/zed_interfaces/lib:/home/song/zed/install/image_transport/lib:/home/song/ros-zed/install/zed_components/lib:/home/song/ros-zed/install/zed_interfaces/lib:/home/song/ros-zed/install/image_transport/lib:/home/song/ros-zed/install/camera_info_manager/lib:/home/song/ros-zed/install/camera_calibration_parsers/lib:/opt/ros/foxy/opt/yaml_cpp_vendor/lib:/opt/ros/foxy/opt/rviz_ogre_vendor/lib:/opt/ros/foxy/lib/x86_64-linux-gnu:/opt/ros/foxy/lib:/usr/local/cuda-11.8/lib64 PYTHONPATH=/home/song/zed/install/zed_interfaces/lib/python3.9/site-packages:${PYTHONPATH} /home/song/.local/bin/cmake --build /home/song/zed/build/zed_rgb_convert -- -j20 -l20
[0.090s] Invoking command in '/home/song/zed/build/zed_rgb_convert': AMENT_PREFIX_PATH=/home/song/zed/install/zed_components:/home/song/zed/install/zed_interfaces:/home/song/zed/install/image_transport:${AMENT_PREFIX_PATH} CMAKE_PREFIX_PATH=/home/song/zed/install/zed_components:/home/song/zed/install/zed_interfaces:/home/song/zed/install/image_transport:/home/song/ros-zed/install/zed_ros2:/home/song/ros-zed/install/zed_wrapper:/home/song/ros-zed/install/zed_components:/home/song/ros-zed/install/zed_interfaces:/home/song/ros-zed/install/image_common:/home/song/ros-zed/install/image_transport:/home/song/ros-zed/install/camera_info_manager:/home/song/ros-zed/install/camera_calibration_parsers:/opt/ros/foxy CONDA_PROMPT_MODIFIER=(base) LD_LIBRARY_PATH=/home/song/zed/install/zed_components/lib:/home/song/zed/install/zed_interfaces/lib:/home/song/zed/install/image_transport/lib:/home/song/ros-zed/install/zed_components/lib:/home/song/ros-zed/install/zed_interfaces/lib:/home/song/ros-zed/install/image_transport/lib:/home/song/ros-zed/install/camera_info_manager/lib:/home/song/ros-zed/install/camera_calibration_parsers/lib:/opt/ros/foxy/opt/yaml_cpp_vendor/lib:/opt/ros/foxy/opt/rviz_ogre_vendor/lib:/opt/ros/foxy/lib/x86_64-linux-gnu:/opt/ros/foxy/lib:/usr/local/cuda-11.8/lib64 PYTHONPATH=/home/song/zed/install/zed_interfaces/lib/python3.9/site-packages:${PYTHONPATH} /home/song/.local/bin/cmake --install /home/song/zed/build/zed_rgb_convert
[0.105s] -- Install configuration: "Release"
[0.105s] -- Execute custom install script
[0.105s] -- Up-to-date symlink: /home/song/zed/install/zed_rgb_convert/lib/zed_rgb_convert/zed_rgb_convert
[0.105s] -- Up-to-date symlink: /home/song/zed/install/zed_rgb_convert/lib/libzed_rgb_convert_component.so
[0.106s] -- Up-to-date symlink: /home/song/zed/install/zed_rgb_convert/include/zed_rgb_convert//cvt_visibility_control.hpp
[0.106s] -- Up-to-date symlink: /home/song/zed/install/zed_rgb_convert/share/zed_rgb_convert/launch/zed_rgb_convert.launch.py
[0.106s] -- Up-to-date symlink: /home/song/zed/install/zed_rgb_convert/share/zed_rgb_convert/environment/library_path.sh
[0.106s] -- Up-to-date symlink: /home/song/zed/install/zed_rgb_convert/share/zed_rgb_convert/environment/library_path.dsv
[0.106s] -- Up-to-date symlink: /home/song/zed/install/zed_rgb_convert/share/ament_index/resource_index/package_run_dependencies/zed_rgb_convert
[0.106s] -- Up-to-date symlink: /home/song/zed/install/zed_rgb_convert/share/ament_index/resource_index/parent_prefix_path/zed_rgb_convert
[0.106s] -- Up-to-date symlink: /home/song/zed/install/zed_rgb_convert/share/zed_rgb_convert/environment/ament_prefix_path.sh
[0.106s] -- Up-to-date symlink: /home/song/zed/install/zed_rgb_convert/share/zed_rgb_convert/environment/ament_prefix_path.dsv
[0.106s] -- Up-to-date symlink: /home/song/zed/install/zed_rgb_convert/share/zed_rgb_convert/environment/path.sh
[0.106s] -- Up-to-date symlink: /home/song/zed/install/zed_rgb_convert/share/zed_rgb_convert/environment/path.dsv
[0.106s] -- Up-to-date symlink: /home/song/zed/install/zed_rgb_convert/share/zed_rgb_convert/local_setup.bash
[0.106s] -- Up-to-date symlink: /home/song/zed/install/zed_rgb_convert/share/zed_rgb_convert/local_setup.sh
[0.106s] -- Up-to-date symlink: /home/song/zed/install/zed_rgb_convert/share/zed_rgb_convert/local_setup.zsh
[0.107s] -- Up-to-date symlink: /home/song/zed/install/zed_rgb_convert/share/zed_rgb_convert/local_setup.dsv
[0.107s] -- Symlinking: /home/song/zed/install/zed_rgb_convert/share/zed_rgb_convert/package.dsv
[0.108s] -- Up-to-date symlink: /home/song/zed/install/zed_rgb_convert/share/ament_index/resource_index/packages/zed_rgb_convert
[0.108s] -- Up-to-date symlink: /home/song/zed/install/zed_rgb_convert/share/ament_index/resource_index/rclcpp_components/zed_rgb_convert
[0.108s] -- Up-to-date symlink: /home/song/zed/install/zed_rgb_convert/share/zed_rgb_convert/cmake/ament_cmake_export_include_directories-extras.cmake
[0.108s] -- Up-to-date symlink: /home/song/zed/install/zed_rgb_convert/share/zed_rgb_convert/cmake/ament_cmake_export_libraries-extras.cmake
[0.109s] -- Up-to-date symlink: /home/song/zed/install/zed_rgb_convert/share/zed_rgb_convert/cmake/ament_cmake_export_dependencies-extras.cmake
[0.109s] -- Up-to-date symlink: /home/song/zed/install/zed_rgb_convert/share/zed_rgb_convert/cmake/zed_rgb_convertConfig.cmake
[0.109s] -- Up-to-date symlink: /home/song/zed/install/zed_rgb_convert/share/zed_rgb_convert/cmake/zed_rgb_convertConfig-version.cmake
[0.109s] -- Up-to-date symlink: /home/song/zed/install/zed_rgb_convert/share/zed_rgb_convert/package.xml
[0.113s] Invoked command in '/home/song/zed/build/zed_rgb_convert' returned '0': AMENT_PREFIX_PATH=/home/song/zed/install/zed_components:/home/song/zed/install/zed_interfaces:/home/song/zed/install/image_transport:${AMENT_PREFIX_PATH} CMAKE_PREFIX_PATH=/home/song/zed/install/zed_components:/home/song/zed/install/zed_interfaces:/home/song/zed/install/image_transport:/home/song/ros-zed/install/zed_ros2:/home/song/ros-zed/install/zed_wrapper:/home/song/ros-zed/install/zed_components:/home/song/ros-zed/install/zed_interfaces:/home/song/ros-zed/install/image_common:/home/song/ros-zed/install/image_transport:/home/song/ros-zed/install/camera_info_manager:/home/song/ros-zed/install/camera_calibration_parsers:/opt/ros/foxy CONDA_PROMPT_MODIFIER=(base) LD_LIBRARY_PATH=/home/song/zed/install/zed_components/lib:/home/song/zed/install/zed_interfaces/lib:/home/song/zed/install/image_transport/lib:/home/song/ros-zed/install/zed_components/lib:/home/song/ros-zed/install/zed_interfaces/lib:/home/song/ros-zed/install/image_transport/lib:/home/song/ros-zed/install/camera_info_manager/lib:/home/song/ros-zed/install/camera_calibration_parsers/lib:/opt/ros/foxy/opt/yaml_cpp_vendor/lib:/opt/ros/foxy/opt/rviz_ogre_vendor/lib:/opt/ros/foxy/lib/x86_64-linux-gnu:/opt/ros/foxy/lib:/usr/local/cuda-11.8/lib64 PYTHONPATH=/home/song/zed/install/zed_interfaces/lib/python3.9/site-packages:${PYTHONPATH} /home/song/.local/bin/cmake --install /home/song/zed/build/zed_rgb_convert
