[0.159s] Invoking command in '/home/song/zed/build/zed_tutorial_pos_tracking': CMAKE_PREFIX_PATH=${CMAKE_PREFIX_PATH}:/home/song/zed/install/steadylab:/opt/ros/foxy CONDA_PROMPT_MODIFIER=(base) /home/song/.local/bin/cmake --build /home/song/zed/build/zed_tutorial_pos_tracking -- -j20 -l20
[0.187s] [100%] Built target zed_tutorial_pos_tracking
[0.194s] Invoked command in '/home/song/zed/build/zed_tutorial_pos_tracking' returned '0': CMAKE_PREFIX_PATH=${CMAKE_PREFIX_PATH}:/home/song/zed/install/steadylab:/opt/ros/foxy CONDA_PROMPT_MODIFIER=(base) /home/song/.local/bin/cmake --build /home/song/zed/build/zed_tutorial_pos_tracking -- -j20 -l20
[0.239s] Invoking command in '/home/song/zed/build/zed_tutorial_pos_tracking': CMAKE_PREFIX_PATH=${CMAKE_PREFIX_PATH}:/home/song/zed/install/steadylab:/opt/ros/foxy CONDA_PROMPT_MODIFIER=(base) /home/song/.local/bin/cmake --install /home/song/zed/build/zed_tutorial_pos_tracking
[0.268s] -- Install configuration: "Release"
[0.273s] -- Execute custom install script
[0.274s] -- Up-to-date symlink: /home/song/zed/install/zed_tutorial_pos_tracking/lib/zed_tutorial_pos_tracking/zed_tutorial_pos_tracking
[0.274s] -- Up-to-date symlink: /home/song/zed/install/zed_tutorial_pos_tracking/share/ament_index/resource_index/package_run_dependencies/zed_tutorial_pos_tracking
[0.274s] -- Up-to-date symlink: /home/song/zed/install/zed_tutorial_pos_tracking/share/ament_index/resource_index/parent_prefix_path/zed_tutorial_pos_tracking
[0.275s] -- Up-to-date symlink: /home/song/zed/install/zed_tutorial_pos_tracking/share/zed_tutorial_pos_tracking/environment/ament_prefix_path.sh
[0.276s] -- Up-to-date symlink: /home/song/zed/install/zed_tutorial_pos_tracking/share/zed_tutorial_pos_tracking/environment/ament_prefix_path.dsv
[0.276s] -- Up-to-date symlink: /home/song/zed/install/zed_tutorial_pos_tracking/share/zed_tutorial_pos_tracking/environment/path.sh
[0.276s] -- Up-to-date symlink: /home/song/zed/install/zed_tutorial_pos_tracking/share/zed_tutorial_pos_tracking/environment/path.dsv
[0.277s] -- Up-to-date symlink: /home/song/zed/install/zed_tutorial_pos_tracking/share/zed_tutorial_pos_tracking/local_setup.bash
[0.277s] -- Up-to-date symlink: /home/song/zed/install/zed_tutorial_pos_tracking/share/zed_tutorial_pos_tracking/local_setup.sh
[0.287s] -- Up-to-date symlink: /home/song/zed/install/zed_tutorial_pos_tracking/share/zed_tutorial_pos_tracking/local_setup.zsh
[0.291s] -- Up-to-date symlink: /home/song/zed/install/zed_tutorial_pos_tracking/share/zed_tutorial_pos_tracking/local_setup.dsv
[0.291s] -- Symlinking: /home/song/zed/install/zed_tutorial_pos_tracking/share/zed_tutorial_pos_tracking/package.dsv
[0.291s] -- Up-to-date symlink: /home/song/zed/install/zed_tutorial_pos_tracking/share/ament_index/resource_index/packages/zed_tutorial_pos_tracking
[0.291s] -- Up-to-date symlink: /home/song/zed/install/zed_tutorial_pos_tracking/share/zed_tutorial_pos_tracking/cmake/zed_tutorial_pos_trackingConfig.cmake
[0.291s] -- Up-to-date symlink: /home/song/zed/install/zed_tutorial_pos_tracking/share/zed_tutorial_pos_tracking/cmake/zed_tutorial_pos_trackingConfig-version.cmake
[0.291s] -- Up-to-date symlink: /home/song/zed/install/zed_tutorial_pos_tracking/share/zed_tutorial_pos_tracking/package.xml
[0.296s] Invoked command in '/home/song/zed/build/zed_tutorial_pos_tracking' returned '0': CMAKE_PREFIX_PATH=${CMAKE_PREFIX_PATH}:/home/song/zed/install/steadylab:/opt/ros/foxy CONDA_PROMPT_MODIFIER=(base) /home/song/.local/bin/cmake --install /home/song/zed/build/zed_tutorial_pos_tracking
