[0.047s] Invoking command in '/home/song/zed/build/camera_info_manager': CMAKE_PREFIX_PATH=/home/song/zed/install/camera_calibration_parsers:/home/song/zed/install/zed_ros2:/home/song/zed/install/zed_multi_camera:/home/song/zed/install/zed_display_rviz2:/home/song/zed/install/zed_wrapper:/home/song/zed/install/zed_tutorial_video:/home/song/zed/install/zed_tutorial_pos_tracking:/home/song/zed/install/zed_tutorial_depth:/home/song/zed/install/zed_topic_benchmark_interfaces:/home/song/zed/install/zed_rgb_convert:/home/song/zed/install/zed_components:/home/song/zed/install/rviz_plugin_zed_od:/home/song/zed/install/zed_interfaces:/home/song/zed/install/image_common:/home/song/zed/install/image_transport:/home/song/zed/install/camera_info_manager:/home/song/zed/install/steadylab:/opt/ros/foxy CONDA_PROMPT_MODIFIER=(base) LD_LIBRARY_PATH=/home/song/zed/install/camera_calibration_parsers/lib:/home/song/zed/install/zed_topic_benchmark_interfaces/lib:/home/song/zed/install/zed_rgb_convert/lib:/home/song/zed/install/zed_components/lib:/home/song/zed/install/rviz_plugin_zed_od/lib:/home/song/zed/install/zed_interfaces/lib:/home/song/zed/install/image_transport/lib:/home/song/zed/install/camera_info_manager/lib:/opt/ros/foxy/opt/yaml_cpp_vendor/lib:/opt/ros/foxy/opt/rviz_ogre_vendor/lib:/opt/ros/foxy/lib/x86_64-linux-gnu:/opt/ros/foxy/lib:/usr/local/cuda-11.8/lib64 /home/song/.local/bin/cmake --build /home/song/zed/build/camera_info_manager -- -j20 -l20
[0.091s] [100%] Built target camera_info_manager
[0.099s] Invoked command in '/home/song/zed/build/camera_info_manager' returned '0': CMAKE_PREFIX_PATH=/home/song/zed/install/camera_calibration_parsers:/home/song/zed/install/zed_ros2:/home/song/zed/install/zed_multi_camera:/home/song/zed/install/zed_display_rviz2:/home/song/zed/install/zed_wrapper:/home/song/zed/install/zed_tutorial_video:/home/song/zed/install/zed_tutorial_pos_tracking:/home/song/zed/install/zed_tutorial_depth:/home/song/zed/install/zed_topic_benchmark_interfaces:/home/song/zed/install/zed_rgb_convert:/home/song/zed/install/zed_components:/home/song/zed/install/rviz_plugin_zed_od:/home/song/zed/install/zed_interfaces:/home/song/zed/install/image_common:/home/song/zed/install/image_transport:/home/song/zed/install/camera_info_manager:/home/song/zed/install/steadylab:/opt/ros/foxy CONDA_PROMPT_MODIFIER=(base) LD_LIBRARY_PATH=/home/song/zed/install/camera_calibration_parsers/lib:/home/song/zed/install/zed_topic_benchmark_interfaces/lib:/home/song/zed/install/zed_rgb_convert/lib:/home/song/zed/install/zed_components/lib:/home/song/zed/install/rviz_plugin_zed_od/lib:/home/song/zed/install/zed_interfaces/lib:/home/song/zed/install/image_transport/lib:/home/song/zed/install/camera_info_manager/lib:/opt/ros/foxy/opt/yaml_cpp_vendor/lib:/opt/ros/foxy/opt/rviz_ogre_vendor/lib:/opt/ros/foxy/lib/x86_64-linux-gnu:/opt/ros/foxy/lib:/usr/local/cuda-11.8/lib64 /home/song/.local/bin/cmake --build /home/song/zed/build/camera_info_manager -- -j20 -l20
[0.133s] Invoking command in '/home/song/zed/build/camera_info_manager': CMAKE_PREFIX_PATH=/home/song/zed/install/camera_calibration_parsers:/home/song/zed/install/zed_ros2:/home/song/zed/install/zed_multi_camera:/home/song/zed/install/zed_display_rviz2:/home/song/zed/install/zed_wrapper:/home/song/zed/install/zed_tutorial_video:/home/song/zed/install/zed_tutorial_pos_tracking:/home/song/zed/install/zed_tutorial_depth:/home/song/zed/install/zed_topic_benchmark_interfaces:/home/song/zed/install/zed_rgb_convert:/home/song/zed/install/zed_components:/home/song/zed/install/rviz_plugin_zed_od:/home/song/zed/install/zed_interfaces:/home/song/zed/install/image_common:/home/song/zed/install/image_transport:/home/song/zed/install/camera_info_manager:/home/song/zed/install/steadylab:/opt/ros/foxy CONDA_PROMPT_MODIFIER=(base) LD_LIBRARY_PATH=/home/song/zed/install/camera_calibration_parsers/lib:/home/song/zed/install/zed_topic_benchmark_interfaces/lib:/home/song/zed/install/zed_rgb_convert/lib:/home/song/zed/install/zed_components/lib:/home/song/zed/install/rviz_plugin_zed_od/lib:/home/song/zed/install/zed_interfaces/lib:/home/song/zed/install/image_transport/lib:/home/song/zed/install/camera_info_manager/lib:/opt/ros/foxy/opt/yaml_cpp_vendor/lib:/opt/ros/foxy/opt/rviz_ogre_vendor/lib:/opt/ros/foxy/lib/x86_64-linux-gnu:/opt/ros/foxy/lib:/usr/local/cuda-11.8/lib64 /home/song/.local/bin/cmake --install /home/song/zed/build/camera_info_manager
[0.150s] -- Install configuration: "Release"
[0.150s] -- Execute custom install script
[0.150s] -- Up-to-date symlink: /home/song/zed/install/camera_info_manager/lib/libcamera_info_manager.so
[0.150s] -- Up-to-date symlink: /home/song/zed/install/camera_info_manager/include/camera_info_manager/camera_info_manager.h
[0.150s] -- Up-to-date symlink: /home/song/zed/install/camera_info_manager/include/camera_info_manager/camera_info_manager.hpp
[0.150s] -- Up-to-date symlink: /home/song/zed/install/camera_info_manager/include/camera_info_manager/visibility_control.h
[0.150s] -- Up-to-date symlink: /home/song/zed/install/camera_info_manager/share/camera_info_manager/environment/library_path.sh
[0.150s] -- Up-to-date symlink: /home/song/zed/install/camera_info_manager/share/camera_info_manager/environment/library_path.dsv
[0.150s] -- Up-to-date symlink: /home/song/zed/install/camera_info_manager/share/ament_index/resource_index/package_run_dependencies/camera_info_manager
[0.151s] -- Up-to-date symlink: /home/song/zed/install/camera_info_manager/share/ament_index/resource_index/parent_prefix_path/camera_info_manager
[0.151s] -- Up-to-date symlink: /home/song/zed/install/camera_info_manager/share/camera_info_manager/environment/ament_prefix_path.sh
[0.151s] -- Up-to-date symlink: /home/song/zed/install/camera_info_manager/share/camera_info_manager/environment/ament_prefix_path.dsv
[0.151s] -- Up-to-date symlink: /home/song/zed/install/camera_info_manager/share/camera_info_manager/environment/path.sh
[0.151s] -- Up-to-date symlink: /home/song/zed/install/camera_info_manager/share/camera_info_manager/environment/path.dsv
[0.151s] -- Up-to-date symlink: /home/song/zed/install/camera_info_manager/share/camera_info_manager/local_setup.bash
[0.151s] -- Up-to-date symlink: /home/song/zed/install/camera_info_manager/share/camera_info_manager/local_setup.sh
[0.151s] -- Up-to-date symlink: /home/song/zed/install/camera_info_manager/share/camera_info_manager/local_setup.zsh
[0.151s] -- Up-to-date symlink: /home/song/zed/install/camera_info_manager/share/camera_info_manager/local_setup.dsv
[0.151s] -- Symlinking: /home/song/zed/install/camera_info_manager/share/camera_info_manager/package.dsv
[0.153s] -- Up-to-date symlink: /home/song/zed/install/camera_info_manager/share/ament_index/resource_index/packages/camera_info_manager
[0.153s] -- Up-to-date symlink: /home/song/zed/install/camera_info_manager/share/camera_info_manager/cmake/ament_cmake_export_include_directories-extras.cmake
[0.153s] -- Up-to-date symlink: /home/song/zed/install/camera_info_manager/share/camera_info_manager/cmake/ament_cmake_export_dependencies-extras.cmake
[0.153s] -- Up-to-date symlink: /home/song/zed/install/camera_info_manager/share/camera_info_manager/cmake/ament_cmake_export_libraries-extras.cmake
[0.153s] -- Up-to-date symlink: /home/song/zed/install/camera_info_manager/share/camera_info_manager/cmake/camera_info_managerConfig.cmake
[0.153s] -- Up-to-date symlink: /home/song/zed/install/camera_info_manager/share/camera_info_manager/cmake/camera_info_managerConfig-version.cmake
[0.153s] -- Up-to-date symlink: /home/song/zed/install/camera_info_manager/share/camera_info_manager/package.xml
[0.158s] Invoked command in '/home/song/zed/build/camera_info_manager' returned '0': CMAKE_PREFIX_PATH=/home/song/zed/install/camera_calibration_parsers:/home/song/zed/install/zed_ros2:/home/song/zed/install/zed_multi_camera:/home/song/zed/install/zed_display_rviz2:/home/song/zed/install/zed_wrapper:/home/song/zed/install/zed_tutorial_video:/home/song/zed/install/zed_tutorial_pos_tracking:/home/song/zed/install/zed_tutorial_depth:/home/song/zed/install/zed_topic_benchmark_interfaces:/home/song/zed/install/zed_rgb_convert:/home/song/zed/install/zed_components:/home/song/zed/install/rviz_plugin_zed_od:/home/song/zed/install/zed_interfaces:/home/song/zed/install/image_common:/home/song/zed/install/image_transport:/home/song/zed/install/camera_info_manager:/home/song/zed/install/steadylab:/opt/ros/foxy CONDA_PROMPT_MODIFIER=(base) LD_LIBRARY_PATH=/home/song/zed/install/camera_calibration_parsers/lib:/home/song/zed/install/zed_topic_benchmark_interfaces/lib:/home/song/zed/install/zed_rgb_convert/lib:/home/song/zed/install/zed_components/lib:/home/song/zed/install/rviz_plugin_zed_od/lib:/home/song/zed/install/zed_interfaces/lib:/home/song/zed/install/image_transport/lib:/home/song/zed/install/camera_info_manager/lib:/opt/ros/foxy/opt/yaml_cpp_vendor/lib:/opt/ros/foxy/opt/rviz_ogre_vendor/lib:/opt/ros/foxy/lib/x86_64-linux-gnu:/opt/ros/foxy/lib:/usr/local/cuda-11.8/lib64 /home/song/.local/bin/cmake --install /home/song/zed/build/camera_info_manager
