[0.009s] Invoking command in '/home/song/zed/build/rviz_plugin_zed_od': AMENT_PREFIX_PATH=/home/song/zed/install/zed_interfaces:${AMENT_PREFIX_PATH} CMAKE_PREFIX_PATH=/home/song/zed/install/zed_interfaces:/home/song/ros-zed/install/zed_ros2:/home/song/ros-zed/install/zed_wrapper:/home/song/ros-zed/install/zed_components:/home/song/ros-zed/install/zed_interfaces:/home/song/ros-zed/install/image_common:/home/song/ros-zed/install/image_transport:/home/song/ros-zed/install/camera_info_manager:/home/song/ros-zed/install/camera_calibration_parsers:/opt/ros/foxy CONDA_PROMPT_MODIFIER=(base) LD_LIBRARY_PATH=/home/song/zed/install/zed_interfaces/lib:/home/song/ros-zed/install/zed_components/lib:/home/song/ros-zed/install/zed_interfaces/lib:/home/song/ros-zed/install/image_transport/lib:/home/song/ros-zed/install/camera_info_manager/lib:/home/song/ros-zed/install/camera_calibration_parsers/lib:/opt/ros/foxy/opt/yaml_cpp_vendor/lib:/opt/ros/foxy/opt/rviz_ogre_vendor/lib:/opt/ros/foxy/lib/x86_64-linux-gnu:/opt/ros/foxy/lib:/usr/local/cuda-11.8/lib64 PYTHONPATH=/home/song/zed/install/zed_interfaces/lib/python3.9/site-packages:${PYTHONPATH} /home/song/.local/bin/cmake --build /home/song/zed/build/rviz_plugin_zed_od -- -j20 -l20
[0.037s] [ 20%] [34m[1mAutomatic MOC and UIC for target rviz_plugin_zed_od[0m
[0.043s] [ 20%] Built target rviz_plugin_zed_od_autogen
[0.056s] [100%] Built target rviz_plugin_zed_od
[0.064s] Invoked command in '/home/song/zed/build/rviz_plugin_zed_od' returned '0': AMENT_PREFIX_PATH=/home/song/zed/install/zed_interfaces:${AMENT_PREFIX_PATH} CMAKE_PREFIX_PATH=/home/song/zed/install/zed_interfaces:/home/song/ros-zed/install/zed_ros2:/home/song/ros-zed/install/zed_wrapper:/home/song/ros-zed/install/zed_components:/home/song/ros-zed/install/zed_interfaces:/home/song/ros-zed/install/image_common:/home/song/ros-zed/install/image_transport:/home/song/ros-zed/install/camera_info_manager:/home/song/ros-zed/install/camera_calibration_parsers:/opt/ros/foxy CONDA_PROMPT_MODIFIER=(base) LD_LIBRARY_PATH=/home/song/zed/install/zed_interfaces/lib:/home/song/ros-zed/install/zed_components/lib:/home/song/ros-zed/install/zed_interfaces/lib:/home/song/ros-zed/install/image_transport/lib:/home/song/ros-zed/install/camera_info_manager/lib:/home/song/ros-zed/install/camera_calibration_parsers/lib:/opt/ros/foxy/opt/yaml_cpp_vendor/lib:/opt/ros/foxy/opt/rviz_ogre_vendor/lib:/opt/ros/foxy/lib/x86_64-linux-gnu:/opt/ros/foxy/lib:/usr/local/cuda-11.8/lib64 PYTHONPATH=/home/song/zed/install/zed_interfaces/lib/python3.9/site-packages:${PYTHONPATH} /home/song/.local/bin/cmake --build /home/song/zed/build/rviz_plugin_zed_od -- -j20 -l20
[0.094s] Invoking command in '/home/song/zed/build/rviz_plugin_zed_od': AMENT_PREFIX_PATH=/home/song/zed/install/zed_interfaces:${AMENT_PREFIX_PATH} CMAKE_PREFIX_PATH=/home/song/zed/install/zed_interfaces:/home/song/ros-zed/install/zed_ros2:/home/song/ros-zed/install/zed_wrapper:/home/song/ros-zed/install/zed_components:/home/song/ros-zed/install/zed_interfaces:/home/song/ros-zed/install/image_common:/home/song/ros-zed/install/image_transport:/home/song/ros-zed/install/camera_info_manager:/home/song/ros-zed/install/camera_calibration_parsers:/opt/ros/foxy CONDA_PROMPT_MODIFIER=(base) LD_LIBRARY_PATH=/home/song/zed/install/zed_interfaces/lib:/home/song/ros-zed/install/zed_components/lib:/home/song/ros-zed/install/zed_interfaces/lib:/home/song/ros-zed/install/image_transport/lib:/home/song/ros-zed/install/camera_info_manager/lib:/home/song/ros-zed/install/camera_calibration_parsers/lib:/opt/ros/foxy/opt/yaml_cpp_vendor/lib:/opt/ros/foxy/opt/rviz_ogre_vendor/lib:/opt/ros/foxy/lib/x86_64-linux-gnu:/opt/ros/foxy/lib:/usr/local/cuda-11.8/lib64 PYTHONPATH=/home/song/zed/install/zed_interfaces/lib/python3.9/site-packages:${PYTHONPATH} /home/song/.local/bin/cmake --install /home/song/zed/build/rviz_plugin_zed_od
[0.109s] -- Install configuration: "Release"
[0.110s] -- Execute custom install script
[0.110s] -- Up-to-date symlink: /home/song/zed/install/rviz_plugin_zed_od/share/rviz_plugin_zed_od//plugins_description.xml
[0.110s] -- Up-to-date symlink: /home/song/zed/install/rviz_plugin_zed_od/share/rviz_plugin_zed_od/environment/library_path.sh
[0.110s] -- Up-to-date symlink: /home/song/zed/install/rviz_plugin_zed_od/share/rviz_plugin_zed_od/environment/library_path.dsv
[0.110s] -- Up-to-date symlink: /home/song/zed/install/rviz_plugin_zed_od/include/rviz_plugin_zed_od//visibility_control.hpp
[0.110s] -- Up-to-date symlink: /home/song/zed/install/rviz_plugin_zed_od/include/rviz_plugin_zed_od//zed_body_parts.hpp
[0.110s] -- Up-to-date symlink: /home/song/zed/install/rviz_plugin_zed_od/include/rviz_plugin_zed_od//zed_od_display.hpp
[0.110s] -- Up-to-date symlink: /home/song/zed/install/rviz_plugin_zed_od/include/rviz_plugin_zed_od//zed_od_info.hpp
[0.110s] -- Up-to-date symlink: /home/song/zed/install/rviz_plugin_zed_od/share/rviz_plugin_zed_od/icons/ZedObjDet.png
[0.110s] -- Up-to-date symlink: /home/song/zed/install/rviz_plugin_zed_od/share/ament_index/resource_index/package_run_dependencies/rviz_plugin_zed_od
[0.110s] -- Up-to-date symlink: /home/song/zed/install/rviz_plugin_zed_od/share/ament_index/resource_index/parent_prefix_path/rviz_plugin_zed_od
[0.111s] -- Up-to-date symlink: /home/song/zed/install/rviz_plugin_zed_od/share/rviz_plugin_zed_od/environment/ament_prefix_path.sh
[0.111s] -- Up-to-date symlink: /home/song/zed/install/rviz_plugin_zed_od/share/rviz_plugin_zed_od/environment/ament_prefix_path.dsv
[0.111s] -- Up-to-date symlink: /home/song/zed/install/rviz_plugin_zed_od/share/rviz_plugin_zed_od/environment/path.sh
[0.111s] -- Up-to-date symlink: /home/song/zed/install/rviz_plugin_zed_od/share/rviz_plugin_zed_od/environment/path.dsv
[0.111s] -- Up-to-date symlink: /home/song/zed/install/rviz_plugin_zed_od/share/rviz_plugin_zed_od/local_setup.bash
[0.111s] -- Up-to-date symlink: /home/song/zed/install/rviz_plugin_zed_od/share/rviz_plugin_zed_od/local_setup.sh
[0.111s] -- Up-to-date symlink: /home/song/zed/install/rviz_plugin_zed_od/share/rviz_plugin_zed_od/local_setup.zsh
[0.111s] -- Up-to-date symlink: /home/song/zed/install/rviz_plugin_zed_od/share/rviz_plugin_zed_od/local_setup.dsv
[0.111s] -- Symlinking: /home/song/zed/install/rviz_plugin_zed_od/share/rviz_plugin_zed_od/package.dsv
[0.112s] -- Up-to-date symlink: /home/song/zed/install/rviz_plugin_zed_od/share/ament_index/resource_index/packages/rviz_plugin_zed_od
[0.113s] -- Up-to-date symlink: /home/song/zed/install/rviz_plugin_zed_od/share/ament_index/resource_index/rviz_common__pluginlib__plugin/rviz_plugin_zed_od
[0.113s] -- Up-to-date symlink: /home/song/zed/install/rviz_plugin_zed_od/share/rviz_plugin_zed_od/cmake/ament_cmake_export_include_directories-extras.cmake
[0.113s] -- Up-to-date symlink: /home/song/zed/install/rviz_plugin_zed_od/share/rviz_plugin_zed_od/cmake/ament_cmake_export_targets-extras.cmake
[0.113s] -- Up-to-date symlink: /home/song/zed/install/rviz_plugin_zed_od/share/rviz_plugin_zed_od/cmake/ament_cmake_export_dependencies-extras.cmake
[0.113s] -- Up-to-date symlink: /home/song/zed/install/rviz_plugin_zed_od/share/rviz_plugin_zed_od/cmake/rviz_plugin_zed_odConfig.cmake
[0.113s] -- Up-to-date symlink: /home/song/zed/install/rviz_plugin_zed_od/share/rviz_plugin_zed_od/cmake/rviz_plugin_zed_odConfig-version.cmake
[0.113s] -- Up-to-date symlink: /home/song/zed/install/rviz_plugin_zed_od/share/rviz_plugin_zed_od/package.xml
[0.113s] -- Up-to-date: /home/song/zed/install/rviz_plugin_zed_od/lib/librviz_plugin_zed_od.so
[0.113s] -- Up-to-date: /home/song/zed/install/rviz_plugin_zed_od/share/rviz_plugin_zed_od/cmake/rviz_plugin_zed_odExport.cmake
[0.113s] -- Up-to-date: /home/song/zed/install/rviz_plugin_zed_od/share/rviz_plugin_zed_od/cmake/rviz_plugin_zed_odExport-release.cmake
[0.116s] Invoked command in '/home/song/zed/build/rviz_plugin_zed_od' returned '0': AMENT_PREFIX_PATH=/home/song/zed/install/zed_interfaces:${AMENT_PREFIX_PATH} CMAKE_PREFIX_PATH=/home/song/zed/install/zed_interfaces:/home/song/ros-zed/install/zed_ros2:/home/song/ros-zed/install/zed_wrapper:/home/song/ros-zed/install/zed_components:/home/song/ros-zed/install/zed_interfaces:/home/song/ros-zed/install/image_common:/home/song/ros-zed/install/image_transport:/home/song/ros-zed/install/camera_info_manager:/home/song/ros-zed/install/camera_calibration_parsers:/opt/ros/foxy CONDA_PROMPT_MODIFIER=(base) LD_LIBRARY_PATH=/home/song/zed/install/zed_interfaces/lib:/home/song/ros-zed/install/zed_components/lib:/home/song/ros-zed/install/zed_interfaces/lib:/home/song/ros-zed/install/image_transport/lib:/home/song/ros-zed/install/camera_info_manager/lib:/home/song/ros-zed/install/camera_calibration_parsers/lib:/opt/ros/foxy/opt/yaml_cpp_vendor/lib:/opt/ros/foxy/opt/rviz_ogre_vendor/lib:/opt/ros/foxy/lib/x86_64-linux-gnu:/opt/ros/foxy/lib:/usr/local/cuda-11.8/lib64 PYTHONPATH=/home/song/zed/install/zed_interfaces/lib/python3.9/site-packages:${PYTHONPATH} /home/song/.local/bin/cmake --install /home/song/zed/build/rviz_plugin_zed_od
