[0.145s] DEBUG:colcon:Command line arguments: ['/usr/bin/colcon', 'build', '--symlink-install', '--packages-select', 'steadylab']
[0.145s] DEBUG:colcon:Parsed command line arguments: Namespace(allow_overriding=[], ament_cmake_args=None, base_paths=['.'], build_base='build', catkin_cmake_args=None, catkin_skip_building_tests=False, cmake_args=None, cmake_clean_cache=False, cmake_clean_first=False, cmake_force_configure=False, cmake_target=None, cmake_target_skip_unavailable=False, continue_on_error=False, event_handlers=None, executor='parallel', ignore_user_meta=False, install_base='install', log_base=None, log_level=None, main=<bound method BuildVerb.main of <colcon_core.verb.build.BuildVerb object at 0x7ff3e79d2a30>>, merge_install=False, metas=['./colcon.meta'], packages_above=None, packages_above_and_dependencies=None, packages_above_depth=None, packages_end=None, packages_ignore=None, packages_ignore_regex=None, packages_select=['steadylab'], packages_select_build_failed=False, packages_select_by_dep=None, packages_select_regex=None, packages_select_test_failures=False, packages_skip=None, packages_skip_build_finished=False, packages_skip_by_dep=None, packages_skip_regex=None, packages_skip_test_passed=False, packages_skip_up_to=None, packages_start=None, packages_up_to=None, packages_up_to_regex=None, parallel_workers=20, paths=None, symlink_install=True, test_result_base=None, verb_extension=<colcon_core.verb.build.BuildVerb object at 0x7ff3e79d2a30>, verb_name='build', verb_parser=<colcon_defaults.argument_parser.defaults.DefaultArgumentsDecorator object at 0x7ff3e79d2fa0>)
[0.159s] Level 1:colcon.colcon_core.package_discovery:discover_packages(colcon_meta) check parameters
[0.159s] Level 1:colcon.colcon_core.package_discovery:discover_packages(recursive) check parameters
[0.159s] Level 1:colcon.colcon_core.package_discovery:discover_packages(ignore) check parameters
[0.159s] Level 1:colcon.colcon_core.package_discovery:discover_packages(path) check parameters
[0.159s] Level 1:colcon.colcon_core.package_discovery:discover_packages(colcon_meta) discover
[0.159s] Level 1:colcon.colcon_core.package_discovery:discover_packages(recursive) discover
[0.159s] INFO:colcon.colcon_core.package_discovery:Crawling recursively for packages in '/home/song/steadylab/src/steadylab'
[0.159s] Level 1:colcon.colcon_core.package_identification:_identify(.) by extensions ['ignore', 'ignore_ament_install']
[0.159s] Level 1:colcon.colcon_core.package_identification:_identify(.) by extension 'ignore'
[0.159s] Level 1:colcon.colcon_core.package_identification:_identify(.) by extension 'ignore_ament_install'
[0.159s] Level 1:colcon.colcon_core.package_identification:_identify(.) by extensions ['colcon_pkg']
[0.159s] Level 1:colcon.colcon_core.package_identification:_identify(.) by extension 'colcon_pkg'
[0.159s] Level 1:colcon.colcon_core.package_identification:_identify(.) by extensions ['colcon_meta']
[0.159s] Level 1:colcon.colcon_core.package_identification:_identify(.) by extension 'colcon_meta'
[0.159s] Level 1:colcon.colcon_core.package_identification:_identify(.) by extensions ['ros']
[0.159s] Level 1:colcon.colcon_core.package_identification:_identify(.) by extension 'ros'
[0.170s] DEBUG:colcon.colcon_core.package_identification:Package '.' with type 'ros.ament_python' and name 'steadylab'
[0.170s] Level 1:colcon.colcon_core.package_discovery:discover_packages(recursive) using defaults
[0.170s] Level 1:colcon.colcon_core.package_discovery:discover_packages(ignore) discover
[0.170s] Level 1:colcon.colcon_core.package_discovery:discover_packages(ignore) using defaults
[0.170s] Level 1:colcon.colcon_core.package_discovery:discover_packages(path) discover
[0.170s] Level 1:colcon.colcon_core.package_discovery:discover_packages(path) using defaults
[0.180s] Level 1:colcon.colcon_core.package_discovery:discover_packages(prefix_path) check parameters
[0.180s] Level 1:colcon.colcon_core.package_discovery:discover_packages(prefix_path) discover
[0.182s] DEBUG:colcon.colcon_installed_package_information.package_discovery:Found 19 installed packages in /home/song/steadylab/install
[0.183s] DEBUG:colcon.colcon_installed_package_information.package_discovery:Found 263 installed packages in /opt/ros/foxy
[0.183s] Level 1:colcon.colcon_core.package_discovery:discover_packages(prefix_path) using defaults
[0.214s] Level 5:colcon.colcon_core.verb:set package 'steadylab' build argument 'cmake_args' from command line to 'None'
[0.214s] Level 5:colcon.colcon_core.verb:set package 'steadylab' build argument 'cmake_target' from command line to 'None'
[0.214s] Level 5:colcon.colcon_core.verb:set package 'steadylab' build argument 'cmake_target_skip_unavailable' from command line to 'False'
[0.214s] Level 5:colcon.colcon_core.verb:set package 'steadylab' build argument 'cmake_clean_cache' from command line to 'False'
[0.214s] Level 5:colcon.colcon_core.verb:set package 'steadylab' build argument 'cmake_clean_first' from command line to 'False'
[0.214s] Level 5:colcon.colcon_core.verb:set package 'steadylab' build argument 'cmake_force_configure' from command line to 'False'
[0.214s] Level 5:colcon.colcon_core.verb:set package 'steadylab' build argument 'ament_cmake_args' from command line to 'None'
[0.214s] Level 5:colcon.colcon_core.verb:set package 'steadylab' build argument 'catkin_cmake_args' from command line to 'None'
[0.214s] Level 5:colcon.colcon_core.verb:set package 'steadylab' build argument 'catkin_skip_building_tests' from command line to 'False'
[0.214s] DEBUG:colcon.colcon_core.verb:Building package 'steadylab' with the following arguments: {'ament_cmake_args': None, 'build_base': '/home/song/steadylab/src/steadylab/build/steadylab', 'catkin_cmake_args': None, 'catkin_skip_building_tests': False, 'cmake_args': None, 'cmake_clean_cache': False, 'cmake_clean_first': False, 'cmake_force_configure': False, 'cmake_target': None, 'cmake_target_skip_unavailable': False, 'install_base': '/home/song/steadylab/src/steadylab/install/steadylab', 'merge_install': False, 'path': '/home/song/steadylab/src/steadylab', 'symlink_install': True, 'test_result_base': None}
[0.214s] INFO:colcon.colcon_core.executor:Executing jobs using 'parallel' executor
[0.216s] DEBUG:colcon.colcon_parallel_executor.executor.parallel:run_until_complete
[0.216s] INFO:colcon.colcon_ros.task.ament_python.build:Building ROS package in '/home/song/steadylab/src/steadylab' with build type 'ament_python'
[0.216s] Level 1:colcon.colcon_core.shell:create_environment_hook('steadylab', 'ament_prefix_path')
[0.218s] INFO:colcon.colcon_core.plugin_system:Skipping extension 'colcon_core.shell.bat': Not used on non-Windows systems
[0.219s] INFO:colcon.colcon_core.shell:Creating environment hook '/home/song/steadylab/src/steadylab/install/steadylab/share/steadylab/hook/ament_prefix_path.ps1'
[0.219s] INFO:colcon.colcon_core.shell:Creating environment descriptor '/home/song/steadylab/src/steadylab/install/steadylab/share/steadylab/hook/ament_prefix_path.dsv'
[0.219s] INFO:colcon.colcon_core.shell:Creating environment hook '/home/song/steadylab/src/steadylab/install/steadylab/share/steadylab/hook/ament_prefix_path.sh'
[0.220s] INFO:colcon.colcon_core.shell:Skip shell extension 'powershell' for command environment: Not usable outside of PowerShell
[0.220s] DEBUG:colcon.colcon_core.shell:Skip shell extension 'dsv' for command environment
[0.340s] INFO:colcon.colcon_core.task.python.build:Building Python package in '/home/song/steadylab/src/steadylab'
[0.341s] INFO:colcon.colcon_core.shell:Skip shell extension 'powershell' for command environment: Not usable outside of PowerShell
[0.341s] DEBUG:colcon.colcon_core.shell:Skip shell extension 'dsv' for command environment
[0.530s] DEBUG:colcon.colcon_core.event_handler.log_command:Invoking command in '/home/song/steadylab/src/steadylab/build/steadylab': CONDA_PROMPT_MODIFIER=(base) PYTHONPATH=/home/song/steadylab/src/steadylab/build/steadylab/prefix_override:/home/song/steadylab/src/steadylab/install/steadylab/lib/python3.8/site-packages:${PYTHONPATH} /usr/bin/python3 setup.py develop --editable --build-directory /home/song/steadylab/src/steadylab/build/steadylab/build --no-deps install_data
[0.750s] Level 1:colcon.colcon_core.shell:create_environment_hook('steadylab', 'pythonpath_develop')
[0.751s] INFO:colcon.colcon_core.shell:Creating environment hook '/home/song/steadylab/src/steadylab/build/steadylab/share/steadylab/hook/pythonpath_develop.ps1'
[0.751s] DEBUG:colcon.colcon_core.event_handler.log_command:Invoked command in '/home/song/steadylab/src/steadylab/build/steadylab' returned '0': CONDA_PROMPT_MODIFIER=(base) PYTHONPATH=/home/song/steadylab/src/steadylab/build/steadylab/prefix_override:/home/song/steadylab/src/steadylab/install/steadylab/lib/python3.8/site-packages:${PYTHONPATH} /usr/bin/python3 setup.py develop --editable --build-directory /home/song/steadylab/src/steadylab/build/steadylab/build --no-deps install_data
[0.751s] INFO:colcon.colcon_core.shell:Creating environment descriptor '/home/song/steadylab/src/steadylab/build/steadylab/share/steadylab/hook/pythonpath_develop.dsv'
[0.752s] INFO:colcon.colcon_core.shell:Creating environment hook '/home/song/steadylab/src/steadylab/build/steadylab/share/steadylab/hook/pythonpath_develop.sh'
[0.754s] Level 1:colcon.colcon_core.environment:checking '/home/song/steadylab/src/steadylab/install/steadylab' for CMake module files
[0.755s] Level 1:colcon.colcon_core.environment:checking '/home/song/steadylab/src/steadylab/install/steadylab' for CMake config files
[0.755s] Level 1:colcon.colcon_core.environment:checking '/home/song/steadylab/src/steadylab/install/steadylab/lib'
[0.755s] Level 1:colcon.colcon_core.environment:checking '/home/song/steadylab/src/steadylab/install/steadylab/bin'
[0.755s] Level 1:colcon.colcon_core.environment:checking '/home/song/steadylab/src/steadylab/install/steadylab/lib/pkgconfig/steadylab.pc'
[0.755s] Level 1:colcon.colcon_core.environment:checking '/home/song/steadylab/src/steadylab/install/steadylab/lib/python3.8/site-packages'
[0.755s] Level 1:colcon.colcon_core.shell:create_environment_hook('steadylab', 'pythonpath')
[0.756s] INFO:colcon.colcon_core.shell:Creating environment hook '/home/song/steadylab/src/steadylab/install/steadylab/share/steadylab/hook/pythonpath.ps1'
[0.756s] INFO:colcon.colcon_core.shell:Creating environment descriptor '/home/song/steadylab/src/steadylab/install/steadylab/share/steadylab/hook/pythonpath.dsv'
[0.756s] INFO:colcon.colcon_core.shell:Creating environment hook '/home/song/steadylab/src/steadylab/install/steadylab/share/steadylab/hook/pythonpath.sh'
[0.756s] Level 1:colcon.colcon_core.environment:checking '/home/song/steadylab/src/steadylab/install/steadylab/bin'
[0.756s] Level 1:colcon.colcon_core.environment:create_environment_scripts_only(steadylab)
[0.757s] INFO:colcon.colcon_core.shell:Creating package script '/home/song/steadylab/src/steadylab/install/steadylab/share/steadylab/package.ps1'
[0.758s] INFO:colcon.colcon_core.shell:Creating package descriptor '/home/song/steadylab/src/steadylab/install/steadylab/share/steadylab/package.dsv'
[0.758s] INFO:colcon.colcon_core.shell:Creating package script '/home/song/steadylab/src/steadylab/install/steadylab/share/steadylab/package.sh'
[0.758s] INFO:colcon.colcon_core.shell:Creating package script '/home/song/steadylab/src/steadylab/install/steadylab/share/steadylab/package.bash'
[0.758s] INFO:colcon.colcon_core.shell:Creating package script '/home/song/steadylab/src/steadylab/install/steadylab/share/steadylab/package.zsh'
[0.759s] Level 1:colcon.colcon_core.environment:create_file_with_runtime_dependencies(/home/song/steadylab/src/steadylab/install/steadylab/share/colcon-core/packages/steadylab)
[0.759s] DEBUG:colcon.colcon_parallel_executor.executor.parallel:closing loop
[0.759s] DEBUG:colcon.colcon_parallel_executor.executor.parallel:loop closed
[0.759s] DEBUG:colcon.colcon_parallel_executor.executor.parallel:run_until_complete finished with '0'
[0.759s] DEBUG:colcon.colcon_core.event_reactor:joining thread
[0.762s] INFO:colcon.colcon_core.plugin_system:Skipping extension 'colcon_notification.desktop_notification.terminal_notifier': Not used on non-Darwin systems
[0.762s] INFO:colcon.colcon_core.plugin_system:Skipping extension 'colcon_notification.desktop_notification.win32': Not used on non-Windows systems
[0.762s] INFO:colcon.colcon_notification.desktop_notification:Sending desktop notification using 'notify2'
[0.776s] DEBUG:colcon.colcon_core.event_reactor:joined thread
[0.777s] INFO:colcon.colcon_core.shell:Creating prefix script '/home/song/steadylab/src/steadylab/install/local_setup.ps1'
[0.777s] INFO:colcon.colcon_core.shell:Creating prefix util module '/home/song/steadylab/src/steadylab/install/_local_setup_util_ps1.py'
[0.778s] INFO:colcon.colcon_core.shell:Creating prefix chain script '/home/song/steadylab/src/steadylab/install/setup.ps1'
[0.779s] INFO:colcon.colcon_core.shell:Creating prefix script '/home/song/steadylab/src/steadylab/install/local_setup.sh'
[0.779s] INFO:colcon.colcon_core.shell:Creating prefix util module '/home/song/steadylab/src/steadylab/install/_local_setup_util_sh.py'
[0.779s] INFO:colcon.colcon_core.shell:Creating prefix chain script '/home/song/steadylab/src/steadylab/install/setup.sh'
[0.780s] INFO:colcon.colcon_core.shell:Creating prefix script '/home/song/steadylab/src/steadylab/install/local_setup.bash'
[0.780s] INFO:colcon.colcon_core.shell:Creating prefix chain script '/home/song/steadylab/src/steadylab/install/setup.bash'
[0.781s] INFO:colcon.colcon_core.shell:Creating prefix script '/home/song/steadylab/src/steadylab/install/local_setup.zsh'
[0.781s] INFO:colcon.colcon_core.shell:Creating prefix chain script '/home/song/steadylab/src/steadylab/install/setup.zsh'
