[0.029s] Invoking command in '/home/song/zed/build/zed_tutorial_depth': CMAKE_PREFIX_PATH=${CMAKE_PREFIX_PATH}:/home/song/zed/install/steadylab:/opt/ros/foxy CONDA_PROMPT_MODIFIER=(base) /home/song/.local/bin/cmake /home/song/zed/src/zed-ros2-examples/tutorials/zed_depth_tutorial -DAMENT_CMAKE_SYMLINK_INSTALL=1 -DCMAKE_INSTALL_PREFIX=/home/song/zed/install/zed_tutorial_depth
[0.047s] -- Found ament_cmake_auto: 0.9.12 (/opt/ros/foxy/share/ament_cmake_auto/cmake)
[0.065s] -- Using PYTHON_EXECUTABLE: /home/song/anaconda3/bin/python3
[0.203s] -- Override CMake install command with custom implementation using symlinks instead of copying resources
[0.276s] -- Using all available rosidl_typesupport_c: rosidl_typesupport_fastrtps_c;rosidl_typesupport_introspection_c
[0.278s] -- Found rosidl_adapter: 1.3.1 (/opt/ros/foxy/share/rosidl_adapter/cmake)
[0.371s] -- Using all available rosidl_typesupport_cpp: rosidl_typesupport_fastrtps_cpp;rosidl_typesupport_introspection_cpp
[0.400s] -- Found rmw_implementation_cmake: 1.0.4 (/opt/ros/foxy/share/rmw_implementation_cmake/cmake)
[0.401s] -- Using RMW implementation 'rmw_fastrtps_cpp' as default
[0.552s] -- Found ament_lint_auto: 0.9.8 (/opt/ros/foxy/share/ament_lint_auto/cmake)
[0.565s] -- Added test 'copyright' to check source files copyright and LICENSE
[0.565s] -- Added test 'cppcheck' to perform static code analysis on C / C++ code
[0.565s] -- Configured cppcheck include dirs: 
[0.566s] -- Configured cppcheck exclude dirs and/or files: 
[0.566s] -- Added test 'cpplint' to check C / C++ code against the Google style
[0.566s] -- Configured cpplint exclude dirs and/or files: 
[0.566s] -- Added test 'lint_cmake' to check CMake code style
[0.566s] -- Added test 'uncrustify' to check C / C++ code style
[0.566s] -- Configured uncrustify additional arguments: 
[0.567s] -- Added test 'xmllint' to check XML markup files
[0.567s] -- Configuring done (0.5s)
[0.573s] -- Generating done (0.0s)
[0.574s] -- Build files have been written to: /home/song/zed/build/zed_tutorial_depth
[0.581s] Invoked command in '/home/song/zed/build/zed_tutorial_depth' returned '0': CMAKE_PREFIX_PATH=${CMAKE_PREFIX_PATH}:/home/song/zed/install/steadylab:/opt/ros/foxy CONDA_PROMPT_MODIFIER=(base) /home/song/.local/bin/cmake /home/song/zed/src/zed-ros2-examples/tutorials/zed_depth_tutorial -DAMENT_CMAKE_SYMLINK_INSTALL=1 -DCMAKE_INSTALL_PREFIX=/home/song/zed/install/zed_tutorial_depth
[0.584s] Invoking command in '/home/song/zed/build/zed_tutorial_depth': CMAKE_PREFIX_PATH=${CMAKE_PREFIX_PATH}:/home/song/zed/install/steadylab:/opt/ros/foxy CONDA_PROMPT_MODIFIER=(base) /home/song/.local/bin/cmake --build /home/song/zed/build/zed_tutorial_depth -- -j20 -l20
[0.623s] [100%] Built target zed_tutorial_depth
[0.627s] Invoked command in '/home/song/zed/build/zed_tutorial_depth' returned '0': CMAKE_PREFIX_PATH=${CMAKE_PREFIX_PATH}:/home/song/zed/install/steadylab:/opt/ros/foxy CONDA_PROMPT_MODIFIER=(base) /home/song/.local/bin/cmake --build /home/song/zed/build/zed_tutorial_depth -- -j20 -l20
[0.681s] Invoking command in '/home/song/zed/build/zed_tutorial_depth': CMAKE_PREFIX_PATH=${CMAKE_PREFIX_PATH}:/home/song/zed/install/steadylab:/opt/ros/foxy CONDA_PROMPT_MODIFIER=(base) /home/song/.local/bin/cmake --install /home/song/zed/build/zed_tutorial_depth
[0.698s] -- Install configuration: "Release"
[0.699s] -- Execute custom install script
[0.699s] -- Up-to-date symlink: /home/song/zed/install/zed_tutorial_depth/lib/zed_tutorial_depth/zed_tutorial_depth
[0.699s] -- Up-to-date symlink: /home/song/zed/install/zed_tutorial_depth/share/ament_index/resource_index/package_run_dependencies/zed_tutorial_depth
[0.699s] -- Up-to-date symlink: /home/song/zed/install/zed_tutorial_depth/share/ament_index/resource_index/parent_prefix_path/zed_tutorial_depth
[0.699s] -- Up-to-date symlink: /home/song/zed/install/zed_tutorial_depth/share/zed_tutorial_depth/environment/ament_prefix_path.sh
[0.699s] -- Up-to-date symlink: /home/song/zed/install/zed_tutorial_depth/share/zed_tutorial_depth/environment/ament_prefix_path.dsv
[0.699s] -- Up-to-date symlink: /home/song/zed/install/zed_tutorial_depth/share/zed_tutorial_depth/environment/path.sh
[0.700s] -- Up-to-date symlink: /home/song/zed/install/zed_tutorial_depth/share/zed_tutorial_depth/environment/path.dsv
[0.700s] -- Up-to-date symlink: /home/song/zed/install/zed_tutorial_depth/share/zed_tutorial_depth/local_setup.bash
[0.700s] -- Up-to-date symlink: /home/song/zed/install/zed_tutorial_depth/share/zed_tutorial_depth/local_setup.sh
[0.700s] -- Up-to-date symlink: /home/song/zed/install/zed_tutorial_depth/share/zed_tutorial_depth/local_setup.zsh
[0.700s] -- Up-to-date symlink: /home/song/zed/install/zed_tutorial_depth/share/zed_tutorial_depth/local_setup.dsv
[0.700s] -- Symlinking: /home/song/zed/install/zed_tutorial_depth/share/zed_tutorial_depth/package.dsv
[0.701s] -- Up-to-date symlink: /home/song/zed/install/zed_tutorial_depth/share/ament_index/resource_index/packages/zed_tutorial_depth
[0.701s] -- Up-to-date symlink: /home/song/zed/install/zed_tutorial_depth/share/zed_tutorial_depth/cmake/zed_tutorial_depthConfig.cmake
[0.701s] -- Up-to-date symlink: /home/song/zed/install/zed_tutorial_depth/share/zed_tutorial_depth/cmake/zed_tutorial_depthConfig-version.cmake
[0.702s] -- Up-to-date symlink: /home/song/zed/install/zed_tutorial_depth/share/zed_tutorial_depth/package.xml
[0.707s] Invoked command in '/home/song/zed/build/zed_tutorial_depth' returned '0': CMAKE_PREFIX_PATH=${CMAKE_PREFIX_PATH}:/home/song/zed/install/steadylab:/opt/ros/foxy CONDA_PROMPT_MODIFIER=(base) /home/song/.local/bin/cmake --install /home/song/zed/build/zed_tutorial_depth
