-- The C compiler identification is GNU 9.4.0
-- The CXX compiler identification is GNU 9.4.0
-- Detecting C compiler ABI info
-- Detecting C compiler ABI info - done
-- Check for working C compiler: /usr/bin/cc - skipped
-- Detecting C compile features
-- Detecting C compile features - done
-- Detecting CXX compiler ABI info
-- Detecting CXX compiler ABI info - done
-- Check for working CXX compiler: /usr/bin/c++ - skipped
-- Detecting CXX compile features
-- Detecting CXX compile features - done
-- Found ament_cmake_auto: 0.9.12 (/opt/ros/foxy/share/ament_cmake_auto/cmake)
-- Found PythonInterp: /home/song/anaconda3/bin/python3 (found suitable version "3.9.13", minimum required is "3") 
-- Using PYTHON_EXECUTABLE: /home/song/anaconda3/bin/python3
-- Override CMake install command with custom implementation using symlinks instead of copying resources
-- Using all available rosidl_typesupport_c: rosidl_typesupport_fastrtps_c;rosidl_typesupport_introspection_c
-- Found rosidl_adapter: 1.3.1 (/opt/ros/foxy/share/rosidl_adapter/cmake)
-- Found OpenSSL: /usr/lib/x86_64-linux-gnu/libcrypto.so (found version "1.1.1f")  
-- Found FastRTPS: /opt/ros/foxy/include  
-- Using all available rosidl_typesupport_cpp: rosidl_typesupport_fastrtps_cpp;rosidl_typesupport_introspection_cpp
-- Found rmw_implementation_cmake: 1.0.4 (/opt/ros/foxy/share/rmw_implementation_cmake/cmake)
-- Using RMW implementation 'rmw_fastrtps_cpp' as default
-- Performing Test CMAKE_HAVE_LIBC_PTHREAD
-- Performing Test CMAKE_HAVE_LIBC_PTHREAD - Failed
-- Looking for pthread_create in pthreads
-- Looking for pthread_create in pthreads - not found
-- Looking for pthread_create in pthread
-- Looking for pthread_create in pthread - found
-- Found Threads: TRUE  
-- Found ament_lint_auto: 0.9.8 (/opt/ros/foxy/share/ament_lint_auto/cmake)
-- Configuring done (0.9s)
-- Generating done (0.0s)
-- Build files have been written to: /home/song/zed/build/zed_tutorial_video
[ 50%] [32mBuilding CXX object CMakeFiles/zed_tutorial_video.dir/src/zed_video_sub_tutorial.cpp.o[0m
[100%] [32m[1mLinking CXX executable zed_tutorial_video[0m
[100%] Built target zed_tutorial_video
-- Install configuration: "Release"
-- Execute custom install script
-- Symlinking: /home/song/zed/install/zed_tutorial_video/lib/zed_tutorial_video/zed_tutorial_video
-- Symlinking: /home/song/zed/install/zed_tutorial_video/share/ament_index/resource_index/package_run_dependencies/zed_tutorial_video
-- Symlinking: /home/song/zed/install/zed_tutorial_video/share/ament_index/resource_index/parent_prefix_path/zed_tutorial_video
-- Symlinking: /home/song/zed/install/zed_tutorial_video/share/zed_tutorial_video/environment/ament_prefix_path.sh
-- Symlinking: /home/song/zed/install/zed_tutorial_video/share/zed_tutorial_video/environment/ament_prefix_path.dsv
-- Symlinking: /home/song/zed/install/zed_tutorial_video/share/zed_tutorial_video/environment/path.sh
-- Symlinking: /home/song/zed/install/zed_tutorial_video/share/zed_tutorial_video/environment/path.dsv
-- Symlinking: /home/song/zed/install/zed_tutorial_video/share/zed_tutorial_video/local_setup.bash
-- Symlinking: /home/song/zed/install/zed_tutorial_video/share/zed_tutorial_video/local_setup.sh
-- Symlinking: /home/song/zed/install/zed_tutorial_video/share/zed_tutorial_video/local_setup.zsh
-- Symlinking: /home/song/zed/install/zed_tutorial_video/share/zed_tutorial_video/local_setup.dsv
-- Symlinking: /home/song/zed/install/zed_tutorial_video/share/zed_tutorial_video/package.dsv
-- Symlinking: /home/song/zed/install/zed_tutorial_video/share/ament_index/resource_index/packages/zed_tutorial_video
-- Symlinking: /home/song/zed/install/zed_tutorial_video/share/zed_tutorial_video/cmake/zed_tutorial_videoConfig.cmake
-- Symlinking: /home/song/zed/install/zed_tutorial_video/share/zed_tutorial_video/cmake/zed_tutorial_videoConfig-version.cmake
-- Symlinking: /home/song/zed/install/zed_tutorial_video/share/zed_tutorial_video/package.xml
