[0.024s] Invoking command in '/home/song/zed/build/zed_tutorial_video': CMAKE_PREFIX_PATH=${CMAKE_PREFIX_PATH}:/opt/ros/foxy CONDA_PROMPT_MODIFIER=(base) /home/song/.local/bin/cmake /home/song/zed/src/zed-ros2-examples/tutorials/zed_video_tutorial -DCMAKE_BUILD_TYPE=Release -DAMENT_CMAKE_SYMLINK_INSTALL=1 -DCMAKE_INSTALL_PREFIX=/home/song/zed/install/zed_tutorial_video
[0.081s] -- The C compiler identification is GNU 9.4.0
[0.124s] -- The CXX compiler identification is GNU 9.4.0
[0.133s] -- Detecting C compiler ABI info
[0.167s] -- Detecting C compiler ABI info - done
[0.180s] -- Check for working C compiler: /usr/bin/cc - skipped
[0.180s] -- Detecting C compile features
[0.180s] -- Detecting C compile features - done
[0.183s] -- Detecting CXX compiler ABI info
[0.227s] -- Detecting CXX compiler ABI info - done
[0.239s] -- Check for working CXX compiler: /usr/bin/c++ - skipped
[0.241s] -- Detecting CXX compile features
[0.241s] -- Detecting CXX compile features - done
[0.241s] -- Found ament_cmake_auto: 0.9.12 (/opt/ros/foxy/share/ament_cmake_auto/cmake)
[0.263s] -- Found PythonInterp: /home/song/anaconda3/bin/python3 (found suitable version "3.9.13", minimum required is "3") 
[0.263s] -- Using PYTHON_EXECUTABLE: /home/song/anaconda3/bin/python3
[0.398s] -- Override CMake install command with custom implementation using symlinks instead of copying resources
[0.488s] -- Using all available rosidl_typesupport_c: rosidl_typesupport_fastrtps_c;rosidl_typesupport_introspection_c
[0.492s] -- Found rosidl_adapter: 1.3.1 (/opt/ros/foxy/share/rosidl_adapter/cmake)
[0.540s] -- Found OpenSSL: /usr/lib/x86_64-linux-gnu/libcrypto.so (found version "1.1.1f")  
[0.562s] -- Found FastRTPS: /opt/ros/foxy/include  
[0.613s] -- Using all available rosidl_typesupport_cpp: rosidl_typesupport_fastrtps_cpp;rosidl_typesupport_introspection_cpp
[0.647s] -- Found rmw_implementation_cmake: 1.0.4 (/opt/ros/foxy/share/rmw_implementation_cmake/cmake)
[0.647s] -- Using RMW implementation 'rmw_fastrtps_cpp' as default
[0.647s] -- Performing Test CMAKE_HAVE_LIBC_PTHREAD
[0.683s] -- Performing Test CMAKE_HAVE_LIBC_PTHREAD - Failed
[0.683s] -- Looking for pthread_create in pthreads
[0.713s] -- Looking for pthread_create in pthreads - not found
[0.713s] -- Looking for pthread_create in pthread
[0.751s] -- Looking for pthread_create in pthread - found
[0.752s] -- Found Threads: TRUE  
[0.923s] -- Found ament_lint_auto: 0.9.8 (/opt/ros/foxy/share/ament_lint_auto/cmake)
[0.929s] -- Configuring done (0.9s)
[0.933s] -- Generating done (0.0s)
[0.934s] -- Build files have been written to: /home/song/zed/build/zed_tutorial_video
[0.943s] Invoked command in '/home/song/zed/build/zed_tutorial_video' returned '0': CMAKE_PREFIX_PATH=${CMAKE_PREFIX_PATH}:/opt/ros/foxy CONDA_PROMPT_MODIFIER=(base) /home/song/.local/bin/cmake /home/song/zed/src/zed-ros2-examples/tutorials/zed_video_tutorial -DCMAKE_BUILD_TYPE=Release -DAMENT_CMAKE_SYMLINK_INSTALL=1 -DCMAKE_INSTALL_PREFIX=/home/song/zed/install/zed_tutorial_video
[0.946s] Invoking command in '/home/song/zed/build/zed_tutorial_video': CMAKE_PREFIX_PATH=${CMAKE_PREFIX_PATH}:/opt/ros/foxy CONDA_PROMPT_MODIFIER=(base) /home/song/.local/bin/cmake --build /home/song/zed/build/zed_tutorial_video -- -j20 -l20
[0.975s] [ 50%] [32mBuilding CXX object CMakeFiles/zed_tutorial_video.dir/src/zed_video_sub_tutorial.cpp.o[0m
[4.616s] [100%] [32m[1mLinking CXX executable zed_tutorial_video[0m
[4.687s] [100%] Built target zed_tutorial_video
[4.695s] Invoked command in '/home/song/zed/build/zed_tutorial_video' returned '0': CMAKE_PREFIX_PATH=${CMAKE_PREFIX_PATH}:/opt/ros/foxy CONDA_PROMPT_MODIFIER=(base) /home/song/.local/bin/cmake --build /home/song/zed/build/zed_tutorial_video -- -j20 -l20
[4.725s] Invoking command in '/home/song/zed/build/zed_tutorial_video': CMAKE_PREFIX_PATH=${CMAKE_PREFIX_PATH}:/opt/ros/foxy CONDA_PROMPT_MODIFIER=(base) /home/song/.local/bin/cmake --install /home/song/zed/build/zed_tutorial_video
[4.742s] -- Install configuration: "Release"
[4.742s] -- Execute custom install script
[4.742s] -- Symlinking: /home/song/zed/install/zed_tutorial_video/lib/zed_tutorial_video/zed_tutorial_video
[4.744s] -- Symlinking: /home/song/zed/install/zed_tutorial_video/share/ament_index/resource_index/package_run_dependencies/zed_tutorial_video
[4.746s] -- Symlinking: /home/song/zed/install/zed_tutorial_video/share/ament_index/resource_index/parent_prefix_path/zed_tutorial_video
[4.747s] -- Symlinking: /home/song/zed/install/zed_tutorial_video/share/zed_tutorial_video/environment/ament_prefix_path.sh
[4.749s] -- Symlinking: /home/song/zed/install/zed_tutorial_video/share/zed_tutorial_video/environment/ament_prefix_path.dsv
[4.751s] -- Symlinking: /home/song/zed/install/zed_tutorial_video/share/zed_tutorial_video/environment/path.sh
[4.752s] -- Symlinking: /home/song/zed/install/zed_tutorial_video/share/zed_tutorial_video/environment/path.dsv
[4.754s] -- Symlinking: /home/song/zed/install/zed_tutorial_video/share/zed_tutorial_video/local_setup.bash
[4.759s] -- Symlinking: /home/song/zed/install/zed_tutorial_video/share/zed_tutorial_video/local_setup.sh
[4.759s] -- Symlinking: /home/song/zed/install/zed_tutorial_video/share/zed_tutorial_video/local_setup.zsh
[4.760s] -- Symlinking: /home/song/zed/install/zed_tutorial_video/share/zed_tutorial_video/local_setup.dsv
[4.762s] -- Symlinking: /home/song/zed/install/zed_tutorial_video/share/zed_tutorial_video/package.dsv
[4.763s] -- Symlinking: /home/song/zed/install/zed_tutorial_video/share/ament_index/resource_index/packages/zed_tutorial_video
[4.765s] -- Symlinking: /home/song/zed/install/zed_tutorial_video/share/zed_tutorial_video/cmake/zed_tutorial_videoConfig.cmake
[4.767s] -- Symlinking: /home/song/zed/install/zed_tutorial_video/share/zed_tutorial_video/cmake/zed_tutorial_videoConfig-version.cmake
[4.769s] -- Symlinking: /home/song/zed/install/zed_tutorial_video/share/zed_tutorial_video/package.xml
[4.777s] Invoked command in '/home/song/zed/build/zed_tutorial_video' returned '0': CMAKE_PREFIX_PATH=${CMAKE_PREFIX_PATH}:/opt/ros/foxy CONDA_PROMPT_MODIFIER=(base) /home/song/.local/bin/cmake --install /home/song/zed/build/zed_tutorial_video
