-- The C compiler identification is GNU 9.4.0
-- The CXX compiler identification is GNU 9.4.0
-- Detecting C compiler ABI info
-- Detecting C compiler ABI info - done
-- Check for working C compiler: /usr/bin/cc - skipped
-- Detecting C compile features
-- Detecting C compile features - done
-- Detecting CXX compiler ABI info
-- Detecting CXX compiler ABI info - done
-- Check for working CXX compiler: /usr/bin/c++ - skipped
-- Detecting CXX compile features
-- Detecting CXX compile features - done
-- Found ament_cmake_auto: 0.9.12 (/opt/ros/foxy/share/ament_cmake_auto/cmake)
-- Found PythonInterp: /home/song/anaconda3/bin/python3 (found suitable version "3.9.13", minimum required is "3") 
-- Using PYTHON_EXECUTABLE: /home/song/anaconda3/bin/python3
-- Override CMake install command with custom implementation using symlinks instead of copying resources
-- Using all available rosidl_typesupport_c: rosidl_typesupport_fastrtps_c;rosidl_typesupport_introspection_c
-- Found rosidl_adapter: 1.3.1 (/opt/ros/foxy/share/rosidl_adapter/cmake)
-- Found OpenSSL: /usr/lib/x86_64-linux-gnu/libcrypto.so (found version "1.1.1f")  
-- Found FastRTPS: /opt/ros/foxy/include  
-- Using all available rosidl_typesupport_cpp: rosidl_typesupport_fastrtps_cpp;rosidl_typesupport_introspection_cpp
-- Found rmw_implementation_cmake: 1.0.4 (/opt/ros/foxy/share/rmw_implementation_cmake/cmake)
-- Using RMW implementation 'rmw_fastrtps_cpp' as default
-- Performing Test CMAKE_HAVE_LIBC_PTHREAD
-- Performing Test CMAKE_HAVE_LIBC_PTHREAD - Failed
-- Looking for pthread_create in pthreads
-- Looking for pthread_create in pthreads - not found
-- Looking for pthread_create in pthread
-- Looking for pthread_create in pthread - found
-- Found Threads: TRUE  
-- Found ament_lint_auto: 0.9.8 (/opt/ros/foxy/share/ament_lint_auto/cmake)
-- Added test 'copyright' to check source files copyright and LICENSE
-- Added test 'cppcheck' to perform static code analysis on C / C++ code
-- Configured cppcheck include dirs: 
-- Configured cppcheck exclude dirs and/or files: 
-- Added test 'cpplint' to check C / C++ code against the Google style
-- Configured cpplint exclude dirs and/or files: 
-- Added test 'lint_cmake' to check CMake code style
-- Added test 'uncrustify' to check C / C++ code style
-- Configured uncrustify additional arguments: 
-- Added test 'xmllint' to check XML markup files
-- Configuring done (1.3s)
-- Generating done (0.0s)
-- Build files have been written to: /home/song/steadylab/build/zed_tutorial_pos_tracking
[ 50%] [32mBuilding CXX object CMakeFiles/zed_tutorial_pos_tracking.dir/src/zed_tutorial_pos_tracking.cpp.o[0m
[100%] [32m[1mLinking CXX executable zed_tutorial_pos_tracking[0m
[100%] Built target zed_tutorial_pos_tracking
-- Install configuration: "Release"
-- Execute custom install script
-- Symlinking: /home/song/steadylab/install/zed_tutorial_pos_tracking/lib/zed_tutorial_pos_tracking/zed_tutorial_pos_tracking
-- Symlinking: /home/song/steadylab/install/zed_tutorial_pos_tracking/share/ament_index/resource_index/package_run_dependencies/zed_tutorial_pos_tracking
-- Symlinking: /home/song/steadylab/install/zed_tutorial_pos_tracking/share/ament_index/resource_index/parent_prefix_path/zed_tutorial_pos_tracking
-- Symlinking: /home/song/steadylab/install/zed_tutorial_pos_tracking/share/zed_tutorial_pos_tracking/environment/ament_prefix_path.sh
-- Symlinking: /home/song/steadylab/install/zed_tutorial_pos_tracking/share/zed_tutorial_pos_tracking/environment/ament_prefix_path.dsv
-- Symlinking: /home/song/steadylab/install/zed_tutorial_pos_tracking/share/zed_tutorial_pos_tracking/environment/path.sh
-- Symlinking: /home/song/steadylab/install/zed_tutorial_pos_tracking/share/zed_tutorial_pos_tracking/environment/path.dsv
-- Symlinking: /home/song/steadylab/install/zed_tutorial_pos_tracking/share/zed_tutorial_pos_tracking/local_setup.bash
-- Symlinking: /home/song/steadylab/install/zed_tutorial_pos_tracking/share/zed_tutorial_pos_tracking/local_setup.sh
-- Symlinking: /home/song/steadylab/install/zed_tutorial_pos_tracking/share/zed_tutorial_pos_tracking/local_setup.zsh
-- Symlinking: /home/song/steadylab/install/zed_tutorial_pos_tracking/share/zed_tutorial_pos_tracking/local_setup.dsv
-- Symlinking: /home/song/steadylab/install/zed_tutorial_pos_tracking/share/zed_tutorial_pos_tracking/package.dsv
-- Symlinking: /home/song/steadylab/install/zed_tutorial_pos_tracking/share/ament_index/resource_index/packages/zed_tutorial_pos_tracking
-- Symlinking: /home/song/steadylab/install/zed_tutorial_pos_tracking/share/zed_tutorial_pos_tracking/cmake/zed_tutorial_pos_trackingConfig.cmake
-- Symlinking: /home/song/steadylab/install/zed_tutorial_pos_tracking/share/zed_tutorial_pos_tracking/cmake/zed_tutorial_pos_trackingConfig-version.cmake
-- Symlinking: /home/song/steadylab/install/zed_tutorial_pos_tracking/share/zed_tutorial_pos_tracking/package.xml
