[0.153s] Invoking command in '/home/song/steadylab/build/zed_tutorial_pos_tracking': CMAKE_PREFIX_PATH=${CMAKE_PREFIX_PATH}:/home/song/zed/install/steadylab:/opt/ros/foxy CONDA_PROMPT_MODIFIER=(base) /home/song/.local/bin/cmake /home/song/steadylab/src/zed-ros2-examples/tutorials/zed_pose_tutorial -DAMENT_CMAKE_SYMLINK_INSTALL=1 -DCMAKE_INSTALL_PREFIX=/home/song/steadylab/install/zed_tutorial_pos_tracking
[0.197s] -- The C compiler identification is GNU 9.4.0
[0.255s] -- The CXX compiler identification is GNU 9.4.0
[0.261s] -- Detecting C compiler ABI info
[0.296s] -- Detecting C compiler ABI info - done
[0.305s] -- Check for working C compiler: /usr/bin/cc - skipped
[0.305s] -- Detecting C compile features
[0.306s] -- Detecting C compile features - done
[0.308s] -- Detecting CXX compiler ABI info
[0.355s] -- Detecting CXX compiler ABI info - done
[0.366s] -- Check for working CXX compiler: /usr/bin/c++ - skipped
[0.367s] -- Detecting CXX compile features
[0.367s] -- Detecting CXX compile features - done
[0.369s] -- Found ament_cmake_auto: 0.9.12 (/opt/ros/foxy/share/ament_cmake_auto/cmake)
[0.396s] -- Found PythonInterp: /home/song/anaconda3/bin/python3 (found suitable version "3.9.13", minimum required is "3") 
[0.396s] -- Using PYTHON_EXECUTABLE: /home/song/anaconda3/bin/python3
[0.530s] -- Override CMake install command with custom implementation using symlinks instead of copying resources
[0.617s] -- Using all available rosidl_typesupport_c: rosidl_typesupport_fastrtps_c;rosidl_typesupport_introspection_c
[0.621s] -- Found rosidl_adapter: 1.3.1 (/opt/ros/foxy/share/rosidl_adapter/cmake)
[0.667s] -- Found OpenSSL: /usr/lib/x86_64-linux-gnu/libcrypto.so (found version "1.1.1f")  
[0.689s] -- Found FastRTPS: /opt/ros/foxy/include  
[0.753s] -- Using all available rosidl_typesupport_cpp: rosidl_typesupport_fastrtps_cpp;rosidl_typesupport_introspection_cpp
[0.787s] -- Found rmw_implementation_cmake: 1.0.4 (/opt/ros/foxy/share/rmw_implementation_cmake/cmake)
[0.788s] -- Using RMW implementation 'rmw_fastrtps_cpp' as default
[0.789s] -- Performing Test CMAKE_HAVE_LIBC_PTHREAD
[0.830s] -- Performing Test CMAKE_HAVE_LIBC_PTHREAD - Failed
[0.830s] -- Looking for pthread_create in pthreads
[0.861s] -- Looking for pthread_create in pthreads - not found
[0.861s] -- Looking for pthread_create in pthread
[0.898s] -- Looking for pthread_create in pthread - found
[0.899s] -- Found Threads: TRUE  
[1.405s] -- Found ament_lint_auto: 0.9.8 (/opt/ros/foxy/share/ament_lint_auto/cmake)
[1.450s] -- Added test 'copyright' to check source files copyright and LICENSE
[1.452s] -- Added test 'cppcheck' to perform static code analysis on C / C++ code
[1.452s] -- Configured cppcheck include dirs: 
[1.452s] -- Configured cppcheck exclude dirs and/or files: 
[1.454s] -- Added test 'cpplint' to check C / C++ code against the Google style
[1.454s] -- Configured cpplint exclude dirs and/or files: 
[1.455s] -- Added test 'lint_cmake' to check CMake code style
[1.457s] -- Added test 'uncrustify' to check C / C++ code style
[1.457s] -- Configured uncrustify additional arguments: 
[1.459s] -- Added test 'xmllint' to check XML markup files
[1.461s] -- Configuring done (1.3s)
[1.481s] -- Generating done (0.0s)
[1.483s] -- Build files have been written to: /home/song/steadylab/build/zed_tutorial_pos_tracking
[1.499s] Invoked command in '/home/song/steadylab/build/zed_tutorial_pos_tracking' returned '0': CMAKE_PREFIX_PATH=${CMAKE_PREFIX_PATH}:/home/song/zed/install/steadylab:/opt/ros/foxy CONDA_PROMPT_MODIFIER=(base) /home/song/.local/bin/cmake /home/song/steadylab/src/zed-ros2-examples/tutorials/zed_pose_tutorial -DAMENT_CMAKE_SYMLINK_INSTALL=1 -DCMAKE_INSTALL_PREFIX=/home/song/steadylab/install/zed_tutorial_pos_tracking
[1.500s] Invoking command in '/home/song/steadylab/build/zed_tutorial_pos_tracking': CMAKE_PREFIX_PATH=${CMAKE_PREFIX_PATH}:/home/song/zed/install/steadylab:/opt/ros/foxy CONDA_PROMPT_MODIFIER=(base) /home/song/.local/bin/cmake --build /home/song/steadylab/build/zed_tutorial_pos_tracking -- -j20 -l20
[1.554s] [ 50%] [32mBuilding CXX object CMakeFiles/zed_tutorial_pos_tracking.dir/src/zed_tutorial_pos_tracking.cpp.o[0m
[10.453s] [100%] [32m[1mLinking CXX executable zed_tutorial_pos_tracking[0m
[10.551s] [100%] Built target zed_tutorial_pos_tracking
[10.557s] Invoked command in '/home/song/steadylab/build/zed_tutorial_pos_tracking' returned '0': CMAKE_PREFIX_PATH=${CMAKE_PREFIX_PATH}:/home/song/zed/install/steadylab:/opt/ros/foxy CONDA_PROMPT_MODIFIER=(base) /home/song/.local/bin/cmake --build /home/song/steadylab/build/zed_tutorial_pos_tracking -- -j20 -l20
[10.590s] Invoking command in '/home/song/steadylab/build/zed_tutorial_pos_tracking': CMAKE_PREFIX_PATH=${CMAKE_PREFIX_PATH}:/home/song/zed/install/steadylab:/opt/ros/foxy CONDA_PROMPT_MODIFIER=(base) /home/song/.local/bin/cmake --install /home/song/steadylab/build/zed_tutorial_pos_tracking
[10.610s] -- Install configuration: "Release"
[10.610s] -- Execute custom install script
[10.610s] -- Symlinking: /home/song/steadylab/install/zed_tutorial_pos_tracking/lib/zed_tutorial_pos_tracking/zed_tutorial_pos_tracking
[10.612s] -- Symlinking: /home/song/steadylab/install/zed_tutorial_pos_tracking/share/ament_index/resource_index/package_run_dependencies/zed_tutorial_pos_tracking
[10.614s] -- Symlinking: /home/song/steadylab/install/zed_tutorial_pos_tracking/share/ament_index/resource_index/parent_prefix_path/zed_tutorial_pos_tracking
[10.616s] -- Symlinking: /home/song/steadylab/install/zed_tutorial_pos_tracking/share/zed_tutorial_pos_tracking/environment/ament_prefix_path.sh
[10.618s] -- Symlinking: /home/song/steadylab/install/zed_tutorial_pos_tracking/share/zed_tutorial_pos_tracking/environment/ament_prefix_path.dsv
[10.620s] -- Symlinking: /home/song/steadylab/install/zed_tutorial_pos_tracking/share/zed_tutorial_pos_tracking/environment/path.sh
[10.623s] -- Symlinking: /home/song/steadylab/install/zed_tutorial_pos_tracking/share/zed_tutorial_pos_tracking/environment/path.dsv
[10.625s] -- Symlinking: /home/song/steadylab/install/zed_tutorial_pos_tracking/share/zed_tutorial_pos_tracking/local_setup.bash
[10.627s] -- Symlinking: /home/song/steadylab/install/zed_tutorial_pos_tracking/share/zed_tutorial_pos_tracking/local_setup.sh
[10.629s] -- Symlinking: /home/song/steadylab/install/zed_tutorial_pos_tracking/share/zed_tutorial_pos_tracking/local_setup.zsh
[10.631s] -- Symlinking: /home/song/steadylab/install/zed_tutorial_pos_tracking/share/zed_tutorial_pos_tracking/local_setup.dsv
[10.633s] -- Symlinking: /home/song/steadylab/install/zed_tutorial_pos_tracking/share/zed_tutorial_pos_tracking/package.dsv
[10.635s] -- Symlinking: /home/song/steadylab/install/zed_tutorial_pos_tracking/share/ament_index/resource_index/packages/zed_tutorial_pos_tracking
[10.638s] -- Symlinking: /home/song/steadylab/install/zed_tutorial_pos_tracking/share/zed_tutorial_pos_tracking/cmake/zed_tutorial_pos_trackingConfig.cmake
[10.640s] -- Symlinking: /home/song/steadylab/install/zed_tutorial_pos_tracking/share/zed_tutorial_pos_tracking/cmake/zed_tutorial_pos_trackingConfig-version.cmake
[10.642s] -- Symlinking: /home/song/steadylab/install/zed_tutorial_pos_tracking/share/zed_tutorial_pos_tracking/package.xml
[10.652s] Invoked command in '/home/song/steadylab/build/zed_tutorial_pos_tracking' returned '0': CMAKE_PREFIX_PATH=${CMAKE_PREFIX_PATH}:/home/song/zed/install/steadylab:/opt/ros/foxy CONDA_PROMPT_MODIFIER=(base) /home/song/.local/bin/cmake --install /home/song/steadylab/build/zed_tutorial_pos_tracking
