/home/song/steadylab/src/install/steadylab/lib/python3.8/site-packages/steadylab/main_status.py
/home/song/steadylab/src/install/steadylab/lib/python3.8/site-packages/steadylab/keyboard_erp.py
/home/song/steadylab/src/install/steadylab/lib/python3.8/site-packages/steadylab/__init__.py
/home/song/steadylab/src/install/steadylab/lib/python3.8/site-packages/steadylab/comm.py
/home/song/steadylab/src/install/steadylab/lib/python3.8/site-packages/steadylab/__pycache__/main_status.cpython-38.pyc
/home/song/steadylab/src/install/steadylab/lib/python3.8/site-packages/steadylab/__pycache__/keyboard_erp.cpython-38.pyc
/home/song/steadylab/src/install/steadylab/lib/python3.8/site-packages/steadylab/__pycache__/__init__.cpython-38.pyc
/home/song/steadylab/src/install/steadylab/lib/python3.8/site-packages/steadylab/__pycache__/comm.cpython-38.pyc
/home/song/steadylab/src/install/steadylab/share/ament_index/resource_index/packages/steadylab
/home/song/steadylab/src/install/steadylab/share/steadylab/package.xml
/home/song/steadylab/src/install/steadylab/share/steadylab/zed.launch.py
/home/song/steadylab/src/install/steadylab/share/steadylab/data_hub.launch.py
/home/song/steadylab/src/install/steadylab/share/steadylab/state.launch.py
/home/song/steadylab/src/install/steadylab/share/steadylab/steadylab.launch.py
/home/song/steadylab/src/install/steadylab/lib/python3.8/site-packages/steadylab-0.0.0-py3.8.egg-info/PKG-INFO
/home/song/steadylab/src/install/steadylab/lib/python3.8/site-packages/steadylab-0.0.0-py3.8.egg-info/top_level.txt
/home/song/steadylab/src/install/steadylab/lib/python3.8/site-packages/steadylab-0.0.0-py3.8.egg-info/dependency_links.txt
/home/song/steadylab/src/install/steadylab/lib/python3.8/site-packages/steadylab-0.0.0-py3.8.egg-info/zip-safe
/home/song/steadylab/src/install/steadylab/lib/python3.8/site-packages/steadylab-0.0.0-py3.8.egg-info/requires.txt
/home/song/steadylab/src/install/steadylab/lib/python3.8/site-packages/steadylab-0.0.0-py3.8.egg-info/SOURCES.txt
/home/song/steadylab/src/install/steadylab/lib/python3.8/site-packages/steadylab-0.0.0-py3.8.egg-info/entry_points.txt
/home/song/steadylab/src/install/steadylab/lib/steadylab/comm
/home/song/steadylab/src/install/steadylab/lib/steadylab/data_hub
/home/song/steadylab/src/install/steadylab/lib/steadylab/depth
/home/song/steadylab/src/install/steadylab/lib/steadylab/keyboard_erp
/home/song/steadylab/src/install/steadylab/lib/steadylab/main_status
/home/song/steadylab/src/install/steadylab/lib/steadylab/serial
/home/song/steadylab/src/install/steadylab/lib/steadylab/state
/home/song/steadylab/src/install/steadylab/lib/steadylab/yolo
/home/song/steadylab/src/install/steadylab/lib/steadylab/zed_depth
/home/song/steadylab/src/install/steadylab/lib/steadylab/zed_image
/home/song/steadylab/src/install/steadylab/lib/steadylab/zed_imu
/home/song/steadylab/src/install/steadylab/lib/steadylab/zed_path_map
/home/song/steadylab/src/install/steadylab/lib/steadylab/zed_pointcloud
/home/song/steadylab/src/install/steadylab/lib/steadylab/zed_pose
/home/song/steadylab/src/install/steadylab/lib/steadylab/zed_tf
