[0.015s] Invoking command in '/home/song/zed/build/zed_components': CMAKE_PREFIX_PATH=/home/song/zed/install/zed_interfaces:/home/song/zed/install/image_transport:/home/song/zed/install/zed_ros2:/home/song/zed/install/zed_multi_camera:/home/song/zed/install/zed_display_rviz2:/home/song/zed/install/zed_wrapper:/home/song/zed/install/zed_tutorial_video:/home/song/zed/install/zed_tutorial_pos_tracking:/home/song/zed/install/zed_tutorial_depth:/home/song/zed/install/zed_topic_benchmark_interfaces:/home/song/zed/install/zed_rgb_convert:/home/song/zed/install/zed_components:/home/song/zed/install/rviz_plugin_zed_od:/home/song/zed/install/image_common:/home/song/zed/install/camera_info_manager:/home/song/zed/install/camera_calibration_parsers:/home/song/zed/install/steadylab:/opt/ros/foxy CONDA_PROMPT_MODIFIER=(base) LD_LIBRARY_PATH=/home/song/zed/install/zed_interfaces/lib:/home/song/zed/install/image_transport/lib:/home/song/zed/install/zed_topic_benchmark_interfaces/lib:/home/song/zed/install/zed_rgb_convert/lib:/home/song/zed/install/zed_components/lib:/home/song/zed/install/rviz_plugin_zed_od/lib:/home/song/zed/install/camera_info_manager/lib:/home/song/zed/install/camera_calibration_parsers/lib:/opt/ros/foxy/opt/yaml_cpp_vendor/lib:/opt/ros/foxy/opt/rviz_ogre_vendor/lib:/opt/ros/foxy/lib/x86_64-linux-gnu:/opt/ros/foxy/lib:/usr/local/cuda-11.8/lib64 /home/song/.local/bin/cmake --build /home/song/zed/build/zed_components -- -j20 -l20
[0.048s] [100%] Built target zed_camera_component
[0.054s] Invoked command in '/home/song/zed/build/zed_components' returned '0': CMAKE_PREFIX_PATH=/home/song/zed/install/zed_interfaces:/home/song/zed/install/image_transport:/home/song/zed/install/zed_ros2:/home/song/zed/install/zed_multi_camera:/home/song/zed/install/zed_display_rviz2:/home/song/zed/install/zed_wrapper:/home/song/zed/install/zed_tutorial_video:/home/song/zed/install/zed_tutorial_pos_tracking:/home/song/zed/install/zed_tutorial_depth:/home/song/zed/install/zed_topic_benchmark_interfaces:/home/song/zed/install/zed_rgb_convert:/home/song/zed/install/zed_components:/home/song/zed/install/rviz_plugin_zed_od:/home/song/zed/install/image_common:/home/song/zed/install/camera_info_manager:/home/song/zed/install/camera_calibration_parsers:/home/song/zed/install/steadylab:/opt/ros/foxy CONDA_PROMPT_MODIFIER=(base) LD_LIBRARY_PATH=/home/song/zed/install/zed_interfaces/lib:/home/song/zed/install/image_transport/lib:/home/song/zed/install/zed_topic_benchmark_interfaces/lib:/home/song/zed/install/zed_rgb_convert/lib:/home/song/zed/install/zed_components/lib:/home/song/zed/install/rviz_plugin_zed_od/lib:/home/song/zed/install/camera_info_manager/lib:/home/song/zed/install/camera_calibration_parsers/lib:/opt/ros/foxy/opt/yaml_cpp_vendor/lib:/opt/ros/foxy/opt/rviz_ogre_vendor/lib:/opt/ros/foxy/lib/x86_64-linux-gnu:/opt/ros/foxy/lib:/usr/local/cuda-11.8/lib64 /home/song/.local/bin/cmake --build /home/song/zed/build/zed_components -- -j20 -l20
[0.088s] Invoking command in '/home/song/zed/build/zed_components': CMAKE_PREFIX_PATH=/home/song/zed/install/zed_interfaces:/home/song/zed/install/image_transport:/home/song/zed/install/zed_ros2:/home/song/zed/install/zed_multi_camera:/home/song/zed/install/zed_display_rviz2:/home/song/zed/install/zed_wrapper:/home/song/zed/install/zed_tutorial_video:/home/song/zed/install/zed_tutorial_pos_tracking:/home/song/zed/install/zed_tutorial_depth:/home/song/zed/install/zed_topic_benchmark_interfaces:/home/song/zed/install/zed_rgb_convert:/home/song/zed/install/zed_components:/home/song/zed/install/rviz_plugin_zed_od:/home/song/zed/install/image_common:/home/song/zed/install/camera_info_manager:/home/song/zed/install/camera_calibration_parsers:/home/song/zed/install/steadylab:/opt/ros/foxy CONDA_PROMPT_MODIFIER=(base) LD_LIBRARY_PATH=/home/song/zed/install/zed_interfaces/lib:/home/song/zed/install/image_transport/lib:/home/song/zed/install/zed_topic_benchmark_interfaces/lib:/home/song/zed/install/zed_rgb_convert/lib:/home/song/zed/install/zed_components/lib:/home/song/zed/install/rviz_plugin_zed_od/lib:/home/song/zed/install/camera_info_manager/lib:/home/song/zed/install/camera_calibration_parsers/lib:/opt/ros/foxy/opt/yaml_cpp_vendor/lib:/opt/ros/foxy/opt/rviz_ogre_vendor/lib:/opt/ros/foxy/lib/x86_64-linux-gnu:/opt/ros/foxy/lib:/usr/local/cuda-11.8/lib64 /home/song/.local/bin/cmake --install /home/song/zed/build/zed_components
[0.104s] -- Install configuration: "Release"
[0.105s] -- Execute custom install script
[0.105s] -- Up-to-date symlink: /home/song/zed/install/zed_components/lib/libzed_camera_component.so
[0.105s] -- Up-to-date symlink: /home/song/zed/install/zed_components/include/zed_components//cost_traversability.hpp
[0.105s] -- Up-to-date symlink: /home/song/zed/install/zed_components/include/zed_components//sl_types.hpp
[0.105s] -- Up-to-date symlink: /home/song/zed/install/zed_components/include/zed_components//zed_camera_component.hpp
[0.105s] -- Up-to-date symlink: /home/song/zed/install/zed_components/include/zed_components//sl_logging.hpp
[0.105s] -- Up-to-date symlink: /home/song/zed/install/zed_components/include/zed_components//sl_tools.hpp
[0.106s] -- Up-to-date symlink: /home/song/zed/install/zed_components/include/zed_components//sl_win_avg.hpp
[0.106s] -- Up-to-date symlink: /home/song/zed/install/zed_components/include/zed_components//visibility_control.hpp
[0.106s] -- Up-to-date symlink: /home/song/zed/install/zed_components/share/zed_components/environment/library_path.sh
[0.106s] -- Up-to-date symlink: /home/song/zed/install/zed_components/share/zed_components/environment/library_path.dsv
[0.106s] -- Up-to-date symlink: /home/song/zed/install/zed_components/share/ament_index/resource_index/package_run_dependencies/zed_components
[0.106s] -- Up-to-date symlink: /home/song/zed/install/zed_components/share/ament_index/resource_index/parent_prefix_path/zed_components
[0.106s] -- Up-to-date symlink: /home/song/zed/install/zed_components/share/zed_components/environment/ament_prefix_path.sh
[0.106s] -- Up-to-date symlink: /home/song/zed/install/zed_components/share/zed_components/environment/ament_prefix_path.dsv
[0.106s] -- Up-to-date symlink: /home/song/zed/install/zed_components/share/zed_components/environment/path.sh
[0.106s] -- Up-to-date symlink: /home/song/zed/install/zed_components/share/zed_components/environment/path.dsv
[0.106s] -- Up-to-date symlink: /home/song/zed/install/zed_components/share/zed_components/local_setup.bash
[0.106s] -- Up-to-date symlink: /home/song/zed/install/zed_components/share/zed_components/local_setup.sh
[0.107s] -- Up-to-date symlink: /home/song/zed/install/zed_components/share/zed_components/local_setup.zsh
[0.107s] -- Up-to-date symlink: /home/song/zed/install/zed_components/share/zed_components/local_setup.dsv
[0.107s] -- Symlinking: /home/song/zed/install/zed_components/share/zed_components/package.dsv
[0.108s] -- Up-to-date symlink: /home/song/zed/install/zed_components/share/ament_index/resource_index/packages/zed_components
[0.108s] -- Up-to-date symlink: /home/song/zed/install/zed_components/share/ament_index/resource_index/rclcpp_components/zed_components
[0.108s] -- Up-to-date symlink: /home/song/zed/install/zed_components/share/zed_components/cmake/ament_cmake_export_include_directories-extras.cmake
[0.108s] -- Up-to-date symlink: /home/song/zed/install/zed_components/share/zed_components/cmake/ament_cmake_export_libraries-extras.cmake
[0.108s] -- Up-to-date symlink: /home/song/zed/install/zed_components/share/zed_components/cmake/ament_cmake_export_dependencies-extras.cmake
[0.108s] -- Up-to-date symlink: /home/song/zed/install/zed_components/share/zed_components/cmake/zed_componentsConfig.cmake
[0.108s] -- Up-to-date symlink: /home/song/zed/install/zed_components/share/zed_components/cmake/zed_componentsConfig-version.cmake
[0.108s] -- Up-to-date symlink: /home/song/zed/install/zed_components/share/zed_components/package.xml
[0.113s] Invoked command in '/home/song/zed/build/zed_components' returned '0': CMAKE_PREFIX_PATH=/home/song/zed/install/zed_interfaces:/home/song/zed/install/image_transport:/home/song/zed/install/zed_ros2:/home/song/zed/install/zed_multi_camera:/home/song/zed/install/zed_display_rviz2:/home/song/zed/install/zed_wrapper:/home/song/zed/install/zed_tutorial_video:/home/song/zed/install/zed_tutorial_pos_tracking:/home/song/zed/install/zed_tutorial_depth:/home/song/zed/install/zed_topic_benchmark_interfaces:/home/song/zed/install/zed_rgb_convert:/home/song/zed/install/zed_components:/home/song/zed/install/rviz_plugin_zed_od:/home/song/zed/install/image_common:/home/song/zed/install/camera_info_manager:/home/song/zed/install/camera_calibration_parsers:/home/song/zed/install/steadylab:/opt/ros/foxy CONDA_PROMPT_MODIFIER=(base) LD_LIBRARY_PATH=/home/song/zed/install/zed_interfaces/lib:/home/song/zed/install/image_transport/lib:/home/song/zed/install/zed_topic_benchmark_interfaces/lib:/home/song/zed/install/zed_rgb_convert/lib:/home/song/zed/install/zed_components/lib:/home/song/zed/install/rviz_plugin_zed_od/lib:/home/song/zed/install/camera_info_manager/lib:/home/song/zed/install/camera_calibration_parsers/lib:/opt/ros/foxy/opt/yaml_cpp_vendor/lib:/opt/ros/foxy/opt/rviz_ogre_vendor/lib:/opt/ros/foxy/lib/x86_64-linux-gnu:/opt/ros/foxy/lib:/usr/local/cuda-11.8/lib64 /home/song/.local/bin/cmake --install /home/song/zed/build/zed_components
