[0.043s] Invoking command in '/home/song/zed/build/camera_calibration_parsers': CMAKE_PREFIX_PATH=${CMAKE_PREFIX_PATH}:/opt/ros/foxy CONDA_PROMPT_MODIFIER=(base) /home/song/.local/bin/cmake /home/song/zed/src/image_common/camera_calibration_parsers -DCMAKE_INSTALL_PREFIX=/home/song/zed/install/camera_calibration_parsers
[0.199s] -- Found ament_cmake_ros: 0.9.2 (/opt/ros/foxy/share/ament_cmake_ros/cmake)
[0.200s] -- Using PYTHON_EXECUTABLE: /home/song/anaconda3/bin/python3
[0.252s] -- Override CMake install command with custom implementation using symlinks instead of copying resources
[0.263s] -- Found rclcpp: 2.4.3 (/opt/ros/foxy/share/rclcpp/cmake)
[0.304s] -- Using all available rosidl_typesupport_c: rosidl_typesupport_fastrtps_c;rosidl_typesupport_introspection_c
[0.309s] -- Found rosidl_adapter: 1.3.1 (/opt/ros/foxy/share/rosidl_adapter/cmake)
[0.407s] -- Using all available rosidl_typesupport_cpp: rosidl_typesupport_fastrtps_cpp;rosidl_typesupport_introspection_cpp
[0.444s] -- Found rmw_implementation_cmake: 1.0.4 (/opt/ros/foxy/share/rmw_implementation_cmake/cmake)
[0.446s] -- Using RMW implementation 'rmw_fastrtps_cpp' as default
[0.539s] -- Found sensor_msgs: 2.0.5 (/opt/ros/foxy/share/sensor_msgs/cmake)
[0.609s] -- Found yaml_cpp_vendor: 7.0.3 (/opt/ros/foxy/share/yaml_cpp_vendor/cmake)
[0.609s] -- Setting yaml-cpp_DIR to: '/opt/ros/foxy/share/yaml_cpp_vendor/cmake/../../../opt/yaml_cpp_vendor/lib/cmake/yaml-cpp'
[0.614s] -- Found ament_cmake_cppcheck: 0.9.8 (/opt/ros/foxy/share/ament_cmake_cppcheck/cmake)
[0.615s] -- Found ament_cmake_cpplint: 0.9.8 (/opt/ros/foxy/share/ament_cmake_cpplint/cmake)
[0.615s] -- Found ament_cmake_lint_cmake: 0.9.8 (/opt/ros/foxy/share/ament_cmake_lint_cmake/cmake)
[0.615s] -- Found ament_cmake_uncrustify: 0.9.8 (/opt/ros/foxy/share/ament_cmake_uncrustify/cmake)
[0.616s] -- Found gtest sources under '/opt/ros/foxy/src/gtest_vendor': C++ tests using 'Google Test' will be built
[0.673s] -- Configuring done (0.6s)
[0.701s] -- Generating done (0.0s)
[0.702s] -- Build files have been written to: /home/song/zed/build/camera_calibration_parsers
[0.712s] Invoked command in '/home/song/zed/build/camera_calibration_parsers' returned '0': CMAKE_PREFIX_PATH=${CMAKE_PREFIX_PATH}:/opt/ros/foxy CONDA_PROMPT_MODIFIER=(base) /home/song/.local/bin/cmake /home/song/zed/src/image_common/camera_calibration_parsers -DCMAKE_INSTALL_PREFIX=/home/song/zed/install/camera_calibration_parsers
[0.713s] Invoking command in '/home/song/zed/build/camera_calibration_parsers': CMAKE_PREFIX_PATH=${CMAKE_PREFIX_PATH}:/opt/ros/foxy CONDA_PROMPT_MODIFIER=(base) /home/song/.local/bin/cmake --build /home/song/zed/build/camera_calibration_parsers -- -j20 -l20
[0.751s] [ 14%] Built target gtest_main
[0.751s] [ 28%] Built target gtest
[0.758s] [ 57%] Built target camera_calibration_parsers
[0.766s] [ 71%] Built target convert
[0.766s] [ 85%] Built target camera_calibration_parsers-parse_ini
[0.770s] [100%] Built target camera_calibration_parsers-parse_yml
[0.776s] Invoked command in '/home/song/zed/build/camera_calibration_parsers' returned '0': CMAKE_PREFIX_PATH=${CMAKE_PREFIX_PATH}:/opt/ros/foxy CONDA_PROMPT_MODIFIER=(base) /home/song/.local/bin/cmake --build /home/song/zed/build/camera_calibration_parsers -- -j20 -l20
[0.838s] Invoking command in '/home/song/zed/build/camera_calibration_parsers': CMAKE_PREFIX_PATH=${CMAKE_PREFIX_PATH}:/opt/ros/foxy CONDA_PROMPT_MODIFIER=(base) /home/song/.local/bin/cmake --install /home/song/zed/build/camera_calibration_parsers
[0.854s] -- Install configuration: "Release"
[0.855s] -- Execute custom install script
[0.855s] -- Up-to-date symlink: /home/song/zed/install/camera_calibration_parsers/lib/libcamera_calibration_parsers.so
[0.855s] -- Up-to-date symlink: /home/song/zed/install/camera_calibration_parsers/lib/camera_calibration_parsers/convert
[0.855s] -- Up-to-date symlink: /home/song/zed/install/camera_calibration_parsers/include/camera_calibration_parsers/parse.h
[0.855s] -- Up-to-date symlink: /home/song/zed/install/camera_calibration_parsers/include/camera_calibration_parsers/parse.hpp
[0.855s] -- Up-to-date symlink: /home/song/zed/install/camera_calibration_parsers/include/camera_calibration_parsers/parse_ini.h
[0.855s] -- Up-to-date symlink: /home/song/zed/install/camera_calibration_parsers/include/camera_calibration_parsers/parse_ini.hpp
[0.856s] -- Up-to-date symlink: /home/song/zed/install/camera_calibration_parsers/include/camera_calibration_parsers/parse_yml.h
[0.856s] -- Up-to-date symlink: /home/song/zed/install/camera_calibration_parsers/include/camera_calibration_parsers/parse_yml.hpp
[0.856s] -- Up-to-date symlink: /home/song/zed/install/camera_calibration_parsers/include/camera_calibration_parsers/visibility_control.hpp
[0.856s] -- Up-to-date symlink: /home/song/zed/install/camera_calibration_parsers/share/camera_calibration_parsers/environment/library_path.sh
[0.856s] -- Up-to-date symlink: /home/song/zed/install/camera_calibration_parsers/share/camera_calibration_parsers/environment/library_path.dsv
[0.856s] -- Up-to-date symlink: /home/song/zed/install/camera_calibration_parsers/share/ament_index/resource_index/package_run_dependencies/camera_calibration_parsers
[0.856s] -- Up-to-date symlink: /home/song/zed/install/camera_calibration_parsers/share/ament_index/resource_index/parent_prefix_path/camera_calibration_parsers
[0.856s] -- Up-to-date symlink: /home/song/zed/install/camera_calibration_parsers/share/camera_calibration_parsers/environment/ament_prefix_path.sh
[0.856s] -- Up-to-date symlink: /home/song/zed/install/camera_calibration_parsers/share/camera_calibration_parsers/environment/ament_prefix_path.dsv
[0.856s] -- Up-to-date symlink: /home/song/zed/install/camera_calibration_parsers/share/camera_calibration_parsers/environment/path.sh
[0.856s] -- Up-to-date symlink: /home/song/zed/install/camera_calibration_parsers/share/camera_calibration_parsers/environment/path.dsv
[0.856s] -- Up-to-date symlink: /home/song/zed/install/camera_calibration_parsers/share/camera_calibration_parsers/local_setup.bash
[0.856s] -- Up-to-date symlink: /home/song/zed/install/camera_calibration_parsers/share/camera_calibration_parsers/local_setup.sh
[0.857s] -- Up-to-date symlink: /home/song/zed/install/camera_calibration_parsers/share/camera_calibration_parsers/local_setup.zsh
[0.857s] -- Up-to-date symlink: /home/song/zed/install/camera_calibration_parsers/share/camera_calibration_parsers/local_setup.dsv
[0.857s] -- Symlinking: /home/song/zed/install/camera_calibration_parsers/share/camera_calibration_parsers/package.dsv
[0.858s] -- Up-to-date symlink: /home/song/zed/install/camera_calibration_parsers/share/ament_index/resource_index/packages/camera_calibration_parsers
[0.858s] -- Up-to-date symlink: /home/song/zed/install/camera_calibration_parsers/share/camera_calibration_parsers/cmake/ament_cmake_export_include_directories-extras.cmake
[0.859s] -- Up-to-date symlink: /home/song/zed/install/camera_calibration_parsers/share/camera_calibration_parsers/cmake/ament_cmake_export_libraries-extras.cmake
[0.859s] -- Up-to-date symlink: /home/song/zed/install/camera_calibration_parsers/share/camera_calibration_parsers/cmake/ament_cmake_export_dependencies-extras.cmake
[0.859s] -- Up-to-date symlink: /home/song/zed/install/camera_calibration_parsers/share/camera_calibration_parsers/cmake/camera_calibration_parsersConfig.cmake
[0.859s] -- Up-to-date symlink: /home/song/zed/install/camera_calibration_parsers/share/camera_calibration_parsers/cmake/camera_calibration_parsersConfig-version.cmake
[0.859s] -- Up-to-date symlink: /home/song/zed/install/camera_calibration_parsers/share/camera_calibration_parsers/package.xml
[0.867s] Invoked command in '/home/song/zed/build/camera_calibration_parsers' returned '0': CMAKE_PREFIX_PATH=${CMAKE_PREFIX_PATH}:/opt/ros/foxy CONDA_PROMPT_MODIFIER=(base) /home/song/.local/bin/cmake --install /home/song/zed/build/camera_calibration_parsers
