running egg_info
creating ../build/steadylab/steadylab.egg-info
writing ../build/steadylab/steadylab.egg-info/PKG-INFO
writing dependency_links to ../build/steadylab/steadylab.egg-info/dependency_links.txt
writing entry points to ../build/steadylab/steadylab.egg-info/entry_points.txt
writing requirements to ../build/steadylab/steadylab.egg-info/requires.txt
writing top-level names to ../build/steadylab/steadylab.egg-info/top_level.txt
writing manifest file '../build/steadylab/steadylab.egg-info/SOURCES.txt'
reading manifest file '../build/steadylab/steadylab.egg-info/SOURCES.txt'
writing manifest file '../build/steadylab/steadylab.egg-info/SOURCES.txt'
running build
running build_py
creating /home/song/steadylab/src/build/steadylab/build
creating /home/song/steadylab/src/build/steadylab/build/lib
creating /home/song/steadylab/src/build/steadylab/build/lib/steadylab
copying steadylab/__init__.py -> /home/song/steadylab/src/build/steadylab/build/lib/steadylab
running install
running install_lib
creating /home/song/steadylab/src/install/steadylab/lib/python3.8/site-packages/steadylab
copying /home/song/steadylab/src/build/steadylab/build/lib/steadylab/__init__.py -> /home/song/steadylab/src/install/steadylab/lib/python3.8/site-packages/steadylab
byte-compiling /home/song/steadylab/src/install/steadylab/lib/python3.8/site-packages/steadylab/__init__.py to __init__.cpython-38.pyc
running install_data
creating /home/song/steadylab/src/install/steadylab/share/ament_index
creating /home/song/steadylab/src/install/steadylab/share/ament_index/resource_index
creating /home/song/steadylab/src/install/steadylab/share/ament_index/resource_index/packages
copying resource/steadylab -> /home/song/steadylab/src/install/steadylab/share/ament_index/resource_index/packages
copying package.xml -> /home/song/steadylab/src/install/steadylab/share/steadylab
copying launch/zed.launch.py -> /home/song/steadylab/src/install/steadylab/share/steadylab
copying launch/data_hub.launch.py -> /home/song/steadylab/src/install/steadylab/share/steadylab
copying launch/state.launch.py -> /home/song/steadylab/src/install/steadylab/share/steadylab
running install_egg_info
Copying ../build/steadylab/steadylab.egg-info to /home/song/steadylab/src/install/steadylab/lib/python3.8/site-packages/steadylab-0.0.0-py3.8.egg-info
running install_scripts
Installing data_hub script to /home/song/steadylab/src/install/steadylab/lib/steadylab
Installing depth script to /home/song/steadylab/src/install/steadylab/lib/steadylab
Installing yolo script to /home/song/steadylab/src/install/steadylab/lib/steadylab
Installing zed_depth script to /home/song/steadylab/src/install/steadylab/lib/steadylab
Installing zed_image script to /home/song/steadylab/src/install/steadylab/lib/steadylab
Installing zed_imu script to /home/song/steadylab/src/install/steadylab/lib/steadylab
Installing zed_path_map script to /home/song/steadylab/src/install/steadylab/lib/steadylab
Installing zed_pointcloud script to /home/song/steadylab/src/install/steadylab/lib/steadylab
Installing zed_pose script to /home/song/steadylab/src/install/steadylab/lib/steadylab
Installing zed_tf script to /home/song/steadylab/src/install/steadylab/lib/steadylab
writing list of installed files to '/home/song/steadylab/src/build/steadylab/install.log'
