[0.309s] Invoking command in '/home/song/steadylab/src/steadylab': AMENT_PREFIX_PATH=/home/song/steadylab/src/install/msgs:${AMENT_PREFIX_PATH} CMAKE_PREFIX_PATH=/home/song/steadylab/src/install/msgs:${CMAKE_PREFIX_PATH} CONDA_PROMPT_MODIFIER=(zed) LD_LIBRARY_PATH=/home/song/steadylab/src/install/msgs/lib:/home/song/steadylab/install/zed_topic_benchmark_interfaces/lib:/home/song/steadylab/install/zed_rgb_convert/lib:/home/song/steadylab/install/zed_components/lib:/home/song/steadylab/install/rviz_plugin_zed_od/lib:/home/song/steadylab/install/zed_interfaces/lib:/home/song/steadylab/install/camera_info_manager/lib:/home/song/steadylab/install/image_transport/lib:/home/song/steadylab/install/camera_calibration_parsers/lib:/opt/ros/foxy/opt/yaml_cpp_vendor/lib:/opt/ros/foxy/opt/rviz_ogre_vendor/lib:/opt/ros/foxy/lib/x86_64-linux-gnu:/opt/ros/foxy/lib:/usr/local/cuda-11.8/lib64 PYTHONPATH=/home/song/steadylab/src/build/steadylab/prefix_override:/home/song/steadylab/src/install/steadylab/lib/python3.8/site-packages:/home/song/steadylab/src/install/msgs/lib/python3.8/site-packages:${PYTHONPATH} /usr/bin/python3 setup.py egg_info --egg-base ../build/steadylab build --build-base /home/song/steadylab/src/build/steadylab/build install --record /home/song/steadylab/src/build/steadylab/install.log --install-scripts $base/lib/steadylab --single-version-externally-managed
[0.413s] running egg_info
[0.413s] creating ../build/steadylab/steadylab.egg-info
[0.413s] writing ../build/steadylab/steadylab.egg-info/PKG-INFO
[0.413s] writing dependency_links to ../build/steadylab/steadylab.egg-info/dependency_links.txt
[0.413s] writing entry points to ../build/steadylab/steadylab.egg-info/entry_points.txt
[0.413s] writing requirements to ../build/steadylab/steadylab.egg-info/requires.txt
[0.413s] writing top-level names to ../build/steadylab/steadylab.egg-info/top_level.txt
[0.414s] writing manifest file '../build/steadylab/steadylab.egg-info/SOURCES.txt'
[0.430s] reading manifest file '../build/steadylab/steadylab.egg-info/SOURCES.txt'
[0.430s] writing manifest file '../build/steadylab/steadylab.egg-info/SOURCES.txt'
[0.430s] running build
[0.430s] running build_py
[0.430s] creating /home/song/steadylab/src/build/steadylab/build
[0.430s] creating /home/song/steadylab/src/build/steadylab/build/lib
[0.431s] creating /home/song/steadylab/src/build/steadylab/build/lib/steadylab
[0.431s] copying steadylab/__init__.py -> /home/song/steadylab/src/build/steadylab/build/lib/steadylab
[0.431s] running install
[0.431s] running install_lib
[0.431s] creating /home/song/steadylab/src/install/steadylab/lib/python3.8/site-packages/steadylab
[0.432s] copying /home/song/steadylab/src/build/steadylab/build/lib/steadylab/__init__.py -> /home/song/steadylab/src/install/steadylab/lib/python3.8/site-packages/steadylab
[0.432s] byte-compiling /home/song/steadylab/src/install/steadylab/lib/python3.8/site-packages/steadylab/__init__.py to __init__.cpython-38.pyc
[0.432s] running install_data
[0.433s] creating /home/song/steadylab/src/install/steadylab/share/ament_index
[0.433s] creating /home/song/steadylab/src/install/steadylab/share/ament_index/resource_index
[0.433s] creating /home/song/steadylab/src/install/steadylab/share/ament_index/resource_index/packages
[0.433s] copying resource/steadylab -> /home/song/steadylab/src/install/steadylab/share/ament_index/resource_index/packages
[0.433s] copying package.xml -> /home/song/steadylab/src/install/steadylab/share/steadylab
[0.433s] copying launch/zed.launch.py -> /home/song/steadylab/src/install/steadylab/share/steadylab
[0.433s] copying launch/data_hub.launch.py -> /home/song/steadylab/src/install/steadylab/share/steadylab
[0.433s] copying launch/state.launch.py -> /home/song/steadylab/src/install/steadylab/share/steadylab
[0.433s] running install_egg_info
[0.434s] Copying ../build/steadylab/steadylab.egg-info to /home/song/steadylab/src/install/steadylab/lib/python3.8/site-packages/steadylab-0.0.0-py3.8.egg-info
[0.434s] running install_scripts
[0.444s] Installing data_hub script to /home/song/steadylab/src/install/steadylab/lib/steadylab
[0.444s] Installing depth script to /home/song/steadylab/src/install/steadylab/lib/steadylab
[0.444s] Installing yolo script to /home/song/steadylab/src/install/steadylab/lib/steadylab
[0.444s] Installing zed_depth script to /home/song/steadylab/src/install/steadylab/lib/steadylab
[0.444s] Installing zed_image script to /home/song/steadylab/src/install/steadylab/lib/steadylab
[0.444s] Installing zed_imu script to /home/song/steadylab/src/install/steadylab/lib/steadylab
[0.444s] Installing zed_path_map script to /home/song/steadylab/src/install/steadylab/lib/steadylab
[0.444s] Installing zed_pointcloud script to /home/song/steadylab/src/install/steadylab/lib/steadylab
[0.444s] Installing zed_pose script to /home/song/steadylab/src/install/steadylab/lib/steadylab
[0.444s] Installing zed_tf script to /home/song/steadylab/src/install/steadylab/lib/steadylab
[0.444s] writing list of installed files to '/home/song/steadylab/src/build/steadylab/install.log'
[0.455s] Invoked command in '/home/song/steadylab/src/steadylab' returned '0': AMENT_PREFIX_PATH=/home/song/steadylab/src/install/msgs:${AMENT_PREFIX_PATH} CMAKE_PREFIX_PATH=/home/song/steadylab/src/install/msgs:${CMAKE_PREFIX_PATH} CONDA_PROMPT_MODIFIER=(zed) LD_LIBRARY_PATH=/home/song/steadylab/src/install/msgs/lib:/home/song/steadylab/install/zed_topic_benchmark_interfaces/lib:/home/song/steadylab/install/zed_rgb_convert/lib:/home/song/steadylab/install/zed_components/lib:/home/song/steadylab/install/rviz_plugin_zed_od/lib:/home/song/steadylab/install/zed_interfaces/lib:/home/song/steadylab/install/camera_info_manager/lib:/home/song/steadylab/install/image_transport/lib:/home/song/steadylab/install/camera_calibration_parsers/lib:/opt/ros/foxy/opt/yaml_cpp_vendor/lib:/opt/ros/foxy/opt/rviz_ogre_vendor/lib:/opt/ros/foxy/lib/x86_64-linux-gnu:/opt/ros/foxy/lib:/usr/local/cuda-11.8/lib64 PYTHONPATH=/home/song/steadylab/src/build/steadylab/prefix_override:/home/song/steadylab/src/install/steadylab/lib/python3.8/site-packages:/home/song/steadylab/src/install/msgs/lib/python3.8/site-packages:${PYTHONPATH} /usr/bin/python3 setup.py egg_info --egg-base ../build/steadylab build --build-base /home/song/steadylab/src/build/steadylab/build install --record /home/song/steadylab/src/build/steadylab/install.log --install-scripts $base/lib/steadylab --single-version-externally-managed
