[0.030s] Invoking command in '/home/song/zed/build/camera_calibration_parsers': CMAKE_PREFIX_PATH=${CMAKE_PREFIX_PATH}:/home/song/zed/install/steadylab:/opt/ros/foxy CONDA_PROMPT_MODIFIER=(base) /home/song/.local/bin/cmake /home/song/zed/src/image_common/camera_calibration_parsers -DAMENT_CMAKE_SYMLINK_INSTALL=1 -DCMAKE_INSTALL_PREFIX=/home/song/zed/install/camera_calibration_parsers
[0.049s] -- Found ament_cmake_ros: 0.9.2 (/opt/ros/foxy/share/ament_cmake_ros/cmake)
[0.068s] -- Using PYTHON_EXECUTABLE: /home/song/anaconda3/bin/python3
[0.206s] -- Override CMake install command with custom implementation using symlinks instead of copying resources
[0.213s] -- Found rclcpp: 2.4.3 (/opt/ros/foxy/share/rclcpp/cmake)
[0.248s] -- Using all available rosidl_typesupport_c: rosidl_typesupport_fastrtps_c;rosidl_typesupport_introspection_c
[0.252s] -- Found rosidl_adapter: 1.3.1 (/opt/ros/foxy/share/rosidl_adapter/cmake)
[0.371s] -- Using all available rosidl_typesupport_cpp: rosidl_typesupport_fastrtps_cpp;rosidl_typesupport_introspection_cpp
[0.418s] -- Found rmw_implementation_cmake: 1.0.4 (/opt/ros/foxy/share/rmw_implementation_cmake/cmake)
[0.420s] -- Using RMW implementation 'rmw_fastrtps_cpp' as default
[0.561s] -- Found sensor_msgs: 2.0.5 (/opt/ros/foxy/share/sensor_msgs/cmake)
[0.681s] -- Found yaml_cpp_vendor: 7.0.3 (/opt/ros/foxy/share/yaml_cpp_vendor/cmake)
[0.681s] -- Setting yaml-cpp_DIR to: '/opt/ros/foxy/share/yaml_cpp_vendor/cmake/../../../opt/yaml_cpp_vendor/lib/cmake/yaml-cpp'
[0.691s] -- Found ament_cmake_cppcheck: 0.9.8 (/opt/ros/foxy/share/ament_cmake_cppcheck/cmake)
[0.691s] -- Found ament_cmake_cpplint: 0.9.8 (/opt/ros/foxy/share/ament_cmake_cpplint/cmake)
[0.692s] -- Found ament_cmake_lint_cmake: 0.9.8 (/opt/ros/foxy/share/ament_cmake_lint_cmake/cmake)
[0.693s] -- Found ament_cmake_uncrustify: 0.9.8 (/opt/ros/foxy/share/ament_cmake_uncrustify/cmake)
[0.693s] -- Found gtest sources under '/opt/ros/foxy/src/gtest_vendor': C++ tests using 'Google Test' will be built
[0.774s] -- Configuring done (0.7s)
[0.785s] -- Generating done (0.0s)
[0.789s] -- Build files have been written to: /home/song/zed/build/camera_calibration_parsers
[0.799s] Invoked command in '/home/song/zed/build/camera_calibration_parsers' returned '0': CMAKE_PREFIX_PATH=${CMAKE_PREFIX_PATH}:/home/song/zed/install/steadylab:/opt/ros/foxy CONDA_PROMPT_MODIFIER=(base) /home/song/.local/bin/cmake /home/song/zed/src/image_common/camera_calibration_parsers -DAMENT_CMAKE_SYMLINK_INSTALL=1 -DCMAKE_INSTALL_PREFIX=/home/song/zed/install/camera_calibration_parsers
[0.800s] Invoking command in '/home/song/zed/build/camera_calibration_parsers': CMAKE_PREFIX_PATH=${CMAKE_PREFIX_PATH}:/home/song/zed/install/steadylab:/opt/ros/foxy CONDA_PROMPT_MODIFIER=(base) /home/song/.local/bin/cmake --build /home/song/zed/build/camera_calibration_parsers -- -j20 -l20
[0.827s] [ 14%] Built target gtest_main
[0.830s] [ 28%] Built target gtest
[0.832s] [ 57%] Built target camera_calibration_parsers
[0.841s] [ 71%] Built target camera_calibration_parsers-parse_ini
[0.842s] [ 85%] Built target camera_calibration_parsers-parse_yml
[0.842s] [100%] Built target convert
[0.846s] Invoked command in '/home/song/zed/build/camera_calibration_parsers' returned '0': CMAKE_PREFIX_PATH=${CMAKE_PREFIX_PATH}:/home/song/zed/install/steadylab:/opt/ros/foxy CONDA_PROMPT_MODIFIER=(base) /home/song/.local/bin/cmake --build /home/song/zed/build/camera_calibration_parsers -- -j20 -l20
[0.898s] Invoking command in '/home/song/zed/build/camera_calibration_parsers': CMAKE_PREFIX_PATH=${CMAKE_PREFIX_PATH}:/home/song/zed/install/steadylab:/opt/ros/foxy CONDA_PROMPT_MODIFIER=(base) /home/song/.local/bin/cmake --install /home/song/zed/build/camera_calibration_parsers
[0.915s] -- Install configuration: "Release"
[0.915s] -- Execute custom install script
[0.915s] -- Up-to-date symlink: /home/song/zed/install/camera_calibration_parsers/lib/libcamera_calibration_parsers.so
[0.915s] -- Up-to-date symlink: /home/song/zed/install/camera_calibration_parsers/lib/camera_calibration_parsers/convert
[0.915s] -- Up-to-date symlink: /home/song/zed/install/camera_calibration_parsers/include/camera_calibration_parsers/parse.h
[0.916s] -- Up-to-date symlink: /home/song/zed/install/camera_calibration_parsers/include/camera_calibration_parsers/parse.hpp
[0.916s] -- Up-to-date symlink: /home/song/zed/install/camera_calibration_parsers/include/camera_calibration_parsers/parse_ini.h
[0.916s] -- Up-to-date symlink: /home/song/zed/install/camera_calibration_parsers/include/camera_calibration_parsers/parse_ini.hpp
[0.916s] -- Up-to-date symlink: /home/song/zed/install/camera_calibration_parsers/include/camera_calibration_parsers/parse_yml.h
[0.916s] -- Up-to-date symlink: /home/song/zed/install/camera_calibration_parsers/include/camera_calibration_parsers/parse_yml.hpp
[0.916s] -- Up-to-date symlink: /home/song/zed/install/camera_calibration_parsers/include/camera_calibration_parsers/visibility_control.hpp
[0.916s] -- Up-to-date symlink: /home/song/zed/install/camera_calibration_parsers/share/camera_calibration_parsers/environment/library_path.sh
[0.916s] -- Up-to-date symlink: /home/song/zed/install/camera_calibration_parsers/share/camera_calibration_parsers/environment/library_path.dsv
[0.916s] -- Up-to-date symlink: /home/song/zed/install/camera_calibration_parsers/share/ament_index/resource_index/package_run_dependencies/camera_calibration_parsers
[0.916s] -- Up-to-date symlink: /home/song/zed/install/camera_calibration_parsers/share/ament_index/resource_index/parent_prefix_path/camera_calibration_parsers
[0.916s] -- Up-to-date symlink: /home/song/zed/install/camera_calibration_parsers/share/camera_calibration_parsers/environment/ament_prefix_path.sh
[0.916s] -- Up-to-date symlink: /home/song/zed/install/camera_calibration_parsers/share/camera_calibration_parsers/environment/ament_prefix_path.dsv
[0.916s] -- Up-to-date symlink: /home/song/zed/install/camera_calibration_parsers/share/camera_calibration_parsers/environment/path.sh
[0.917s] -- Up-to-date symlink: /home/song/zed/install/camera_calibration_parsers/share/camera_calibration_parsers/environment/path.dsv
[0.917s] -- Up-to-date symlink: /home/song/zed/install/camera_calibration_parsers/share/camera_calibration_parsers/local_setup.bash
[0.917s] -- Up-to-date symlink: /home/song/zed/install/camera_calibration_parsers/share/camera_calibration_parsers/local_setup.sh
[0.917s] -- Up-to-date symlink: /home/song/zed/install/camera_calibration_parsers/share/camera_calibration_parsers/local_setup.zsh
[0.917s] -- Up-to-date symlink: /home/song/zed/install/camera_calibration_parsers/share/camera_calibration_parsers/local_setup.dsv
[0.917s] -- Symlinking: /home/song/zed/install/camera_calibration_parsers/share/camera_calibration_parsers/package.dsv
[0.919s] -- Up-to-date symlink: /home/song/zed/install/camera_calibration_parsers/share/ament_index/resource_index/packages/camera_calibration_parsers
[0.919s] -- Up-to-date symlink: /home/song/zed/install/camera_calibration_parsers/share/camera_calibration_parsers/cmake/ament_cmake_export_include_directories-extras.cmake
[0.919s] -- Up-to-date symlink: /home/song/zed/install/camera_calibration_parsers/share/camera_calibration_parsers/cmake/ament_cmake_export_libraries-extras.cmake
[0.919s] -- Up-to-date symlink: /home/song/zed/install/camera_calibration_parsers/share/camera_calibration_parsers/cmake/ament_cmake_export_dependencies-extras.cmake
[0.919s] -- Up-to-date symlink: /home/song/zed/install/camera_calibration_parsers/share/camera_calibration_parsers/cmake/camera_calibration_parsersConfig.cmake
[0.919s] -- Up-to-date symlink: /home/song/zed/install/camera_calibration_parsers/share/camera_calibration_parsers/cmake/camera_calibration_parsersConfig-version.cmake
[0.919s] -- Up-to-date symlink: /home/song/zed/install/camera_calibration_parsers/share/camera_calibration_parsers/package.xml
[0.926s] Invoked command in '/home/song/zed/build/camera_calibration_parsers' returned '0': CMAKE_PREFIX_PATH=${CMAKE_PREFIX_PATH}:/home/song/zed/install/steadylab:/opt/ros/foxy CONDA_PROMPT_MODIFIER=(base) /home/song/.local/bin/cmake --install /home/song/zed/build/camera_calibration_parsers
