[0.175s] Invoking command in '/home/song/zed/build/zed_tutorial_video': CMAKE_PREFIX_PATH=${CMAKE_PREFIX_PATH}:/opt/ros/foxy CONDA_PROMPT_MODIFIER=(base) /home/song/.local/bin/cmake /home/song/zed/src/zed-ros2-examples/tutorials/zed_video_tutorial -DCMAKE_INSTALL_PREFIX=/home/song/zed/install/zed_tutorial_video
[0.198s] -- Found ament_cmake_auto: 0.9.12 (/opt/ros/foxy/share/ament_cmake_auto/cmake)
[0.219s] -- Using PYTHON_EXECUTABLE: /home/song/anaconda3/bin/python3
[0.358s] -- Override CMake install command with custom implementation using symlinks instead of copying resources
[0.440s] -- Using all available rosidl_typesupport_c: rosidl_typesupport_fastrtps_c;rosidl_typesupport_introspection_c
[0.442s] -- Found rosidl_adapter: 1.3.1 (/opt/ros/foxy/share/rosidl_adapter/cmake)
[0.531s] -- Using all available rosidl_typesupport_cpp: rosidl_typesupport_fastrtps_cpp;rosidl_typesupport_introspection_cpp
[0.560s] -- Found rmw_implementation_cmake: 1.0.4 (/opt/ros/foxy/share/rmw_implementation_cmake/cmake)
[0.562s] -- Using RMW implementation 'rmw_fastrtps_cpp' as default
[0.713s] -- Found ament_lint_auto: 0.9.8 (/opt/ros/foxy/share/ament_lint_auto/cmake)
[0.719s] -- Configuring done (0.5s)
[0.731s] -- Generating done (0.0s)
[0.732s] -- Build files have been written to: /home/song/zed/build/zed_tutorial_video
[0.740s] Invoked command in '/home/song/zed/build/zed_tutorial_video' returned '0': CMAKE_PREFIX_PATH=${CMAKE_PREFIX_PATH}:/opt/ros/foxy CONDA_PROMPT_MODIFIER=(base) /home/song/.local/bin/cmake /home/song/zed/src/zed-ros2-examples/tutorials/zed_video_tutorial -DCMAKE_INSTALL_PREFIX=/home/song/zed/install/zed_tutorial_video
[0.743s] Invoking command in '/home/song/zed/build/zed_tutorial_video': CMAKE_PREFIX_PATH=${CMAKE_PREFIX_PATH}:/opt/ros/foxy CONDA_PROMPT_MODIFIER=(base) /home/song/.local/bin/cmake --build /home/song/zed/build/zed_tutorial_video -- -j20 -l20
[0.777s] [100%] Built target zed_tutorial_video
[0.783s] Invoked command in '/home/song/zed/build/zed_tutorial_video' returned '0': CMAKE_PREFIX_PATH=${CMAKE_PREFIX_PATH}:/opt/ros/foxy CONDA_PROMPT_MODIFIER=(base) /home/song/.local/bin/cmake --build /home/song/zed/build/zed_tutorial_video -- -j20 -l20
[0.817s] Invoking command in '/home/song/zed/build/zed_tutorial_video': CMAKE_PREFIX_PATH=${CMAKE_PREFIX_PATH}:/opt/ros/foxy CONDA_PROMPT_MODIFIER=(base) /home/song/.local/bin/cmake --install /home/song/zed/build/zed_tutorial_video
[0.833s] -- Install configuration: "Release"
[0.833s] -- Execute custom install script
[0.834s] -- Up-to-date symlink: /home/song/zed/install/zed_tutorial_video/lib/zed_tutorial_video/zed_tutorial_video
[0.836s] -- Up-to-date symlink: /home/song/zed/install/zed_tutorial_video/share/ament_index/resource_index/package_run_dependencies/zed_tutorial_video
[0.837s] -- Up-to-date symlink: /home/song/zed/install/zed_tutorial_video/share/ament_index/resource_index/parent_prefix_path/zed_tutorial_video
[0.837s] -- Up-to-date symlink: /home/song/zed/install/zed_tutorial_video/share/zed_tutorial_video/environment/ament_prefix_path.sh
[0.837s] -- Up-to-date symlink: /home/song/zed/install/zed_tutorial_video/share/zed_tutorial_video/environment/ament_prefix_path.dsv
[0.837s] -- Up-to-date symlink: /home/song/zed/install/zed_tutorial_video/share/zed_tutorial_video/environment/path.sh
[0.837s] -- Up-to-date symlink: /home/song/zed/install/zed_tutorial_video/share/zed_tutorial_video/environment/path.dsv
[0.837s] -- Up-to-date symlink: /home/song/zed/install/zed_tutorial_video/share/zed_tutorial_video/local_setup.bash
[0.837s] -- Up-to-date symlink: /home/song/zed/install/zed_tutorial_video/share/zed_tutorial_video/local_setup.sh
[0.838s] -- Up-to-date symlink: /home/song/zed/install/zed_tutorial_video/share/zed_tutorial_video/local_setup.zsh
[0.838s] -- Up-to-date symlink: /home/song/zed/install/zed_tutorial_video/share/zed_tutorial_video/local_setup.dsv
[0.838s] -- Symlinking: /home/song/zed/install/zed_tutorial_video/share/zed_tutorial_video/package.dsv
[0.838s] -- Up-to-date symlink: /home/song/zed/install/zed_tutorial_video/share/ament_index/resource_index/packages/zed_tutorial_video
[0.839s] -- Up-to-date symlink: /home/song/zed/install/zed_tutorial_video/share/zed_tutorial_video/cmake/zed_tutorial_videoConfig.cmake
[0.839s] -- Up-to-date symlink: /home/song/zed/install/zed_tutorial_video/share/zed_tutorial_video/cmake/zed_tutorial_videoConfig-version.cmake
[0.839s] -- Up-to-date symlink: /home/song/zed/install/zed_tutorial_video/share/zed_tutorial_video/package.xml
[0.853s] Invoked command in '/home/song/zed/build/zed_tutorial_video' returned '0': CMAKE_PREFIX_PATH=${CMAKE_PREFIX_PATH}:/opt/ros/foxy CONDA_PROMPT_MODIFIER=(base) /home/song/.local/bin/cmake --install /home/song/zed/build/zed_tutorial_video
