[0.407s] Invoking command in '/home/song/steadylab/build/steadylab': CONDA_PROMPT_MODIFIER=(base) PYTHONPATH=/home/song/steadylab/build/steadylab/prefix_override:/home/song/steadylab/install/steadylab/lib/python3.8/site-packages:${PYTHONPATH} /usr/bin/python3 setup.py develop --editable --build-directory /home/song/steadylab/build/steadylab/build --no-deps install_data
[0.551s] running develop
[0.665s] running egg_info
[0.665s] creating steadylab.egg-info
[0.665s] writing steadylab.egg-info/PKG-INFO
[0.665s] writing dependency_links to steadylab.egg-info/dependency_links.txt
[0.665s] writing entry points to steadylab.egg-info/entry_points.txt
[0.665s] writing requirements to steadylab.egg-info/requires.txt
[0.666s] writing top-level names to steadylab.egg-info/top_level.txt
[0.666s] writing manifest file 'steadylab.egg-info/SOURCES.txt'
[0.685s] reading manifest file 'steadylab.egg-info/SOURCES.txt'
[0.685s] writing manifest file 'steadylab.egg-info/SOURCES.txt'
[0.704s] running build_ext
[0.704s] Creating /home/song/steadylab/install/steadylab/lib/python3.8/site-packages/site.py
[0.705s] Creating /home/song/steadylab/install/steadylab/lib/python3.8/site-packages/steadylab.egg-link (link to .)
[0.706s] Installing sub_zed_left_image script to /home/song/steadylab/install/steadylab/lib/steadylab
[0.706s] 
[0.706s] Installed /home/song/steadylab/build/steadylab
[0.706s] running install_data
[0.706s] creating /home/song/steadylab/install/steadylab/share/ament_index
[0.706s] creating /home/song/steadylab/install/steadylab/share/ament_index/resource_index
[0.706s] creating /home/song/steadylab/install/steadylab/share/ament_index/resource_index/packages
[0.706s] copying resource/steadylab -> /home/song/steadylab/install/steadylab/share/ament_index/resource_index/packages
[0.706s] copying package.xml -> /home/song/steadylab/install/steadylab/share/steadylab
[0.725s] Invoked command in '/home/song/steadylab/build/steadylab' returned '0': CONDA_PROMPT_MODIFIER=(base) PYTHONPATH=/home/song/steadylab/build/steadylab/prefix_override:/home/song/steadylab/install/steadylab/lib/python3.8/site-packages:${PYTHONPATH} /usr/bin/python3 setup.py develop --editable --build-directory /home/song/steadylab/build/steadylab/build --no-deps install_data
