[0.000000] (-) TimerEvent: {}
[0.000082] (-) JobUnselected: {'identifier': 'camera_calibration_parsers'}
[0.000098] (-) JobUnselected: {'identifier': 'camera_info_manager'}
[0.000106] (-) JobUnselected: {'identifier': 'image_common'}
[0.000113] (-) JobUnselected: {'identifier': 'image_transport'}
[0.000120] (-) JobUnselected: {'identifier': 'rviz_plugin_zed_od'}
[0.000127] (-) JobUnselected: {'identifier': 'serial_communication'}
[0.000133] (-) JobUnselected: {'identifier': 'steady_msgs'}
[0.000140] (-) JobUnselected: {'identifier': 'steadylab'}
[0.000146] (-) JobUnselected: {'identifier': 'yo'}
[0.000153] (-) JobUnselected: {'identifier': 'zed_components'}
[0.000159] (-) JobUnselected: {'identifier': 'zed_display_rviz2'}
[0.000166] (-) JobUnselected: {'identifier': 'zed_interfaces'}
[0.000173] (-) JobUnselected: {'identifier': 'zed_multi_camera'}
[0.000179] (-) JobUnselected: {'identifier': 'zed_rgb_convert'}
[0.000186] (-) JobUnselected: {'identifier': 'zed_ros2'}
[0.000193] (-) JobUnselected: {'identifier': 'zed_topic_benchmark'}
[0.000199] (-) JobUnselected: {'identifier': 'zed_topic_benchmark_component'}
[0.000206] (-) JobUnselected: {'identifier': 'zed_topic_benchmark_interfaces'}
[0.000213] (-) JobUnselected: {'identifier': 'zed_tutorial_depth'}
[0.000220] (-) JobUnselected: {'identifier': 'zed_tutorial_pos_tracking'}
[0.000226] (-) JobUnselected: {'identifier': 'zed_tutorial_video'}
[0.000232] (-) JobUnselected: {'identifier': 'zed_wrapper'}
[0.000238] (-) EventReactorShutdown: {}
