[0.051s] Invoking command in '/home/song/zed/build/image_transport': CMAKE_PREFIX_PATH=${CMAKE_PREFIX_PATH}:/opt/ros/foxy CONDA_PROMPT_MODIFIER=(base) /home/song/.local/bin/cmake /home/song/zed/src/image_common/image_transport -DCMAKE_INSTALL_PREFIX=/home/song/zed/install/image_transport
[0.210s] -- Found ament_cmake_ros: 0.9.2 (/opt/ros/foxy/share/ament_cmake_ros/cmake)
[0.211s] -- Using PYTHON_EXECUTABLE: /home/song/anaconda3/bin/python3
[0.267s] -- Override CMake install command with custom implementation using symlinks instead of copying resources
[0.276s] -- Found message_filters: 3.2.7 (/opt/ros/foxy/share/message_filters/cmake)
[0.280s] -- Found pluginlib: 2.5.4 (/opt/ros/foxy/share/pluginlib/cmake)
[0.310s] -- Found rclcpp: 2.4.3 (/opt/ros/foxy/share/rclcpp/cmake)
[0.326s] -- Using all available rosidl_typesupport_c: rosidl_typesupport_fastrtps_c;rosidl_typesupport_introspection_c
[0.328s] -- Found rosidl_adapter: 1.3.1 (/opt/ros/foxy/share/rosidl_adapter/cmake)
[0.420s] -- Using all available rosidl_typesupport_cpp: rosidl_typesupport_fastrtps_cpp;rosidl_typesupport_introspection_cpp
[0.458s] -- Found rmw_implementation_cmake: 1.0.4 (/opt/ros/foxy/share/rmw_implementation_cmake/cmake)
[0.460s] -- Using RMW implementation 'rmw_fastrtps_cpp' as default
[0.605s] -- Found sensor_msgs: 2.0.5 (/opt/ros/foxy/share/sensor_msgs/cmake)
[0.728s] -- Found gtest sources under '/opt/ros/foxy/src/gtest_vendor': C++ tests using 'Google Test' will be built
[0.793s] -- Configuring done (0.7s)
[0.844s] -- Generating done (0.0s)
[0.846s] -- Build files have been written to: /home/song/zed/build/image_transport
[0.854s] Invoked command in '/home/song/zed/build/image_transport' returned '0': CMAKE_PREFIX_PATH=${CMAKE_PREFIX_PATH}:/opt/ros/foxy CONDA_PROMPT_MODIFIER=(base) /home/song/.local/bin/cmake /home/song/zed/src/image_common/image_transport -DCMAKE_INSTALL_PREFIX=/home/song/zed/install/image_transport
[0.857s] Invoking command in '/home/song/zed/build/image_transport': CMAKE_PREFIX_PATH=${CMAKE_PREFIX_PATH}:/opt/ros/foxy CONDA_PROMPT_MODIFIER=(base) /home/song/.local/bin/cmake --build /home/song/zed/build/image_transport -- -j20 -l20
[0.890s] [  6%] Built target gtest_main
[0.890s] [ 13%] Built target gtest
[0.901s] [ 40%] Built target image_transport
[0.913s] [ 46%] Built target image_transport-camera_common
[0.913s] [ 53%] Built target list_transports
[0.914s] [ 60%] Built target image_transport_plugins
[0.915s] [ 66%] Built target image_transport-publisher
[0.916s] [ 73%] Built target republish
[0.917s] [ 80%] Built target image_transport-message_passing
[0.917s] [ 86%] Built target image_transport-remapping
[0.918s] [100%] Built target image_transport-single_subscriber_publisher
[0.918s] [100%] Built target image_transport-subscriber
[0.925s] Invoked command in '/home/song/zed/build/image_transport' returned '0': CMAKE_PREFIX_PATH=${CMAKE_PREFIX_PATH}:/opt/ros/foxy CONDA_PROMPT_MODIFIER=(base) /home/song/.local/bin/cmake --build /home/song/zed/build/image_transport -- -j20 -l20
[0.980s] Invoking command in '/home/song/zed/build/image_transport': CMAKE_PREFIX_PATH=${CMAKE_PREFIX_PATH}:/opt/ros/foxy CONDA_PROMPT_MODIFIER=(base) /home/song/.local/bin/cmake --install /home/song/zed/build/image_transport
[0.997s] -- Install configuration: "Release"
[0.997s] -- Execute custom install script
[0.998s] -- Up-to-date symlink: /home/song/zed/install/image_transport/share/image_transport//default_plugins.xml
[0.998s] -- Up-to-date symlink: /home/song/zed/install/image_transport/lib/libimage_transport.so
[0.998s] -- Up-to-date symlink: /home/song/zed/install/image_transport/lib/libimage_transport_plugins.so
[0.998s] -- Up-to-date symlink: /home/song/zed/install/image_transport/lib/image_transport/list_transports
[0.998s] -- Up-to-date symlink: /home/song/zed/install/image_transport/lib/image_transport/republish
[0.998s] -- Up-to-date symlink: /home/song/zed/install/image_transport/include/image_transport/camera_common.h
[0.999s] -- Up-to-date symlink: /home/song/zed/install/image_transport/include/image_transport/camera_common.hpp
[0.999s] -- Up-to-date symlink: /home/song/zed/install/image_transport/include/image_transport/camera_publisher.h
[0.999s] -- Up-to-date symlink: /home/song/zed/install/image_transport/include/image_transport/camera_publisher.hpp
[0.999s] -- Up-to-date symlink: /home/song/zed/install/image_transport/include/image_transport/camera_subscriber.h
[0.999s] -- Up-to-date symlink: /home/song/zed/install/image_transport/include/image_transport/camera_subscriber.hpp
[0.999s] -- Up-to-date symlink: /home/song/zed/install/image_transport/include/image_transport/exception.h
[0.999s] -- Up-to-date symlink: /home/song/zed/install/image_transport/include/image_transport/exception.hpp
[0.999s] -- Up-to-date symlink: /home/song/zed/install/image_transport/include/image_transport/image_transport.h
[0.999s] -- Up-to-date symlink: /home/song/zed/install/image_transport/include/image_transport/image_transport.hpp
[1.000s] -- Up-to-date symlink: /home/song/zed/install/image_transport/include/image_transport/loader_fwds.h
[1.000s] -- Up-to-date symlink: /home/song/zed/install/image_transport/include/image_transport/loader_fwds.hpp
[1.000s] -- Up-to-date symlink: /home/song/zed/install/image_transport/include/image_transport/publisher.h
[1.000s] -- Up-to-date symlink: /home/song/zed/install/image_transport/include/image_transport/publisher.hpp
[1.000s] -- Up-to-date symlink: /home/song/zed/install/image_transport/include/image_transport/publisher_plugin.h
[1.000s] -- Up-to-date symlink: /home/song/zed/install/image_transport/include/image_transport/publisher_plugin.hpp
[1.000s] -- Up-to-date symlink: /home/song/zed/install/image_transport/include/image_transport/raw_publisher.h
[1.001s] -- Up-to-date symlink: /home/song/zed/install/image_transport/include/image_transport/raw_publisher.hpp
[1.001s] -- Up-to-date symlink: /home/song/zed/install/image_transport/include/image_transport/raw_subscriber.h
[1.001s] -- Up-to-date symlink: /home/song/zed/install/image_transport/include/image_transport/raw_subscriber.hpp
[1.001s] -- Up-to-date symlink: /home/song/zed/install/image_transport/include/image_transport/simple_publisher_plugin.h
[1.001s] -- Up-to-date symlink: /home/song/zed/install/image_transport/include/image_transport/simple_publisher_plugin.hpp
[1.001s] -- Up-to-date symlink: /home/song/zed/install/image_transport/include/image_transport/simple_subscriber_plugin.h
[1.001s] -- Up-to-date symlink: /home/song/zed/install/image_transport/include/image_transport/simple_subscriber_plugin.hpp
[1.001s] -- Up-to-date symlink: /home/song/zed/install/image_transport/include/image_transport/single_subscriber_publisher.h
[1.002s] -- Up-to-date symlink: /home/song/zed/install/image_transport/include/image_transport/single_subscriber_publisher.hpp
[1.002s] -- Up-to-date symlink: /home/song/zed/install/image_transport/include/image_transport/subscriber.h
[1.002s] -- Up-to-date symlink: /home/song/zed/install/image_transport/include/image_transport/subscriber.hpp
[1.002s] -- Up-to-date symlink: /home/song/zed/install/image_transport/include/image_transport/subscriber_filter.h
[1.002s] -- Up-to-date symlink: /home/song/zed/install/image_transport/include/image_transport/subscriber_filter.hpp
[1.002s] -- Up-to-date symlink: /home/song/zed/install/image_transport/include/image_transport/subscriber_plugin.h
[1.002s] -- Up-to-date symlink: /home/song/zed/install/image_transport/include/image_transport/subscriber_plugin.hpp
[1.002s] -- Up-to-date symlink: /home/song/zed/install/image_transport/include/image_transport/transport_hints.h
[1.002s] -- Up-to-date symlink: /home/song/zed/install/image_transport/include/image_transport/transport_hints.hpp
[1.003s] -- Up-to-date symlink: /home/song/zed/install/image_transport/include/image_transport/visibility_control.hpp
[1.003s] -- Up-to-date symlink: /home/song/zed/install/image_transport/share/image_transport/environment/library_path.sh
[1.003s] -- Up-to-date symlink: /home/song/zed/install/image_transport/share/image_transport/environment/library_path.dsv
[1.003s] -- Up-to-date symlink: /home/song/zed/install/image_transport/share/ament_index/resource_index/package_run_dependencies/image_transport
[1.003s] -- Up-to-date symlink: /home/song/zed/install/image_transport/share/ament_index/resource_index/parent_prefix_path/image_transport
[1.003s] -- Up-to-date symlink: /home/song/zed/install/image_transport/share/image_transport/environment/ament_prefix_path.sh
[1.003s] -- Up-to-date symlink: /home/song/zed/install/image_transport/share/image_transport/environment/ament_prefix_path.dsv
[1.004s] -- Up-to-date symlink: /home/song/zed/install/image_transport/share/image_transport/environment/path.sh
[1.004s] -- Up-to-date symlink: /home/song/zed/install/image_transport/share/image_transport/environment/path.dsv
[1.004s] -- Up-to-date symlink: /home/song/zed/install/image_transport/share/image_transport/local_setup.bash
[1.004s] -- Up-to-date symlink: /home/song/zed/install/image_transport/share/image_transport/local_setup.sh
[1.004s] -- Up-to-date symlink: /home/song/zed/install/image_transport/share/image_transport/local_setup.zsh
[1.004s] -- Up-to-date symlink: /home/song/zed/install/image_transport/share/image_transport/local_setup.dsv
[1.004s] -- Symlinking: /home/song/zed/install/image_transport/share/image_transport/package.dsv
[1.004s] -- Up-to-date symlink: /home/song/zed/install/image_transport/share/ament_index/resource_index/packages/image_transport
[1.004s] -- Up-to-date symlink: /home/song/zed/install/image_transport/share/ament_index/resource_index/image_transport__pluginlib__plugin/image_transport
[1.005s] -- Up-to-date symlink: /home/song/zed/install/image_transport/share/image_transport/cmake/ament_cmake_export_include_directories-extras.cmake
[1.005s] -- Up-to-date symlink: /home/song/zed/install/image_transport/share/image_transport/cmake/ament_cmake_export_libraries-extras.cmake
[1.005s] -- Up-to-date symlink: /home/song/zed/install/image_transport/share/image_transport/cmake/ament_cmake_export_dependencies-extras.cmake
[1.005s] -- Up-to-date symlink: /home/song/zed/install/image_transport/share/image_transport/cmake/image_transportConfig.cmake
[1.005s] -- Up-to-date symlink: /home/song/zed/install/image_transport/share/image_transport/cmake/image_transportConfig-version.cmake
[1.005s] -- Up-to-date symlink: /home/song/zed/install/image_transport/share/image_transport/package.xml
[1.011s] Invoked command in '/home/song/zed/build/image_transport' returned '0': CMAKE_PREFIX_PATH=${CMAKE_PREFIX_PATH}:/opt/ros/foxy CONDA_PROMPT_MODIFIER=(base) /home/song/.local/bin/cmake --install /home/song/zed/build/image_transport
