[0.015s] Invoking command in '/home/song/steadylab/build/zed_components': AMENT_PREFIX_PATH=/home/song/steadylab/install/zed_interfaces:/home/song/steadylab/install/image_transport:${AMENT_PREFIX_PATH} CMAKE_PREFIX_PATH=/home/song/steadylab/install/zed_interfaces:/home/song/steadylab/install/image_transport:/home/song/zed/install/zed_ros2:/home/song/zed/install/zed_multi_camera:/home/song/zed/install/zed_display_rviz2:/home/song/zed/install/zed_wrapper:/home/song/zed/install/zed_tutorial_video:/home/song/zed/install/zed_tutorial_pos_tracking:/home/song/zed/install/zed_tutorial_depth:/home/song/zed/install/zed_topic_benchmark_interfaces:/home/song/zed/install/zed_rgb_convert:/home/song/zed/install/zed_components:/home/song/zed/install/rviz_plugin_zed_od:/home/song/zed/install/zed_interfaces:/home/song/zed/install/image_common:/home/song/zed/install/image_transport:/home/song/zed/install/camera_info_manager:/home/song/zed/install/camera_calibration_parsers:/home/song/zed/install/steadylab:/opt/ros/foxy CONDA_PROMPT_MODIFIER=(base) LD_LIBRARY_PATH=/home/song/steadylab/install/zed_interfaces/lib:/home/song/steadylab/install/image_transport/lib:/home/song/zed/install/zed_topic_benchmark_interfaces/lib:/home/song/zed/install/zed_rgb_convert/lib:/home/song/zed/install/zed_components/lib:/home/song/zed/install/rviz_plugin_zed_od/lib:/home/song/zed/install/zed_interfaces/lib:/home/song/zed/install/image_transport/lib:/home/song/zed/install/camera_info_manager/lib:/home/song/zed/install/camera_calibration_parsers/lib:/opt/ros/foxy/opt/yaml_cpp_vendor/lib:/opt/ros/foxy/opt/rviz_ogre_vendor/lib:/opt/ros/foxy/lib/x86_64-linux-gnu:/opt/ros/foxy/lib:/usr/local/cuda-11.8/lib64 PYTHONPATH=/home/song/steadylab/install/zed_interfaces/lib/python3.9/site-packages:${PYTHONPATH} /home/song/.local/bin/cmake /home/song/steadylab/src/zed-ros2-wrapper/zed_components -DAMENT_CMAKE_SYMLINK_INSTALL=1 -DCMAKE_INSTALL_PREFIX=/home/song/steadylab/install/zed_components
[0.055s] -- The C compiler identification is GNU 9.4.0
[0.088s] -- The CXX compiler identification is GNU 9.4.0
[0.094s] -- Detecting C compiler ABI info
[0.127s] -- Detecting C compiler ABI info - done
[0.135s] -- Check for working C compiler: /usr/bin/cc - skipped
[0.135s] -- Detecting C compile features
[0.135s] -- Detecting C compile features - done
[0.138s] -- Detecting CXX compiler ABI info
[0.176s] -- Detecting CXX compiler ABI info - done
[0.183s] -- Check for working CXX compiler: /usr/bin/c++ - skipped
[0.183s] -- Detecting CXX compile features
[0.183s] -- Detecting CXX compile features - done
[0.186s] -- Looking for sgemm_
[0.220s] -- Looking for sgemm_ - not found
[0.220s] -- Performing Test CMAKE_HAVE_LIBC_PTHREAD
[0.257s] -- Performing Test CMAKE_HAVE_LIBC_PTHREAD - Failed
[0.257s] -- Looking for pthread_create in pthreads
[0.285s] -- Looking for pthread_create in pthreads - not found
[0.286s] -- Looking for pthread_create in pthread
[0.323s] -- Looking for pthread_create in pthread - found
[0.324s] -- Found Threads: TRUE  
[0.358s] -- Looking for sgemm_
[0.416s] -- Looking for sgemm_ - found
[0.416s] -- Found BLAS: /usr/lib/x86_64-linux-gnu/libopenblas.so  
[0.439s] -- Found CUDA: /usr/local/cuda-11.8 (found suitable version "11.8", minimum required is "11") 
[0.462s] -- Found CUDA: /usr/local/cuda-11.8 (found version "11.8") 
[0.463s] -- Found ament_cmake_auto: 0.9.12 (/opt/ros/foxy/share/ament_cmake_auto/cmake)
[0.484s] -- Found PythonInterp: /home/song/anaconda3/bin/python3 (found suitable version "3.9.13", minimum required is "3") 
[0.484s] -- Using PYTHON_EXECUTABLE: /home/song/anaconda3/bin/python3
[0.616s] -- Override CMake install command with custom implementation using symlinks instead of copying resources
[0.685s] -- Using all available rosidl_typesupport_c: rosidl_typesupport_fastrtps_c;rosidl_typesupport_introspection_c
[0.689s] -- Found rosidl_adapter: 1.3.1 (/opt/ros/foxy/share/rosidl_adapter/cmake)
[0.733s] -- Found OpenSSL: /usr/lib/x86_64-linux-gnu/libcrypto.so (found version "1.1.1f")  
[0.752s] -- Found FastRTPS: /opt/ros/foxy/include  
[0.803s] -- Using all available rosidl_typesupport_cpp: rosidl_typesupport_fastrtps_cpp;rosidl_typesupport_introspection_cpp
[1.003s] -- Found rmw_implementation_cmake: 1.0.4 (/opt/ros/foxy/share/rmw_implementation_cmake/cmake)
[1.004s] -- Using RMW implementation 'rmw_fastrtps_cpp' as default
[1.557s] -- Found eigen3_cmake_module: 0.1.1 (/opt/ros/foxy/share/eigen3_cmake_module/cmake)
[1.559s] -- Found Eigen3: TRUE (found version "3.3.7") 
[1.817s] -- Found ament_lint_auto: 0.9.8 (/opt/ros/foxy/share/ament_lint_auto/cmake)
[1.837s] -- Added test 'copyright' to check source files copyright and LICENSE
[1.838s] -- Added test 'cppcheck' to perform static code analysis on C / C++ code
[1.838s] -- Configured cppcheck include dirs: /home/song/steadylab/src/zed-ros2-wrapper/zed_components/src/include;/home/song/steadylab/src/zed-ros2-wrapper/zed_components/src/zed_camera/include;/home/song/steadylab/src/zed-ros2-wrapper/zed_components/src/tools/include
[1.838s] -- Configured cppcheck exclude dirs and/or files: 
[1.839s] -- Added test 'lint_cmake' to check CMake code style
[1.840s] -- Added test 'uncrustify' to check C / C++ code style
[1.840s] -- Configured uncrustify additional arguments: 
[1.840s] -- Added test 'xmllint' to check XML markup files
[1.843s] -- Configuring done (1.8s)
[1.859s] -- Generating done (0.0s)
[1.861s] -- Build files have been written to: /home/song/steadylab/build/zed_components
[1.874s] Invoked command in '/home/song/steadylab/build/zed_components' returned '0': AMENT_PREFIX_PATH=/home/song/steadylab/install/zed_interfaces:/home/song/steadylab/install/image_transport:${AMENT_PREFIX_PATH} CMAKE_PREFIX_PATH=/home/song/steadylab/install/zed_interfaces:/home/song/steadylab/install/image_transport:/home/song/zed/install/zed_ros2:/home/song/zed/install/zed_multi_camera:/home/song/zed/install/zed_display_rviz2:/home/song/zed/install/zed_wrapper:/home/song/zed/install/zed_tutorial_video:/home/song/zed/install/zed_tutorial_pos_tracking:/home/song/zed/install/zed_tutorial_depth:/home/song/zed/install/zed_topic_benchmark_interfaces:/home/song/zed/install/zed_rgb_convert:/home/song/zed/install/zed_components:/home/song/zed/install/rviz_plugin_zed_od:/home/song/zed/install/zed_interfaces:/home/song/zed/install/image_common:/home/song/zed/install/image_transport:/home/song/zed/install/camera_info_manager:/home/song/zed/install/camera_calibration_parsers:/home/song/zed/install/steadylab:/opt/ros/foxy CONDA_PROMPT_MODIFIER=(base) LD_LIBRARY_PATH=/home/song/steadylab/install/zed_interfaces/lib:/home/song/steadylab/install/image_transport/lib:/home/song/zed/install/zed_topic_benchmark_interfaces/lib:/home/song/zed/install/zed_rgb_convert/lib:/home/song/zed/install/zed_components/lib:/home/song/zed/install/rviz_plugin_zed_od/lib:/home/song/zed/install/zed_interfaces/lib:/home/song/zed/install/image_transport/lib:/home/song/zed/install/camera_info_manager/lib:/home/song/zed/install/camera_calibration_parsers/lib:/opt/ros/foxy/opt/yaml_cpp_vendor/lib:/opt/ros/foxy/opt/rviz_ogre_vendor/lib:/opt/ros/foxy/lib/x86_64-linux-gnu:/opt/ros/foxy/lib:/usr/local/cuda-11.8/lib64 PYTHONPATH=/home/song/steadylab/install/zed_interfaces/lib/python3.9/site-packages:${PYTHONPATH} /home/song/.local/bin/cmake /home/song/steadylab/src/zed-ros2-wrapper/zed_components -DAMENT_CMAKE_SYMLINK_INSTALL=1 -DCMAKE_INSTALL_PREFIX=/home/song/steadylab/install/zed_components
[1.876s] Invoking command in '/home/song/steadylab/build/zed_components': AMENT_PREFIX_PATH=/home/song/steadylab/install/zed_interfaces:/home/song/steadylab/install/image_transport:${AMENT_PREFIX_PATH} CMAKE_PREFIX_PATH=/home/song/steadylab/install/zed_interfaces:/home/song/steadylab/install/image_transport:/home/song/zed/install/zed_ros2:/home/song/zed/install/zed_multi_camera:/home/song/zed/install/zed_display_rviz2:/home/song/zed/install/zed_wrapper:/home/song/zed/install/zed_tutorial_video:/home/song/zed/install/zed_tutorial_pos_tracking:/home/song/zed/install/zed_tutorial_depth:/home/song/zed/install/zed_topic_benchmark_interfaces:/home/song/zed/install/zed_rgb_convert:/home/song/zed/install/zed_components:/home/song/zed/install/rviz_plugin_zed_od:/home/song/zed/install/zed_interfaces:/home/song/zed/install/image_common:/home/song/zed/install/image_transport:/home/song/zed/install/camera_info_manager:/home/song/zed/install/camera_calibration_parsers:/home/song/zed/install/steadylab:/opt/ros/foxy CONDA_PROMPT_MODIFIER=(base) LD_LIBRARY_PATH=/home/song/steadylab/install/zed_interfaces/lib:/home/song/steadylab/install/image_transport/lib:/home/song/zed/install/zed_topic_benchmark_interfaces/lib:/home/song/zed/install/zed_rgb_convert/lib:/home/song/zed/install/zed_components/lib:/home/song/zed/install/rviz_plugin_zed_od/lib:/home/song/zed/install/zed_interfaces/lib:/home/song/zed/install/image_transport/lib:/home/song/zed/install/camera_info_manager/lib:/home/song/zed/install/camera_calibration_parsers/lib:/opt/ros/foxy/opt/yaml_cpp_vendor/lib:/opt/ros/foxy/opt/rviz_ogre_vendor/lib:/opt/ros/foxy/lib/x86_64-linux-gnu:/opt/ros/foxy/lib:/usr/local/cuda-11.8/lib64 PYTHONPATH=/home/song/steadylab/install/zed_interfaces/lib/python3.9/site-packages:${PYTHONPATH} /home/song/.local/bin/cmake --build /home/song/steadylab/build/zed_components -- -j20 -l20
[1.906s] [ 50%] [32mBuilding CXX object CMakeFiles/zed_camera_component.dir/src/tools/src/sl_tools.cpp.o[0m
[1.906s] [ 50%] [32mBuilding CXX object CMakeFiles/zed_camera_component.dir/src/tools/src/sl_win_avg.cpp.o[0m
[1.906s] [ 75%] [32mBuilding CXX object CMakeFiles/zed_camera_component.dir/src/zed_camera/src/zed_camera_component.cpp.o[0m
[2.394s] In file included from [01m[K/home/song/steadylab/src/zed-ros2-wrapper/zed_components/src/zed_camera/include/zed_camera_component.hpp:19[m[K,
[2.394s]                  from [01m[K/home/song/steadylab/src/zed-ros2-wrapper/zed_components/src/zed_camera/src/zed_camera_component.cpp:20[m[K:
[2.394s] [01m[K/usr/local/zed/include/sl/Fusion.hpp:68:64:[m[K [01;36m[Knote: [m[K#pragma message: ~ FUSION SDK is distributed in Early Access ~
[2.394s]    68 | #pragma message("~ FUSION SDK is distributed in Early Access ~"[01;36m[K)[m[K
[2.394s]       |                                                                [01;36m[K^[m[K
[32.213s] [100%] [32m[1mLinking CXX shared library libzed_camera_component.so[0m
[32.519s] [100%] Built target zed_camera_component
[32.525s] Invoked command in '/home/song/steadylab/build/zed_components' returned '0': AMENT_PREFIX_PATH=/home/song/steadylab/install/zed_interfaces:/home/song/steadylab/install/image_transport:${AMENT_PREFIX_PATH} CMAKE_PREFIX_PATH=/home/song/steadylab/install/zed_interfaces:/home/song/steadylab/install/image_transport:/home/song/zed/install/zed_ros2:/home/song/zed/install/zed_multi_camera:/home/song/zed/install/zed_display_rviz2:/home/song/zed/install/zed_wrapper:/home/song/zed/install/zed_tutorial_video:/home/song/zed/install/zed_tutorial_pos_tracking:/home/song/zed/install/zed_tutorial_depth:/home/song/zed/install/zed_topic_benchmark_interfaces:/home/song/zed/install/zed_rgb_convert:/home/song/zed/install/zed_components:/home/song/zed/install/rviz_plugin_zed_od:/home/song/zed/install/zed_interfaces:/home/song/zed/install/image_common:/home/song/zed/install/image_transport:/home/song/zed/install/camera_info_manager:/home/song/zed/install/camera_calibration_parsers:/home/song/zed/install/steadylab:/opt/ros/foxy CONDA_PROMPT_MODIFIER=(base) LD_LIBRARY_PATH=/home/song/steadylab/install/zed_interfaces/lib:/home/song/steadylab/install/image_transport/lib:/home/song/zed/install/zed_topic_benchmark_interfaces/lib:/home/song/zed/install/zed_rgb_convert/lib:/home/song/zed/install/zed_components/lib:/home/song/zed/install/rviz_plugin_zed_od/lib:/home/song/zed/install/zed_interfaces/lib:/home/song/zed/install/image_transport/lib:/home/song/zed/install/camera_info_manager/lib:/home/song/zed/install/camera_calibration_parsers/lib:/opt/ros/foxy/opt/yaml_cpp_vendor/lib:/opt/ros/foxy/opt/rviz_ogre_vendor/lib:/opt/ros/foxy/lib/x86_64-linux-gnu:/opt/ros/foxy/lib:/usr/local/cuda-11.8/lib64 PYTHONPATH=/home/song/steadylab/install/zed_interfaces/lib/python3.9/site-packages:${PYTHONPATH} /home/song/.local/bin/cmake --build /home/song/steadylab/build/zed_components -- -j20 -l20
[32.554s] Invoking command in '/home/song/steadylab/build/zed_components': AMENT_PREFIX_PATH=/home/song/steadylab/install/zed_interfaces:/home/song/steadylab/install/image_transport:${AMENT_PREFIX_PATH} CMAKE_PREFIX_PATH=/home/song/steadylab/install/zed_interfaces:/home/song/steadylab/install/image_transport:/home/song/zed/install/zed_ros2:/home/song/zed/install/zed_multi_camera:/home/song/zed/install/zed_display_rviz2:/home/song/zed/install/zed_wrapper:/home/song/zed/install/zed_tutorial_video:/home/song/zed/install/zed_tutorial_pos_tracking:/home/song/zed/install/zed_tutorial_depth:/home/song/zed/install/zed_topic_benchmark_interfaces:/home/song/zed/install/zed_rgb_convert:/home/song/zed/install/zed_components:/home/song/zed/install/rviz_plugin_zed_od:/home/song/zed/install/zed_interfaces:/home/song/zed/install/image_common:/home/song/zed/install/image_transport:/home/song/zed/install/camera_info_manager:/home/song/zed/install/camera_calibration_parsers:/home/song/zed/install/steadylab:/opt/ros/foxy CONDA_PROMPT_MODIFIER=(base) LD_LIBRARY_PATH=/home/song/steadylab/install/zed_interfaces/lib:/home/song/steadylab/install/image_transport/lib:/home/song/zed/install/zed_topic_benchmark_interfaces/lib:/home/song/zed/install/zed_rgb_convert/lib:/home/song/zed/install/zed_components/lib:/home/song/zed/install/rviz_plugin_zed_od/lib:/home/song/zed/install/zed_interfaces/lib:/home/song/zed/install/image_transport/lib:/home/song/zed/install/camera_info_manager/lib:/home/song/zed/install/camera_calibration_parsers/lib:/opt/ros/foxy/opt/yaml_cpp_vendor/lib:/opt/ros/foxy/opt/rviz_ogre_vendor/lib:/opt/ros/foxy/lib/x86_64-linux-gnu:/opt/ros/foxy/lib:/usr/local/cuda-11.8/lib64 PYTHONPATH=/home/song/steadylab/install/zed_interfaces/lib/python3.9/site-packages:${PYTHONPATH} /home/song/.local/bin/cmake --install /home/song/steadylab/build/zed_components
[32.569s] -- Install configuration: "Release"
[32.569s] -- Execute custom install script
[32.569s] -- Symlinking: /home/song/steadylab/install/zed_components/lib/libzed_camera_component.so
[32.571s] -- Symlinking: /home/song/steadylab/install/zed_components/include/zed_components//cost_traversability.hpp
[32.572s] -- Symlinking: /home/song/steadylab/install/zed_components/include/zed_components//sl_types.hpp
[32.573s] -- Symlinking: /home/song/steadylab/install/zed_components/include/zed_components//zed_camera_component.hpp
[32.575s] -- Symlinking: /home/song/steadylab/install/zed_components/include/zed_components//sl_logging.hpp
[32.576s] -- Symlinking: /home/song/steadylab/install/zed_components/include/zed_components//sl_tools.hpp
[32.578s] -- Symlinking: /home/song/steadylab/install/zed_components/include/zed_components//sl_win_avg.hpp
[32.579s] -- Symlinking: /home/song/steadylab/install/zed_components/include/zed_components//visibility_control.hpp
[32.580s] -- Symlinking: /home/song/steadylab/install/zed_components/share/zed_components/environment/library_path.sh
[32.581s] -- Symlinking: /home/song/steadylab/install/zed_components/share/zed_components/environment/library_path.dsv
[32.583s] -- Symlinking: /home/song/steadylab/install/zed_components/share/ament_index/resource_index/package_run_dependencies/zed_components
[32.584s] -- Symlinking: /home/song/steadylab/install/zed_components/share/ament_index/resource_index/parent_prefix_path/zed_components
[32.586s] -- Symlinking: /home/song/steadylab/install/zed_components/share/zed_components/environment/ament_prefix_path.sh
[32.587s] -- Symlinking: /home/song/steadylab/install/zed_components/share/zed_components/environment/ament_prefix_path.dsv
[32.588s] -- Symlinking: /home/song/steadylab/install/zed_components/share/zed_components/environment/path.sh
[32.590s] -- Symlinking: /home/song/steadylab/install/zed_components/share/zed_components/environment/path.dsv
[32.591s] -- Symlinking: /home/song/steadylab/install/zed_components/share/zed_components/local_setup.bash
[32.592s] -- Symlinking: /home/song/steadylab/install/zed_components/share/zed_components/local_setup.sh
[32.594s] -- Symlinking: /home/song/steadylab/install/zed_components/share/zed_components/local_setup.zsh
[32.595s] -- Symlinking: /home/song/steadylab/install/zed_components/share/zed_components/local_setup.dsv
[32.596s] -- Symlinking: /home/song/steadylab/install/zed_components/share/zed_components/package.dsv
[32.597s] -- Symlinking: /home/song/steadylab/install/zed_components/share/ament_index/resource_index/packages/zed_components
[32.599s] -- Symlinking: /home/song/steadylab/install/zed_components/share/ament_index/resource_index/rclcpp_components/zed_components
[32.600s] -- Symlinking: /home/song/steadylab/install/zed_components/share/zed_components/cmake/ament_cmake_export_include_directories-extras.cmake
[32.602s] -- Symlinking: /home/song/steadylab/install/zed_components/share/zed_components/cmake/ament_cmake_export_libraries-extras.cmake
[32.603s] -- Symlinking: /home/song/steadylab/install/zed_components/share/zed_components/cmake/ament_cmake_export_dependencies-extras.cmake
[32.604s] -- Symlinking: /home/song/steadylab/install/zed_components/share/zed_components/cmake/zed_componentsConfig.cmake
[32.606s] -- Symlinking: /home/song/steadylab/install/zed_components/share/zed_components/cmake/zed_componentsConfig-version.cmake
[32.607s] -- Symlinking: /home/song/steadylab/install/zed_components/share/zed_components/package.xml
[32.613s] Invoked command in '/home/song/steadylab/build/zed_components' returned '0': AMENT_PREFIX_PATH=/home/song/steadylab/install/zed_interfaces:/home/song/steadylab/install/image_transport:${AMENT_PREFIX_PATH} CMAKE_PREFIX_PATH=/home/song/steadylab/install/zed_interfaces:/home/song/steadylab/install/image_transport:/home/song/zed/install/zed_ros2:/home/song/zed/install/zed_multi_camera:/home/song/zed/install/zed_display_rviz2:/home/song/zed/install/zed_wrapper:/home/song/zed/install/zed_tutorial_video:/home/song/zed/install/zed_tutorial_pos_tracking:/home/song/zed/install/zed_tutorial_depth:/home/song/zed/install/zed_topic_benchmark_interfaces:/home/song/zed/install/zed_rgb_convert:/home/song/zed/install/zed_components:/home/song/zed/install/rviz_plugin_zed_od:/home/song/zed/install/zed_interfaces:/home/song/zed/install/image_common:/home/song/zed/install/image_transport:/home/song/zed/install/camera_info_manager:/home/song/zed/install/camera_calibration_parsers:/home/song/zed/install/steadylab:/opt/ros/foxy CONDA_PROMPT_MODIFIER=(base) LD_LIBRARY_PATH=/home/song/steadylab/install/zed_interfaces/lib:/home/song/steadylab/install/image_transport/lib:/home/song/zed/install/zed_topic_benchmark_interfaces/lib:/home/song/zed/install/zed_rgb_convert/lib:/home/song/zed/install/zed_components/lib:/home/song/zed/install/rviz_plugin_zed_od/lib:/home/song/zed/install/zed_interfaces/lib:/home/song/zed/install/image_transport/lib:/home/song/zed/install/camera_info_manager/lib:/home/song/zed/install/camera_calibration_parsers/lib:/opt/ros/foxy/opt/yaml_cpp_vendor/lib:/opt/ros/foxy/opt/rviz_ogre_vendor/lib:/opt/ros/foxy/lib/x86_64-linux-gnu:/opt/ros/foxy/lib:/usr/local/cuda-11.8/lib64 PYTHONPATH=/home/song/steadylab/install/zed_interfaces/lib/python3.9/site-packages:${PYTHONPATH} /home/song/.local/bin/cmake --install /home/song/steadylab/build/zed_components
