[0.038s] Invoking command in '/home/song/steadylab/src/build/zed_interfaces': CMAKE_PREFIX_PATH=${CMAKE_PREFIX_PATH}:/home/song/steadylab/install/yo:/home/song/steadylab/install/steadylab:/opt/ros/foxy CONDA_PROMPT_MODIFIER=(base) /usr/bin/cmake --build /home/song/steadylab/src/build/zed_interfaces -- -j20 -l20
[0.222s] [  0%] Built target zed_interfaces__cpp
[0.224s] [ 12%] Built target zed_interfaces__rosidl_generator_c
[0.224s] [ 24%] Built target zed_interfaces__rosidl_typesupport_cpp
[0.224s] [ 36%] Built target zed_interfaces__rosidl_typesupport_fastrtps_cpp
[0.224s] [ 48%] Built target zed_interfaces__rosidl_typesupport_introspection_c
[0.225s] [ 60%] Built target zed_interfaces__rosidl_typesupport_c
[0.225s] [ 72%] Built target zed_interfaces__rosidl_typesupport_introspection_cpp
[0.225s] [ 84%] Built target zed_interfaces__rosidl_typesupport_fastrtps_c
[0.225s] [ 84%] Built target zed_interfaces
[0.227s] [ 85%] [34m[1mGenerating Python code for ROS interfaces[0m
[0.443s] ImportError in template '/opt/ros/foxy/share/rosidl_generator_py/cmake/../resource/_msg.py.em': 
[0.443s] 
[0.443s] IMPORTANT: PLEASE READ THIS FOR ADVICE ON HOW TO SOLVE THIS ISSUE!
[0.443s] 
[0.443s] Importing the numpy C-extensions failed. This error can happen for
[0.443s] many reasons, often due to issues with your setup or how NumPy was
[0.443s] installed.
[0.443s] 
[0.443s] We have compiled some common reasons and troubleshooting tips at:
[0.443s] 
[0.443s]     https://numpy.org/devdocs/user/troubleshooting-importerror.html
[0.443s] 
[0.443s] Please note and check the following:
[0.443s] 
[0.443s]   * The Python version is: Python3.9 from "/home/song/anaconda3/bin/python3"
[0.443s]   * The NumPy version is: "1.23.1"
[0.443s] 
[0.443s] and make sure that they are the versions you expect.
[0.443s] Please carefully study the documentation linked above for further help.
[0.443s] 
[0.443s] Original error was: No module named 'numpy.core._multiarray_umath'
[0.443s] 
[0.443s] ImportError when expanding '_idl.py.em' into '/home/song/steadylab/src/build/zed_interfaces/rosidl_generator_py/zed_interfaces/msg/_object.py': 
[0.443s] 
[0.444s] IMPORTANT: PLEASE READ THIS FOR ADVICE ON HOW TO SOLVE THIS ISSUE!
[0.444s] 
[0.444s] Importing the numpy C-extensions failed. This error can happen for
[0.444s] many reasons, often due to issues with your setup or how NumPy was
[0.444s] installed.
[0.444s] 
[0.444s] We have compiled some common reasons and troubleshooting tips at:
[0.444s] 
[0.444s]     https://numpy.org/devdocs/user/troubleshooting-importerror.html
[0.444s] 
[0.444s] Please note and check the following:
[0.444s] 
[0.444s]   * The Python version is: Python3.9 from "/home/song/anaconda3/bin/python3"
[0.444s]   * The NumPy version is: "1.23.1"
[0.444s] 
[0.444s] and make sure that they are the versions you expect.
[0.444s] Please carefully study the documentation linked above for further help.
[0.444s] 
[0.444s] Original error was: No module named 'numpy.core._multiarray_umath'
[0.444s] 
[0.444s] Error processing idl file: /home/song/steadylab/src/build/zed_interfaces/rosidl_adapter/zed_interfaces/msg/Object.idl
[0.444s] Traceback (most recent call last):
[0.444s]   File "/opt/ros/foxy/lib/python3.8/site-packages/numpy/core/__init__.py", line 23, in <module>
[0.444s]     from . import multiarray
[0.444s]   File "/opt/ros/foxy/lib/python3.8/site-packages/numpy/core/multiarray.py", line 10, in <module>
[0.444s]     from . import overrides
[0.444s]   File "/opt/ros/foxy/lib/python3.8/site-packages/numpy/core/overrides.py", line 6, in <module>
[0.444s]     from numpy.core._multiarray_umath import (
[0.444s] ModuleNotFoundError: No module named 'numpy.core._multiarray_umath'
[0.444s] 
[0.444s] During handling of the above exception, another exception occurred:
[0.444s] 
[0.444s] Traceback (most recent call last):
[0.445s]   File "/opt/ros/foxy/share/rosidl_generator_py/cmake/../../../lib/rosidl_generator_py/rosidl_generator_py", line 40, in <module>
[0.445s]     sys.exit(main())
[0.445s]   File "/opt/ros/foxy/share/rosidl_generator_py/cmake/../../../lib/rosidl_generator_py/rosidl_generator_py", line 36, in main
[0.445s]     return generate_py(args.generator_arguments_file, args.typesupport_impls.split(';'))
[0.445s]   File "/opt/ros/foxy/lib/python3.8/site-packages/rosidl_generator_py/generate_py_impl.py", line 61, in generate_py
[0.445s]     generate_files(generator_arguments_file, mapping)
[0.445s]   File "/opt/ros/foxy/lib/python3.8/site-packages/rosidl_cmake/__init__.py", line 96, in generate_files
[0.445s]     raise(e)
[0.445s]   File "/opt/ros/foxy/lib/python3.8/site-packages/rosidl_cmake/__init__.py", line 87, in generate_files
[0.445s]     expand_template(
[0.445s]   File "/opt/ros/foxy/lib/python3.8/site-packages/rosidl_cmake/__init__.py", line 149, in expand_template
[0.445s]     interpreter.string(template_content, template_path, locals=data)
[0.445s]   File "/home/song/anaconda3/lib/python3.9/site-packages/em.py", line 2391, in string
[0.445s]     self.safe(scanner, True, locals)
[0.445s]   File "/home/song/anaconda3/lib/python3.9/site-packages/em.py", line 2401, in safe
[0.445s]     self.parse(scanner, locals)
[0.445s]   File "/home/song/anaconda3/lib/python3.9/site-packages/em.py", line 2421, in parse
[0.445s]     token.run(self, locals)
[0.445s]   File "/home/song/anaconda3/lib/python3.9/site-packages/em.py", line 1547, in run
[0.445s]     self.subrun(info[0][1], interpreter, locals)
[0.445s]   File "/home/song/anaconda3/lib/python3.9/site-packages/em.py", line 1631, in subrun
[0.445s]     token.run(interpreter, locals)
[0.445s]   File "/home/song/anaconda3/lib/python3.9/site-packages/em.py", line 1425, in run
[0.445s]     interpreter.execute(self.code, locals)
[0.445s]   File "/home/song/anaconda3/lib/python3.9/site-packages/em.py", line 2596, in execute
[0.445s]     _exec(statements, self.globals, locals)
[0.445s]   File "<string>", line 2, in <module>
[0.445s]   File "/opt/ros/foxy/lib/python3.8/site-packages/rosidl_cmake/__init__.py", line 198, in _expand_template
[0.445s]     interpreter.string(content, str(template_path), kwargs)
[0.445s]   File "/home/song/anaconda3/lib/python3.9/site-packages/em.py", line 2391, in string
[0.445s]     self.safe(scanner, True, locals)
[0.445s]   File "/home/song/anaconda3/lib/python3.9/site-packages/em.py", line 2401, in safe
[0.445s]     self.parse(scanner, locals)
[0.445s]   File "/home/song/anaconda3/lib/python3.9/site-packages/em.py", line 2421, in parse
[0.445s]     token.run(self, locals)
[0.445s]   File "/home/song/anaconda3/lib/python3.9/site-packages/em.py", line 1425, in run
[0.445s]     interpreter.execute(self.code, locals)
[0.445s]   File "/home/song/anaconda3/lib/python3.9/site-packages/em.py", line 2596, in execute
[0.445s]     _exec(statements, self.globals, locals)
[0.445s]   File "<string>", line 3, in <module>
[0.445s]   File "/opt/ros/foxy/lib/python3.8/site-packages/numpy/__init__.py", line 140, in <module>
[0.446s]     from . import core
[0.446s]   File "/opt/ros/foxy/lib/python3.8/site-packages/numpy/core/__init__.py", line 49, in <module>
[0.446s]     raise ImportError(msg)
[0.446s] ImportError: 
[0.446s] 
[0.446s] IMPORTANT: PLEASE READ THIS FOR ADVICE ON HOW TO SOLVE THIS ISSUE!
[0.446s] 
[0.446s] Importing the numpy C-extensions failed. This error can happen for
[0.446s] many reasons, often due to issues with your setup or how NumPy was
[0.446s] installed.
[0.446s] 
[0.446s] We have compiled some common reasons and troubleshooting tips at:
[0.446s] 
[0.446s]     https://numpy.org/devdocs/user/troubleshooting-importerror.html
[0.446s] 
[0.446s] Please note and check the following:
[0.446s] 
[0.446s]   * The Python version is: Python3.9 from "/home/song/anaconda3/bin/python3"
[0.446s]   * The NumPy version is: "1.23.1"
[0.446s] 
[0.446s] and make sure that they are the versions you expect.
[0.446s] Please carefully study the documentation linked above for further help.
[0.446s] 
[0.446s] Original error was: No module named 'numpy.core._multiarray_umath'
[0.446s] 
[0.452s] Exception ignored in: <function Interpreter.__del__ at 0x7f51ab3353a0>
[0.452s] Traceback (most recent call last):
[0.452s]   File "/home/song/anaconda3/lib/python3.9/site-packages/em.py", line 2094, in __del__
[0.452s]   File "/home/song/anaconda3/lib/python3.9/site-packages/em.py", line 2157, in shutdown
[0.452s]   File "/home/song/anaconda3/lib/python3.9/site-packages/em.py", line 2647, in finalize
[0.452s]   File "/home/song/anaconda3/lib/python3.9/site-packages/em.py", line 2200, in push
[0.452s] AttributeError: '_io.TextIOWrapper' object has no attribute 'push'
[0.457s] make[2]: *** [zed_interfaces__py/CMakeFiles/zed_interfaces__py.dir/build.make:193: rosidl_generator_py/zed_interfaces/_zed_interfaces_s.ep.rosidl_typesupport_fastrtps_c.c] 오류 1
[0.457s] make[1]: *** [CMakeFiles/Makefile2:581: zed_interfaces__py/CMakeFiles/zed_interfaces__py.dir/all] 오류 2
[0.457s] make: *** [Makefile:141: all] 오류 2
