[0.010s] Invoking command in '/home/song/zed/build/zed_rgb_convert': CMAKE_PREFIX_PATH=/home/song/zed/install/zed_components:/home/song/zed/install/zed_interfaces:/home/song/zed/install/image_transport:/home/song/zed/install/zed_ros2:/home/song/zed/install/zed_multi_camera:/home/song/zed/install/zed_display_rviz2:/home/song/zed/install/zed_wrapper:/home/song/zed/install/zed_tutorial_video:/home/song/zed/install/zed_tutorial_pos_tracking:/home/song/zed/install/zed_tutorial_depth:/home/song/zed/install/zed_topic_benchmark_interfaces:/home/song/zed/install/zed_rgb_convert:/home/song/zed/install/rviz_plugin_zed_od:/home/song/zed/install/image_common:/home/song/zed/install/camera_info_manager:/home/song/zed/install/camera_calibration_parsers:/home/song/zed/install/steadylab:/opt/ros/foxy CONDA_PROMPT_MODIFIER=(base) LD_LIBRARY_PATH=/home/song/zed/install/zed_components/lib:/home/song/zed/install/zed_interfaces/lib:/home/song/zed/install/image_transport/lib:/home/song/zed/install/zed_topic_benchmark_interfaces/lib:/home/song/zed/install/zed_rgb_convert/lib:/home/song/zed/install/rviz_plugin_zed_od/lib:/home/song/zed/install/camera_info_manager/lib:/home/song/zed/install/camera_calibration_parsers/lib:/opt/ros/foxy/opt/yaml_cpp_vendor/lib:/opt/ros/foxy/opt/rviz_ogre_vendor/lib:/opt/ros/foxy/lib/x86_64-linux-gnu:/opt/ros/foxy/lib:/usr/local/cuda-11.8/lib64 /home/song/.local/bin/cmake /home/song/zed/src/zed-ros2-examples/tutorials/zed_rgb_convert -DAMENT_CMAKE_SYMLINK_INSTALL=1 -DCMAKE_INSTALL_PREFIX=/home/song/zed/install/zed_rgb_convert
[0.069s] -- Found CUDA: /usr/local/cuda-11.8 (found suitable version "11.8", minimum required is "11") 
[0.088s] -- Found CUDA: /usr/local/cuda-11.8 (found version "11.8") 
[0.089s] -- Found ament_cmake_auto: 0.9.12 (/opt/ros/foxy/share/ament_cmake_auto/cmake)
[0.105s] -- Using PYTHON_EXECUTABLE: /home/song/anaconda3/bin/python3
[0.228s] -- Override CMake install command with custom implementation using symlinks instead of copying resources
[0.289s] -- Using all available rosidl_typesupport_c: rosidl_typesupport_fastrtps_c;rosidl_typesupport_introspection_c
[0.291s] -- Found rosidl_adapter: 1.3.1 (/opt/ros/foxy/share/rosidl_adapter/cmake)
[0.362s] -- Using all available rosidl_typesupport_cpp: rosidl_typesupport_fastrtps_cpp;rosidl_typesupport_introspection_cpp
[0.389s] -- Found rmw_implementation_cmake: 1.0.4 (/opt/ros/foxy/share/rmw_implementation_cmake/cmake)
[0.390s] -- Using RMW implementation 'rmw_fastrtps_cpp' as default
[0.757s] -- Found eigen3_cmake_module: 0.1.1 (/opt/ros/foxy/share/eigen3_cmake_module/cmake)
[1.348s] -- Found ament_lint_auto: 0.9.8 (/opt/ros/foxy/share/ament_lint_auto/cmake)
[1.571s] -- Added test 'copyright' to check source files copyright and LICENSE
[1.572s] -- Added test 'cppcheck' to perform static code analysis on C / C++ code
[1.572s] -- Configured cppcheck include dirs: /home/song/zed/src/zed-ros2-examples/tutorials/zed_rgb_convert/src/include;/home/song/zed/src/zed-ros2-examples/tutorials/zed_rgb_convert/src/component/include
[1.572s] -- Configured cppcheck exclude dirs and/or files: 
[1.573s] -- Added test 'cpplint' to check C / C++ code against the Google style
[1.573s] -- Configured cpplint exclude dirs and/or files: 
[1.573s] -- Added test 'flake8' to check Python code syntax and style conventions
[1.573s] -- Added test 'lint_cmake' to check CMake code style
[1.573s] -- Added test 'pep257' to check Python code against some of the style conventions in PEP 257
[1.574s] -- Added test 'uncrustify' to check C / C++ code style
[1.574s] -- Configured uncrustify additional arguments: 
[1.574s] -- Added test 'xmllint' to check XML markup files
[1.575s] -- Configuring done (1.5s)
[1.599s] -- Generating done (0.0s)
[1.601s] -- Build files have been written to: /home/song/zed/build/zed_rgb_convert
[1.611s] Invoked command in '/home/song/zed/build/zed_rgb_convert' returned '0': CMAKE_PREFIX_PATH=/home/song/zed/install/zed_components:/home/song/zed/install/zed_interfaces:/home/song/zed/install/image_transport:/home/song/zed/install/zed_ros2:/home/song/zed/install/zed_multi_camera:/home/song/zed/install/zed_display_rviz2:/home/song/zed/install/zed_wrapper:/home/song/zed/install/zed_tutorial_video:/home/song/zed/install/zed_tutorial_pos_tracking:/home/song/zed/install/zed_tutorial_depth:/home/song/zed/install/zed_topic_benchmark_interfaces:/home/song/zed/install/zed_rgb_convert:/home/song/zed/install/rviz_plugin_zed_od:/home/song/zed/install/image_common:/home/song/zed/install/camera_info_manager:/home/song/zed/install/camera_calibration_parsers:/home/song/zed/install/steadylab:/opt/ros/foxy CONDA_PROMPT_MODIFIER=(base) LD_LIBRARY_PATH=/home/song/zed/install/zed_components/lib:/home/song/zed/install/zed_interfaces/lib:/home/song/zed/install/image_transport/lib:/home/song/zed/install/zed_topic_benchmark_interfaces/lib:/home/song/zed/install/zed_rgb_convert/lib:/home/song/zed/install/rviz_plugin_zed_od/lib:/home/song/zed/install/camera_info_manager/lib:/home/song/zed/install/camera_calibration_parsers/lib:/opt/ros/foxy/opt/yaml_cpp_vendor/lib:/opt/ros/foxy/opt/rviz_ogre_vendor/lib:/opt/ros/foxy/lib/x86_64-linux-gnu:/opt/ros/foxy/lib:/usr/local/cuda-11.8/lib64 /home/song/.local/bin/cmake /home/song/zed/src/zed-ros2-examples/tutorials/zed_rgb_convert -DAMENT_CMAKE_SYMLINK_INSTALL=1 -DCMAKE_INSTALL_PREFIX=/home/song/zed/install/zed_rgb_convert
[1.613s] Invoking command in '/home/song/zed/build/zed_rgb_convert': CMAKE_PREFIX_PATH=/home/song/zed/install/zed_components:/home/song/zed/install/zed_interfaces:/home/song/zed/install/image_transport:/home/song/zed/install/zed_ros2:/home/song/zed/install/zed_multi_camera:/home/song/zed/install/zed_display_rviz2:/home/song/zed/install/zed_wrapper:/home/song/zed/install/zed_tutorial_video:/home/song/zed/install/zed_tutorial_pos_tracking:/home/song/zed/install/zed_tutorial_depth:/home/song/zed/install/zed_topic_benchmark_interfaces:/home/song/zed/install/zed_rgb_convert:/home/song/zed/install/rviz_plugin_zed_od:/home/song/zed/install/image_common:/home/song/zed/install/camera_info_manager:/home/song/zed/install/camera_calibration_parsers:/home/song/zed/install/steadylab:/opt/ros/foxy CONDA_PROMPT_MODIFIER=(base) LD_LIBRARY_PATH=/home/song/zed/install/zed_components/lib:/home/song/zed/install/zed_interfaces/lib:/home/song/zed/install/image_transport/lib:/home/song/zed/install/zed_topic_benchmark_interfaces/lib:/home/song/zed/install/zed_rgb_convert/lib:/home/song/zed/install/rviz_plugin_zed_od/lib:/home/song/zed/install/camera_info_manager/lib:/home/song/zed/install/camera_calibration_parsers/lib:/opt/ros/foxy/opt/yaml_cpp_vendor/lib:/opt/ros/foxy/opt/rviz_ogre_vendor/lib:/opt/ros/foxy/lib/x86_64-linux-gnu:/opt/ros/foxy/lib:/usr/local/cuda-11.8/lib64 /home/song/.local/bin/cmake --build /home/song/zed/build/zed_rgb_convert -- -j20 -l20
[1.645s] [ 50%] Built target zed_rgb_convert_component
[1.656s] [100%] Built target zed_rgb_convert
[1.662s] Invoked command in '/home/song/zed/build/zed_rgb_convert' returned '0': CMAKE_PREFIX_PATH=/home/song/zed/install/zed_components:/home/song/zed/install/zed_interfaces:/home/song/zed/install/image_transport:/home/song/zed/install/zed_ros2:/home/song/zed/install/zed_multi_camera:/home/song/zed/install/zed_display_rviz2:/home/song/zed/install/zed_wrapper:/home/song/zed/install/zed_tutorial_video:/home/song/zed/install/zed_tutorial_pos_tracking:/home/song/zed/install/zed_tutorial_depth:/home/song/zed/install/zed_topic_benchmark_interfaces:/home/song/zed/install/zed_rgb_convert:/home/song/zed/install/rviz_plugin_zed_od:/home/song/zed/install/image_common:/home/song/zed/install/camera_info_manager:/home/song/zed/install/camera_calibration_parsers:/home/song/zed/install/steadylab:/opt/ros/foxy CONDA_PROMPT_MODIFIER=(base) LD_LIBRARY_PATH=/home/song/zed/install/zed_components/lib:/home/song/zed/install/zed_interfaces/lib:/home/song/zed/install/image_transport/lib:/home/song/zed/install/zed_topic_benchmark_interfaces/lib:/home/song/zed/install/zed_rgb_convert/lib:/home/song/zed/install/rviz_plugin_zed_od/lib:/home/song/zed/install/camera_info_manager/lib:/home/song/zed/install/camera_calibration_parsers/lib:/opt/ros/foxy/opt/yaml_cpp_vendor/lib:/opt/ros/foxy/opt/rviz_ogre_vendor/lib:/opt/ros/foxy/lib/x86_64-linux-gnu:/opt/ros/foxy/lib:/usr/local/cuda-11.8/lib64 /home/song/.local/bin/cmake --build /home/song/zed/build/zed_rgb_convert -- -j20 -l20
[1.691s] Invoking command in '/home/song/zed/build/zed_rgb_convert': CMAKE_PREFIX_PATH=/home/song/zed/install/zed_components:/home/song/zed/install/zed_interfaces:/home/song/zed/install/image_transport:/home/song/zed/install/zed_ros2:/home/song/zed/install/zed_multi_camera:/home/song/zed/install/zed_display_rviz2:/home/song/zed/install/zed_wrapper:/home/song/zed/install/zed_tutorial_video:/home/song/zed/install/zed_tutorial_pos_tracking:/home/song/zed/install/zed_tutorial_depth:/home/song/zed/install/zed_topic_benchmark_interfaces:/home/song/zed/install/zed_rgb_convert:/home/song/zed/install/rviz_plugin_zed_od:/home/song/zed/install/image_common:/home/song/zed/install/camera_info_manager:/home/song/zed/install/camera_calibration_parsers:/home/song/zed/install/steadylab:/opt/ros/foxy CONDA_PROMPT_MODIFIER=(base) LD_LIBRARY_PATH=/home/song/zed/install/zed_components/lib:/home/song/zed/install/zed_interfaces/lib:/home/song/zed/install/image_transport/lib:/home/song/zed/install/zed_topic_benchmark_interfaces/lib:/home/song/zed/install/zed_rgb_convert/lib:/home/song/zed/install/rviz_plugin_zed_od/lib:/home/song/zed/install/camera_info_manager/lib:/home/song/zed/install/camera_calibration_parsers/lib:/opt/ros/foxy/opt/yaml_cpp_vendor/lib:/opt/ros/foxy/opt/rviz_ogre_vendor/lib:/opt/ros/foxy/lib/x86_64-linux-gnu:/opt/ros/foxy/lib:/usr/local/cuda-11.8/lib64 /home/song/.local/bin/cmake --install /home/song/zed/build/zed_rgb_convert
[1.707s] -- Install configuration: "Release"
[1.707s] -- Execute custom install script
[1.707s] -- Up-to-date symlink: /home/song/zed/install/zed_rgb_convert/lib/zed_rgb_convert/zed_rgb_convert
[1.707s] -- Up-to-date symlink: /home/song/zed/install/zed_rgb_convert/lib/libzed_rgb_convert_component.so
[1.707s] -- Up-to-date symlink: /home/song/zed/install/zed_rgb_convert/include/zed_rgb_convert//cvt_visibility_control.hpp
[1.707s] -- Up-to-date symlink: /home/song/zed/install/zed_rgb_convert/share/zed_rgb_convert/launch/zed_rgb_convert.launch.py
[1.707s] -- Up-to-date symlink: /home/song/zed/install/zed_rgb_convert/share/zed_rgb_convert/environment/library_path.sh
[1.707s] -- Up-to-date symlink: /home/song/zed/install/zed_rgb_convert/share/zed_rgb_convert/environment/library_path.dsv
[1.707s] -- Up-to-date symlink: /home/song/zed/install/zed_rgb_convert/share/ament_index/resource_index/package_run_dependencies/zed_rgb_convert
[1.707s] -- Up-to-date symlink: /home/song/zed/install/zed_rgb_convert/share/ament_index/resource_index/parent_prefix_path/zed_rgb_convert
[1.707s] -- Up-to-date symlink: /home/song/zed/install/zed_rgb_convert/share/zed_rgb_convert/environment/ament_prefix_path.sh
[1.707s] -- Up-to-date symlink: /home/song/zed/install/zed_rgb_convert/share/zed_rgb_convert/environment/ament_prefix_path.dsv
[1.708s] -- Up-to-date symlink: /home/song/zed/install/zed_rgb_convert/share/zed_rgb_convert/environment/path.sh
[1.708s] -- Up-to-date symlink: /home/song/zed/install/zed_rgb_convert/share/zed_rgb_convert/environment/path.dsv
[1.708s] -- Up-to-date symlink: /home/song/zed/install/zed_rgb_convert/share/zed_rgb_convert/local_setup.bash
[1.708s] -- Up-to-date symlink: /home/song/zed/install/zed_rgb_convert/share/zed_rgb_convert/local_setup.sh
[1.708s] -- Up-to-date symlink: /home/song/zed/install/zed_rgb_convert/share/zed_rgb_convert/local_setup.zsh
[1.708s] -- Up-to-date symlink: /home/song/zed/install/zed_rgb_convert/share/zed_rgb_convert/local_setup.dsv
[1.708s] -- Symlinking: /home/song/zed/install/zed_rgb_convert/share/zed_rgb_convert/package.dsv
[1.710s] -- Up-to-date symlink: /home/song/zed/install/zed_rgb_convert/share/ament_index/resource_index/packages/zed_rgb_convert
[1.710s] -- Up-to-date symlink: /home/song/zed/install/zed_rgb_convert/share/ament_index/resource_index/rclcpp_components/zed_rgb_convert
[1.710s] -- Up-to-date symlink: /home/song/zed/install/zed_rgb_convert/share/zed_rgb_convert/cmake/ament_cmake_export_include_directories-extras.cmake
[1.710s] -- Up-to-date symlink: /home/song/zed/install/zed_rgb_convert/share/zed_rgb_convert/cmake/ament_cmake_export_libraries-extras.cmake
[1.710s] -- Up-to-date symlink: /home/song/zed/install/zed_rgb_convert/share/zed_rgb_convert/cmake/ament_cmake_export_dependencies-extras.cmake
[1.710s] -- Up-to-date symlink: /home/song/zed/install/zed_rgb_convert/share/zed_rgb_convert/cmake/zed_rgb_convertConfig.cmake
[1.710s] -- Up-to-date symlink: /home/song/zed/install/zed_rgb_convert/share/zed_rgb_convert/cmake/zed_rgb_convertConfig-version.cmake
[1.710s] -- Up-to-date symlink: /home/song/zed/install/zed_rgb_convert/share/zed_rgb_convert/package.xml
[1.715s] Invoked command in '/home/song/zed/build/zed_rgb_convert' returned '0': CMAKE_PREFIX_PATH=/home/song/zed/install/zed_components:/home/song/zed/install/zed_interfaces:/home/song/zed/install/image_transport:/home/song/zed/install/zed_ros2:/home/song/zed/install/zed_multi_camera:/home/song/zed/install/zed_display_rviz2:/home/song/zed/install/zed_wrapper:/home/song/zed/install/zed_tutorial_video:/home/song/zed/install/zed_tutorial_pos_tracking:/home/song/zed/install/zed_tutorial_depth:/home/song/zed/install/zed_topic_benchmark_interfaces:/home/song/zed/install/zed_rgb_convert:/home/song/zed/install/rviz_plugin_zed_od:/home/song/zed/install/image_common:/home/song/zed/install/camera_info_manager:/home/song/zed/install/camera_calibration_parsers:/home/song/zed/install/steadylab:/opt/ros/foxy CONDA_PROMPT_MODIFIER=(base) LD_LIBRARY_PATH=/home/song/zed/install/zed_components/lib:/home/song/zed/install/zed_interfaces/lib:/home/song/zed/install/image_transport/lib:/home/song/zed/install/zed_topic_benchmark_interfaces/lib:/home/song/zed/install/zed_rgb_convert/lib:/home/song/zed/install/rviz_plugin_zed_od/lib:/home/song/zed/install/camera_info_manager/lib:/home/song/zed/install/camera_calibration_parsers/lib:/opt/ros/foxy/opt/yaml_cpp_vendor/lib:/opt/ros/foxy/opt/rviz_ogre_vendor/lib:/opt/ros/foxy/lib/x86_64-linux-gnu:/opt/ros/foxy/lib:/usr/local/cuda-11.8/lib64 /home/song/.local/bin/cmake --install /home/song/zed/build/zed_rgb_convert
