[0.009s] Invoking command in '/home/song/steadylab/src/build/steadylab': CMAKE_PREFIX_PATH=${CMAKE_PREFIX_PATH}:/home/song/steadylab/install/yo:/home/song/steadylab/install/steadylab:/opt/ros/foxy CONDA_PROMPT_MODIFIER=(zed) /usr/bin/cmake --build /home/song/steadylab/src/build/steadylab -- -j20 -l20
[0.025s] -- Found rosidl_default_generators: 1.0.1 (/opt/ros/foxy/share/rosidl_default_generators/cmake)
[0.025s] -- Found ament_cmake_core: 0.9.12 (/opt/ros/foxy/share/ament_cmake_core/cmake)
[0.041s] -- Using PYTHON_EXECUTABLE: /home/song/anaconda3/envs/zed/bin/python3
[0.106s] -- Using all available rosidl_typesupport_c: rosidl_typesupport_fastrtps_c;rosidl_typesupport_introspection_c
[0.107s] -- Found rosidl_adapter: 1.3.1 (/opt/ros/foxy/share/rosidl_adapter/cmake)
[0.187s] -- Using all available rosidl_typesupport_cpp: rosidl_typesupport_fastrtps_cpp;rosidl_typesupport_introspection_cpp
[0.199s] -- Found rclpy: 1.0.13 (/opt/ros/foxy/share/rclpy/cmake)
[0.199s] -- Found std_msgs: 2.0.5 (/opt/ros/foxy/share/std_msgs/cmake)
[0.216s] -- Found ament_lint_auto: 0.9.8 (/opt/ros/foxy/share/ament_lint_auto/cmake)
[0.260s] -- Added test 'copyright' to check source files copyright and LICENSE
[0.262s] -- Added test 'flake8' to check Python code syntax and style conventions
[0.262s] -- Added test 'lint_cmake' to check CMake code style
[0.263s] -- Added test 'pep257' to check Python code against some of the style conventions in PEP 257
[0.264s] -- Added test 'xmllint' to check XML markup files
[0.265s] -- Configuring done
[0.266s] -- Generating done
[0.266s] -- Build files have been written to: /home/song/steadylab/src/build/steadylab
[0.281s] Invoked command in '/home/song/steadylab/src/build/steadylab' returned '0': CMAKE_PREFIX_PATH=${CMAKE_PREFIX_PATH}:/home/song/steadylab/install/yo:/home/song/steadylab/install/steadylab:/opt/ros/foxy CONDA_PROMPT_MODIFIER=(zed) /usr/bin/cmake --build /home/song/steadylab/src/build/steadylab -- -j20 -l20
[0.303s] Invoking command in '/home/song/steadylab/src/build/steadylab': CMAKE_PREFIX_PATH=${CMAKE_PREFIX_PATH}:/home/song/steadylab/install/yo:/home/song/steadylab/install/steadylab:/opt/ros/foxy CONDA_PROMPT_MODIFIER=(zed) /usr/bin/cmake --install /home/song/steadylab/src/build/steadylab
[0.309s] CMake Error at cmake_install.cmake:41 (file):
[0.309s]   file INSTALL cannot find
[0.309s]   "/home/song/steadylab/src/steadylab/src/zed_image.py": No such file or
[0.309s]   directory.
[0.309s] 
[0.309s] 
[0.309s] -- Install configuration: ""
[0.310s] Invoked command in '/home/song/steadylab/src/build/steadylab' returned '1': CMAKE_PREFIX_PATH=${CMAKE_PREFIX_PATH}:/home/song/steadylab/install/yo:/home/song/steadylab/install/steadylab:/opt/ros/foxy CONDA_PROMPT_MODIFIER=(zed) /usr/bin/cmake --install /home/song/steadylab/src/build/steadylab
