[0.039s] Invoking command in '/home/song/steadylab/src/build/serial_communication': CMAKE_PREFIX_PATH=${CMAKE_PREFIX_PATH}:/home/song/steadylab/install/yo:/home/song/steadylab/install/steadylab:/opt/ros/foxy CONDA_PROMPT_MODIFIER=(base) /usr/bin/cmake /home/song/steadylab/src/serial_communication -DCMAKE_BUILD_TYPE=Release -DAMENT_CMAKE_SYMLINK_INSTALL=1 -DCMAKE_INSTALL_PREFIX=/home/song/steadylab/src/install/serial_communication
[0.323s] -- The C compiler identification is GNU 9.4.0
[0.323s] -- The CXX compiler identification is GNU 9.4.0
[0.324s] -- Check for working C compiler: /usr/bin/cc
[0.324s] -- Check for working C compiler: /usr/bin/cc -- works
[0.325s] -- Detecting C compiler ABI info
[0.325s] -- Detecting C compiler ABI info - done
[0.325s] -- Detecting C compile features
[0.325s] -- Detecting C compile features - done
[0.325s] -- Check for working CXX compiler: /usr/bin/c++
[0.325s] -- Check for working CXX compiler: /usr/bin/c++ -- works
[0.325s] -- Detecting CXX compiler ABI info
[0.325s] -- Detecting CXX compiler ABI info - done
[0.326s] -- Detecting CXX compile features
[0.326s] -- Detecting CXX compile features - done
[0.326s] -- Found rosidl_default_generators: 1.0.1 (/opt/ros/foxy/share/rosidl_default_generators/cmake)
[0.327s] -- Found ament_cmake_core: 0.9.12 (/opt/ros/foxy/share/ament_cmake_core/cmake)
[0.346s] -- Found PythonInterp: /home/song/anaconda3/bin/python3 (found suitable version "3.9.13", minimum required is "3") 
[0.346s] -- Using PYTHON_EXECUTABLE: /home/song/anaconda3/bin/python3
[0.455s] -- Override CMake install command with custom implementation using symlinks instead of copying resources
[0.460s] -- Using all available rosidl_typesupport_c: rosidl_typesupport_fastrtps_c;rosidl_typesupport_introspection_c
[0.465s] -- Found rosidl_adapter: 1.3.1 (/opt/ros/foxy/share/rosidl_adapter/cmake)
[0.552s] -- Found OpenSSL: /usr/lib/x86_64-linux-gnu/libcrypto.so (found version "1.1.1f")  
[0.576s] -- Found FastRTPS: /opt/ros/foxy/include  
[0.652s] -- Using all available rosidl_typesupport_cpp: rosidl_typesupport_fastrtps_cpp;rosidl_typesupport_introspection_cpp
[0.682s] -- Found rclpy: 1.0.13 (/opt/ros/foxy/share/rclpy/cmake)
[0.683s] -- Found std_msgs: 2.0.5 (/opt/ros/foxy/share/std_msgs/cmake)
[0.737s] -- Found PythonInterp: /home/song/anaconda3/bin/python3 (found version "3.9.13") 
[0.840s] -- Found ament_cmake_ros: 0.9.2 (/opt/ros/foxy/share/ament_cmake_ros/cmake)
[0.943s] -- Using all available rosidl_typesupport_c: rosidl_typesupport_fastrtps_c;rosidl_typesupport_introspection_c
[0.954s] -- Using all available rosidl_typesupport_cpp: rosidl_typesupport_fastrtps_cpp;rosidl_typesupport_introspection_cpp
[0.977s] -- Found PythonInterp: /home/song/anaconda3/bin/python3 (found suitable version "3.9.13", minimum required is "3.5") 
[0.978s] -- Found python_cmake_module: 0.8.1 (/opt/ros/foxy/share/python_cmake_module/cmake)
[1.000s] -- Found PythonLibs: /home/song/anaconda3/lib/libpython3.9.so (found suitable version "3.9.13", minimum required is "3.5") 
[1.000s] -- Using PYTHON_EXECUTABLE: /home/song/anaconda3/bin/python3
[1.000s] -- Using PYTHON_INCLUDE_DIRS: /home/song/anaconda3/include/python3.9
[1.000s] -- Using PYTHON_LIBRARIES: /home/song/anaconda3/lib/libpython3.9.so
[1.019s] -- Found PythonExtra: .so  
[1.119s] -- Found ament_lint_auto: 0.9.8 (/opt/ros/foxy/share/ament_lint_auto/cmake)
[1.133s] -- Added test 'flake8' to check Python code syntax and style conventions
[1.133s] -- Added test 'lint_cmake' to check CMake code style
[1.134s] -- Added test 'pep257' to check Python code against some of the style conventions in PEP 257
[1.135s] -- Added test 'xmllint' to check XML markup files
[1.138s] -- Configuring done
[1.142s] CMake Warning at /opt/ros/foxy/share/rosidl_generator_py/cmake/rosidl_generator_py_generate_interfaces.cmake:235 (add_library):
[1.142s]   Cannot generate a safe runtime search path for target
[1.142s]   serial_communication__rosidl_typesupport_fastrtps_c__pyext because files in
[1.143s]   some directories may conflict with libraries in implicit directories:
[1.143s] 
[1.143s]     runtime library [libssl.so.1.1] in /usr/lib/x86_64-linux-gnu may be hidden by files in:
[1.143s]       /home/song/anaconda3/lib
[1.143s]     runtime library [libcrypto.so.1.1] in /usr/lib/x86_64-linux-gnu may be hidden by files in:
[1.143s]       /home/song/anaconda3/lib
[1.143s] 
[1.143s]   Some of these libraries may not be found correctly.
[1.143s] Call Stack (most recent call first):
[1.143s]   /opt/ros/foxy/share/ament_cmake_core/cmake/core/ament_execute_extensions.cmake:48 (include)
[1.143s]   /opt/ros/foxy/share/rosidl_cmake/cmake/rosidl_generate_interfaces.cmake:286 (ament_execute_extensions)
[1.143s]   CMakeLists.txt:14 (rosidl_generate_interfaces)
[1.143s] 
[1.143s] 
[1.158s] -- Generating done
[1.160s] -- Build files have been written to: /home/song/steadylab/src/build/serial_communication
